<?xml version="1.0" encoding="UTF-8" ?>
<testsuite failures="0" time="0.104" errors="0" skipped="0" tests="9" name="org.jboss.test.vfs.JARSerializationUnitTestCase">
  <properties>
    <property name="java.runtime.name" value="Java(TM) SE Runtime Environment"/>
    <property name="java.protocol.handler.pkgs" value="org.jboss.net.protocol|org.jboss.vfs.protocol"/>
    <property name="sun.boot.library.path" value="/home/david/local/jdk/sun-jdk-1.6.0_22-x86_64/jre/lib/amd64"/>
    <property name="java.vm.version" value="17.1-b03"/>
    <property name="java.vm.vendor" value="Sun Microsystems Inc."/>
    <property name="java.vendor.url" value="http://java.sun.com/"/>
    <property name="path.separator" value=":"/>
    <property name="java.vm.name" value="Java HotSpot(TM) 64-Bit Server VM"/>
    <property name="file.encoding.pkg" value="sun.io"/>
    <property name="user.country" value="US"/>
    <property name="sun.java.launcher" value="SUN_STANDARD"/>
    <property name="sun.os.patch.level" value="unknown"/>
    <property name="java.vm.specification.name" value="Java Virtual Machine Specification"/>
    <property name="user.dir" value="/home/david/src/java/as7/jboss-vfs"/>
    <property name="java.runtime.version" value="1.6.0_22-b04"/>
    <property name="java.awt.graphicsenv" value="sun.awt.X11GraphicsEnvironment"/>
    <property name="basedir" value="/home/david/src/java/as7/jboss-vfs"/>
    <property name="java.endorsed.dirs" value="/home/david/local/jdk/sun-jdk-1.6.0_22-x86_64/jre/lib/endorsed"/>
    <property name="os.arch" value="amd64"/>
    <property name="surefire.real.class.path" value="/tmp/surefirebooter279501467676259158.jar"/>
    <property name="java.io.tmpdir" value="/tmp"/>
    <property name="line.separator" value="
"/>
    <property name="java.vm.specification.vendor" value="Sun Microsystems Inc."/>
    <property name="os.name" value="Linux"/>
    <property name="sun.jnu.encoding" value="UTF-8"/>
    <property name="java.library.path" value="/home/david/local/jdk/sun-jdk-1.6.0_22-x86_64/jre/lib/amd64/server:/home/david/local/jdk/sun-jdk-1.6.0_22-x86_64/jre/lib/amd64:/home/david/local/jdk/sun-jdk-1.6.0_22-x86_64/jre/../lib/amd64:/usr/java/packages/lib/amd64:/usr/lib64:/lib64:/lib:/usr/lib"/>
    <property name="surefire.test.class.path" value="/home/david/src/java/as7/jboss-vfs/target/test-classes:/home/david/src/java/as7/jboss-vfs/target/classes:/home/david/.m2/repository/org/jboss/logging/jboss-logging/3.0.0.Beta5/jboss-logging-3.0.0.Beta5.jar:/home/david/.m2/repository/org/jboss/test/jboss-test/1.1.5.GA/jboss-test-1.1.5.GA.jar:/home/david/.m2/repository/org/apache/ant/ant/1.7.0/ant-1.7.0.jar:/home/david/.m2/repository/org/apache/ant/ant-launcher/1.7.0/ant-launcher-1.7.0.jar:/home/david/.m2/repository/org/apache/ant/ant-junit/1.7.0/ant-junit-1.7.0.jar:/home/david/.m2/repository/org/jboss/logging/jboss-logging-spi/2.1.0.GA/jboss-logging-spi-2.1.0.GA.jar:/home/david/.m2/repository/org/jboss/logging/jboss-logging-log4j/2.1.0.GA/jboss-logging-log4j-2.1.0.GA.jar:/home/david/.m2/repository/org/jboss/jboss-common-core/2.2.16.GA/jboss-common-core-2.2.16.GA.jar:/home/david/.m2/repository/jboss/profiler/jvmti/jboss-profiler-jvmti/1.0.0.CR5/jboss-profiler-jvmti-1.0.0.CR5.jar:/home/david/.m2/repository/log4j/log4j/1.2.14/log4j-1.2.14.jar:/home/david/.m2/repository/org/jboss/jbossas/jboss-server-manager/1.0.3.GA/jboss-server-manager-1.0.3.GA.jar:/home/david/.m2/repository/org/jboss/naming/jnp-client/5.0.4.GA/jnp-client-5.0.4.GA.jar:/home/david/.m2/repository/org/jboss/security/jbosssx-client/2.0.4.SP2/jbosssx-client-2.0.4.SP2.jar:/home/david/.m2/repository/org/jboss/security/jboss-security-spi/2.0.4.SP2/jboss-security-spi-2.0.4.SP2.jar:/home/david/.m2/repository/junit/junit/4.4/junit-4.4.jar:"/>
    <property name="java.specification.name" value="Java Platform API Specification"/>
    <property name="java.class.version" value="50.0"/>
    <property name="sun.management.compiler" value="HotSpot 64-Bit Server Compiler"/>
    <property name="os.version" value="2.6.34.7-66.fc13.x86_64"/>
    <property name="user.home" value="/home/david"/>
    <property name="user.timezone" value="US/Central"/>
    <property name="java.awt.printerjob" value="sun.print.PSPrinterJob"/>
    <property name="java.specification.version" value="1.6"/>
    <property name="file.encoding" value="UTF-8"/>
    <property name="user.name" value="david"/>
    <property name="java.class.path" value="/home/david/src/java/as7/jboss-vfs/target/test-classes:/home/david/src/java/as7/jboss-vfs/target/classes:/home/david/.m2/repository/org/jboss/logging/jboss-logging/3.0.0.Beta5/jboss-logging-3.0.0.Beta5.jar:/home/david/.m2/repository/org/jboss/test/jboss-test/1.1.5.GA/jboss-test-1.1.5.GA.jar:/home/david/.m2/repository/org/apache/ant/ant/1.7.0/ant-1.7.0.jar:/home/david/.m2/repository/org/apache/ant/ant-launcher/1.7.0/ant-launcher-1.7.0.jar:/home/david/.m2/repository/org/apache/ant/ant-junit/1.7.0/ant-junit-1.7.0.jar:/home/david/.m2/repository/org/jboss/logging/jboss-logging-spi/2.1.0.GA/jboss-logging-spi-2.1.0.GA.jar:/home/david/.m2/repository/org/jboss/logging/jboss-logging-log4j/2.1.0.GA/jboss-logging-log4j-2.1.0.GA.jar:/home/david/.m2/repository/org/jboss/jboss-common-core/2.2.16.GA/jboss-common-core-2.2.16.GA.jar:/home/david/.m2/repository/jboss/profiler/jvmti/jboss-profiler-jvmti/1.0.0.CR5/jboss-profiler-jvmti-1.0.0.CR5.jar:/home/david/.m2/repository/log4j/log4j/1.2.14/log4j-1.2.14.jar:/home/david/.m2/repository/org/jboss/jbossas/jboss-server-manager/1.0.3.GA/jboss-server-manager-1.0.3.GA.jar:/home/david/.m2/repository/org/jboss/naming/jnp-client/5.0.4.GA/jnp-client-5.0.4.GA.jar:/home/david/.m2/repository/org/jboss/security/jbosssx-client/2.0.4.SP2/jbosssx-client-2.0.4.SP2.jar:/home/david/.m2/repository/org/jboss/security/jboss-security-spi/2.0.4.SP2/jboss-security-spi-2.0.4.SP2.jar:/home/david/.m2/repository/junit/junit/4.4/junit-4.4.jar:"/>
    <property name="java.vm.specification.version" value="1.0"/>
    <property name="sun.arch.data.model" value="64"/>
    <property name="java.home" value="/home/david/local/jdk/sun-jdk-1.6.0_22-x86_64/jre"/>
    <property name="java.specification.vendor" value="Sun Microsystems Inc."/>
    <property name="user.language" value="en"/>
    <property name="java.vm.info" value="mixed mode"/>
    <property name="java.version" value="1.6.0_22"/>
    <property name="java.ext.dirs" value="/home/david/local/jdk/sun-jdk-1.6.0_22-x86_64/jre/lib/ext:/usr/java/packages/lib/ext"/>
    <property name="sun.boot.class.path" value="/home/david/local/jdk/sun-jdk-1.6.0_22-x86_64/jre/lib/resources.jar:/home/david/local/jdk/sun-jdk-1.6.0_22-x86_64/jre/lib/rt.jar:/home/david/local/jdk/sun-jdk-1.6.0_22-x86_64/jre/lib/sunrsasign.jar:/home/david/local/jdk/sun-jdk-1.6.0_22-x86_64/jre/lib/jsse.jar:/home/david/local/jdk/sun-jdk-1.6.0_22-x86_64/jre/lib/jce.jar:/home/david/local/jdk/sun-jdk-1.6.0_22-x86_64/jre/lib/charsets.jar:/home/david/local/jdk/sun-jdk-1.6.0_22-x86_64/jre/classes"/>
    <property name="java.vendor" value="Sun Microsystems Inc."/>
    <property name="localRepository" value="/home/david/.m2/repository"/>
    <property name="file.separator" value="/"/>
    <property name="java.vendor.url.bug" value="http://java.sun.com/cgi-bin/bugreport.cgi"/>
    <property name="sun.cpu.endian" value="little"/>
    <property name="sun.io.unicode.encoding" value="UnicodeLittle"/>
    <property name="sun.desktop" value="gnome"/>
    <property name="sun.cpu.isalist" value=""/>
  </properties>
  <testcase time="0.009" classname="org.jboss.test.vfs.JARSerializationUnitTestCase" name="testInnerJarFile"/>
  <testcase time="0.008" classname="org.jboss.test.vfs.JARSerializationUnitTestCase" name="testInnerJarFileSerialization"/>
  <testcase time="0.008" classname="org.jboss.test.vfs.JARSerializationUnitTestCase" name="testInnerJarFilesOnlyFileSerialization"/>
  <testcase time="0.01" classname="org.jboss.test.vfs.JARSerializationUnitTestCase" name="testLevelZips"/>
  <testcase time="0.005" classname="org.jboss.test.vfs.JARSerializationUnitTestCase" name="test2ndLevelRead"/>
  <testcase time="0.035" classname="org.jboss.test.vfs.JARSerializationUnitTestCase" name="testEarsInnerJarChild"/>
  <testcase time="0.005" classname="org.jboss.test.vfs.JARSerializationUnitTestCase" name="testVirtualFileAdaptor"/>
  <testcase time="0.013" classname="org.jboss.test.vfs.JARSerializationUnitTestCase" name="testDeepVFAMechanism"/>
  <testcase time="0.006" classname="org.jboss.test.vfs.JARSerializationUnitTestCase" name="testNestedDir"/>
</testsuite>