<?xml version="1.0" encoding="UTF-8" ?>
<testsuite failures="0" time="7.526" errors="10" skipped="0" tests="10" name="org.jboss.test.vfs.VirtualJarInputStreamTestCase">
  <properties>
    <property name="java.runtime.name" value="Java(TM) SE Runtime Environment"/>
    <property name="java.protocol.handler.pkgs" value="org.jboss.net.protocol|org.jboss.vfs.protocol"/>
    <property name="sun.boot.library.path" value="/home/david/local/jdk/sun-jdk-1.6.0_22-x86_64/jre/lib/amd64"/>
    <property name="java.vm.version" value="17.1-b03"/>
    <property name="java.vm.vendor" value="Sun Microsystems Inc."/>
    <property name="java.vendor.url" value="http://java.sun.com/"/>
    <property name="path.separator" value=":"/>
    <property name="java.vm.name" value="Java HotSpot(TM) 64-Bit Server VM"/>
    <property name="file.encoding.pkg" value="sun.io"/>
    <property name="user.country" value="US"/>
    <property name="sun.java.launcher" value="SUN_STANDARD"/>
    <property name="sun.os.patch.level" value="unknown"/>
    <property name="java.vm.specification.name" value="Java Virtual Machine Specification"/>
    <property name="user.dir" value="/home/david/src/java/as7/jboss-vfs"/>
    <property name="java.runtime.version" value="1.6.0_22-b04"/>
    <property name="java.awt.graphicsenv" value="sun.awt.X11GraphicsEnvironment"/>
    <property name="basedir" value="/home/david/src/java/as7/jboss-vfs"/>
    <property name="java.endorsed.dirs" value="/home/david/local/jdk/sun-jdk-1.6.0_22-x86_64/jre/lib/endorsed"/>
    <property name="os.arch" value="amd64"/>
    <property name="surefire.real.class.path" value="/tmp/surefirebooter279501467676259158.jar"/>
    <property name="java.io.tmpdir" value="/tmp"/>
    <property name="line.separator" value="
"/>
    <property name="java.vm.specification.vendor" value="Sun Microsystems Inc."/>
    <property name="os.name" value="Linux"/>
    <property name="sun.jnu.encoding" value="UTF-8"/>
    <property name="java.library.path" value="/home/david/local/jdk/sun-jdk-1.6.0_22-x86_64/jre/lib/amd64/server:/home/david/local/jdk/sun-jdk-1.6.0_22-x86_64/jre/lib/amd64:/home/david/local/jdk/sun-jdk-1.6.0_22-x86_64/jre/../lib/amd64:/usr/java/packages/lib/amd64:/usr/lib64:/lib64:/lib:/usr/lib"/>
    <property name="surefire.test.class.path" value="/home/david/src/java/as7/jboss-vfs/target/test-classes:/home/david/src/java/as7/jboss-vfs/target/classes:/home/david/.m2/repository/org/jboss/logging/jboss-logging/3.0.0.Beta5/jboss-logging-3.0.0.Beta5.jar:/home/david/.m2/repository/org/jboss/test/jboss-test/1.1.5.GA/jboss-test-1.1.5.GA.jar:/home/david/.m2/repository/org/apache/ant/ant/1.7.0/ant-1.7.0.jar:/home/david/.m2/repository/org/apache/ant/ant-launcher/1.7.0/ant-launcher-1.7.0.jar:/home/david/.m2/repository/org/apache/ant/ant-junit/1.7.0/ant-junit-1.7.0.jar:/home/david/.m2/repository/org/jboss/logging/jboss-logging-spi/2.1.0.GA/jboss-logging-spi-2.1.0.GA.jar:/home/david/.m2/repository/org/jboss/logging/jboss-logging-log4j/2.1.0.GA/jboss-logging-log4j-2.1.0.GA.jar:/home/david/.m2/repository/org/jboss/jboss-common-core/2.2.16.GA/jboss-common-core-2.2.16.GA.jar:/home/david/.m2/repository/jboss/profiler/jvmti/jboss-profiler-jvmti/1.0.0.CR5/jboss-profiler-jvmti-1.0.0.CR5.jar:/home/david/.m2/repository/log4j/log4j/1.2.14/log4j-1.2.14.jar:/home/david/.m2/repository/org/jboss/jbossas/jboss-server-manager/1.0.3.GA/jboss-server-manager-1.0.3.GA.jar:/home/david/.m2/repository/org/jboss/naming/jnp-client/5.0.4.GA/jnp-client-5.0.4.GA.jar:/home/david/.m2/repository/org/jboss/security/jbosssx-client/2.0.4.SP2/jbosssx-client-2.0.4.SP2.jar:/home/david/.m2/repository/org/jboss/security/jboss-security-spi/2.0.4.SP2/jboss-security-spi-2.0.4.SP2.jar:/home/david/.m2/repository/junit/junit/4.4/junit-4.4.jar:"/>
    <property name="java.specification.name" value="Java Platform API Specification"/>
    <property name="java.class.version" value="50.0"/>
    <property name="sun.management.compiler" value="HotSpot 64-Bit Server Compiler"/>
    <property name="os.version" value="2.6.34.7-66.fc13.x86_64"/>
    <property name="user.home" value="/home/david"/>
    <property name="user.timezone" value="US/Central"/>
    <property name="java.awt.printerjob" value="sun.print.PSPrinterJob"/>
    <property name="java.specification.version" value="1.6"/>
    <property name="file.encoding" value="UTF-8"/>
    <property name="user.name" value="david"/>
    <property name="java.class.path" value="/home/david/src/java/as7/jboss-vfs/target/test-classes:/home/david/src/java/as7/jboss-vfs/target/classes:/home/david/.m2/repository/org/jboss/logging/jboss-logging/3.0.0.Beta5/jboss-logging-3.0.0.Beta5.jar:/home/david/.m2/repository/org/jboss/test/jboss-test/1.1.5.GA/jboss-test-1.1.5.GA.jar:/home/david/.m2/repository/org/apache/ant/ant/1.7.0/ant-1.7.0.jar:/home/david/.m2/repository/org/apache/ant/ant-launcher/1.7.0/ant-launcher-1.7.0.jar:/home/david/.m2/repository/org/apache/ant/ant-junit/1.7.0/ant-junit-1.7.0.jar:/home/david/.m2/repository/org/jboss/logging/jboss-logging-spi/2.1.0.GA/jboss-logging-spi-2.1.0.GA.jar:/home/david/.m2/repository/org/jboss/logging/jboss-logging-log4j/2.1.0.GA/jboss-logging-log4j-2.1.0.GA.jar:/home/david/.m2/repository/org/jboss/jboss-common-core/2.2.16.GA/jboss-common-core-2.2.16.GA.jar:/home/david/.m2/repository/jboss/profiler/jvmti/jboss-profiler-jvmti/1.0.0.CR5/jboss-profiler-jvmti-1.0.0.CR5.jar:/home/david/.m2/repository/log4j/log4j/1.2.14/log4j-1.2.14.jar:/home/david/.m2/repository/org/jboss/jbossas/jboss-server-manager/1.0.3.GA/jboss-server-manager-1.0.3.GA.jar:/home/david/.m2/repository/org/jboss/naming/jnp-client/5.0.4.GA/jnp-client-5.0.4.GA.jar:/home/david/.m2/repository/org/jboss/security/jbosssx-client/2.0.4.SP2/jbosssx-client-2.0.4.SP2.jar:/home/david/.m2/repository/org/jboss/security/jboss-security-spi/2.0.4.SP2/jboss-security-spi-2.0.4.SP2.jar:/home/david/.m2/repository/junit/junit/4.4/junit-4.4.jar:"/>
    <property name="java.vm.specification.version" value="1.0"/>
    <property name="sun.arch.data.model" value="64"/>
    <property name="java.home" value="/home/david/local/jdk/sun-jdk-1.6.0_22-x86_64/jre"/>
    <property name="java.specification.vendor" value="Sun Microsystems Inc."/>
    <property name="user.language" value="en"/>
    <property name="java.vm.info" value="mixed mode"/>
    <property name="java.version" value="1.6.0_22"/>
    <property name="java.ext.dirs" value="/home/david/local/jdk/sun-jdk-1.6.0_22-x86_64/jre/lib/ext:/usr/java/packages/lib/ext"/>
    <property name="sun.boot.class.path" value="/home/david/local/jdk/sun-jdk-1.6.0_22-x86_64/jre/lib/resources.jar:/home/david/local/jdk/sun-jdk-1.6.0_22-x86_64/jre/lib/rt.jar:/home/david/local/jdk/sun-jdk-1.6.0_22-x86_64/jre/lib/sunrsasign.jar:/home/david/local/jdk/sun-jdk-1.6.0_22-x86_64/jre/lib/jsse.jar:/home/david/local/jdk/sun-jdk-1.6.0_22-x86_64/jre/lib/jce.jar:/home/david/local/jdk/sun-jdk-1.6.0_22-x86_64/jre/lib/charsets.jar:/home/david/local/jdk/sun-jdk-1.6.0_22-x86_64/jre/classes"/>
    <property name="java.vendor" value="Sun Microsystems Inc."/>
    <property name="localRepository" value="/home/david/.m2/repository"/>
    <property name="file.separator" value="/"/>
    <property name="java.vendor.url.bug" value="http://java.sun.com/cgi-bin/bugreport.cgi"/>
    <property name="sun.cpu.endian" value="little"/>
    <property name="sun.io.unicode.encoding" value="UnicodeLittle"/>
    <property name="sun.desktop" value="gnome"/>
    <property name="sun.cpu.isalist" value=""/>
  </properties>
  <testcase time="0.003" classname="org.jboss.test.vfs.VirtualJarInputStreamTestCase" name="testIteration">
    <error message="error in opening zip file" type="java.util.zip.ZipException">java.util.zip.ZipException: error in opening zip file
	at java.util.zip.ZipFile.open(Native Method)
	at java.util.zip.ZipFile.&lt;init&gt;(ZipFile.java:114)
	at java.util.jar.JarFile.&lt;init&gt;(JarFile.java:135)
	at java.util.jar.JarFile.&lt;init&gt;(JarFile.java:99)
	at org.jboss.vfs.spi.JavaZipFileSystem.&lt;init&gt;(JavaZipFileSystem.java:94)
	at org.jboss.vfs.spi.JavaZipFileSystem.&lt;init&gt;(JavaZipFileSystem.java:80)
	at org.jboss.vfs.VFS.mountZip(VFS.java:415)
	at org.jboss.vfs.VFS.mountZip(VFS.java:441)
	at org.jboss.test.vfs.VirtualJarInputStreamTestCase.testIteration(VirtualJarInputStreamTestCase.java:72)
	at sun.reflect.NativeMethodAccessorImpl.invoke0(Native Method)
	at sun.reflect.NativeMethodAccessorImpl.invoke(NativeMethodAccessorImpl.java:39)
	at sun.reflect.DelegatingMethodAccessorImpl.invoke(DelegatingMethodAccessorImpl.java:25)
	at java.lang.reflect.Method.invoke(Method.java:597)
	at junit.framework.TestCase.runTest(TestCase.java:168)
	at junit.framework.TestCase.runBare(TestCase.java:134)
	at junit.framework.TestResult$1.protect(TestResult.java:110)
	at junit.framework.TestResult.runProtected(TestResult.java:128)
	at junit.framework.TestResult.run(TestResult.java:113)
	at junit.framework.TestCase.run(TestCase.java:124)
	at junit.framework.TestSuite.runTest(TestSuite.java:232)
	at junit.framework.TestSuite.run(TestSuite.java:227)
	at org.junit.internal.runners.JUnit38ClassRunner.run(JUnit38ClassRunner.java:81)
	at org.apache.maven.surefire.junit4.JUnit4TestSet.execute(JUnit4TestSet.java:59)
	at org.apache.maven.surefire.suite.AbstractDirectoryTestSuite.executeTestSet(AbstractDirectoryTestSuite.java:115)
	at org.apache.maven.surefire.suite.AbstractDirectoryTestSuite.execute(AbstractDirectoryTestSuite.java:102)
	at org.apache.maven.surefire.Surefire.run(Surefire.java:180)
	at sun.reflect.NativeMethodAccessorImpl.invoke0(Native Method)
	at sun.reflect.NativeMethodAccessorImpl.invoke(NativeMethodAccessorImpl.java:39)
	at sun.reflect.DelegatingMethodAccessorImpl.invoke(DelegatingMethodAccessorImpl.java:25)
	at java.lang.reflect.Method.invoke(Method.java:597)
	at org.apache.maven.surefire.booter.SurefireBooter.runSuitesInProcess(SurefireBooter.java:350)
	at org.apache.maven.surefire.booter.SurefireBooter.main(SurefireBooter.java:1021)
</error>
    <system-out>679 DEBUG [VirtualJarInputStreamTestCase] ==== Starting testIteration ====
</system-out>
  </testcase>
  <testcase time="1.139" classname="org.jboss.test.vfs.VirtualJarInputStreamTestCase" name="testIterationNonJar">
    <error type="java.lang.StackOverflowError">java.lang.StackOverflowError
	at sun.nio.cs.UTF_8$Encoder.encodeArrayLoop(UTF_8.java:341)
	at sun.nio.cs.UTF_8$Encoder.encodeLoop(UTF_8.java:447)
	at java.nio.charset.CharsetEncoder.encode(CharsetEncoder.java:544)
	at java.lang.StringCoding$StringEncoder.encode(StringCoding.java:240)
	at java.lang.StringCoding.encode(StringCoding.java:272)
	at java.lang.String.getBytes(String.java:946)
	at java.io.UnixFileSystem.getBooleanAttributes0(Native Method)
	at java.io.UnixFileSystem.getBooleanAttributes(UnixFileSystem.java:228)
	at java.io.File.exists(File.java:733)
	at org.jboss.vfs.spi.RealFileSystem.exists(RealFileSystem.java:179)
	at org.jboss.vfs.VirtualFile.exists(VirtualFile.java:168)
	at org.jboss.vfs.VirtualJarInputStream.&lt;init&gt;(VirtualJarInputStream.java:76)
	at org.jboss.vfs.VirtualFile.openStream(VirtualFile.java:223)
	at org.jboss.vfs.VFSUtils.readManifest(VFSUtils.java:214)
	at org.jboss.vfs.VirtualJarInputStream.&lt;init&gt;(VirtualJarInputStream.java:78)
	at org.jboss.vfs.VirtualFile.openStream(VirtualFile.java:223)
	at org.jboss.vfs.VFSUtils.readManifest(VFSUtils.java:214)
	at org.jboss.vfs.VirtualJarInputStream.&lt;init&gt;(VirtualJarInputStream.java:78)
	at org.jboss.vfs.VirtualFile.openStream(VirtualFile.java:223)
	at org.jboss.vfs.VFSUtils.readManifest(VFSUtils.java:214)
	at org.jboss.vfs.VirtualJarInputStream.&lt;init&gt;(VirtualJarInputStream.java:78)
	at org.jboss.vfs.VirtualFile.openStream(VirtualFile.java:223)
	at org.jboss.vfs.VFSUtils.readManifest(VFSUtils.java:214)
	at org.jboss.vfs.VirtualJarInputStream.&lt;init&gt;(VirtualJarInputStream.java:78)
	at org.jboss.vfs.VirtualFile.openStream(VirtualFile.java:223)
	at org.jboss.vfs.VFSUtils.readManifest(VFSUtils.java:214)
	at org.jboss.vfs.VirtualJarInputStream.&lt;init&gt;(VirtualJarInputStream.java:78)
	at org.jboss.vfs.VirtualFile.openStream(VirtualFile.java:223)
	at org.jboss.vfs.VFSUtils.readManifest(VFSUtils.java:214)
	at org.jboss.vfs.VirtualJarInputStream.&lt;init&gt;(VirtualJarInputStream.java:78)
	at org.jboss.vfs.VirtualFile.openStream(VirtualFile.java:223)
	at org.jboss.vfs.VFSUtils.readManifest(VFSUtils.java:214)
	at org.jboss.vfs.VirtualJarInputStream.&lt;init&gt;(VirtualJarInputStream.java:78)
	at org.jboss.vfs.VirtualFile.openStream(VirtualFile.java:223)
	at org.jboss.vfs.VFSUtils.readManifest(VFSUtils.java:214)
	at org.jboss.vfs.VirtualJarInputStream.&lt;init&gt;(VirtualJarInputStream.java:78)
	at org.jboss.vfs.VirtualFile.openStream(VirtualFile.java:223)
	at org.jboss.vfs.VFSUtils.readManifest(VFSUtils.java:214)
	at org.jboss.vfs.VirtualJarInputStream.&lt;init&gt;(VirtualJarInputStream.java:78)
	at org.jboss.vfs.VirtualFile.openStream(VirtualFile.java:223)
	at org.jboss.vfs.VFSUtils.readManifest(VFSUtils.java:214)
	at org.jboss.vfs.VirtualJarInputStream.&lt;init&gt;(VirtualJarInputStream.java:78)
	at org.jboss.vfs.VirtualFile.openStream(VirtualFile.java:223)
	at org.jboss.vfs.VFSUtils.readManifest(VFSUtils.java:214)
	at org.jboss.vfs.VirtualJarInputStream.&lt;init&gt;(VirtualJarInputStream.java:78)
	at org.jboss.vfs.VirtualFile.openStream(VirtualFile.java:223)
	at org.jboss.vfs.VFSUtils.readManifest(VFSUtils.java:214)
	at org.jboss.vfs.VirtualJarInputStream.&lt;init&gt;(VirtualJarInputStream.java:78)
	at org.jboss.vfs.VirtualFile.openStream(VirtualFile.java:223)
	at org.jboss.vfs.VFSUtils.readManifest(VFSUtils.java:214)
	at org.jboss.vfs.VirtualJarInputStream.&lt;init&gt;(VirtualJarInputStream.java:78)
	at org.jboss.vfs.VirtualFile.openStream(VirtualFile.java:223)
	at org.jboss.vfs.VFSUtils.readManifest(VFSUtils.java:214)
	at org.jboss.vfs.VirtualJarInputStream.&lt;init&gt;(VirtualJarInputStream.java:78)
	at org.jboss.vfs.VirtualFile.openStream(VirtualFile.java:223)
	at org.jboss.vfs.VFSUtils.readManifest(VFSUtils.java:214)
	at org.jboss.vfs.VirtualJarInputStream.&lt;init&gt;(VirtualJarInputStream.java:78)
	at org.jboss.vfs.VirtualFile.openStream(VirtualFile.java:223)
	at org.jboss.vfs.VFSUtils.readManifest(VFSUtils.java:214)
	at org.jboss.vfs.VirtualJarInputStream.&lt;init&gt;(VirtualJarInputStream.java:78)
	at org.jboss.vfs.VirtualFile.openStream(VirtualFile.java:223)
	at org.jboss.vfs.VFSUtils.readManifest(VFSUtils.java:214)
	at org.jboss.vfs.VirtualJarInputStream.&lt;init&gt;(VirtualJarInputStream.java:78)
	at org.jboss.vfs.VirtualFile.openStream(VirtualFile.java:223)
	at org.jboss.vfs.VFSUtils.readManifest(VFSUtils.java:214)
	at org.jboss.vfs.VirtualJarInputStream.&lt;init&gt;(VirtualJarInputStream.java:78)
	at org.jboss.vfs.VirtualFile.openStream(VirtualFile.java:223)
	at org.jboss.vfs.VFSUtils.readManifest(VFSUtils.java:214)
	at org.jboss.vfs.VirtualJarInputStream.&lt;init&gt;(VirtualJarInputStream.java:78)
	at org.jboss.vfs.VirtualFile.openStream(VirtualFile.java:223)
	at org.jboss.vfs.VFSUtils.readManifest(VFSUtils.java:214)
	at org.jboss.vfs.VirtualJarInputStream.&lt;init&gt;(VirtualJarInputStream.java:78)
	at org.jboss.vfs.VirtualFile.openStream(VirtualFile.java:223)
	at org.jboss.vfs.VFSUtils.readManifest(VFSUtils.java:214)
	at org.jboss.vfs.VirtualJarInputStream.&lt;init&gt;(VirtualJarInputStream.java:78)
	at org.jboss.vfs.VirtualFile.openStream(VirtualFile.java:223)
	at org.jboss.vfs.VFSUtils.readManifest(VFSUtils.java:214)
	at org.jboss.vfs.VirtualJarInputStream.&lt;init&gt;(VirtualJarInputStream.java:78)
	at org.jboss.vfs.VirtualFile.openStream(VirtualFile.java:223)
	at org.jboss.vfs.VFSUtils.readManifest(VFSUtils.java:214)
	at org.jboss.vfs.VirtualJarInputStream.&lt;init&gt;(VirtualJarInputStream.java:78)
	at org.jboss.vfs.VirtualFile.openStream(VirtualFile.java:223)
	at org.jboss.vfs.VFSUtils.readManifest(VFSUtils.java:214)
	at org.jboss.vfs.VirtualJarInputStream.&lt;init&gt;(VirtualJarInputStream.java:78)
	at org.jboss.vfs.VirtualFile.openStream(VirtualFile.java:223)
	at org.jboss.vfs.VFSUtils.readManifest(VFSUtils.java:214)
	at org.jboss.vfs.VirtualJarInputStream.&lt;init&gt;(VirtualJarInputStream.java:78)
	at org.jboss.vfs.VirtualFile.openStream(VirtualFile.java:223)
	at org.jboss.vfs.VFSUtils.readManifest(VFSUtils.java:214)
	at org.jboss.vfs.VirtualJarInputStream.&lt;init&gt;(VirtualJarInputStream.java:78)
	at org.jboss.vfs.VirtualFile.openStream(VirtualFile.java:223)
	at org.jboss.vfs.VFSUtils.readManifest(VFSUtils.java:214)
	at org.jboss.vfs.VirtualJarInputStream.&lt;init&gt;(VirtualJarInputStream.java:78)
	at org.jboss.vfs.VirtualFile.openStream(VirtualFile.java:223)
	at org.jboss.vfs.VFSUtils.readManifest(VFSUtils.java:214)
	at org.jboss.vfs.VirtualJarInputStream.&lt;init&gt;(VirtualJarInputStream.java:78)
	at org.jboss.vfs.VirtualFile.openStream(VirtualFile.java:223)
	at org.jboss.vfs.VFSUtils.readManifest(VFSUtils.java:214)
	at org.jboss.vfs.VirtualJarInputStream.&lt;init&gt;(VirtualJarInputStream.java:78)
	at org.jboss.vfs.VirtualFile.openStream(VirtualFile.java:223)
	at org.jboss.vfs.VFSUtils.readManifest(VFSUtils.java:214)
	at org.jboss.vfs.VirtualJarInputStream.&lt;init&gt;(VirtualJarInputStream.java:78)
	at org.jboss.vfs.VirtualFile.openStream(VirtualFile.java:223)
	at org.jboss.vfs.VFSUtils.readManifest(VFSUtils.java:214)
	at org.jboss.vfs.VirtualJarInputStream.&lt;init&gt;(VirtualJarInputStream.java:78)
	at org.jboss.vfs.VirtualFile.openStream(VirtualFile.java:223)
	at org.jboss.vfs.VFSUtils.readManifest(VFSUtils.java:214)
	at org.jboss.vfs.VirtualJarInputStream.&lt;init&gt;(VirtualJarInputStream.java:78)
	at org.jboss.vfs.VirtualFile.openStream(VirtualFile.java:223)
	at org.jboss.vfs.VFSUtils.readManifest(VFSUtils.java:214)
	at org.jboss.vfs.VirtualJarInputStream.&lt;init&gt;(VirtualJarInputStream.java:78)
	at org.jboss.vfs.VirtualFile.openStream(VirtualFile.java:223)
	at org.jboss.vfs.VFSUtils.readManifest(VFSUtils.java:214)
	at org.jboss.vfs.VirtualJarInputStream.&lt;init&gt;(VirtualJarInputStream.java:78)
	at org.jboss.vfs.VirtualFile.openStream(VirtualFile.java:223)
	at org.jboss.vfs.VFSUtils.readManifest(VFSUtils.java:214)
	at org.jboss.vfs.VirtualJarInputStream.&lt;init&gt;(VirtualJarInputStream.java:78)
	at org.jboss.vfs.VirtualFile.openStream(VirtualFile.java:223)
	at org.jboss.vfs.VFSUtils.readManifest(VFSUtils.java:214)
	at org.jboss.vfs.VirtualJarInputStream.&lt;init&gt;(VirtualJarInputStream.java:78)
	at org.jboss.vfs.VirtualFile.openStream(VirtualFile.java:223)
	at org.jboss.vfs.VFSUtils.readManifest(VFSUtils.java:214)
	at org.jboss.vfs.VirtualJarInputStream.&lt;init&gt;(VirtualJarInputStream.java:78)
	at org.jboss.vfs.VirtualFile.openStream(VirtualFile.java:223)
	at org.jboss.vfs.VFSUtils.readManifest(VFSUtils.java:214)
	at org.jboss.vfs.VirtualJarInputStream.&lt;init&gt;(VirtualJarInputStream.java:78)
	at org.jboss.vfs.VirtualFile.openStream(VirtualFile.java:223)
	at org.jboss.vfs.VFSUtils.readManifest(VFSUtils.java:214)
	at org.jboss.vfs.VirtualJarInputStream.&lt;init&gt;(VirtualJarInputStream.java:78)
	at org.jboss.vfs.VirtualFile.openStream(VirtualFile.java:223)
	at org.jboss.vfs.VFSUtils.readManifest(VFSUtils.java:214)
	at org.jboss.vfs.VirtualJarInputStream.&lt;init&gt;(VirtualJarInputStream.java:78)
	at org.jboss.vfs.VirtualFile.openStream(VirtualFile.java:223)
	at org.jboss.vfs.VFSUtils.readManifest(VFSUtils.java:214)
	at org.jboss.vfs.VirtualJarInputStream.&lt;init&gt;(VirtualJarInputStream.java:78)
	at org.jboss.vfs.VirtualFile.openStream(VirtualFile.java:223)
	at org.jboss.vfs.VFSUtils.readManifest(VFSUtils.java:214)
	at org.jboss.vfs.VirtualJarInputStream.&lt;init&gt;(VirtualJarInputStream.java:78)
	at org.jboss.vfs.VirtualFile.openStream(VirtualFile.java:223)
	at org.jboss.vfs.VFSUtils.readManifest(VFSUtils.java:214)
	at org.jboss.vfs.VirtualJarInputStream.&lt;init&gt;(VirtualJarInputStream.java:78)
	at org.jboss.vfs.VirtualFile.openStream(VirtualFile.java:223)
	at org.jboss.vfs.VFSUtils.readManifest(VFSUtils.java:214)
	at org.jboss.vfs.VirtualJarInputStream.&lt;init&gt;(VirtualJarInputStream.java:78)
	at org.jboss.vfs.VirtualFile.openStream(VirtualFile.java:223)
	at org.jboss.vfs.VFSUtils.readManifest(VFSUtils.java:214)
	at org.jboss.vfs.VirtualJarInputStream.&lt;init&gt;(VirtualJarInputStream.java:78)
	at org.jboss.vfs.VirtualFile.openStream(VirtualFile.java:223)
	at org.jboss.vfs.VFSUtils.readManifest(VFSUtils.java:214)
	at org.jboss.vfs.VirtualJarInputStream.&lt;init&gt;(VirtualJarInputStream.java:78)
	at org.jboss.vfs.VirtualFile.openStream(VirtualFile.java:223)
	at org.jboss.vfs.VFSUtils.readManifest(VFSUtils.java:214)
	at org.jboss.vfs.VirtualJarInputStream.&lt;init&gt;(VirtualJarInputStream.java:78)
	at org.jboss.vfs.VirtualFile.openStream(VirtualFile.java:223)
	at org.jboss.vfs.VFSUtils.readManifest(VFSUtils.java:214)
	at org.jboss.vfs.VirtualJarInputStream.&lt;init&gt;(VirtualJarInputStream.java:78)
	at org.jboss.vfs.VirtualFile.openStream(VirtualFile.java:223)
	at org.jboss.vfs.VFSUtils.readManifest(VFSUtils.java:214)
	at org.jboss.vfs.VirtualJarInputStream.&lt;init&gt;(VirtualJarInputStream.java:78)
	at org.jboss.vfs.VirtualFile.openStream(VirtualFile.java:223)
	at org.jboss.vfs.VFSUtils.readManifest(VFSUtils.java:214)
	at org.jboss.vfs.VirtualJarInputStream.&lt;init&gt;(VirtualJarInputStream.java:78)
	at org.jboss.vfs.VirtualFile.openStream(VirtualFile.java:223)
	at org.jboss.vfs.VFSUtils.readManifest(VFSUtils.java:214)
	at org.jboss.vfs.VirtualJarInputStream.&lt;init&gt;(VirtualJarInputStream.java:78)
	at org.jboss.vfs.VirtualFile.openStream(VirtualFile.java:223)
	at org.jboss.vfs.VFSUtils.readManifest(VFSUtils.java:214)
	at org.jboss.vfs.VirtualJarInputStream.&lt;init&gt;(VirtualJarInputStream.java:78)
	at org.jboss.vfs.VirtualFile.openStream(VirtualFile.java:223)
	at org.jboss.vfs.VFSUtils.readManifest(VFSUtils.java:214)
	at org.jboss.vfs.VirtualJarInputStream.&lt;init&gt;(VirtualJarInputStream.java:78)
	at org.jboss.vfs.VirtualFile.openStream(VirtualFile.java:223)
	at org.jboss.vfs.VFSUtils.readManifest(VFSUtils.java:214)
	at org.jboss.vfs.VirtualJarInputStream.&lt;init&gt;(VirtualJarInputStream.java:78)
	at org.jboss.vfs.VirtualFile.openStream(VirtualFile.java:223)
	at org.jboss.vfs.VFSUtils.readManifest(VFSUtils.java:214)
	at org.jboss.vfs.VirtualJarInputStream.&lt;init&gt;(VirtualJarInputStream.java:78)
	at org.jboss.vfs.VirtualFile.openStream(VirtualFile.java:223)
	at org.jboss.vfs.VFSUtils.readManifest(VFSUtils.java:214)
	at org.jboss.vfs.VirtualJarInputStream.&lt;init&gt;(VirtualJarInputStream.java:78)
	at org.jboss.vfs.VirtualFile.openStream(VirtualFile.java:223)
	at org.jboss.vfs.VFSUtils.readManifest(VFSUtils.java:214)
	at org.jboss.vfs.VirtualJarInputStream.&lt;init&gt;(VirtualJarInputStream.java:78)
	at org.jboss.vfs.VirtualFile.openStream(VirtualFile.java:223)
	at org.jboss.vfs.VFSUtils.readManifest(VFSUtils.java:214)
	at org.jboss.vfs.VirtualJarInputStream.&lt;init&gt;(VirtualJarInputStream.java:78)
	at org.jboss.vfs.VirtualFile.openStream(VirtualFile.java:223)
	at org.jboss.vfs.VFSUtils.readManifest(VFSUtils.java:214)
	at org.jboss.vfs.VirtualJarInputStream.&lt;init&gt;(VirtualJarInputStream.java:78)
	at org.jboss.vfs.VirtualFile.openStream(VirtualFile.java:223)
	at org.jboss.vfs.VFSUtils.readManifest(VFSUtils.java:214)
	at org.jboss.vfs.VirtualJarInputStream.&lt;init&gt;(VirtualJarInputStream.java:78)
	at org.jboss.vfs.VirtualFile.openStream(VirtualFile.java:223)
	at org.jboss.vfs.VFSUtils.readManifest(VFSUtils.java:214)
	at org.jboss.vfs.VirtualJarInputStream.&lt;init&gt;(VirtualJarInputStream.java:78)
	at org.jboss.vfs.VirtualFile.openStream(VirtualFile.java:223)
	at org.jboss.vfs.VFSUtils.readManifest(VFSUtils.java:214)
	at org.jboss.vfs.VirtualJarInputStream.&lt;init&gt;(VirtualJarInputStream.java:78)
	at org.jboss.vfs.VirtualFile.openStream(VirtualFile.java:223)
	at org.jboss.vfs.VFSUtils.readManifest(VFSUtils.java:214)
	at org.jboss.vfs.VirtualJarInputStream.&lt;init&gt;(VirtualJarInputStream.java:78)
	at org.jboss.vfs.VirtualFile.openStream(VirtualFile.java:223)
	at org.jboss.vfs.VFSUtils.readManifest(VFSUtils.java:214)
	at org.jboss.vfs.VirtualJarInputStream.&lt;init&gt;(VirtualJarInputStream.java:78)
	at org.jboss.vfs.VirtualFile.openStream(VirtualFile.java:223)
	at org.jboss.vfs.VFSUtils.readManifest(VFSUtils.java:214)
	at org.jboss.vfs.VirtualJarInputStream.&lt;init&gt;(VirtualJarInputStream.java:78)
	at org.jboss.vfs.VirtualFile.openStream(VirtualFile.java:223)
	at org.jboss.vfs.VFSUtils.readManifest(VFSUtils.java:214)
	at org.jboss.vfs.VirtualJarInputStream.&lt;init&gt;(VirtualJarInputStream.java:78)
	at org.jboss.vfs.VirtualFile.openStream(VirtualFile.java:223)
	at org.jboss.vfs.VFSUtils.readManifest(VFSUtils.java:214)
	at org.jboss.vfs.VirtualJarInputStream.&lt;init&gt;(VirtualJarInputStream.java:78)
	at org.jboss.vfs.VirtualFile.openStream(VirtualFile.java:223)
	at org.jboss.vfs.VFSUtils.readManifest(VFSUtils.java:214)
	at org.jboss.vfs.VirtualJarInputStream.&lt;init&gt;(VirtualJarInputStream.java:78)
	at org.jboss.vfs.VirtualFile.openStream(VirtualFile.java:223)
	at org.jboss.vfs.VFSUtils.readManifest(VFSUtils.java:214)
	at org.jboss.vfs.VirtualJarInputStream.&lt;init&gt;(VirtualJarInputStream.java:78)
	at org.jboss.vfs.VirtualFile.openStream(VirtualFile.java:223)
	at org.jboss.vfs.VFSUtils.readManifest(VFSUtils.java:214)
	at org.jboss.vfs.VirtualJarInputStream.&lt;init&gt;(VirtualJarInputStream.java:78)
	at org.jboss.vfs.VirtualFile.openStream(VirtualFile.java:223)
	at org.jboss.vfs.VFSUtils.readManifest(VFSUtils.java:214)
	at org.jboss.vfs.VirtualJarInputStream.&lt;init&gt;(VirtualJarInputStream.java:78)
	at org.jboss.vfs.VirtualFile.openStream(VirtualFile.java:223)
	at org.jboss.vfs.VFSUtils.readManifest(VFSUtils.java:214)
	at org.jboss.vfs.VirtualJarInputStream.&lt;init&gt;(VirtualJarInputStream.java:78)
	at org.jboss.vfs.VirtualFile.openStream(VirtualFile.java:223)
	at org.jboss.vfs.VFSUtils.readManifest(VFSUtils.java:214)
	at org.jboss.vfs.VirtualJarInputStream.&lt;init&gt;(VirtualJarInputStream.java:78)
	at org.jboss.vfs.VirtualFile.openStream(VirtualFile.java:223)
	at org.jboss.vfs.VFSUtils.readManifest(VFSUtils.java:214)
	at org.jboss.vfs.VirtualJarInputStream.&lt;init&gt;(VirtualJarInputStream.java:78)
	at org.jboss.vfs.VirtualFile.openStream(VirtualFile.java:223)
	at org.jboss.vfs.VFSUtils.readManifest(VFSUtils.java:214)
	at org.jboss.vfs.VirtualJarInputStream.&lt;init&gt;(VirtualJarInputStream.java:78)
	at org.jboss.vfs.VirtualFile.openStream(VirtualFile.java:223)
	at org.jboss.vfs.VFSUtils.readManifest(VFSUtils.java:214)
	at org.jboss.vfs.VirtualJarInputStream.&lt;init&gt;(VirtualJarInputStream.java:78)
	at org.jboss.vfs.VirtualFile.openStream(VirtualFile.java:223)
	at org.jboss.vfs.VFSUtils.readManifest(VFSUtils.java:214)
	at org.jboss.vfs.VirtualJarInputStream.&lt;init&gt;(VirtualJarInputStream.java:78)
	at org.jboss.vfs.VirtualFile.openStream(VirtualFile.java:223)
	at org.jboss.vfs.VFSUtils.readManifest(VFSUtils.java:214)
	at org.jboss.vfs.VirtualJarInputStream.&lt;init&gt;(VirtualJarInputStream.java:78)
	at org.jboss.vfs.VirtualFile.openStream(VirtualFile.java:223)
	at org.jboss.vfs.VFSUtils.readManifest(VFSUtils.java:214)
	at org.jboss.vfs.VirtualJarInputStream.&lt;init&gt;(VirtualJarInputStream.java:78)
	at org.jboss.vfs.VirtualFile.openStream(VirtualFile.java:223)
	at org.jboss.vfs.VFSUtils.readManifest(VFSUtils.java:214)
	at org.jboss.vfs.VirtualJarInputStream.&lt;init&gt;(VirtualJarInputStream.java:78)
	at org.jboss.vfs.VirtualFile.openStream(VirtualFile.java:223)
	at org.jboss.vfs.VFSUtils.readManifest(VFSUtils.java:214)
	at org.jboss.vfs.VirtualJarInputStream.&lt;init&gt;(VirtualJarInputStream.java:78)
	at org.jboss.vfs.VirtualFile.openStream(VirtualFile.java:223)
	at org.jboss.vfs.VFSUtils.readManifest(VFSUtils.java:214)
	at org.jboss.vfs.VirtualJarInputStream.&lt;init&gt;(VirtualJarInputStream.java:78)
	at org.jboss.vfs.VirtualFile.openStream(VirtualFile.java:223)
	at org.jboss.vfs.VFSUtils.readManifest(VFSUtils.java:214)
	at org.jboss.vfs.VirtualJarInputStream.&lt;init&gt;(VirtualJarInputStream.java:78)
	at org.jboss.vfs.VirtualFile.openStream(VirtualFile.java:223)
	at org.jboss.vfs.VFSUtils.readManifest(VFSUtils.java:214)
	at org.jboss.vfs.VirtualJarInputStream.&lt;init&gt;(VirtualJarInputStream.java:78)
	at org.jboss.vfs.VirtualFile.openStream(VirtualFile.java:223)
	at org.jboss.vfs.VFSUtils.readManifest(VFSUtils.java:214)
	at org.jboss.vfs.VirtualJarInputStream.&lt;init&gt;(VirtualJarInputStream.java:78)
	at org.jboss.vfs.VirtualFile.openStream(VirtualFile.java:223)
	at org.jboss.vfs.VFSUtils.readManifest(VFSUtils.java:214)
	at org.jboss.vfs.VirtualJarInputStream.&lt;init&gt;(VirtualJarInputStream.java:78)
	at org.jboss.vfs.VirtualFile.openStream(VirtualFile.java:223)
	at org.jboss.vfs.VFSUtils.readManifest(VFSUtils.java:214)
	at org.jboss.vfs.VirtualJarInputStream.&lt;init&gt;(VirtualJarInputStream.java:78)
	at org.jboss.vfs.VirtualFile.openStream(VirtualFile.java:223)
	at org.jboss.vfs.VFSUtils.readManifest(VFSUtils.java:214)
	at org.jboss.vfs.VirtualJarInputStream.&lt;init&gt;(VirtualJarInputStream.java:78)
	at org.jboss.vfs.VirtualFile.openStream(VirtualFile.java:223)
	at org.jboss.vfs.VFSUtils.readManifest(VFSUtils.java:214)
	at org.jboss.vfs.VirtualJarInputStream.&lt;init&gt;(VirtualJarInputStream.java:78)
	at org.jboss.vfs.VirtualFile.openStream(VirtualFile.java:223)
	at org.jboss.vfs.VFSUtils.readManifest(VFSUtils.java:214)
	at org.jboss.vfs.VirtualJarInputStream.&lt;init&gt;(VirtualJarInputStream.java:78)
	at org.jboss.vfs.VirtualFile.openStream(VirtualFile.java:223)
	at org.jboss.vfs.VFSUtils.readManifest(VFSUtils.java:214)
	at org.jboss.vfs.VirtualJarInputStream.&lt;init&gt;(VirtualJarInputStream.java:78)
	at org.jboss.vfs.VirtualFile.openStream(VirtualFile.java:223)
	at org.jboss.vfs.VFSUtils.readManifest(VFSUtils.java:214)
	at org.jboss.vfs.VirtualJarInputStream.&lt;init&gt;(VirtualJarInputStream.java:78)
	at org.jboss.vfs.VirtualFile.openStream(VirtualFile.java:223)
	at org.jboss.vfs.VFSUtils.readManifest(VFSUtils.java:214)
	at org.jboss.vfs.VirtualJarInputStream.&lt;init&gt;(VirtualJarInputStream.java:78)
	at org.jboss.vfs.VirtualFile.openStream(VirtualFile.java:223)
	at org.jboss.vfs.VFSUtils.readManifest(VFSUtils.java:214)
	at org.jboss.vfs.VirtualJarInputStream.&lt;init&gt;(VirtualJarInputStream.java:78)
	at org.jboss.vfs.VirtualFile.openStream(VirtualFile.java:223)
	at org.jboss.vfs.VFSUtils.readManifest(VFSUtils.java:214)
	at org.jboss.vfs.VirtualJarInputStream.&lt;init&gt;(VirtualJarInputStream.java:78)
	at org.jboss.vfs.VirtualFile.openStream(VirtualFile.java:223)
	at org.jboss.vfs.VFSUtils.readManifest(VFSUtils.java:214)
	at org.jboss.vfs.VirtualJarInputStream.&lt;init&gt;(VirtualJarInputStream.java:78)
	at org.jboss.vfs.VirtualFile.openStream(VirtualFile.java:223)
	at org.jboss.vfs.VFSUtils.readManifest(VFSUtils.java:214)
	at org.jboss.vfs.VirtualJarInputStream.&lt;init&gt;(VirtualJarInputStream.java:78)
	at org.jboss.vfs.VirtualFile.openStream(VirtualFile.java:223)
	at org.jboss.vfs.VFSUtils.readManifest(VFSUtils.java:214)
	at org.jboss.vfs.VirtualJarInputStream.&lt;init&gt;(VirtualJarInputStream.java:78)
	at org.jboss.vfs.VirtualFile.openStream(VirtualFile.java:223)
	at org.jboss.vfs.VFSUtils.readManifest(VFSUtils.java:214)
	at org.jboss.vfs.VirtualJarInputStream.&lt;init&gt;(VirtualJarInputStream.java:78)
	at org.jboss.vfs.VirtualFile.openStream(VirtualFile.java:223)
	at org.jboss.vfs.VFSUtils.readManifest(VFSUtils.java:214)
	at org.jboss.vfs.VirtualJarInputStream.&lt;init&gt;(VirtualJarInputStream.java:78)
	at org.jboss.vfs.VirtualFile.openStream(VirtualFile.java:223)
	at org.jboss.vfs.VFSUtils.readManifest(VFSUtils.java:214)
	at org.jboss.vfs.VirtualJarInputStream.&lt;init&gt;(VirtualJarInputStream.java:78)
	at org.jboss.vfs.VirtualFile.openStream(VirtualFile.java:223)
	at org.jboss.vfs.VFSUtils.readManifest(VFSUtils.java:214)
	at org.jboss.vfs.VirtualJarInputStream.&lt;init&gt;(VirtualJarInputStream.java:78)
	at org.jboss.vfs.VirtualFile.openStream(VirtualFile.java:223)
	at org.jboss.vfs.VFSUtils.readManifest(VFSUtils.java:214)
	at org.jboss.vfs.VirtualJarInputStream.&lt;init&gt;(VirtualJarInputStream.java:78)
	at org.jboss.vfs.VirtualFile.openStream(VirtualFile.java:223)
	at org.jboss.vfs.VFSUtils.readManifest(VFSUtils.java:214)
	at org.jboss.vfs.VirtualJarInputStream.&lt;init&gt;(VirtualJarInputStream.java:78)
	at org.jboss.vfs.VirtualFile.openStream(VirtualFile.java:223)
	at org.jboss.vfs.VFSUtils.readManifest(VFSUtils.java:214)
	at org.jboss.vfs.VirtualJarInputStream.&lt;init&gt;(VirtualJarInputStream.java:78)
	at org.jboss.vfs.VirtualFile.openStream(VirtualFile.java:223)
	at org.jboss.vfs.VFSUtils.readManifest(VFSUtils.java:214)
	at org.jboss.vfs.VirtualJarInputStream.&lt;init&gt;(VirtualJarInputStream.java:78)
	at org.jboss.vfs.VirtualFile.openStream(VirtualFile.java:223)
	at org.jboss.vfs.VFSUtils.readManifest(VFSUtils.java:214)
	at org.jboss.vfs.VirtualJarInputStream.&lt;init&gt;(VirtualJarInputStream.java:78)
	at org.jboss.vfs.VirtualFile.openStream(VirtualFile.java:223)
	at org.jboss.vfs.VFSUtils.readManifest(VFSUtils.java:214)
	at org.jboss.vfs.VirtualJarInputStream.&lt;init&gt;(VirtualJarInputStream.java:78)
	at org.jboss.vfs.VirtualFile.openStream(VirtualFile.java:223)
	at org.jboss.vfs.VFSUtils.readManifest(VFSUtils.java:214)
	at org.jboss.vfs.VirtualJarInputStream.&lt;init&gt;(VirtualJarInputStream.java:78)
	at org.jboss.vfs.VirtualFile.openStream(VirtualFile.java:223)
	at org.jboss.vfs.VFSUtils.readManifest(VFSUtils.java:214)
	at org.jboss.vfs.VirtualJarInputStream.&lt;init&gt;(VirtualJarInputStream.java:78)
	at org.jboss.vfs.VirtualFile.openStream(VirtualFile.java:223)
	at org.jboss.vfs.VFSUtils.readManifest(VFSUtils.java:214)
	at org.jboss.vfs.VirtualJarInputStream.&lt;init&gt;(VirtualJarInputStream.java:78)
	at org.jboss.vfs.VirtualFile.openStream(VirtualFile.java:223)
	at org.jboss.vfs.VFSUtils.readManifest(VFSUtils.java:214)
	at org.jboss.vfs.VirtualJarInputStream.&lt;init&gt;(VirtualJarInputStream.java:78)
	at org.jboss.vfs.VirtualFile.openStream(VirtualFile.java:223)
	at org.jboss.vfs.VFSUtils.readManifest(VFSUtils.java:214)
	at org.jboss.vfs.VirtualJarInputStream.&lt;init&gt;(VirtualJarInputStream.java:78)
	at org.jboss.vfs.VirtualFile.openStream(VirtualFile.java:223)
	at org.jboss.vfs.VFSUtils.readManifest(VFSUtils.java:214)
	at org.jboss.vfs.VirtualJarInputStream.&lt;init&gt;(VirtualJarInputStream.java:78)
	at org.jboss.vfs.VirtualFile.openStream(VirtualFile.java:223)
	at org.jboss.vfs.VFSUtils.readManifest(VFSUtils.java:214)
	at org.jboss.vfs.VirtualJarInputStream.&lt;init&gt;(VirtualJarInputStream.java:78)
	at org.jboss.vfs.VirtualFile.openStream(VirtualFile.java:223)
	at org.jboss.vfs.VFSUtils.readManifest(VFSUtils.java:214)
	at org.jboss.vfs.VirtualJarInputStream.&lt;init&gt;(VirtualJarInputStream.java:78)
	at org.jboss.vfs.VirtualFile.openStream(VirtualFile.java:223)
	at org.jboss.vfs.VFSUtils.readManifest(VFSUtils.java:214)
	at org.jboss.vfs.VirtualJarInputStream.&lt;init&gt;(VirtualJarInputStream.java:78)
	at org.jboss.vfs.VirtualFile.openStream(VirtualFile.java:223)
	at org.jboss.vfs.VFSUtils.readManifest(VFSUtils.java:214)
	at org.jboss.vfs.VirtualJarInputStream.&lt;init&gt;(VirtualJarInputStream.java:78)
	at org.jboss.vfs.VirtualFile.openStream(VirtualFile.java:223)
	at org.jboss.vfs.VFSUtils.readManifest(VFSUtils.java:214)
	at org.jboss.vfs.VirtualJarInputStream.&lt;init&gt;(VirtualJarInputStream.java:78)
	at org.jboss.vfs.VirtualFile.openStream(VirtualFile.java:223)
	at org.jboss.vfs.VFSUtils.readManifest(VFSUtils.java:214)
	at org.jboss.vfs.VirtualJarInputStream.&lt;init&gt;(VirtualJarInputStream.java:78)
	at org.jboss.vfs.VirtualFile.openStream(VirtualFile.java:223)
	at org.jboss.vfs.VFSUtils.readManifest(VFSUtils.java:214)
	at org.jboss.vfs.VirtualJarInputStream.&lt;init&gt;(VirtualJarInputStream.java:78)
	at org.jboss.vfs.VirtualFile.openStream(VirtualFile.java:223)
	at org.jboss.vfs.VFSUtils.readManifest(VFSUtils.java:214)
	at org.jboss.vfs.VirtualJarInputStream.&lt;init&gt;(VirtualJarInputStream.java:78)
	at org.jboss.vfs.VirtualFile.openStream(VirtualFile.java:223)
	at org.jboss.vfs.VFSUtils.readManifest(VFSUtils.java:214)
	at org.jboss.vfs.VirtualJarInputStream.&lt;init&gt;(VirtualJarInputStream.java:78)
	at org.jboss.vfs.VirtualFile.openStream(VirtualFile.java:223)
	at org.jboss.vfs.VFSUtils.readManifest(VFSUtils.java:214)
	at org.jboss.vfs.VirtualJarInputStream.&lt;init&gt;(VirtualJarInputStream.java:78)
	at org.jboss.vfs.VirtualFile.openStream(VirtualFile.java:223)
	at org.jboss.vfs.VFSUtils.readManifest(VFSUtils.java:214)
	at org.jboss.vfs.VirtualJarInputStream.&lt;init&gt;(VirtualJarInputStream.java:78)
	at org.jboss.vfs.VirtualFile.openStream(VirtualFile.java:223)
	at org.jboss.vfs.VFSUtils.readManifest(VFSUtils.java:214)
	at org.jboss.vfs.VirtualJarInputStream.&lt;init&gt;(VirtualJarInputStream.java:78)
	at org.jboss.vfs.VirtualFile.openStream(VirtualFile.java:223)
	at org.jboss.vfs.VFSUtils.readManifest(VFSUtils.java:214)
	at org.jboss.vfs.VirtualJarInputStream.&lt;init&gt;(VirtualJarInputStream.java:78)
	at org.jboss.vfs.VirtualFile.openStream(VirtualFile.java:223)
	at org.jboss.vfs.VFSUtils.readManifest(VFSUtils.java:214)
	at org.jboss.vfs.VirtualJarInputStream.&lt;init&gt;(VirtualJarInputStream.java:78)
	at org.jboss.vfs.VirtualFile.openStream(VirtualFile.java:223)
	at org.jboss.vfs.VFSUtils.readManifest(VFSUtils.java:214)
	at org.jboss.vfs.VirtualJarInputStream.&lt;init&gt;(VirtualJarInputStream.java:78)
	at org.jboss.vfs.VirtualFile.openStream(VirtualFile.java:223)
	at org.jboss.vfs.VFSUtils.readManifest(VFSUtils.java:214)
	at org.jboss.vfs.VirtualJarInputStream.&lt;init&gt;(VirtualJarInputStream.java:78)
	at org.jboss.vfs.VirtualFile.openStream(VirtualFile.java:223)
	at org.jboss.vfs.VFSUtils.readManifest(VFSUtils.java:214)
	at org.jboss.vfs.VirtualJarInputStream.&lt;init&gt;(VirtualJarInputStream.java:78)
	at org.jboss.vfs.VirtualFile.openStream(VirtualFile.java:223)
	at org.jboss.vfs.VFSUtils.readManifest(VFSUtils.java:214)
	at org.jboss.vfs.VirtualJarInputStream.&lt;init&gt;(VirtualJarInputStream.java:78)
	at org.jboss.vfs.VirtualFile.openStream(VirtualFile.java:223)
	at org.jboss.vfs.VFSUtils.readManifest(VFSUtils.java:214)
	at org.jboss.vfs.VirtualJarInputStream.&lt;init&gt;(VirtualJarInputStream.java:78)
	at org.jboss.vfs.VirtualFile.openStream(VirtualFile.java:223)
	at org.jboss.vfs.VFSUtils.readManifest(VFSUtils.java:214)
	at org.jboss.vfs.VirtualJarInputStream.&lt;init&gt;(VirtualJarInputStream.java:78)
	at org.jboss.vfs.VirtualFile.openStream(VirtualFile.java:223)
	at org.jboss.vfs.VFSUtils.readManifest(VFSUtils.java:214)
	at org.jboss.vfs.VirtualJarInputStream.&lt;init&gt;(VirtualJarInputStream.java:78)
	at org.jboss.vfs.VirtualFile.openStream(VirtualFile.java:223)
	at org.jboss.vfs.VFSUtils.readManifest(VFSUtils.java:214)
	at org.jboss.vfs.VirtualJarInputStream.&lt;init&gt;(VirtualJarInputStream.java:78)
	at org.jboss.vfs.VirtualFile.openStream(VirtualFile.java:223)
	at org.jboss.vfs.VFSUtils.readManifest(VFSUtils.java:214)
	at org.jboss.vfs.VirtualJarInputStream.&lt;init&gt;(VirtualJarInputStream.java:78)
	at org.jboss.vfs.VirtualFile.openStream(VirtualFile.java:223)
	at org.jboss.vfs.VFSUtils.readManifest(VFSUtils.java:214)
	at org.jboss.vfs.VirtualJarInputStream.&lt;init&gt;(VirtualJarInputStream.java:78)
	at org.jboss.vfs.VirtualFile.openStream(VirtualFile.java:223)
	at org.jboss.vfs.VFSUtils.readManifest(VFSUtils.java:214)
	at org.jboss.vfs.VirtualJarInputStream.&lt;init&gt;(VirtualJarInputStream.java:78)
	at org.jboss.vfs.VirtualFile.openStream(VirtualFile.java:223)
	at org.jboss.vfs.VFSUtils.readManifest(VFSUtils.java:214)
	at org.jboss.vfs.VirtualJarInputStream.&lt;init&gt;(VirtualJarInputStream.java:78)
	at org.jboss.vfs.VirtualFile.openStream(VirtualFile.java:223)
	at org.jboss.vfs.VFSUtils.readManifest(VFSUtils.java:214)
	at org.jboss.vfs.VirtualJarInputStream.&lt;init&gt;(VirtualJarInputStream.java:78)
	at org.jboss.vfs.VirtualFile.openStream(VirtualFile.java:223)
	at org.jboss.vfs.VFSUtils.readManifest(VFSUtils.java:214)
	at org.jboss.vfs.VirtualJarInputStream.&lt;init&gt;(VirtualJarInputStream.java:78)
	at org.jboss.vfs.VirtualFile.openStream(VirtualFile.java:223)
	at org.jboss.vfs.VFSUtils.readManifest(VFSUtils.java:214)
	at org.jboss.vfs.VirtualJarInputStream.&lt;init&gt;(VirtualJarInputStream.java:78)
	at org.jboss.vfs.VirtualFile.openStream(VirtualFile.java:223)
	at org.jboss.vfs.VFSUtils.readManifest(VFSUtils.java:214)
	at org.jboss.vfs.VirtualJarInputStream.&lt;init&gt;(VirtualJarInputStream.java:78)
	at org.jboss.vfs.VirtualFile.openStream(VirtualFile.java:223)
	at org.jboss.vfs.VFSUtils.readManifest(VFSUtils.java:214)
	at org.jboss.vfs.VirtualJarInputStream.&lt;init&gt;(VirtualJarInputStream.java:78)
	at org.jboss.vfs.VirtualFile.openStream(VirtualFile.java:223)
	at org.jboss.vfs.VFSUtils.readManifest(VFSUtils.java:214)
	at org.jboss.vfs.VirtualJarInputStream.&lt;init&gt;(VirtualJarInputStream.java:78)
	at org.jboss.vfs.VirtualFile.openStream(VirtualFile.java:223)
	at org.jboss.vfs.VFSUtils.readManifest(VFSUtils.java:214)
	at org.jboss.vfs.VirtualJarInputStream.&lt;init&gt;(VirtualJarInputStream.java:78)
	at org.jboss.vfs.VirtualFile.openStream(VirtualFile.java:223)
	at org.jboss.vfs.VFSUtils.readManifest(VFSUtils.java:214)
	at org.jboss.vfs.VirtualJarInputStream.&lt;init&gt;(VirtualJarInputStream.java:78)
	at org.jboss.vfs.VirtualFile.openStream(VirtualFile.java:223)
	at org.jboss.vfs.VFSUtils.readManifest(VFSUtils.java:214)
	at org.jboss.vfs.VirtualJarInputStream.&lt;init&gt;(VirtualJarInputStream.java:78)
	at org.jboss.vfs.VirtualFile.openStream(VirtualFile.java:223)
	at org.jboss.vfs.VFSUtils.readManifest(VFSUtils.java:214)
	at org.jboss.vfs.VirtualJarInputStream.&lt;init&gt;(VirtualJarInputStream.java:78)
	at org.jboss.vfs.VirtualFile.openStream(VirtualFile.java:223)
	at org.jboss.vfs.VFSUtils.readManifest(VFSUtils.java:214)
	at org.jboss.vfs.VirtualJarInputStream.&lt;init&gt;(VirtualJarInputStream.java:78)
	at org.jboss.vfs.VirtualFile.openStream(VirtualFile.java:223)
	at org.jboss.vfs.VFSUtils.readManifest(VFSUtils.java:214)
	at org.jboss.vfs.VirtualJarInputStream.&lt;init&gt;(VirtualJarInputStream.java:78)
	at org.jboss.vfs.VirtualFile.openStream(VirtualFile.java:223)
	at org.jboss.vfs.VFSUtils.readManifest(VFSUtils.java:214)
	at org.jboss.vfs.VirtualJarInputStream.&lt;init&gt;(VirtualJarInputStream.java:78)
	at org.jboss.vfs.VirtualFile.openStream(VirtualFile.java:223)
	at org.jboss.vfs.VFSUtils.readManifest(VFSUtils.java:214)
	at org.jboss.vfs.VirtualJarInputStream.&lt;init&gt;(VirtualJarInputStream.java:78)
	at org.jboss.vfs.VirtualFile.openStream(VirtualFile.java:223)
	at org.jboss.vfs.VFSUtils.readManifest(VFSUtils.java:214)
	at org.jboss.vfs.VirtualJarInputStream.&lt;init&gt;(VirtualJarInputStream.java:78)
	at org.jboss.vfs.VirtualFile.openStream(VirtualFile.java:223)
	at org.jboss.vfs.VFSUtils.readManifest(VFSUtils.java:214)
	at org.jboss.vfs.VirtualJarInputStream.&lt;init&gt;(VirtualJarInputStream.java:78)
	at org.jboss.vfs.VirtualFile.openStream(VirtualFile.java:223)
	at org.jboss.vfs.VFSUtils.readManifest(VFSUtils.java:214)
	at org.jboss.vfs.VirtualJarInputStream.&lt;init&gt;(VirtualJarInputStream.java:78)
	at org.jboss.vfs.VirtualFile.openStream(VirtualFile.java:223)
	at org.jboss.vfs.VFSUtils.readManifest(VFSUtils.java:214)
	at org.jboss.vfs.VirtualJarInputStream.&lt;init&gt;(VirtualJarInputStream.java:78)
	at org.jboss.vfs.VirtualFile.openStream(VirtualFile.java:223)
	at org.jboss.vfs.VFSUtils.readManifest(VFSUtils.java:214)
	at org.jboss.vfs.VirtualJarInputStream.&lt;init&gt;(VirtualJarInputStream.java:78)
	at org.jboss.vfs.VirtualFile.openStream(VirtualFile.java:223)
	at org.jboss.vfs.VFSUtils.readManifest(VFSUtils.java:214)
	at org.jboss.vfs.VirtualJarInputStream.&lt;init&gt;(VirtualJarInputStream.java:78)
	at org.jboss.vfs.VirtualFile.openStream(VirtualFile.java:223)
	at org.jboss.vfs.VFSUtils.readManifest(VFSUtils.java:214)
	at org.jboss.vfs.VirtualJarInputStream.&lt;init&gt;(VirtualJarInputStream.java:78)
	at org.jboss.vfs.VirtualFile.openStream(VirtualFile.java:223)
	at org.jboss.vfs.VFSUtils.readManifest(VFSUtils.java:214)
	at org.jboss.vfs.VirtualJarInputStream.&lt;init&gt;(VirtualJarInputStream.java:78)
	at org.jboss.vfs.VirtualFile.openStream(VirtualFile.java:223)
	at org.jboss.vfs.VFSUtils.readManifest(VFSUtils.java:214)
	at org.jboss.vfs.VirtualJarInputStream.&lt;init&gt;(VirtualJarInputStream.java:78)
	at org.jboss.vfs.VirtualFile.openStream(VirtualFile.java:223)
	at org.jboss.vfs.VFSUtils.readManifest(VFSUtils.java:214)
	at org.jboss.vfs.VirtualJarInputStream.&lt;init&gt;(VirtualJarInputStream.java:78)
	at org.jboss.vfs.VirtualFile.openStream(VirtualFile.java:223)
	at org.jboss.vfs.VFSUtils.readManifest(VFSUtils.java:214)
	at org.jboss.vfs.VirtualJarInputStream.&lt;init&gt;(VirtualJarInputStream.java:78)
	at org.jboss.vfs.VirtualFile.openStream(VirtualFile.java:223)
	at org.jboss.vfs.VFSUtils.readManifest(VFSUtils.java:214)
	at org.jboss.vfs.VirtualJarInputStream.&lt;init&gt;(VirtualJarInputStream.java:78)
	at org.jboss.vfs.VirtualFile.openStream(VirtualFile.java:223)
	at org.jboss.vfs.VFSUtils.readManifest(VFSUtils.java:214)
	at org.jboss.vfs.VirtualJarInputStream.&lt;init&gt;(VirtualJarInputStream.java:78)
	at org.jboss.vfs.VirtualFile.openStream(VirtualFile.java:223)
	at org.jboss.vfs.VFSUtils.readManifest(VFSUtils.java:214)
	at org.jboss.vfs.VirtualJarInputStream.&lt;init&gt;(VirtualJarInputStream.java:78)
	at org.jboss.vfs.VirtualFile.openStream(VirtualFile.java:223)
	at org.jboss.vfs.VFSUtils.readManifest(VFSUtils.java:214)
	at org.jboss.vfs.VirtualJarInputStream.&lt;init&gt;(VirtualJarInputStream.java:78)
	at org.jboss.vfs.VirtualFile.openStream(VirtualFile.java:223)
	at org.jboss.vfs.VFSUtils.readManifest(VFSUtils.java:214)
	at org.jboss.vfs.VirtualJarInputStream.&lt;init&gt;(VirtualJarInputStream.java:78)
	at org.jboss.vfs.VirtualFile.openStream(VirtualFile.java:223)
	at org.jboss.vfs.VFSUtils.readManifest(VFSUtils.java:214)
	at org.jboss.vfs.VirtualJarInputStream.&lt;init&gt;(VirtualJarInputStream.java:78)
	at org.jboss.vfs.VirtualFile.openStream(VirtualFile.java:223)
	at org.jboss.vfs.VFSUtils.readManifest(VFSUtils.java:214)
	at org.jboss.vfs.VirtualJarInputStream.&lt;init&gt;(VirtualJarInputStream.java:78)
	at org.jboss.vfs.VirtualFile.openStream(VirtualFile.java:223)
	at org.jboss.vfs.VFSUtils.readManifest(VFSUtils.java:214)
	at org.jboss.vfs.VirtualJarInputStream.&lt;init&gt;(VirtualJarInputStream.java:78)
	at org.jboss.vfs.VirtualFile.openStream(VirtualFile.java:223)
	at org.jboss.vfs.VFSUtils.readManifest(VFSUtils.java:214)
	at org.jboss.vfs.VirtualJarInputStream.&lt;init&gt;(VirtualJarInputStream.java:78)
	at org.jboss.vfs.VirtualFile.openStream(VirtualFile.java:223)
	at org.jboss.vfs.VFSUtils.readManifest(VFSUtils.java:214)
	at org.jboss.vfs.VirtualJarInputStream.&lt;init&gt;(VirtualJarInputStream.java:78)
	at org.jboss.vfs.VirtualFile.openStream(VirtualFile.java:223)
	at org.jboss.vfs.VFSUtils.readManifest(VFSUtils.java:214)
	at org.jboss.vfs.VirtualJarInputStream.&lt;init&gt;(VirtualJarInputStream.java:78)
	at org.jboss.vfs.VirtualFile.openStream(VirtualFile.java:223)
	at org.jboss.vfs.VFSUtils.readManifest(VFSUtils.java:214)
	at org.jboss.vfs.VirtualJarInputStream.&lt;init&gt;(VirtualJarInputStream.java:78)
	at org.jboss.vfs.VirtualFile.openStream(VirtualFile.java:223)
	at org.jboss.vfs.VFSUtils.readManifest(VFSUtils.java:214)
	at org.jboss.vfs.VirtualJarInputStream.&lt;init&gt;(VirtualJarInputStream.java:78)
	at org.jboss.vfs.VirtualFile.openStream(VirtualFile.java:223)
	at org.jboss.vfs.VFSUtils.readManifest(VFSUtils.java:214)
	at org.jboss.vfs.VirtualJarInputStream.&lt;init&gt;(VirtualJarInputStream.java:78)
	at org.jboss.vfs.VirtualFile.openStream(VirtualFile.java:223)
	at org.jboss.vfs.VFSUtils.readManifest(VFSUtils.java:214)
	at org.jboss.vfs.VirtualJarInputStream.&lt;init&gt;(VirtualJarInputStream.java:78)
	at org.jboss.vfs.VirtualFile.openStream(VirtualFile.java:223)
	at org.jboss.vfs.VFSUtils.readManifest(VFSUtils.java:214)
	at org.jboss.vfs.VirtualJarInputStream.&lt;init&gt;(VirtualJarInputStream.java:78)
	at org.jboss.vfs.VirtualFile.openStream(VirtualFile.java:223)
	at org.jboss.vfs.VFSUtils.readManifest(VFSUtils.java:214)
	at org.jboss.vfs.VirtualJarInputStream.&lt;init&gt;(VirtualJarInputStream.java:78)
	at org.jboss.vfs.VirtualFile.openStream(VirtualFile.java:223)
	at org.jboss.vfs.VFSUtils.readManifest(VFSUtils.java:214)
	at org.jboss.vfs.VirtualJarInputStream.&lt;init&gt;(VirtualJarInputStream.java:78)
	at org.jboss.vfs.VirtualFile.openStream(VirtualFile.java:223)
	at org.jboss.vfs.VFSUtils.readManifest(VFSUtils.java:214)
	at org.jboss.vfs.VirtualJarInputStream.&lt;init&gt;(VirtualJarInputStream.java:78)
	at org.jboss.vfs.VirtualFile.openStream(VirtualFile.java:223)
	at org.jboss.vfs.VFSUtils.readManifest(VFSUtils.java:214)
	at org.jboss.vfs.VirtualJarInputStream.&lt;init&gt;(VirtualJarInputStream.java:78)
	at org.jboss.vfs.VirtualFile.openStream(VirtualFile.java:223)
	at org.jboss.vfs.VFSUtils.readManifest(VFSUtils.java:214)
	at org.jboss.vfs.VirtualJarInputStream.&lt;init&gt;(VirtualJarInputStream.java:78)
	at org.jboss.vfs.VirtualFile.openStream(VirtualFile.java:223)
	at org.jboss.vfs.VFSUtils.readManifest(VFSUtils.java:214)
	at org.jboss.vfs.VirtualJarInputStream.&lt;init&gt;(VirtualJarInputStream.java:78)
	at org.jboss.vfs.VirtualFile.openStream(VirtualFile.java:223)
	at org.jboss.vfs.VFSUtils.readManifest(VFSUtils.java:214)
	at org.jboss.vfs.VirtualJarInputStream.&lt;init&gt;(VirtualJarInputStream.java:78)
	at org.jboss.vfs.VirtualFile.openStream(VirtualFile.java:223)
	at org.jboss.vfs.VFSUtils.readManifest(VFSUtils.java:214)
	at org.jboss.vfs.VirtualJarInputStream.&lt;init&gt;(VirtualJarInputStream.java:78)
	at org.jboss.vfs.VirtualFile.openStream(VirtualFile.java:223)
	at org.jboss.vfs.VFSUtils.readManifest(VFSUtils.java:214)
	at org.jboss.vfs.VirtualJarInputStream.&lt;init&gt;(VirtualJarInputStream.java:78)
	at org.jboss.vfs.VirtualFile.openStream(VirtualFile.java:223)
	at org.jboss.vfs.VFSUtils.readManifest(VFSUtils.java:214)
	at org.jboss.vfs.VirtualJarInputStream.&lt;init&gt;(VirtualJarInputStream.java:78)
	at org.jboss.vfs.VirtualFile.openStream(VirtualFile.java:223)
	at org.jboss.vfs.VFSUtils.readManifest(VFSUtils.java:214)
	at org.jboss.vfs.VirtualJarInputStream.&lt;init&gt;(VirtualJarInputStream.java:78)
	at org.jboss.vfs.VirtualFile.openStream(VirtualFile.java:223)
	at org.jboss.vfs.VFSUtils.readManifest(VFSUtils.java:214)
	at org.jboss.vfs.VirtualJarInputStream.&lt;init&gt;(VirtualJarInputStream.java:78)
	at org.jboss.vfs.VirtualFile.openStream(VirtualFile.java:223)
	at org.jboss.vfs.VFSUtils.readManifest(VFSUtils.java:214)
	at org.jboss.vfs.VirtualJarInputStream.&lt;init&gt;(VirtualJarInputStream.java:78)
	at org.jboss.vfs.VirtualFile.openStream(VirtualFile.java:223)
	at org.jboss.vfs.VFSUtils.readManifest(VFSUtils.java:214)
	at org.jboss.vfs.VirtualJarInputStream.&lt;init&gt;(VirtualJarInputStream.java:78)
	at org.jboss.vfs.VirtualFile.openStream(VirtualFile.java:223)
	at org.jboss.vfs.VFSUtils.readManifest(VFSUtils.java:214)
	at org.jboss.vfs.VirtualJarInputStream.&lt;init&gt;(VirtualJarInputStream.java:78)
	at org.jboss.vfs.VirtualFile.openStream(VirtualFile.java:223)
	at org.jboss.vfs.VFSUtils.readManifest(VFSUtils.java:214)
	at org.jboss.vfs.VirtualJarInputStream.&lt;init&gt;(VirtualJarInputStream.java:78)
	at org.jboss.vfs.VirtualFile.openStream(VirtualFile.java:223)
	at org.jboss.vfs.VFSUtils.readManifest(VFSUtils.java:214)
	at org.jboss.vfs.VirtualJarInputStream.&lt;init&gt;(VirtualJarInputStream.java:78)
	at org.jboss.vfs.VirtualFile.openStream(VirtualFile.java:223)
	at org.jboss.vfs.VFSUtils.readManifest(VFSUtils.java:214)
	at org.jboss.vfs.VirtualJarInputStream.&lt;init&gt;(VirtualJarInputStream.java:78)
	at org.jboss.vfs.VirtualFile.openStream(VirtualFile.java:223)
	at org.jboss.vfs.VFSUtils.readManifest(VFSUtils.java:214)
	at org.jboss.vfs.VirtualJarInputStream.&lt;init&gt;(VirtualJarInputStream.java:78)
	at org.jboss.vfs.VirtualFile.openStream(VirtualFile.java:223)
	at org.jboss.vfs.VFSUtils.readManifest(VFSUtils.java:214)
	at org.jboss.vfs.VirtualJarInputStream.&lt;init&gt;(VirtualJarInputStream.java:78)
	at org.jboss.vfs.VirtualFile.openStream(VirtualFile.java:223)
	at org.jboss.vfs.VFSUtils.readManifest(VFSUtils.java:214)
	at org.jboss.vfs.VirtualJarInputStream.&lt;init&gt;(VirtualJarInputStream.java:78)
	at org.jboss.vfs.VirtualFile.openStream(VirtualFile.java:223)
	at org.jboss.vfs.VFSUtils.readManifest(VFSUtils.java:214)
	at org.jboss.vfs.VirtualJarInputStream.&lt;init&gt;(VirtualJarInputStream.java:78)
	at org.jboss.vfs.VirtualFile.openStream(VirtualFile.java:223)
	at org.jboss.vfs.VFSUtils.readManifest(VFSUtils.java:214)
	at org.jboss.vfs.VirtualJarInputStream.&lt;init&gt;(VirtualJarInputStream.java:78)
	at org.jboss.vfs.VirtualFile.openStream(VirtualFile.java:223)
	at org.jboss.vfs.VFSUtils.readManifest(VFSUtils.java:214)
	at org.jboss.vfs.VirtualJarInputStream.&lt;init&gt;(VirtualJarInputStream.java:78)
	at org.jboss.vfs.VirtualFile.openStream(VirtualFile.java:223)
	at org.jboss.vfs.VFSUtils.readManifest(VFSUtils.java:214)
	at org.jboss.vfs.VirtualJarInputStream.&lt;init&gt;(VirtualJarInputStream.java:78)
	at org.jboss.vfs.VirtualFile.openStream(VirtualFile.java:223)
	at org.jboss.vfs.VFSUtils.readManifest(VFSUtils.java:214)
	at org.jboss.vfs.VirtualJarInputStream.&lt;init&gt;(VirtualJarInputStream.java:78)
	at org.jboss.vfs.VirtualFile.openStream(VirtualFile.java:223)
	at org.jboss.vfs.VFSUtils.readManifest(VFSUtils.java:214)
	at org.jboss.vfs.VirtualJarInputStream.&lt;init&gt;(VirtualJarInputStream.java:78)
	at org.jboss.vfs.VirtualFile.openStream(VirtualFile.java:223)
	at org.jboss.vfs.VFSUtils.readManifest(VFSUtils.java:214)
	at org.jboss.vfs.VirtualJarInputStream.&lt;init&gt;(VirtualJarInputStream.java:78)
	at org.jboss.vfs.VirtualFile.openStream(VirtualFile.java:223)
	at org.jboss.vfs.VFSUtils.readManifest(VFSUtils.java:214)
	at org.jboss.vfs.VirtualJarInputStream.&lt;init&gt;(VirtualJarInputStream.java:78)
	at org.jboss.vfs.VirtualFile.openStream(VirtualFile.java:223)
	at org.jboss.vfs.VFSUtils.readManifest(VFSUtils.java:214)
	at org.jboss.vfs.VirtualJarInputStream.&lt;init&gt;(VirtualJarInputStream.java:78)
	at org.jboss.vfs.VirtualFile.openStream(VirtualFile.java:223)
	at org.jboss.vfs.VFSUtils.readManifest(VFSUtils.java:214)
	at org.jboss.vfs.VirtualJarInputStream.&lt;init&gt;(VirtualJarInputStream.java:78)
	at org.jboss.vfs.VirtualFile.openStream(VirtualFile.java:223)
	at org.jboss.vfs.VFSUtils.readManifest(VFSUtils.java:214)
	at org.jboss.vfs.VirtualJarInputStream.&lt;init&gt;(VirtualJarInputStream.java:78)
	at org.jboss.vfs.VirtualFile.openStream(VirtualFile.java:223)
	at org.jboss.vfs.VFSUtils.readManifest(VFSUtils.java:214)
	at org.jboss.vfs.VirtualJarInputStream.&lt;init&gt;(VirtualJarInputStream.java:78)
	at org.jboss.vfs.VirtualFile.openStream(VirtualFile.java:223)
	at org.jboss.vfs.VFSUtils.readManifest(VFSUtils.java:214)
	at org.jboss.vfs.VirtualJarInputStream.&lt;init&gt;(VirtualJarInputStream.java:78)
	at org.jboss.vfs.VirtualFile.openStream(VirtualFile.java:223)
	at org.jboss.vfs.VFSUtils.readManifest(VFSUtils.java:214)
	at org.jboss.vfs.VirtualJarInputStream.&lt;init&gt;(VirtualJarInputStream.java:78)
	at org.jboss.vfs.VirtualFile.openStream(VirtualFile.java:223)
	at org.jboss.vfs.VFSUtils.readManifest(VFSUtils.java:214)
	at org.jboss.vfs.VirtualJarInputStream.&lt;init&gt;(VirtualJarInputStream.java:78)
	at org.jboss.vfs.VirtualFile.openStream(VirtualFile.java:223)
	at org.jboss.vfs.VFSUtils.readManifest(VFSUtils.java:214)
	at org.jboss.vfs.VirtualJarInputStream.&lt;init&gt;(VirtualJarInputStream.java:78)
	at org.jboss.vfs.VirtualFile.openStream(VirtualFile.java:223)
	at org.jboss.vfs.VFSUtils.readManifest(VFSUtils.java:214)
	at org.jboss.vfs.VirtualJarInputStream.&lt;init&gt;(VirtualJarInputStream.java:78)
	at org.jboss.vfs.VirtualFile.openStream(VirtualFile.java:223)
	at org.jboss.vfs.VFSUtils.readManifest(VFSUtils.java:214)
	at org.jboss.vfs.VirtualJarInputStream.&lt;init&gt;(VirtualJarInputStream.java:78)
	at org.jboss.vfs.VirtualFile.openStream(VirtualFile.java:223)
	at org.jboss.vfs.VFSUtils.readManifest(VFSUtils.java:214)
	at org.jboss.vfs.VirtualJarInputStream.&lt;init&gt;(VirtualJarInputStream.java:78)
	at org.jboss.vfs.VirtualFile.openStream(VirtualFile.java:223)
	at org.jboss.vfs.VFSUtils.readManifest(VFSUtils.java:214)
	at org.jboss.vfs.VirtualJarInputStream.&lt;init&gt;(VirtualJarInputStream.java:78)
	at org.jboss.vfs.VirtualFile.openStream(VirtualFile.java:223)
	at org.jboss.vfs.VFSUtils.readManifest(VFSUtils.java:214)
	at org.jboss.vfs.VirtualJarInputStream.&lt;init&gt;(VirtualJarInputStream.java:78)
	at org.jboss.vfs.VirtualFile.openStream(VirtualFile.java:223)
	at org.jboss.vfs.VFSUtils.readManifest(VFSUtils.java:214)
	at org.jboss.vfs.VirtualJarInputStream.&lt;init&gt;(VirtualJarInputStream.java:78)
	at org.jboss.vfs.VirtualFile.openStream(VirtualFile.java:223)
	at org.jboss.vfs.VFSUtils.readManifest(VFSUtils.java:214)
	at org.jboss.vfs.VirtualJarInputStream.&lt;init&gt;(VirtualJarInputStream.java:78)
	at org.jboss.vfs.VirtualFile.openStream(VirtualFile.java:223)
	at org.jboss.vfs.VFSUtils.readManifest(VFSUtils.java:214)
	at org.jboss.vfs.VirtualJarInputStream.&lt;init&gt;(VirtualJarInputStream.java:78)
	at org.jboss.vfs.VirtualFile.openStream(VirtualFile.java:223)
	at org.jboss.vfs.VFSUtils.readManifest(VFSUtils.java:214)
	at org.jboss.vfs.VirtualJarInputStream.&lt;init&gt;(VirtualJarInputStream.java:78)
	at org.jboss.vfs.VirtualFile.openStream(VirtualFile.java:223)
	at org.jboss.vfs.VFSUtils.readManifest(VFSUtils.java:214)
	at org.jboss.vfs.VirtualJarInputStream.&lt;init&gt;(VirtualJarInputStream.java:78)
	at org.jboss.vfs.VirtualFile.openStream(VirtualFile.java:223)
	at org.jboss.vfs.VFSUtils.readManifest(VFSUtils.java:214)
	at org.jboss.vfs.VirtualJarInputStream.&lt;init&gt;(VirtualJarInputStream.java:78)
	at org.jboss.vfs.VirtualFile.openStream(VirtualFile.java:223)
	at org.jboss.vfs.VFSUtils.readManifest(VFSUtils.java:214)
	at org.jboss.vfs.VirtualJarInputStream.&lt;init&gt;(VirtualJarInputStream.java:78)
	at org.jboss.vfs.VirtualFile.openStream(VirtualFile.java:223)
	at org.jboss.vfs.VFSUtils.readManifest(VFSUtils.java:214)
	at org.jboss.vfs.VirtualJarInputStream.&lt;init&gt;(VirtualJarInputStream.java:78)
	at org.jboss.vfs.VirtualFile.openStream(VirtualFile.java:223)
	at org.jboss.vfs.VFSUtils.readManifest(VFSUtils.java:214)
	at org.jboss.vfs.VirtualJarInputStream.&lt;init&gt;(VirtualJarInputStream.java:78)
	at org.jboss.vfs.VirtualFile.openStream(VirtualFile.java:223)
	at org.jboss.vfs.VFSUtils.readManifest(VFSUtils.java:214)
	at org.jboss.vfs.VirtualJarInputStream.&lt;init&gt;(VirtualJarInputStream.java:78)
	at org.jboss.vfs.VirtualFile.openStream(VirtualFile.java:223)
	at org.jboss.vfs.VFSUtils.readManifest(VFSUtils.java:214)
	at org.jboss.vfs.VirtualJarInputStream.&lt;init&gt;(VirtualJarInputStream.java:78)
	at org.jboss.vfs.VirtualFile.openStream(VirtualFile.java:223)
	at org.jboss.vfs.VFSUtils.readManifest(VFSUtils.java:214)
	at org.jboss.vfs.VirtualJarInputStream.&lt;init&gt;(VirtualJarInputStream.java:78)
	at org.jboss.vfs.VirtualFile.openStream(VirtualFile.java:223)
	at org.jboss.vfs.VFSUtils.readManifest(VFSUtils.java:214)
	at org.jboss.vfs.VirtualJarInputStream.&lt;init&gt;(VirtualJarInputStream.java:78)
	at org.jboss.vfs.VirtualFile.openStream(VirtualFile.java:223)
	at org.jboss.vfs.VFSUtils.readManifest(VFSUtils.java:214)
	at org.jboss.vfs.VirtualJarInputStream.&lt;init&gt;(VirtualJarInputStream.java:78)
	at org.jboss.vfs.VirtualFile.openStream(VirtualFile.java:223)
	at org.jboss.vfs.VFSUtils.readManifest(VFSUtils.java:214)
	at org.jboss.vfs.VirtualJarInputStream.&lt;init&gt;(VirtualJarInputStream.java:78)
	at org.jboss.vfs.VirtualFile.openStream(VirtualFile.java:223)
	at org.jboss.vfs.VFSUtils.readManifest(VFSUtils.java:214)
	at org.jboss.vfs.VirtualJarInputStream.&lt;init&gt;(VirtualJarInputStream.java:78)
	at org.jboss.vfs.VirtualFile.openStream(VirtualFile.java:223)
	at org.jboss.vfs.VFSUtils.readManifest(VFSUtils.java:214)
	at org.jboss.vfs.VirtualJarInputStream.&lt;init&gt;(VirtualJarInputStream.java:78)
	at org.jboss.vfs.VirtualFile.openStream(VirtualFile.java:223)
	at org.jboss.vfs.VFSUtils.readManifest(VFSUtils.java:214)
	at org.jboss.vfs.VirtualJarInputStream.&lt;init&gt;(VirtualJarInputStream.java:78)
	at org.jboss.vfs.VirtualFile.openStream(VirtualFile.java:223)
	at org.jboss.vfs.VFSUtils.readManifest(VFSUtils.java:214)
	at org.jboss.vfs.VirtualJarInputStream.&lt;init&gt;(VirtualJarInputStream.java:78)
	at org.jboss.vfs.VirtualFile.openStream(VirtualFile.java:223)
	at org.jboss.vfs.VFSUtils.readManifest(VFSUtils.java:214)
	at org.jboss.vfs.VirtualJarInputStream.&lt;init&gt;(VirtualJarInputStream.java:78)
	at org.jboss.vfs.VirtualFile.openStream(VirtualFile.java:223)
	at org.jboss.vfs.VFSUtils.readManifest(VFSUtils.java:214)
	at org.jboss.vfs.VirtualJarInputStream.&lt;init&gt;(VirtualJarInputStream.java:78)
	at org.jboss.vfs.VirtualFile.openStream(VirtualFile.java:223)
	at org.jboss.vfs.VFSUtils.readManifest(VFSUtils.java:214)
	at org.jboss.vfs.VirtualJarInputStream.&lt;init&gt;(VirtualJarInputStream.java:78)
	at org.jboss.vfs.VirtualFile.openStream(VirtualFile.java:223)
	at org.jboss.vfs.VFSUtils.readManifest(VFSUtils.java:214)
	at org.jboss.vfs.VirtualJarInputStream.&lt;init&gt;(VirtualJarInputStream.java:78)
	at org.jboss.vfs.VirtualFile.openStream(VirtualFile.java:223)
	at org.jboss.vfs.VFSUtils.readManifest(VFSUtils.java:214)
	at org.jboss.vfs.VirtualJarInputStream.&lt;init&gt;(VirtualJarInputStream.java:78)
	at org.jboss.vfs.VirtualFile.openStream(VirtualFile.java:223)
	at org.jboss.vfs.VFSUtils.readManifest(VFSUtils.java:214)
	at org.jboss.vfs.VirtualJarInputStream.&lt;init&gt;(VirtualJarInputStream.java:78)
	at org.jboss.vfs.VirtualFile.openStream(VirtualFile.java:223)
	at org.jboss.vfs.VFSUtils.readManifest(VFSUtils.java:214)
	at org.jboss.vfs.VirtualJarInputStream.&lt;init&gt;(VirtualJarInputStream.java:78)
	at org.jboss.vfs.VirtualFile.openStream(VirtualFile.java:223)
	at org.jboss.vfs.VFSUtils.readManifest(VFSUtils.java:214)
	at org.jboss.vfs.VirtualJarInputStream.&lt;init&gt;(VirtualJarInputStream.java:78)
	at org.jboss.vfs.VirtualFile.openStream(VirtualFile.java:223)
	at org.jboss.vfs.VFSUtils.readManifest(VFSUtils.java:214)
	at org.jboss.vfs.VirtualJarInputStream.&lt;init&gt;(VirtualJarInputStream.java:78)
	at org.jboss.vfs.VirtualFile.openStream(VirtualFile.java:223)
	at org.jboss.vfs.VFSUtils.readManifest(VFSUtils.java:214)
	at org.jboss.vfs.VirtualJarInputStream.&lt;init&gt;(VirtualJarInputStream.java:78)
	at org.jboss.vfs.VirtualFile.openStream(VirtualFile.java:223)
	at org.jboss.vfs.VFSUtils.readManifest(VFSUtils.java:214)
	at org.jboss.vfs.VirtualJarInputStream.&lt;init&gt;(VirtualJarInputStream.java:78)
	at org.jboss.vfs.VirtualFile.openStream(VirtualFile.java:223)
	at org.jboss.vfs.VFSUtils.readManifest(VFSUtils.java:214)
	at org.jboss.vfs.VirtualJarInputStream.&lt;init&gt;(VirtualJarInputStream.java:78)
	at org.jboss.vfs.VirtualFile.openStream(VirtualFile.java:223)
	at org.jboss.vfs.VFSUtils.readManifest(VFSUtils.java:214)
	at org.jboss.vfs.VirtualJarInputStream.&lt;init&gt;(VirtualJarInputStream.java:78)
	at org.jboss.vfs.VirtualFile.openStream(VirtualFile.java:223)
	at org.jboss.vfs.VFSUtils.readManifest(VFSUtils.java:214)
	at org.jboss.vfs.VirtualJarInputStream.&lt;init&gt;(VirtualJarInputStream.java:78)
	at org.jboss.vfs.VirtualFile.openStream(VirtualFile.java:223)
	at org.jboss.vfs.VFSUtils.readManifest(VFSUtils.java:214)
	at org.jboss.vfs.VirtualJarInputStream.&lt;init&gt;(VirtualJarInputStream.java:78)
	at org.jboss.vfs.VirtualFile.openStream(VirtualFile.java:223)
	at org.jboss.vfs.VFSUtils.readManifest(VFSUtils.java:214)
	at org.jboss.vfs.VirtualJarInputStream.&lt;init&gt;(VirtualJarInputStream.java:78)
	at org.jboss.vfs.VirtualFile.openStream(VirtualFile.java:223)
	at org.jboss.vfs.VFSUtils.readManifest(VFSUtils.java:214)
	at org.jboss.vfs.VirtualJarInputStream.&lt;init&gt;(VirtualJarInputStream.java:78)
	at org.jboss.vfs.VirtualFile.openStream(VirtualFile.java:223)
	at org.jboss.vfs.VFSUtils.readManifest(VFSUtils.java:214)
	at org.jboss.vfs.VirtualJarInputStream.&lt;init&gt;(VirtualJarInputStream.java:78)
	at org.jboss.vfs.VirtualFile.openStream(VirtualFile.java:223)
	at org.jboss.vfs.VFSUtils.readManifest(VFSUtils.java:214)
	at org.jboss.vfs.VirtualJarInputStream.&lt;init&gt;(VirtualJarInputStream.java:78)
	at org.jboss.vfs.VirtualFile.openStream(VirtualFile.java:223)
	at org.jboss.vfs.VFSUtils.readManifest(VFSUtils.java:214)
	at org.jboss.vfs.VirtualJarInputStream.&lt;init&gt;(VirtualJarInputStream.java:78)
	at org.jboss.vfs.VirtualFile.openStream(VirtualFile.java:223)
	at org.jboss.vfs.VFSUtils.readManifest(VFSUtils.java:214)
	at org.jboss.vfs.VirtualJarInputStream.&lt;init&gt;(VirtualJarInputStream.java:78)
	at org.jboss.vfs.VirtualFile.openStream(VirtualFile.java:223)
	at org.jboss.vfs.VFSUtils.readManifest(VFSUtils.java:214)
	at org.jboss.vfs.VirtualJarInputStream.&lt;init&gt;(VirtualJarInputStream.java:78)
	at org.jboss.vfs.VirtualFile.openStream(VirtualFile.java:223)
	at org.jboss.vfs.VFSUtils.readManifest(VFSUtils.java:214)
	at org.jboss.vfs.VirtualJarInputStream.&lt;init&gt;(VirtualJarInputStream.java:78)
	at org.jboss.vfs.VirtualFile.openStream(VirtualFile.java:223)
	at org.jboss.vfs.VFSUtils.readManifest(VFSUtils.java:214)
	at org.jboss.vfs.VirtualJarInputStream.&lt;init&gt;(VirtualJarInputStream.java:78)
	at org.jboss.vfs.VirtualFile.openStream(VirtualFile.java:223)
	at org.jboss.vfs.VFSUtils.readManifest(VFSUtils.java:214)
	at org.jboss.vfs.VirtualJarInputStream.&lt;init&gt;(VirtualJarInputStream.java:78)
	at org.jboss.vfs.VirtualFile.openStream(VirtualFile.java:223)
	at org.jboss.vfs.VFSUtils.readManifest(VFSUtils.java:214)
	at org.jboss.vfs.VirtualJarInputStream.&lt;init&gt;(VirtualJarInputStream.java:78)
	at org.jboss.vfs.VirtualFile.openStream(VirtualFile.java:223)
	at org.jboss.vfs.VFSUtils.readManifest(VFSUtils.java:214)
	at org.jboss.vfs.VirtualJarInputStream.&lt;init&gt;(VirtualJarInputStream.java:78)
	at org.jboss.vfs.VirtualFile.openStream(VirtualFile.java:223)
	at org.jboss.vfs.VFSUtils.readManifest(VFSUtils.java:214)
	at org.jboss.vfs.VirtualJarInputStream.&lt;init&gt;(VirtualJarInputStream.java:78)
	at org.jboss.vfs.VirtualFile.openStream(VirtualFile.java:223)
	at org.jboss.vfs.VFSUtils.readManifest(VFSUtils.java:214)
	at org.jboss.vfs.VirtualJarInputStream.&lt;init&gt;(VirtualJarInputStream.java:78)
	at org.jboss.vfs.VirtualFile.openStream(VirtualFile.java:223)
	at org.jboss.vfs.VFSUtils.readManifest(VFSUtils.java:214)
	at org.jboss.vfs.VirtualJarInputStream.&lt;init&gt;(VirtualJarInputStream.java:78)
	at org.jboss.vfs.VirtualFile.openStream(VirtualFile.java:223)
	at org.jboss.vfs.VFSUtils.readManifest(VFSUtils.java:214)
	at org.jboss.vfs.VirtualJarInputStream.&lt;init&gt;(VirtualJarInputStream.java:78)
	at org.jboss.vfs.VirtualFile.openStream(VirtualFile.java:223)
	at org.jboss.vfs.VFSUtils.readManifest(VFSUtils.java:214)
	at org.jboss.vfs.VirtualJarInputStream.&lt;init&gt;(VirtualJarInputStream.java:78)
	at org.jboss.vfs.VirtualFile.openStream(VirtualFile.java:223)
	at org.jboss.vfs.VFSUtils.readManifest(VFSUtils.java:214)
	at org.jboss.vfs.VirtualJarInputStream.&lt;init&gt;(VirtualJarInputStream.java:78)
	at org.jboss.vfs.VirtualFile.openStream(VirtualFile.java:223)
	at org.jboss.vfs.VFSUtils.readManifest(VFSUtils.java:214)
	at org.jboss.vfs.VirtualJarInputStream.&lt;init&gt;(VirtualJarInputStream.java:78)
	at org.jboss.vfs.VirtualFile.openStream(VirtualFile.java:223)
	at org.jboss.vfs.VFSUtils.readManifest(VFSUtils.java:214)
	at org.jboss.vfs.VirtualJarInputStream.&lt;init&gt;(VirtualJarInputStream.java:78)
	at org.jboss.vfs.VirtualFile.openStream(VirtualFile.java:223)
	at org.jboss.vfs.VFSUtils.readManifest(VFSUtils.java:214)
	at org.jboss.vfs.VirtualJarInputStream.&lt;init&gt;(VirtualJarInputStream.java:78)
	at org.jboss.vfs.VirtualFile.openStream(VirtualFile.java:223)
	at org.jboss.vfs.VFSUtils.readManifest(VFSUtils.java:214)
	at org.jboss.vfs.VirtualJarInputStream.&lt;init&gt;(VirtualJarInputStream.java:78)
	at org.jboss.vfs.VirtualFile.openStream(VirtualFile.java:223)
	at org.jboss.vfs.VFSUtils.readManifest(VFSUtils.java:214)
	at org.jboss.vfs.VirtualJarInputStream.&lt;init&gt;(VirtualJarInputStream.java:78)
	at org.jboss.vfs.VirtualFile.openStream(VirtualFile.java:223)
	at org.jboss.vfs.VFSUtils.readManifest(VFSUtils.java:214)
	at org.jboss.vfs.VirtualJarInputStream.&lt;init&gt;(VirtualJarInputStream.java:78)
	at org.jboss.vfs.VirtualFile.openStream(VirtualFile.java:223)
	at org.jboss.vfs.VFSUtils.readManifest(VFSUtils.java:214)
	at org.jboss.vfs.VirtualJarInputStream.&lt;init&gt;(VirtualJarInputStream.java:78)
	at org.jboss.vfs.VirtualFile.openStream(VirtualFile.java:223)
	at org.jboss.vfs.VFSUtils.readManifest(VFSUtils.java:214)
	at org.jboss.vfs.VirtualJarInputStream.&lt;init&gt;(VirtualJarInputStream.java:78)
	at org.jboss.vfs.VirtualFile.openStream(VirtualFile.java:223)
	at org.jboss.vfs.VFSUtils.readManifest(VFSUtils.java:214)
	at org.jboss.vfs.VirtualJarInputStream.&lt;init&gt;(VirtualJarInputStream.java:78)
	at org.jboss.vfs.VirtualFile.openStream(VirtualFile.java:223)
	at org.jboss.vfs.VFSUtils.readManifest(VFSUtils.java:214)
	at org.jboss.vfs.VirtualJarInputStream.&lt;init&gt;(VirtualJarInputStream.java:78)
	at org.jboss.vfs.VirtualFile.openStream(VirtualFile.java:223)
	at org.jboss.vfs.VFSUtils.readManifest(VFSUtils.java:214)
	at org.jboss.vfs.VirtualJarInputStream.&lt;init&gt;(VirtualJarInputStream.java:78)
	at org.jboss.vfs.VirtualFile.openStream(VirtualFile.java:223)
	at org.jboss.vfs.VFSUtils.readManifest(VFSUtils.java:214)
	at org.jboss.vfs.VirtualJarInputStream.&lt;init&gt;(VirtualJarInputStream.java:78)
	at org.jboss.vfs.VirtualFile.openStream(VirtualFile.java:223)
	at org.jboss.vfs.VFSUtils.readManifest(VFSUtils.java:214)
	at org.jboss.vfs.VirtualJarInputStream.&lt;init&gt;(VirtualJarInputStream.java:78)
	at org.jboss.vfs.VirtualFile.openStream(VirtualFile.java:223)
	at org.jboss.vfs.VFSUtils.readManifest(VFSUtils.java:214)
	at org.jboss.vfs.VirtualJarInputStream.&lt;init&gt;(VirtualJarInputStream.java:78)
	at org.jboss.vfs.VirtualFile.openStream(VirtualFile.java:223)
	at org.jboss.vfs.VFSUtils.readManifest(VFSUtils.java:214)
	at org.jboss.vfs.VirtualJarInputStream.&lt;init&gt;(VirtualJarInputStream.java:78)
	at org.jboss.vfs.VirtualFile.openStream(VirtualFile.java:223)
	at org.jboss.vfs.VFSUtils.readManifest(VFSUtils.java:214)
	at org.jboss.vfs.VirtualJarInputStream.&lt;init&gt;(VirtualJarInputStream.java:78)
	at org.jboss.vfs.VirtualFile.openStream(VirtualFile.java:223)
	at org.jboss.vfs.VFSUtils.readManifest(VFSUtils.java:214)
	at org.jboss.vfs.VirtualJarInputStream.&lt;init&gt;(VirtualJarInputStream.java:78)
	at org.jboss.vfs.VirtualFile.openStream(VirtualFile.java:223)
	at org.jboss.vfs.VFSUtils.readManifest(VFSUtils.java:214)
	at org.jboss.vfs.VirtualJarInputStream.&lt;init&gt;(VirtualJarInputStream.java:78)
	at org.jboss.vfs.VirtualFile.openStream(VirtualFile.java:223)
	at org.jboss.vfs.VFSUtils.readManifest(VFSUtils.java:214)
	at org.jboss.vfs.VirtualJarInputStream.&lt;init&gt;(VirtualJarInputStream.java:78)
	at org.jboss.vfs.VirtualFile.openStream(VirtualFile.java:223)
	at org.jboss.vfs.VFSUtils.readManifest(VFSUtils.java:214)
	at org.jboss.vfs.VirtualJarInputStream.&lt;init&gt;(VirtualJarInputStream.java:78)
	at org.jboss.vfs.VirtualFile.openStream(VirtualFile.java:223)
	at org.jboss.vfs.VFSUtils.readManifest(VFSUtils.java:214)
	at org.jboss.vfs.VirtualJarInputStream.&lt;init&gt;(VirtualJarInputStream.java:78)
	at org.jboss.vfs.VirtualFile.openStream(VirtualFile.java:223)
	at org.jboss.vfs.VFSUtils.readManifest(VFSUtils.java:214)
	at org.jboss.vfs.VirtualJarInputStream.&lt;init&gt;(VirtualJarInputStream.java:78)
	at org.jboss.vfs.VirtualFile.openStream(VirtualFile.java:223)
	at org.jboss.vfs.VFSUtils.readManifest(VFSUtils.java:214)
	at org.jboss.vfs.VirtualJarInputStream.&lt;init&gt;(VirtualJarInputStream.java:78)
	at org.jboss.vfs.VirtualFile.openStream(VirtualFile.java:223)
	at org.jboss.vfs.VFSUtils.readManifest(VFSUtils.java:214)
	at org.jboss.vfs.VirtualJarInputStream.&lt;init&gt;(VirtualJarInputStream.java:78)
	at org.jboss.vfs.VirtualFile.openStream(VirtualFile.java:223)
	at org.jboss.vfs.VFSUtils.readManifest(VFSUtils.java:214)
	at org.jboss.vfs.VirtualJarInputStream.&lt;init&gt;(VirtualJarInputStream.java:78)
	at org.jboss.vfs.VirtualFile.openStream(VirtualFile.java:223)
	at org.jboss.vfs.VFSUtils.readManifest(VFSUtils.java:214)
	at org.jboss.vfs.VirtualJarInputStream.&lt;init&gt;(VirtualJarInputStream.java:78)
	at org.jboss.vfs.VirtualFile.openStream(VirtualFile.java:223)
	at org.jboss.vfs.VFSUtils.readManifest(VFSUtils.java:214)
	at org.jboss.vfs.VirtualJarInputStream.&lt;init&gt;(VirtualJarInputStream.java:78)
	at org.jboss.vfs.VirtualFile.openStream(VirtualFile.java:223)
	at org.jboss.vfs.VFSUtils.readManifest(VFSUtils.java:214)
	at org.jboss.vfs.VirtualJarInputStream.&lt;init&gt;(VirtualJarInputStream.java:78)
	at org.jboss.vfs.VirtualFile.openStream(VirtualFile.java:223)
	at org.jboss.vfs.VFSUtils.readManifest(VFSUtils.java:214)
	at org.jboss.vfs.VirtualJarInputStream.&lt;init&gt;(VirtualJarInputStream.java:78)
	at org.jboss.vfs.VirtualFile.openStream(VirtualFile.java:223)
	at org.jboss.vfs.VFSUtils.readManifest(VFSUtils.java:214)
	at org.jboss.vfs.VirtualJarInputStream.&lt;init&gt;(VirtualJarInputStream.java:78)
	at org.jboss.vfs.VirtualFile.openStream(VirtualFile.java:223)
	at org.jboss.vfs.VFSUtils.readManifest(VFSUtils.java:214)
	at org.jboss.vfs.VirtualJarInputStream.&lt;init&gt;(VirtualJarInputStream.java:78)
	at org.jboss.vfs.VirtualFile.openStream(VirtualFile.java:223)
	at org.jboss.vfs.VFSUtils.readManifest(VFSUtils.java:214)
	at org.jboss.vfs.VirtualJarInputStream.&lt;init&gt;(VirtualJarInputStream.java:78)
	at org.jboss.vfs.VirtualFile.openStream(VirtualFile.java:223)
	at org.jboss.vfs.VFSUtils.readManifest(VFSUtils.java:214)
	at org.jboss.vfs.VirtualJarInputStream.&lt;init&gt;(VirtualJarInputStream.java:78)
	at org.jboss.vfs.VirtualFile.openStream(VirtualFile.java:223)
	at org.jboss.vfs.VFSUtils.readManifest(VFSUtils.java:214)
	at org.jboss.vfs.VirtualJarInputStream.&lt;init&gt;(VirtualJarInputStream.java:78)
	at org.jboss.vfs.VirtualFile.openStream(VirtualFile.java:223)
	at org.jboss.vfs.VFSUtils.readManifest(VFSUtils.java:214)
	at org.jboss.vfs.VirtualJarInputStream.&lt;init&gt;(VirtualJarInputStream.java:78)
	at org.jboss.vfs.VirtualFile.openStream(VirtualFile.java:223)
	at org.jboss.vfs.VFSUtils.readManifest(VFSUtils.java:214)
	at org.jboss.vfs.VirtualJarInputStream.&lt;init&gt;(VirtualJarInputStream.java:78)
	at org.jboss.vfs.VirtualFile.openStream(VirtualFile.java:223)
	at org.jboss.vfs.VFSUtils.readManifest(VFSUtils.java:214)
	at org.jboss.vfs.VirtualJarInputStream.&lt;init&gt;(VirtualJarInputStream.java:78)
	at org.jboss.vfs.VirtualFile.openStream(VirtualFile.java:223)
	at org.jboss.vfs.VFSUtils.readManifest(VFSUtils.java:214)
	at org.jboss.vfs.VirtualJarInputStream.&lt;init&gt;(VirtualJarInputStream.java:78)
	at org.jboss.vfs.VirtualFile.openStream(VirtualFile.java:223)
	at org.jboss.vfs.VFSUtils.readManifest(VFSUtils.java:214)
	at org.jboss.vfs.VirtualJarInputStream.&lt;init&gt;(VirtualJarInputStream.java:78)
	at org.jboss.vfs.VirtualFile.openStream(VirtualFile.java:223)
	at org.jboss.vfs.VFSUtils.readManifest(VFSUtils.java:214)
	at org.jboss.vfs.VirtualJarInputStream.&lt;init&gt;(VirtualJarInputStream.java:78)
	at org.jboss.vfs.VirtualFile.openStream(VirtualFile.java:223)
	at org.jboss.vfs.VFSUtils.readManifest(VFSUtils.java:214)
	at org.jboss.vfs.VirtualJarInputStream.&lt;init&gt;(VirtualJarInputStream.java:78)
	at org.jboss.vfs.VirtualFile.openStream(VirtualFile.java:223)
	at org.jboss.vfs.VFSUtils.readManifest(VFSUtils.java:214)
	at org.jboss.vfs.VirtualJarInputStream.&lt;init&gt;(VirtualJarInputStream.java:78)
	at org.jboss.vfs.VirtualFile.openStream(VirtualFile.java:223)
	at org.jboss.vfs.VFSUtils.readManifest(VFSUtils.java:214)
	at org.jboss.vfs.VirtualJarInputStream.&lt;init&gt;(VirtualJarInputStream.java:78)
	at org.jboss.vfs.VirtualFile.openStream(VirtualFile.java:223)
	at org.jboss.vfs.VFSUtils.readManifest(VFSUtils.java:214)
	at org.jboss.vfs.VirtualJarInputStream.&lt;init&gt;(VirtualJarInputStream.java:78)
	at org.jboss.vfs.VirtualFile.openStream(VirtualFile.java:223)
	at org.jboss.vfs.VFSUtils.readManifest(VFSUtils.java:214)
	at org.jboss.vfs.VirtualJarInputStream.&lt;init&gt;(VirtualJarInputStream.java:78)
	at org.jboss.vfs.VirtualFile.openStream(VirtualFile.java:223)
	at org.jboss.vfs.VFSUtils.readManifest(VFSUtils.java:214)
	at org.jboss.vfs.VirtualJarInputStream.&lt;init&gt;(VirtualJarInputStream.java:78)
	at org.jboss.vfs.VirtualFile.openStream(VirtualFile.java:223)
	at org.jboss.vfs.VFSUtils.readManifest(VFSUtils.java:214)
	at org.jboss.vfs.VirtualJarInputStream.&lt;init&gt;(VirtualJarInputStream.java:78)
	at org.jboss.vfs.VirtualFile.openStream(VirtualFile.java:223)
	at org.jboss.vfs.VFSUtils.readManifest(VFSUtils.java:214)
	at org.jboss.vfs.VirtualJarInputStream.&lt;init&gt;(VirtualJarInputStream.java:78)
	at org.jboss.vfs.VirtualFile.openStream(VirtualFile.java:223)
	at org.jboss.vfs.VFSUtils.readManifest(VFSUtils.java:214)
	at org.jboss.vfs.VirtualJarInputStream.&lt;init&gt;(VirtualJarInputStream.java:78)
	at org.jboss.vfs.VirtualFile.openStream(VirtualFile.java:223)
	at org.jboss.vfs.VFSUtils.readManifest(VFSUtils.java:214)
	at org.jboss.vfs.VirtualJarInputStream.&lt;init&gt;(VirtualJarInputStream.java:78)
	at org.jboss.vfs.VirtualFile.openStream(VirtualFile.java:223)
	at org.jboss.vfs.VFSUtils.readManifest(VFSUtils.java:214)
	at org.jboss.vfs.VirtualJarInputStream.&lt;init&gt;(VirtualJarInputStream.java:78)
	at org.jboss.vfs.VirtualFile.openStream(VirtualFile.java:223)
	at org.jboss.vfs.VFSUtils.readManifest(VFSUtils.java:214)
	at org.jboss.vfs.VirtualJarInputStream.&lt;init&gt;(VirtualJarInputStream.java:78)
	at org.jboss.vfs.VirtualFile.openStream(VirtualFile.java:223)
	at org.jboss.vfs.VFSUtils.readManifest(VFSUtils.java:214)
	at org.jboss.vfs.VirtualJarInputStream.&lt;init&gt;(VirtualJarInputStream.java:78)
	at org.jboss.vfs.VirtualFile.openStream(VirtualFile.java:223)
	at org.jboss.vfs.VFSUtils.readManifest(VFSUtils.java:214)
	at org.jboss.vfs.VirtualJarInputStream.&lt;init&gt;(VirtualJarInputStream.java:78)
	at org.jboss.vfs.VirtualFile.openStream(VirtualFile.java:223)
	at org.jboss.vfs.VFSUtils.readManifest(VFSUtils.java:214)
	at org.jboss.vfs.VirtualJarInputStream.&lt;init&gt;(VirtualJarInputStream.java:78)
	at org.jboss.vfs.VirtualFile.openStream(VirtualFile.java:223)
	at org.jboss.vfs.VFSUtils.readManifest(VFSUtils.java:214)
	at org.jboss.vfs.VirtualJarInputStream.&lt;init&gt;(VirtualJarInputStream.java:78)
	at org.jboss.vfs.VirtualFile.openStream(VirtualFile.java:223)
	at org.jboss.vfs.VFSUtils.readManifest(VFSUtils.java:214)
	at org.jboss.vfs.VirtualJarInputStream.&lt;init&gt;(VirtualJarInputStream.java:78)
	at org.jboss.vfs.VirtualFile.openStream(VirtualFile.java:223)
	at org.jboss.vfs.VFSUtils.readManifest(VFSUtils.java:214)
	at org.jboss.vfs.VirtualJarInputStream.&lt;init&gt;(VirtualJarInputStream.java:78)
	at org.jboss.vfs.VirtualFile.openStream(VirtualFile.java:223)
	at org.jboss.vfs.VFSUtils.readManifest(VFSUtils.java:214)
	at org.jboss.vfs.VirtualJarInputStream.&lt;init&gt;(VirtualJarInputStream.java:78)
	at org.jboss.vfs.VirtualFile.openStream(VirtualFile.java:223)
	at org.jboss.vfs.VFSUtils.readManifest(VFSUtils.java:214)
	at org.jboss.vfs.VirtualJarInputStream.&lt;init&gt;(VirtualJarInputStream.java:78)
	at org.jboss.vfs.VirtualFile.openStream(VirtualFile.java:223)
	at org.jboss.vfs.VFSUtils.readManifest(VFSUtils.java:214)
	at org.jboss.vfs.VirtualJarInputStream.&lt;init&gt;(VirtualJarInputStream.java:78)
	at org.jboss.vfs.VirtualFile.openStream(VirtualFile.java:223)
	at org.jboss.vfs.VFSUtils.readManifest(VFSUtils.java:214)
	at org.jboss.vfs.VirtualJarInputStream.&lt;init&gt;(VirtualJarInputStream.java:78)
	at org.jboss.vfs.VirtualFile.openStream(VirtualFile.java:223)
</error>
    <system-out>684 DEBUG [VirtualJarInputStreamTestCase] ==== Starting testIterationNonJar ====
</system-out>
  </testcase>
  <testcase time="0.003" classname="org.jboss.test.vfs.VirtualJarInputStreamTestCase" name="testRead">
    <error message="error in opening zip file" type="java.util.zip.ZipException">java.util.zip.ZipException: error in opening zip file
	at java.util.zip.ZipFile.open(Native Method)
	at java.util.zip.ZipFile.&lt;init&gt;(ZipFile.java:114)
	at java.util.jar.JarFile.&lt;init&gt;(JarFile.java:135)
	at java.util.jar.JarFile.&lt;init&gt;(JarFile.java:99)
	at org.jboss.vfs.spi.JavaZipFileSystem.&lt;init&gt;(JavaZipFileSystem.java:94)
	at org.jboss.vfs.spi.JavaZipFileSystem.&lt;init&gt;(JavaZipFileSystem.java:80)
	at org.jboss.vfs.VFS.mountZip(VFS.java:415)
	at org.jboss.vfs.VFS.mountZip(VFS.java:441)
	at org.jboss.test.vfs.VirtualJarInputStreamTestCase.testRead(VirtualJarInputStreamTestCase.java:117)
	at sun.reflect.NativeMethodAccessorImpl.invoke0(Native Method)
	at sun.reflect.NativeMethodAccessorImpl.invoke(NativeMethodAccessorImpl.java:39)
	at sun.reflect.DelegatingMethodAccessorImpl.invoke(DelegatingMethodAccessorImpl.java:25)
	at java.lang.reflect.Method.invoke(Method.java:597)
	at junit.framework.TestCase.runTest(TestCase.java:168)
	at junit.framework.TestCase.runBare(TestCase.java:134)
	at junit.framework.TestResult$1.protect(TestResult.java:110)
	at junit.framework.TestResult.runProtected(TestResult.java:128)
	at junit.framework.TestResult.run(TestResult.java:113)
	at junit.framework.TestCase.run(TestCase.java:124)
	at junit.framework.TestSuite.runTest(TestSuite.java:232)
	at junit.framework.TestSuite.run(TestSuite.java:227)
	at org.junit.internal.runners.JUnit38ClassRunner.run(JUnit38ClassRunner.java:81)
	at org.apache.maven.surefire.junit4.JUnit4TestSet.execute(JUnit4TestSet.java:59)
	at org.apache.maven.surefire.suite.AbstractDirectoryTestSuite.executeTestSet(AbstractDirectoryTestSuite.java:115)
	at org.apache.maven.surefire.suite.AbstractDirectoryTestSuite.execute(AbstractDirectoryTestSuite.java:102)
	at org.apache.maven.surefire.Surefire.run(Surefire.java:180)
	at sun.reflect.NativeMethodAccessorImpl.invoke0(Native Method)
	at sun.reflect.NativeMethodAccessorImpl.invoke(NativeMethodAccessorImpl.java:39)
	at sun.reflect.DelegatingMethodAccessorImpl.invoke(DelegatingMethodAccessorImpl.java:25)
	at java.lang.reflect.Method.invoke(Method.java:597)
	at org.apache.maven.surefire.booter.SurefireBooter.runSuitesInProcess(SurefireBooter.java:350)
	at org.apache.maven.surefire.booter.SurefireBooter.main(SurefireBooter.java:1021)
</error>
    <system-out>1849 DEBUG [VirtualJarInputStreamTestCase] ==== Starting testRead ====
</system-out>
  </testcase>
  <testcase time="1.049" classname="org.jboss.test.vfs.VirtualJarInputStreamTestCase" name="testReadNonJar">
    <error type="java.lang.StackOverflowError">java.lang.StackOverflowError
	at sun.nio.cs.UTF_8$Encoder.encodeLoop(UTF_8.java:447)
	at java.nio.charset.CharsetEncoder.encode(CharsetEncoder.java:544)
	at java.lang.StringCoding$StringEncoder.encode(StringCoding.java:240)
	at java.lang.StringCoding.encode(StringCoding.java:272)
	at java.lang.String.getBytes(String.java:946)
	at java.io.UnixFileSystem.getBooleanAttributes0(Native Method)
	at java.io.UnixFileSystem.getBooleanAttributes(UnixFileSystem.java:228)
	at java.io.File.isDirectory(File.java:754)
	at org.jboss.vfs.spi.RealFileSystem.isDirectory(RealFileSystem.java:193)
	at org.jboss.vfs.VirtualFile.isDirectory(VirtualFile.java:211)
	at org.jboss.vfs.VirtualFile.openStream(VirtualFile.java:222)
	at org.jboss.vfs.VFSUtils.readManifest(VFSUtils.java:214)
	at org.jboss.vfs.VirtualJarInputStream.&lt;init&gt;(VirtualJarInputStream.java:78)
	at org.jboss.vfs.VirtualFile.openStream(VirtualFile.java:223)
	at org.jboss.vfs.VFSUtils.readManifest(VFSUtils.java:214)
	at org.jboss.vfs.VirtualJarInputStream.&lt;init&gt;(VirtualJarInputStream.java:78)
	at org.jboss.vfs.VirtualFile.openStream(VirtualFile.java:223)
	at org.jboss.vfs.VFSUtils.readManifest(VFSUtils.java:214)
	at org.jboss.vfs.VirtualJarInputStream.&lt;init&gt;(VirtualJarInputStream.java:78)
	at org.jboss.vfs.VirtualFile.openStream(VirtualFile.java:223)
	at org.jboss.vfs.VFSUtils.readManifest(VFSUtils.java:214)
	at org.jboss.vfs.VirtualJarInputStream.&lt;init&gt;(VirtualJarInputStream.java:78)
	at org.jboss.vfs.VirtualFile.openStream(VirtualFile.java:223)
	at org.jboss.vfs.VFSUtils.readManifest(VFSUtils.java:214)
	at org.jboss.vfs.VirtualJarInputStream.&lt;init&gt;(VirtualJarInputStream.java:78)
	at org.jboss.vfs.VirtualFile.openStream(VirtualFile.java:223)
	at org.jboss.vfs.VFSUtils.readManifest(VFSUtils.java:214)
	at org.jboss.vfs.VirtualJarInputStream.&lt;init&gt;(VirtualJarInputStream.java:78)
	at org.jboss.vfs.VirtualFile.openStream(VirtualFile.java:223)
	at org.jboss.vfs.VFSUtils.readManifest(VFSUtils.java:214)
	at org.jboss.vfs.VirtualJarInputStream.&lt;init&gt;(VirtualJarInputStream.java:78)
	at org.jboss.vfs.VirtualFile.openStream(VirtualFile.java:223)
	at org.jboss.vfs.VFSUtils.readManifest(VFSUtils.java:214)
	at org.jboss.vfs.VirtualJarInputStream.&lt;init&gt;(VirtualJarInputStream.java:78)
	at org.jboss.vfs.VirtualFile.openStream(VirtualFile.java:223)
	at org.jboss.vfs.VFSUtils.readManifest(VFSUtils.java:214)
	at org.jboss.vfs.VirtualJarInputStream.&lt;init&gt;(VirtualJarInputStream.java:78)
	at org.jboss.vfs.VirtualFile.openStream(VirtualFile.java:223)
	at org.jboss.vfs.VFSUtils.readManifest(VFSUtils.java:214)
	at org.jboss.vfs.VirtualJarInputStream.&lt;init&gt;(VirtualJarInputStream.java:78)
	at org.jboss.vfs.VirtualFile.openStream(VirtualFile.java:223)
	at org.jboss.vfs.VFSUtils.readManifest(VFSUtils.java:214)
	at org.jboss.vfs.VirtualJarInputStream.&lt;init&gt;(VirtualJarInputStream.java:78)
	at org.jboss.vfs.VirtualFile.openStream(VirtualFile.java:223)
	at org.jboss.vfs.VFSUtils.readManifest(VFSUtils.java:214)
	at org.jboss.vfs.VirtualJarInputStream.&lt;init&gt;(VirtualJarInputStream.java:78)
	at org.jboss.vfs.VirtualFile.openStream(VirtualFile.java:223)
	at org.jboss.vfs.VFSUtils.readManifest(VFSUtils.java:214)
	at org.jboss.vfs.VirtualJarInputStream.&lt;init&gt;(VirtualJarInputStream.java:78)
	at org.jboss.vfs.VirtualFile.openStream(VirtualFile.java:223)
	at org.jboss.vfs.VFSUtils.readManifest(VFSUtils.java:214)
	at org.jboss.vfs.VirtualJarInputStream.&lt;init&gt;(VirtualJarInputStream.java:78)
	at org.jboss.vfs.VirtualFile.openStream(VirtualFile.java:223)
	at org.jboss.vfs.VFSUtils.readManifest(VFSUtils.java:214)
	at org.jboss.vfs.VirtualJarInputStream.&lt;init&gt;(VirtualJarInputStream.java:78)
	at org.jboss.vfs.VirtualFile.openStream(VirtualFile.java:223)
	at org.jboss.vfs.VFSUtils.readManifest(VFSUtils.java:214)
	at org.jboss.vfs.VirtualJarInputStream.&lt;init&gt;(VirtualJarInputStream.java:78)
	at org.jboss.vfs.VirtualFile.openStream(VirtualFile.java:223)
	at org.jboss.vfs.VFSUtils.readManifest(VFSUtils.java:214)
	at org.jboss.vfs.VirtualJarInputStream.&lt;init&gt;(VirtualJarInputStream.java:78)
	at org.jboss.vfs.VirtualFile.openStream(VirtualFile.java:223)
	at org.jboss.vfs.VFSUtils.readManifest(VFSUtils.java:214)
	at org.jboss.vfs.VirtualJarInputStream.&lt;init&gt;(VirtualJarInputStream.java:78)
	at org.jboss.vfs.VirtualFile.openStream(VirtualFile.java:223)
	at org.jboss.vfs.VFSUtils.readManifest(VFSUtils.java:214)
	at org.jboss.vfs.VirtualJarInputStream.&lt;init&gt;(VirtualJarInputStream.java:78)
	at org.jboss.vfs.VirtualFile.openStream(VirtualFile.java:223)
	at org.jboss.vfs.VFSUtils.readManifest(VFSUtils.java:214)
	at org.jboss.vfs.VirtualJarInputStream.&lt;init&gt;(VirtualJarInputStream.java:78)
	at org.jboss.vfs.VirtualFile.openStream(VirtualFile.java:223)
	at org.jboss.vfs.VFSUtils.readManifest(VFSUtils.java:214)
	at org.jboss.vfs.VirtualJarInputStream.&lt;init&gt;(VirtualJarInputStream.java:78)
	at org.jboss.vfs.VirtualFile.openStream(VirtualFile.java:223)
	at org.jboss.vfs.VFSUtils.readManifest(VFSUtils.java:214)
	at org.jboss.vfs.VirtualJarInputStream.&lt;init&gt;(VirtualJarInputStream.java:78)
	at org.jboss.vfs.VirtualFile.openStream(VirtualFile.java:223)
	at org.jboss.vfs.VFSUtils.readManifest(VFSUtils.java:214)
	at org.jboss.vfs.VirtualJarInputStream.&lt;init&gt;(VirtualJarInputStream.java:78)
	at org.jboss.vfs.VirtualFile.openStream(VirtualFile.java:223)
	at org.jboss.vfs.VFSUtils.readManifest(VFSUtils.java:214)
	at org.jboss.vfs.VirtualJarInputStream.&lt;init&gt;(VirtualJarInputStream.java:78)
	at org.jboss.vfs.VirtualFile.openStream(VirtualFile.java:223)
	at org.jboss.vfs.VFSUtils.readManifest(VFSUtils.java:214)
	at org.jboss.vfs.VirtualJarInputStream.&lt;init&gt;(VirtualJarInputStream.java:78)
	at org.jboss.vfs.VirtualFile.openStream(VirtualFile.java:223)
	at org.jboss.vfs.VFSUtils.readManifest(VFSUtils.java:214)
	at org.jboss.vfs.VirtualJarInputStream.&lt;init&gt;(VirtualJarInputStream.java:78)
	at org.jboss.vfs.VirtualFile.openStream(VirtualFile.java:223)
	at org.jboss.vfs.VFSUtils.readManifest(VFSUtils.java:214)
	at org.jboss.vfs.VirtualJarInputStream.&lt;init&gt;(VirtualJarInputStream.java:78)
	at org.jboss.vfs.VirtualFile.openStream(VirtualFile.java:223)
	at org.jboss.vfs.VFSUtils.readManifest(VFSUtils.java:214)
	at org.jboss.vfs.VirtualJarInputStream.&lt;init&gt;(VirtualJarInputStream.java:78)
	at org.jboss.vfs.VirtualFile.openStream(VirtualFile.java:223)
	at org.jboss.vfs.VFSUtils.readManifest(VFSUtils.java:214)
	at org.jboss.vfs.VirtualJarInputStream.&lt;init&gt;(VirtualJarInputStream.java:78)
	at org.jboss.vfs.VirtualFile.openStream(VirtualFile.java:223)
	at org.jboss.vfs.VFSUtils.readManifest(VFSUtils.java:214)
	at org.jboss.vfs.VirtualJarInputStream.&lt;init&gt;(VirtualJarInputStream.java:78)
	at org.jboss.vfs.VirtualFile.openStream(VirtualFile.java:223)
	at org.jboss.vfs.VFSUtils.readManifest(VFSUtils.java:214)
	at org.jboss.vfs.VirtualJarInputStream.&lt;init&gt;(VirtualJarInputStream.java:78)
	at org.jboss.vfs.VirtualFile.openStream(VirtualFile.java:223)
	at org.jboss.vfs.VFSUtils.readManifest(VFSUtils.java:214)
	at org.jboss.vfs.VirtualJarInputStream.&lt;init&gt;(VirtualJarInputStream.java:78)
	at org.jboss.vfs.VirtualFile.openStream(VirtualFile.java:223)
	at org.jboss.vfs.VFSUtils.readManifest(VFSUtils.java:214)
	at org.jboss.vfs.VirtualJarInputStream.&lt;init&gt;(VirtualJarInputStream.java:78)
	at org.jboss.vfs.VirtualFile.openStream(VirtualFile.java:223)
	at org.jboss.vfs.VFSUtils.readManifest(VFSUtils.java:214)
	at org.jboss.vfs.VirtualJarInputStream.&lt;init&gt;(VirtualJarInputStream.java:78)
	at org.jboss.vfs.VirtualFile.openStream(VirtualFile.java:223)
	at org.jboss.vfs.VFSUtils.readManifest(VFSUtils.java:214)
	at org.jboss.vfs.VirtualJarInputStream.&lt;init&gt;(VirtualJarInputStream.java:78)
	at org.jboss.vfs.VirtualFile.openStream(VirtualFile.java:223)
	at org.jboss.vfs.VFSUtils.readManifest(VFSUtils.java:214)
	at org.jboss.vfs.VirtualJarInputStream.&lt;init&gt;(VirtualJarInputStream.java:78)
	at org.jboss.vfs.VirtualFile.openStream(VirtualFile.java:223)
	at org.jboss.vfs.VFSUtils.readManifest(VFSUtils.java:214)
	at org.jboss.vfs.VirtualJarInputStream.&lt;init&gt;(VirtualJarInputStream.java:78)
	at org.jboss.vfs.VirtualFile.openStream(VirtualFile.java:223)
	at org.jboss.vfs.VFSUtils.readManifest(VFSUtils.java:214)
	at org.jboss.vfs.VirtualJarInputStream.&lt;init&gt;(VirtualJarInputStream.java:78)
	at org.jboss.vfs.VirtualFile.openStream(VirtualFile.java:223)
	at org.jboss.vfs.VFSUtils.readManifest(VFSUtils.java:214)
	at org.jboss.vfs.VirtualJarInputStream.&lt;init&gt;(VirtualJarInputStream.java:78)
	at org.jboss.vfs.VirtualFile.openStream(VirtualFile.java:223)
	at org.jboss.vfs.VFSUtils.readManifest(VFSUtils.java:214)
	at org.jboss.vfs.VirtualJarInputStream.&lt;init&gt;(VirtualJarInputStream.java:78)
	at org.jboss.vfs.VirtualFile.openStream(VirtualFile.java:223)
	at org.jboss.vfs.VFSUtils.readManifest(VFSUtils.java:214)
	at org.jboss.vfs.VirtualJarInputStream.&lt;init&gt;(VirtualJarInputStream.java:78)
	at org.jboss.vfs.VirtualFile.openStream(VirtualFile.java:223)
	at org.jboss.vfs.VFSUtils.readManifest(VFSUtils.java:214)
	at org.jboss.vfs.VirtualJarInputStream.&lt;init&gt;(VirtualJarInputStream.java:78)
	at org.jboss.vfs.VirtualFile.openStream(VirtualFile.java:223)
	at org.jboss.vfs.VFSUtils.readManifest(VFSUtils.java:214)
	at org.jboss.vfs.VirtualJarInputStream.&lt;init&gt;(VirtualJarInputStream.java:78)
	at org.jboss.vfs.VirtualFile.openStream(VirtualFile.java:223)
	at org.jboss.vfs.VFSUtils.readManifest(VFSUtils.java:214)
	at org.jboss.vfs.VirtualJarInputStream.&lt;init&gt;(VirtualJarInputStream.java:78)
	at org.jboss.vfs.VirtualFile.openStream(VirtualFile.java:223)
	at org.jboss.vfs.VFSUtils.readManifest(VFSUtils.java:214)
	at org.jboss.vfs.VirtualJarInputStream.&lt;init&gt;(VirtualJarInputStream.java:78)
	at org.jboss.vfs.VirtualFile.openStream(VirtualFile.java:223)
	at org.jboss.vfs.VFSUtils.readManifest(VFSUtils.java:214)
	at org.jboss.vfs.VirtualJarInputStream.&lt;init&gt;(VirtualJarInputStream.java:78)
	at org.jboss.vfs.VirtualFile.openStream(VirtualFile.java:223)
	at org.jboss.vfs.VFSUtils.readManifest(VFSUtils.java:214)
	at org.jboss.vfs.VirtualJarInputStream.&lt;init&gt;(VirtualJarInputStream.java:78)
	at org.jboss.vfs.VirtualFile.openStream(VirtualFile.java:223)
	at org.jboss.vfs.VFSUtils.readManifest(VFSUtils.java:214)
	at org.jboss.vfs.VirtualJarInputStream.&lt;init&gt;(VirtualJarInputStream.java:78)
	at org.jboss.vfs.VirtualFile.openStream(VirtualFile.java:223)
	at org.jboss.vfs.VFSUtils.readManifest(VFSUtils.java:214)
	at org.jboss.vfs.VirtualJarInputStream.&lt;init&gt;(VirtualJarInputStream.java:78)
	at org.jboss.vfs.VirtualFile.openStream(VirtualFile.java:223)
	at org.jboss.vfs.VFSUtils.readManifest(VFSUtils.java:214)
	at org.jboss.vfs.VirtualJarInputStream.&lt;init&gt;(VirtualJarInputStream.java:78)
	at org.jboss.vfs.VirtualFile.openStream(VirtualFile.java:223)
	at org.jboss.vfs.VFSUtils.readManifest(VFSUtils.java:214)
	at org.jboss.vfs.VirtualJarInputStream.&lt;init&gt;(VirtualJarInputStream.java:78)
	at org.jboss.vfs.VirtualFile.openStream(VirtualFile.java:223)
	at org.jboss.vfs.VFSUtils.readManifest(VFSUtils.java:214)
	at org.jboss.vfs.VirtualJarInputStream.&lt;init&gt;(VirtualJarInputStream.java:78)
	at org.jboss.vfs.VirtualFile.openStream(VirtualFile.java:223)
	at org.jboss.vfs.VFSUtils.readManifest(VFSUtils.java:214)
	at org.jboss.vfs.VirtualJarInputStream.&lt;init&gt;(VirtualJarInputStream.java:78)
	at org.jboss.vfs.VirtualFile.openStream(VirtualFile.java:223)
	at org.jboss.vfs.VFSUtils.readManifest(VFSUtils.java:214)
	at org.jboss.vfs.VirtualJarInputStream.&lt;init&gt;(VirtualJarInputStream.java:78)
	at org.jboss.vfs.VirtualFile.openStream(VirtualFile.java:223)
	at org.jboss.vfs.VFSUtils.readManifest(VFSUtils.java:214)
	at org.jboss.vfs.VirtualJarInputStream.&lt;init&gt;(VirtualJarInputStream.java:78)
	at org.jboss.vfs.VirtualFile.openStream(VirtualFile.java:223)
	at org.jboss.vfs.VFSUtils.readManifest(VFSUtils.java:214)
	at org.jboss.vfs.VirtualJarInputStream.&lt;init&gt;(VirtualJarInputStream.java:78)
	at org.jboss.vfs.VirtualFile.openStream(VirtualFile.java:223)
	at org.jboss.vfs.VFSUtils.readManifest(VFSUtils.java:214)
	at org.jboss.vfs.VirtualJarInputStream.&lt;init&gt;(VirtualJarInputStream.java:78)
	at org.jboss.vfs.VirtualFile.openStream(VirtualFile.java:223)
	at org.jboss.vfs.VFSUtils.readManifest(VFSUtils.java:214)
	at org.jboss.vfs.VirtualJarInputStream.&lt;init&gt;(VirtualJarInputStream.java:78)
	at org.jboss.vfs.VirtualFile.openStream(VirtualFile.java:223)
	at org.jboss.vfs.VFSUtils.readManifest(VFSUtils.java:214)
	at org.jboss.vfs.VirtualJarInputStream.&lt;init&gt;(VirtualJarInputStream.java:78)
	at org.jboss.vfs.VirtualFile.openStream(VirtualFile.java:223)
	at org.jboss.vfs.VFSUtils.readManifest(VFSUtils.java:214)
	at org.jboss.vfs.VirtualJarInputStream.&lt;init&gt;(VirtualJarInputStream.java:78)
	at org.jboss.vfs.VirtualFile.openStream(VirtualFile.java:223)
	at org.jboss.vfs.VFSUtils.readManifest(VFSUtils.java:214)
	at org.jboss.vfs.VirtualJarInputStream.&lt;init&gt;(VirtualJarInputStream.java:78)
	at org.jboss.vfs.VirtualFile.openStream(VirtualFile.java:223)
	at org.jboss.vfs.VFSUtils.readManifest(VFSUtils.java:214)
	at org.jboss.vfs.VirtualJarInputStream.&lt;init&gt;(VirtualJarInputStream.java:78)
	at org.jboss.vfs.VirtualFile.openStream(VirtualFile.java:223)
	at org.jboss.vfs.VFSUtils.readManifest(VFSUtils.java:214)
	at org.jboss.vfs.VirtualJarInputStream.&lt;init&gt;(VirtualJarInputStream.java:78)
	at org.jboss.vfs.VirtualFile.openStream(VirtualFile.java:223)
	at org.jboss.vfs.VFSUtils.readManifest(VFSUtils.java:214)
	at org.jboss.vfs.VirtualJarInputStream.&lt;init&gt;(VirtualJarInputStream.java:78)
	at org.jboss.vfs.VirtualFile.openStream(VirtualFile.java:223)
	at org.jboss.vfs.VFSUtils.readManifest(VFSUtils.java:214)
	at org.jboss.vfs.VirtualJarInputStream.&lt;init&gt;(VirtualJarInputStream.java:78)
	at org.jboss.vfs.VirtualFile.openStream(VirtualFile.java:223)
	at org.jboss.vfs.VFSUtils.readManifest(VFSUtils.java:214)
	at org.jboss.vfs.VirtualJarInputStream.&lt;init&gt;(VirtualJarInputStream.java:78)
	at org.jboss.vfs.VirtualFile.openStream(VirtualFile.java:223)
	at org.jboss.vfs.VFSUtils.readManifest(VFSUtils.java:214)
	at org.jboss.vfs.VirtualJarInputStream.&lt;init&gt;(VirtualJarInputStream.java:78)
	at org.jboss.vfs.VirtualFile.openStream(VirtualFile.java:223)
	at org.jboss.vfs.VFSUtils.readManifest(VFSUtils.java:214)
	at org.jboss.vfs.VirtualJarInputStream.&lt;init&gt;(VirtualJarInputStream.java:78)
	at org.jboss.vfs.VirtualFile.openStream(VirtualFile.java:223)
	at org.jboss.vfs.VFSUtils.readManifest(VFSUtils.java:214)
	at org.jboss.vfs.VirtualJarInputStream.&lt;init&gt;(VirtualJarInputStream.java:78)
	at org.jboss.vfs.VirtualFile.openStream(VirtualFile.java:223)
	at org.jboss.vfs.VFSUtils.readManifest(VFSUtils.java:214)
	at org.jboss.vfs.VirtualJarInputStream.&lt;init&gt;(VirtualJarInputStream.java:78)
	at org.jboss.vfs.VirtualFile.openStream(VirtualFile.java:223)
	at org.jboss.vfs.VFSUtils.readManifest(VFSUtils.java:214)
	at org.jboss.vfs.VirtualJarInputStream.&lt;init&gt;(VirtualJarInputStream.java:78)
	at org.jboss.vfs.VirtualFile.openStream(VirtualFile.java:223)
	at org.jboss.vfs.VFSUtils.readManifest(VFSUtils.java:214)
	at org.jboss.vfs.VirtualJarInputStream.&lt;init&gt;(VirtualJarInputStream.java:78)
	at org.jboss.vfs.VirtualFile.openStream(VirtualFile.java:223)
	at org.jboss.vfs.VFSUtils.readManifest(VFSUtils.java:214)
	at org.jboss.vfs.VirtualJarInputStream.&lt;init&gt;(VirtualJarInputStream.java:78)
	at org.jboss.vfs.VirtualFile.openStream(VirtualFile.java:223)
	at org.jboss.vfs.VFSUtils.readManifest(VFSUtils.java:214)
	at org.jboss.vfs.VirtualJarInputStream.&lt;init&gt;(VirtualJarInputStream.java:78)
	at org.jboss.vfs.VirtualFile.openStream(VirtualFile.java:223)
	at org.jboss.vfs.VFSUtils.readManifest(VFSUtils.java:214)
	at org.jboss.vfs.VirtualJarInputStream.&lt;init&gt;(VirtualJarInputStream.java:78)
	at org.jboss.vfs.VirtualFile.openStream(VirtualFile.java:223)
	at org.jboss.vfs.VFSUtils.readManifest(VFSUtils.java:214)
	at org.jboss.vfs.VirtualJarInputStream.&lt;init&gt;(VirtualJarInputStream.java:78)
	at org.jboss.vfs.VirtualFile.openStream(VirtualFile.java:223)
	at org.jboss.vfs.VFSUtils.readManifest(VFSUtils.java:214)
	at org.jboss.vfs.VirtualJarInputStream.&lt;init&gt;(VirtualJarInputStream.java:78)
	at org.jboss.vfs.VirtualFile.openStream(VirtualFile.java:223)
	at org.jboss.vfs.VFSUtils.readManifest(VFSUtils.java:214)
	at org.jboss.vfs.VirtualJarInputStream.&lt;init&gt;(VirtualJarInputStream.java:78)
	at org.jboss.vfs.VirtualFile.openStream(VirtualFile.java:223)
	at org.jboss.vfs.VFSUtils.readManifest(VFSUtils.java:214)
	at org.jboss.vfs.VirtualJarInputStream.&lt;init&gt;(VirtualJarInputStream.java:78)
	at org.jboss.vfs.VirtualFile.openStream(VirtualFile.java:223)
	at org.jboss.vfs.VFSUtils.readManifest(VFSUtils.java:214)
	at org.jboss.vfs.VirtualJarInputStream.&lt;init&gt;(VirtualJarInputStream.java:78)
	at org.jboss.vfs.VirtualFile.openStream(VirtualFile.java:223)
	at org.jboss.vfs.VFSUtils.readManifest(VFSUtils.java:214)
	at org.jboss.vfs.VirtualJarInputStream.&lt;init&gt;(VirtualJarInputStream.java:78)
	at org.jboss.vfs.VirtualFile.openStream(VirtualFile.java:223)
	at org.jboss.vfs.VFSUtils.readManifest(VFSUtils.java:214)
	at org.jboss.vfs.VirtualJarInputStream.&lt;init&gt;(VirtualJarInputStream.java:78)
	at org.jboss.vfs.VirtualFile.openStream(VirtualFile.java:223)
	at org.jboss.vfs.VFSUtils.readManifest(VFSUtils.java:214)
	at org.jboss.vfs.VirtualJarInputStream.&lt;init&gt;(VirtualJarInputStream.java:78)
	at org.jboss.vfs.VirtualFile.openStream(VirtualFile.java:223)
	at org.jboss.vfs.VFSUtils.readManifest(VFSUtils.java:214)
	at org.jboss.vfs.VirtualJarInputStream.&lt;init&gt;(VirtualJarInputStream.java:78)
	at org.jboss.vfs.VirtualFile.openStream(VirtualFile.java:223)
	at org.jboss.vfs.VFSUtils.readManifest(VFSUtils.java:214)
	at org.jboss.vfs.VirtualJarInputStream.&lt;init&gt;(VirtualJarInputStream.java:78)
	at org.jboss.vfs.VirtualFile.openStream(VirtualFile.java:223)
	at org.jboss.vfs.VFSUtils.readManifest(VFSUtils.java:214)
	at org.jboss.vfs.VirtualJarInputStream.&lt;init&gt;(VirtualJarInputStream.java:78)
	at org.jboss.vfs.VirtualFile.openStream(VirtualFile.java:223)
	at org.jboss.vfs.VFSUtils.readManifest(VFSUtils.java:214)
	at org.jboss.vfs.VirtualJarInputStream.&lt;init&gt;(VirtualJarInputStream.java:78)
	at org.jboss.vfs.VirtualFile.openStream(VirtualFile.java:223)
	at org.jboss.vfs.VFSUtils.readManifest(VFSUtils.java:214)
	at org.jboss.vfs.VirtualJarInputStream.&lt;init&gt;(VirtualJarInputStream.java:78)
	at org.jboss.vfs.VirtualFile.openStream(VirtualFile.java:223)
	at org.jboss.vfs.VFSUtils.readManifest(VFSUtils.java:214)
	at org.jboss.vfs.VirtualJarInputStream.&lt;init&gt;(VirtualJarInputStream.java:78)
	at org.jboss.vfs.VirtualFile.openStream(VirtualFile.java:223)
	at org.jboss.vfs.VFSUtils.readManifest(VFSUtils.java:214)
	at org.jboss.vfs.VirtualJarInputStream.&lt;init&gt;(VirtualJarInputStream.java:78)
	at org.jboss.vfs.VirtualFile.openStream(VirtualFile.java:223)
	at org.jboss.vfs.VFSUtils.readManifest(VFSUtils.java:214)
	at org.jboss.vfs.VirtualJarInputStream.&lt;init&gt;(VirtualJarInputStream.java:78)
	at org.jboss.vfs.VirtualFile.openStream(VirtualFile.java:223)
	at org.jboss.vfs.VFSUtils.readManifest(VFSUtils.java:214)
	at org.jboss.vfs.VirtualJarInputStream.&lt;init&gt;(VirtualJarInputStream.java:78)
	at org.jboss.vfs.VirtualFile.openStream(VirtualFile.java:223)
	at org.jboss.vfs.VFSUtils.readManifest(VFSUtils.java:214)
	at org.jboss.vfs.VirtualJarInputStream.&lt;init&gt;(VirtualJarInputStream.java:78)
	at org.jboss.vfs.VirtualFile.openStream(VirtualFile.java:223)
	at org.jboss.vfs.VFSUtils.readManifest(VFSUtils.java:214)
	at org.jboss.vfs.VirtualJarInputStream.&lt;init&gt;(VirtualJarInputStream.java:78)
	at org.jboss.vfs.VirtualFile.openStream(VirtualFile.java:223)
	at org.jboss.vfs.VFSUtils.readManifest(VFSUtils.java:214)
	at org.jboss.vfs.VirtualJarInputStream.&lt;init&gt;(VirtualJarInputStream.java:78)
	at org.jboss.vfs.VirtualFile.openStream(VirtualFile.java:223)
	at org.jboss.vfs.VFSUtils.readManifest(VFSUtils.java:214)
	at org.jboss.vfs.VirtualJarInputStream.&lt;init&gt;(VirtualJarInputStream.java:78)
	at org.jboss.vfs.VirtualFile.openStream(VirtualFile.java:223)
	at org.jboss.vfs.VFSUtils.readManifest(VFSUtils.java:214)
	at org.jboss.vfs.VirtualJarInputStream.&lt;init&gt;(VirtualJarInputStream.java:78)
	at org.jboss.vfs.VirtualFile.openStream(VirtualFile.java:223)
	at org.jboss.vfs.VFSUtils.readManifest(VFSUtils.java:214)
	at org.jboss.vfs.VirtualJarInputStream.&lt;init&gt;(VirtualJarInputStream.java:78)
	at org.jboss.vfs.VirtualFile.openStream(VirtualFile.java:223)
	at org.jboss.vfs.VFSUtils.readManifest(VFSUtils.java:214)
	at org.jboss.vfs.VirtualJarInputStream.&lt;init&gt;(VirtualJarInputStream.java:78)
	at org.jboss.vfs.VirtualFile.openStream(VirtualFile.java:223)
	at org.jboss.vfs.VFSUtils.readManifest(VFSUtils.java:214)
	at org.jboss.vfs.VirtualJarInputStream.&lt;init&gt;(VirtualJarInputStream.java:78)
	at org.jboss.vfs.VirtualFile.openStream(VirtualFile.java:223)
	at org.jboss.vfs.VFSUtils.readManifest(VFSUtils.java:214)
	at org.jboss.vfs.VirtualJarInputStream.&lt;init&gt;(VirtualJarInputStream.java:78)
	at org.jboss.vfs.VirtualFile.openStream(VirtualFile.java:223)
	at org.jboss.vfs.VFSUtils.readManifest(VFSUtils.java:214)
	at org.jboss.vfs.VirtualJarInputStream.&lt;init&gt;(VirtualJarInputStream.java:78)
	at org.jboss.vfs.VirtualFile.openStream(VirtualFile.java:223)
	at org.jboss.vfs.VFSUtils.readManifest(VFSUtils.java:214)
	at org.jboss.vfs.VirtualJarInputStream.&lt;init&gt;(VirtualJarInputStream.java:78)
	at org.jboss.vfs.VirtualFile.openStream(VirtualFile.java:223)
	at org.jboss.vfs.VFSUtils.readManifest(VFSUtils.java:214)
	at org.jboss.vfs.VirtualJarInputStream.&lt;init&gt;(VirtualJarInputStream.java:78)
	at org.jboss.vfs.VirtualFile.openStream(VirtualFile.java:223)
	at org.jboss.vfs.VFSUtils.readManifest(VFSUtils.java:214)
	at org.jboss.vfs.VirtualJarInputStream.&lt;init&gt;(VirtualJarInputStream.java:78)
	at org.jboss.vfs.VirtualFile.openStream(VirtualFile.java:223)
	at org.jboss.vfs.VFSUtils.readManifest(VFSUtils.java:214)
	at org.jboss.vfs.VirtualJarInputStream.&lt;init&gt;(VirtualJarInputStream.java:78)
	at org.jboss.vfs.VirtualFile.openStream(VirtualFile.java:223)
	at org.jboss.vfs.VFSUtils.readManifest(VFSUtils.java:214)
	at org.jboss.vfs.VirtualJarInputStream.&lt;init&gt;(VirtualJarInputStream.java:78)
	at org.jboss.vfs.VirtualFile.openStream(VirtualFile.java:223)
	at org.jboss.vfs.VFSUtils.readManifest(VFSUtils.java:214)
	at org.jboss.vfs.VirtualJarInputStream.&lt;init&gt;(VirtualJarInputStream.java:78)
	at org.jboss.vfs.VirtualFile.openStream(VirtualFile.java:223)
	at org.jboss.vfs.VFSUtils.readManifest(VFSUtils.java:214)
	at org.jboss.vfs.VirtualJarInputStream.&lt;init&gt;(VirtualJarInputStream.java:78)
	at org.jboss.vfs.VirtualFile.openStream(VirtualFile.java:223)
	at org.jboss.vfs.VFSUtils.readManifest(VFSUtils.java:214)
	at org.jboss.vfs.VirtualJarInputStream.&lt;init&gt;(VirtualJarInputStream.java:78)
	at org.jboss.vfs.VirtualFile.openStream(VirtualFile.java:223)
	at org.jboss.vfs.VFSUtils.readManifest(VFSUtils.java:214)
	at org.jboss.vfs.VirtualJarInputStream.&lt;init&gt;(VirtualJarInputStream.java:78)
	at org.jboss.vfs.VirtualFile.openStream(VirtualFile.java:223)
	at org.jboss.vfs.VFSUtils.readManifest(VFSUtils.java:214)
	at org.jboss.vfs.VirtualJarInputStream.&lt;init&gt;(VirtualJarInputStream.java:78)
	at org.jboss.vfs.VirtualFile.openStream(VirtualFile.java:223)
	at org.jboss.vfs.VFSUtils.readManifest(VFSUtils.java:214)
	at org.jboss.vfs.VirtualJarInputStream.&lt;init&gt;(VirtualJarInputStream.java:78)
	at org.jboss.vfs.VirtualFile.openStream(VirtualFile.java:223)
	at org.jboss.vfs.VFSUtils.readManifest(VFSUtils.java:214)
	at org.jboss.vfs.VirtualJarInputStream.&lt;init&gt;(VirtualJarInputStream.java:78)
	at org.jboss.vfs.VirtualFile.openStream(VirtualFile.java:223)
	at org.jboss.vfs.VFSUtils.readManifest(VFSUtils.java:214)
	at org.jboss.vfs.VirtualJarInputStream.&lt;init&gt;(VirtualJarInputStream.java:78)
	at org.jboss.vfs.VirtualFile.openStream(VirtualFile.java:223)
	at org.jboss.vfs.VFSUtils.readManifest(VFSUtils.java:214)
	at org.jboss.vfs.VirtualJarInputStream.&lt;init&gt;(VirtualJarInputStream.java:78)
	at org.jboss.vfs.VirtualFile.openStream(VirtualFile.java:223)
	at org.jboss.vfs.VFSUtils.readManifest(VFSUtils.java:214)
	at org.jboss.vfs.VirtualJarInputStream.&lt;init&gt;(VirtualJarInputStream.java:78)
	at org.jboss.vfs.VirtualFile.openStream(VirtualFile.java:223)
	at org.jboss.vfs.VFSUtils.readManifest(VFSUtils.java:214)
	at org.jboss.vfs.VirtualJarInputStream.&lt;init&gt;(VirtualJarInputStream.java:78)
	at org.jboss.vfs.VirtualFile.openStream(VirtualFile.java:223)
	at org.jboss.vfs.VFSUtils.readManifest(VFSUtils.java:214)
	at org.jboss.vfs.VirtualJarInputStream.&lt;init&gt;(VirtualJarInputStream.java:78)
	at org.jboss.vfs.VirtualFile.openStream(VirtualFile.java:223)
	at org.jboss.vfs.VFSUtils.readManifest(VFSUtils.java:214)
	at org.jboss.vfs.VirtualJarInputStream.&lt;init&gt;(VirtualJarInputStream.java:78)
	at org.jboss.vfs.VirtualFile.openStream(VirtualFile.java:223)
	at org.jboss.vfs.VFSUtils.readManifest(VFSUtils.java:214)
	at org.jboss.vfs.VirtualJarInputStream.&lt;init&gt;(VirtualJarInputStream.java:78)
	at org.jboss.vfs.VirtualFile.openStream(VirtualFile.java:223)
	at org.jboss.vfs.VFSUtils.readManifest(VFSUtils.java:214)
	at org.jboss.vfs.VirtualJarInputStream.&lt;init&gt;(VirtualJarInputStream.java:78)
	at org.jboss.vfs.VirtualFile.openStream(VirtualFile.java:223)
	at org.jboss.vfs.VFSUtils.readManifest(VFSUtils.java:214)
	at org.jboss.vfs.VirtualJarInputStream.&lt;init&gt;(VirtualJarInputStream.java:78)
	at org.jboss.vfs.VirtualFile.openStream(VirtualFile.java:223)
	at org.jboss.vfs.VFSUtils.readManifest(VFSUtils.java:214)
	at org.jboss.vfs.VirtualJarInputStream.&lt;init&gt;(VirtualJarInputStream.java:78)
	at org.jboss.vfs.VirtualFile.openStream(VirtualFile.java:223)
	at org.jboss.vfs.VFSUtils.readManifest(VFSUtils.java:214)
	at org.jboss.vfs.VirtualJarInputStream.&lt;init&gt;(VirtualJarInputStream.java:78)
	at org.jboss.vfs.VirtualFile.openStream(VirtualFile.java:223)
	at org.jboss.vfs.VFSUtils.readManifest(VFSUtils.java:214)
	at org.jboss.vfs.VirtualJarInputStream.&lt;init&gt;(VirtualJarInputStream.java:78)
	at org.jboss.vfs.VirtualFile.openStream(VirtualFile.java:223)
	at org.jboss.vfs.VFSUtils.readManifest(VFSUtils.java:214)
	at org.jboss.vfs.VirtualJarInputStream.&lt;init&gt;(VirtualJarInputStream.java:78)
	at org.jboss.vfs.VirtualFile.openStream(VirtualFile.java:223)
	at org.jboss.vfs.VFSUtils.readManifest(VFSUtils.java:214)
	at org.jboss.vfs.VirtualJarInputStream.&lt;init&gt;(VirtualJarInputStream.java:78)
	at org.jboss.vfs.VirtualFile.openStream(VirtualFile.java:223)
	at org.jboss.vfs.VFSUtils.readManifest(VFSUtils.java:214)
	at org.jboss.vfs.VirtualJarInputStream.&lt;init&gt;(VirtualJarInputStream.java:78)
	at org.jboss.vfs.VirtualFile.openStream(VirtualFile.java:223)
	at org.jboss.vfs.VFSUtils.readManifest(VFSUtils.java:214)
	at org.jboss.vfs.VirtualJarInputStream.&lt;init&gt;(VirtualJarInputStream.java:78)
	at org.jboss.vfs.VirtualFile.openStream(VirtualFile.java:223)
	at org.jboss.vfs.VFSUtils.readManifest(VFSUtils.java:214)
	at org.jboss.vfs.VirtualJarInputStream.&lt;init&gt;(VirtualJarInputStream.java:78)
	at org.jboss.vfs.VirtualFile.openStream(VirtualFile.java:223)
	at org.jboss.vfs.VFSUtils.readManifest(VFSUtils.java:214)
	at org.jboss.vfs.VirtualJarInputStream.&lt;init&gt;(VirtualJarInputStream.java:78)
	at org.jboss.vfs.VirtualFile.openStream(VirtualFile.java:223)
	at org.jboss.vfs.VFSUtils.readManifest(VFSUtils.java:214)
	at org.jboss.vfs.VirtualJarInputStream.&lt;init&gt;(VirtualJarInputStream.java:78)
	at org.jboss.vfs.VirtualFile.openStream(VirtualFile.java:223)
	at org.jboss.vfs.VFSUtils.readManifest(VFSUtils.java:214)
	at org.jboss.vfs.VirtualJarInputStream.&lt;init&gt;(VirtualJarInputStream.java:78)
	at org.jboss.vfs.VirtualFile.openStream(VirtualFile.java:223)
	at org.jboss.vfs.VFSUtils.readManifest(VFSUtils.java:214)
	at org.jboss.vfs.VirtualJarInputStream.&lt;init&gt;(VirtualJarInputStream.java:78)
	at org.jboss.vfs.VirtualFile.openStream(VirtualFile.java:223)
	at org.jboss.vfs.VFSUtils.readManifest(VFSUtils.java:214)
	at org.jboss.vfs.VirtualJarInputStream.&lt;init&gt;(VirtualJarInputStream.java:78)
	at org.jboss.vfs.VirtualFile.openStream(VirtualFile.java:223)
	at org.jboss.vfs.VFSUtils.readManifest(VFSUtils.java:214)
	at org.jboss.vfs.VirtualJarInputStream.&lt;init&gt;(VirtualJarInputStream.java:78)
	at org.jboss.vfs.VirtualFile.openStream(VirtualFile.java:223)
	at org.jboss.vfs.VFSUtils.readManifest(VFSUtils.java:214)
	at org.jboss.vfs.VirtualJarInputStream.&lt;init&gt;(VirtualJarInputStream.java:78)
	at org.jboss.vfs.VirtualFile.openStream(VirtualFile.java:223)
	at org.jboss.vfs.VFSUtils.readManifest(VFSUtils.java:214)
	at org.jboss.vfs.VirtualJarInputStream.&lt;init&gt;(VirtualJarInputStream.java:78)
	at org.jboss.vfs.VirtualFile.openStream(VirtualFile.java:223)
	at org.jboss.vfs.VFSUtils.readManifest(VFSUtils.java:214)
	at org.jboss.vfs.VirtualJarInputStream.&lt;init&gt;(VirtualJarInputStream.java:78)
	at org.jboss.vfs.VirtualFile.openStream(VirtualFile.java:223)
	at org.jboss.vfs.VFSUtils.readManifest(VFSUtils.java:214)
	at org.jboss.vfs.VirtualJarInputStream.&lt;init&gt;(VirtualJarInputStream.java:78)
	at org.jboss.vfs.VirtualFile.openStream(VirtualFile.java:223)
	at org.jboss.vfs.VFSUtils.readManifest(VFSUtils.java:214)
	at org.jboss.vfs.VirtualJarInputStream.&lt;init&gt;(VirtualJarInputStream.java:78)
	at org.jboss.vfs.VirtualFile.openStream(VirtualFile.java:223)
	at org.jboss.vfs.VFSUtils.readManifest(VFSUtils.java:214)
	at org.jboss.vfs.VirtualJarInputStream.&lt;init&gt;(VirtualJarInputStream.java:78)
	at org.jboss.vfs.VirtualFile.openStream(VirtualFile.java:223)
	at org.jboss.vfs.VFSUtils.readManifest(VFSUtils.java:214)
	at org.jboss.vfs.VirtualJarInputStream.&lt;init&gt;(VirtualJarInputStream.java:78)
	at org.jboss.vfs.VirtualFile.openStream(VirtualFile.java:223)
	at org.jboss.vfs.VFSUtils.readManifest(VFSUtils.java:214)
	at org.jboss.vfs.VirtualJarInputStream.&lt;init&gt;(VirtualJarInputStream.java:78)
	at org.jboss.vfs.VirtualFile.openStream(VirtualFile.java:223)
	at org.jboss.vfs.VFSUtils.readManifest(VFSUtils.java:214)
	at org.jboss.vfs.VirtualJarInputStream.&lt;init&gt;(VirtualJarInputStream.java:78)
	at org.jboss.vfs.VirtualFile.openStream(VirtualFile.java:223)
	at org.jboss.vfs.VFSUtils.readManifest(VFSUtils.java:214)
	at org.jboss.vfs.VirtualJarInputStream.&lt;init&gt;(VirtualJarInputStream.java:78)
	at org.jboss.vfs.VirtualFile.openStream(VirtualFile.java:223)
	at org.jboss.vfs.VFSUtils.readManifest(VFSUtils.java:214)
	at org.jboss.vfs.VirtualJarInputStream.&lt;init&gt;(VirtualJarInputStream.java:78)
	at org.jboss.vfs.VirtualFile.openStream(VirtualFile.java:223)
	at org.jboss.vfs.VFSUtils.readManifest(VFSUtils.java:214)
	at org.jboss.vfs.VirtualJarInputStream.&lt;init&gt;(VirtualJarInputStream.java:78)
	at org.jboss.vfs.VirtualFile.openStream(VirtualFile.java:223)
	at org.jboss.vfs.VFSUtils.readManifest(VFSUtils.java:214)
	at org.jboss.vfs.VirtualJarInputStream.&lt;init&gt;(VirtualJarInputStream.java:78)
	at org.jboss.vfs.VirtualFile.openStream(VirtualFile.java:223)
	at org.jboss.vfs.VFSUtils.readManifest(VFSUtils.java:214)
	at org.jboss.vfs.VirtualJarInputStream.&lt;init&gt;(VirtualJarInputStream.java:78)
	at org.jboss.vfs.VirtualFile.openStream(VirtualFile.java:223)
	at org.jboss.vfs.VFSUtils.readManifest(VFSUtils.java:214)
	at org.jboss.vfs.VirtualJarInputStream.&lt;init&gt;(VirtualJarInputStream.java:78)
	at org.jboss.vfs.VirtualFile.openStream(VirtualFile.java:223)
	at org.jboss.vfs.VFSUtils.readManifest(VFSUtils.java:214)
	at org.jboss.vfs.VirtualJarInputStream.&lt;init&gt;(VirtualJarInputStream.java:78)
	at org.jboss.vfs.VirtualFile.openStream(VirtualFile.java:223)
	at org.jboss.vfs.VFSUtils.readManifest(VFSUtils.java:214)
	at org.jboss.vfs.VirtualJarInputStream.&lt;init&gt;(VirtualJarInputStream.java:78)
	at org.jboss.vfs.VirtualFile.openStream(VirtualFile.java:223)
	at org.jboss.vfs.VFSUtils.readManifest(VFSUtils.java:214)
	at org.jboss.vfs.VirtualJarInputStream.&lt;init&gt;(VirtualJarInputStream.java:78)
	at org.jboss.vfs.VirtualFile.openStream(VirtualFile.java:223)
	at org.jboss.vfs.VFSUtils.readManifest(VFSUtils.java:214)
	at org.jboss.vfs.VirtualJarInputStream.&lt;init&gt;(VirtualJarInputStream.java:78)
	at org.jboss.vfs.VirtualFile.openStream(VirtualFile.java:223)
	at org.jboss.vfs.VFSUtils.readManifest(VFSUtils.java:214)
	at org.jboss.vfs.VirtualJarInputStream.&lt;init&gt;(VirtualJarInputStream.java:78)
	at org.jboss.vfs.VirtualFile.openStream(VirtualFile.java:223)
	at org.jboss.vfs.VFSUtils.readManifest(VFSUtils.java:214)
	at org.jboss.vfs.VirtualJarInputStream.&lt;init&gt;(VirtualJarInputStream.java:78)
	at org.jboss.vfs.VirtualFile.openStream(VirtualFile.java:223)
	at org.jboss.vfs.VFSUtils.readManifest(VFSUtils.java:214)
	at org.jboss.vfs.VirtualJarInputStream.&lt;init&gt;(VirtualJarInputStream.java:78)
	at org.jboss.vfs.VirtualFile.openStream(VirtualFile.java:223)
	at org.jboss.vfs.VFSUtils.readManifest(VFSUtils.java:214)
	at org.jboss.vfs.VirtualJarInputStream.&lt;init&gt;(VirtualJarInputStream.java:78)
	at org.jboss.vfs.VirtualFile.openStream(VirtualFile.java:223)
	at org.jboss.vfs.VFSUtils.readManifest(VFSUtils.java:214)
	at org.jboss.vfs.VirtualJarInputStream.&lt;init&gt;(VirtualJarInputStream.java:78)
	at org.jboss.vfs.VirtualFile.openStream(VirtualFile.java:223)
	at org.jboss.vfs.VFSUtils.readManifest(VFSUtils.java:214)
	at org.jboss.vfs.VirtualJarInputStream.&lt;init&gt;(VirtualJarInputStream.java:78)
	at org.jboss.vfs.VirtualFile.openStream(VirtualFile.java:223)
	at org.jboss.vfs.VFSUtils.readManifest(VFSUtils.java:214)
	at org.jboss.vfs.VirtualJarInputStream.&lt;init&gt;(VirtualJarInputStream.java:78)
	at org.jboss.vfs.VirtualFile.openStream(VirtualFile.java:223)
	at org.jboss.vfs.VFSUtils.readManifest(VFSUtils.java:214)
	at org.jboss.vfs.VirtualJarInputStream.&lt;init&gt;(VirtualJarInputStream.java:78)
	at org.jboss.vfs.VirtualFile.openStream(VirtualFile.java:223)
	at org.jboss.vfs.VFSUtils.readManifest(VFSUtils.java:214)
	at org.jboss.vfs.VirtualJarInputStream.&lt;init&gt;(VirtualJarInputStream.java:78)
	at org.jboss.vfs.VirtualFile.openStream(VirtualFile.java:223)
	at org.jboss.vfs.VFSUtils.readManifest(VFSUtils.java:214)
	at org.jboss.vfs.VirtualJarInputStream.&lt;init&gt;(VirtualJarInputStream.java:78)
	at org.jboss.vfs.VirtualFile.openStream(VirtualFile.java:223)
	at org.jboss.vfs.VFSUtils.readManifest(VFSUtils.java:214)
	at org.jboss.vfs.VirtualJarInputStream.&lt;init&gt;(VirtualJarInputStream.java:78)
	at org.jboss.vfs.VirtualFile.openStream(VirtualFile.java:223)
	at org.jboss.vfs.VFSUtils.readManifest(VFSUtils.java:214)
	at org.jboss.vfs.VirtualJarInputStream.&lt;init&gt;(VirtualJarInputStream.java:78)
	at org.jboss.vfs.VirtualFile.openStream(VirtualFile.java:223)
	at org.jboss.vfs.VFSUtils.readManifest(VFSUtils.java:214)
	at org.jboss.vfs.VirtualJarInputStream.&lt;init&gt;(VirtualJarInputStream.java:78)
	at org.jboss.vfs.VirtualFile.openStream(VirtualFile.java:223)
	at org.jboss.vfs.VFSUtils.readManifest(VFSUtils.java:214)
	at org.jboss.vfs.VirtualJarInputStream.&lt;init&gt;(VirtualJarInputStream.java:78)
	at org.jboss.vfs.VirtualFile.openStream(VirtualFile.java:223)
	at org.jboss.vfs.VFSUtils.readManifest(VFSUtils.java:214)
	at org.jboss.vfs.VirtualJarInputStream.&lt;init&gt;(VirtualJarInputStream.java:78)
	at org.jboss.vfs.VirtualFile.openStream(VirtualFile.java:223)
	at org.jboss.vfs.VFSUtils.readManifest(VFSUtils.java:214)
	at org.jboss.vfs.VirtualJarInputStream.&lt;init&gt;(VirtualJarInputStream.java:78)
	at org.jboss.vfs.VirtualFile.openStream(VirtualFile.java:223)
	at org.jboss.vfs.VFSUtils.readManifest(VFSUtils.java:214)
	at org.jboss.vfs.VirtualJarInputStream.&lt;init&gt;(VirtualJarInputStream.java:78)
	at org.jboss.vfs.VirtualFile.openStream(VirtualFile.java:223)
	at org.jboss.vfs.VFSUtils.readManifest(VFSUtils.java:214)
	at org.jboss.vfs.VirtualJarInputStream.&lt;init&gt;(VirtualJarInputStream.java:78)
	at org.jboss.vfs.VirtualFile.openStream(VirtualFile.java:223)
	at org.jboss.vfs.VFSUtils.readManifest(VFSUtils.java:214)
	at org.jboss.vfs.VirtualJarInputStream.&lt;init&gt;(VirtualJarInputStream.java:78)
	at org.jboss.vfs.VirtualFile.openStream(VirtualFile.java:223)
	at org.jboss.vfs.VFSUtils.readManifest(VFSUtils.java:214)
	at org.jboss.vfs.VirtualJarInputStream.&lt;init&gt;(VirtualJarInputStream.java:78)
	at org.jboss.vfs.VirtualFile.openStream(VirtualFile.java:223)
	at org.jboss.vfs.VFSUtils.readManifest(VFSUtils.java:214)
	at org.jboss.vfs.VirtualJarInputStream.&lt;init&gt;(VirtualJarInputStream.java:78)
	at org.jboss.vfs.VirtualFile.openStream(VirtualFile.java:223)
	at org.jboss.vfs.VFSUtils.readManifest(VFSUtils.java:214)
	at org.jboss.vfs.VirtualJarInputStream.&lt;init&gt;(VirtualJarInputStream.java:78)
	at org.jboss.vfs.VirtualFile.openStream(VirtualFile.java:223)
	at org.jboss.vfs.VFSUtils.readManifest(VFSUtils.java:214)
	at org.jboss.vfs.VirtualJarInputStream.&lt;init&gt;(VirtualJarInputStream.java:78)
	at org.jboss.vfs.VirtualFile.openStream(VirtualFile.java:223)
	at org.jboss.vfs.VFSUtils.readManifest(VFSUtils.java:214)
	at org.jboss.vfs.VirtualJarInputStream.&lt;init&gt;(VirtualJarInputStream.java:78)
	at org.jboss.vfs.VirtualFile.openStream(VirtualFile.java:223)
	at org.jboss.vfs.VFSUtils.readManifest(VFSUtils.java:214)
	at org.jboss.vfs.VirtualJarInputStream.&lt;init&gt;(VirtualJarInputStream.java:78)
	at org.jboss.vfs.VirtualFile.openStream(VirtualFile.java:223)
	at org.jboss.vfs.VFSUtils.readManifest(VFSUtils.java:214)
	at org.jboss.vfs.VirtualJarInputStream.&lt;init&gt;(VirtualJarInputStream.java:78)
	at org.jboss.vfs.VirtualFile.openStream(VirtualFile.java:223)
	at org.jboss.vfs.VFSUtils.readManifest(VFSUtils.java:214)
	at org.jboss.vfs.VirtualJarInputStream.&lt;init&gt;(VirtualJarInputStream.java:78)
	at org.jboss.vfs.VirtualFile.openStream(VirtualFile.java:223)
	at org.jboss.vfs.VFSUtils.readManifest(VFSUtils.java:214)
	at org.jboss.vfs.VirtualJarInputStream.&lt;init&gt;(VirtualJarInputStream.java:78)
	at org.jboss.vfs.VirtualFile.openStream(VirtualFile.java:223)
	at org.jboss.vfs.VFSUtils.readManifest(VFSUtils.java:214)
	at org.jboss.vfs.VirtualJarInputStream.&lt;init&gt;(VirtualJarInputStream.java:78)
	at org.jboss.vfs.VirtualFile.openStream(VirtualFile.java:223)
	at org.jboss.vfs.VFSUtils.readManifest(VFSUtils.java:214)
	at org.jboss.vfs.VirtualJarInputStream.&lt;init&gt;(VirtualJarInputStream.java:78)
	at org.jboss.vfs.VirtualFile.openStream(VirtualFile.java:223)
	at org.jboss.vfs.VFSUtils.readManifest(VFSUtils.java:214)
	at org.jboss.vfs.VirtualJarInputStream.&lt;init&gt;(VirtualJarInputStream.java:78)
	at org.jboss.vfs.VirtualFile.openStream(VirtualFile.java:223)
	at org.jboss.vfs.VFSUtils.readManifest(VFSUtils.java:214)
	at org.jboss.vfs.VirtualJarInputStream.&lt;init&gt;(VirtualJarInputStream.java:78)
	at org.jboss.vfs.VirtualFile.openStream(VirtualFile.java:223)
	at org.jboss.vfs.VFSUtils.readManifest(VFSUtils.java:214)
	at org.jboss.vfs.VirtualJarInputStream.&lt;init&gt;(VirtualJarInputStream.java:78)
	at org.jboss.vfs.VirtualFile.openStream(VirtualFile.java:223)
	at org.jboss.vfs.VFSUtils.readManifest(VFSUtils.java:214)
	at org.jboss.vfs.VirtualJarInputStream.&lt;init&gt;(VirtualJarInputStream.java:78)
	at org.jboss.vfs.VirtualFile.openStream(VirtualFile.java:223)
	at org.jboss.vfs.VFSUtils.readManifest(VFSUtils.java:214)
	at org.jboss.vfs.VirtualJarInputStream.&lt;init&gt;(VirtualJarInputStream.java:78)
	at org.jboss.vfs.VirtualFile.openStream(VirtualFile.java:223)
	at org.jboss.vfs.VFSUtils.readManifest(VFSUtils.java:214)
	at org.jboss.vfs.VirtualJarInputStream.&lt;init&gt;(VirtualJarInputStream.java:78)
	at org.jboss.vfs.VirtualFile.openStream(VirtualFile.java:223)
	at org.jboss.vfs.VFSUtils.readManifest(VFSUtils.java:214)
	at org.jboss.vfs.VirtualJarInputStream.&lt;init&gt;(VirtualJarInputStream.java:78)
	at org.jboss.vfs.VirtualFile.openStream(VirtualFile.java:223)
	at org.jboss.vfs.VFSUtils.readManifest(VFSUtils.java:214)
	at org.jboss.vfs.VirtualJarInputStream.&lt;init&gt;(VirtualJarInputStream.java:78)
	at org.jboss.vfs.VirtualFile.openStream(VirtualFile.java:223)
	at org.jboss.vfs.VFSUtils.readManifest(VFSUtils.java:214)
	at org.jboss.vfs.VirtualJarInputStream.&lt;init&gt;(VirtualJarInputStream.java:78)
	at org.jboss.vfs.VirtualFile.openStream(VirtualFile.java:223)
	at org.jboss.vfs.VFSUtils.readManifest(VFSUtils.java:214)
	at org.jboss.vfs.VirtualJarInputStream.&lt;init&gt;(VirtualJarInputStream.java:78)
	at org.jboss.vfs.VirtualFile.openStream(VirtualFile.java:223)
	at org.jboss.vfs.VFSUtils.readManifest(VFSUtils.java:214)
	at org.jboss.vfs.VirtualJarInputStream.&lt;init&gt;(VirtualJarInputStream.java:78)
	at org.jboss.vfs.VirtualFile.openStream(VirtualFile.java:223)
	at org.jboss.vfs.VFSUtils.readManifest(VFSUtils.java:214)
	at org.jboss.vfs.VirtualJarInputStream.&lt;init&gt;(VirtualJarInputStream.java:78)
	at org.jboss.vfs.VirtualFile.openStream(VirtualFile.java:223)
	at org.jboss.vfs.VFSUtils.readManifest(VFSUtils.java:214)
	at org.jboss.vfs.VirtualJarInputStream.&lt;init&gt;(VirtualJarInputStream.java:78)
	at org.jboss.vfs.VirtualFile.openStream(VirtualFile.java:223)
	at org.jboss.vfs.VFSUtils.readManifest(VFSUtils.java:214)
	at org.jboss.vfs.VirtualJarInputStream.&lt;init&gt;(VirtualJarInputStream.java:78)
	at org.jboss.vfs.VirtualFile.openStream(VirtualFile.java:223)
	at org.jboss.vfs.VFSUtils.readManifest(VFSUtils.java:214)
	at org.jboss.vfs.VirtualJarInputStream.&lt;init&gt;(VirtualJarInputStream.java:78)
	at org.jboss.vfs.VirtualFile.openStream(VirtualFile.java:223)
	at org.jboss.vfs.VFSUtils.readManifest(VFSUtils.java:214)
	at org.jboss.vfs.VirtualJarInputStream.&lt;init&gt;(VirtualJarInputStream.java:78)
	at org.jboss.vfs.VirtualFile.openStream(VirtualFile.java:223)
	at org.jboss.vfs.VFSUtils.readManifest(VFSUtils.java:214)
	at org.jboss.vfs.VirtualJarInputStream.&lt;init&gt;(VirtualJarInputStream.java:78)
	at org.jboss.vfs.VirtualFile.openStream(VirtualFile.java:223)
	at org.jboss.vfs.VFSUtils.readManifest(VFSUtils.java:214)
	at org.jboss.vfs.VirtualJarInputStream.&lt;init&gt;(VirtualJarInputStream.java:78)
	at org.jboss.vfs.VirtualFile.openStream(VirtualFile.java:223)
	at org.jboss.vfs.VFSUtils.readManifest(VFSUtils.java:214)
	at org.jboss.vfs.VirtualJarInputStream.&lt;init&gt;(VirtualJarInputStream.java:78)
	at org.jboss.vfs.VirtualFile.openStream(VirtualFile.java:223)
	at org.jboss.vfs.VFSUtils.readManifest(VFSUtils.java:214)
	at org.jboss.vfs.VirtualJarInputStream.&lt;init&gt;(VirtualJarInputStream.java:78)
	at org.jboss.vfs.VirtualFile.openStream(VirtualFile.java:223)
	at org.jboss.vfs.VFSUtils.readManifest(VFSUtils.java:214)
	at org.jboss.vfs.VirtualJarInputStream.&lt;init&gt;(VirtualJarInputStream.java:78)
	at org.jboss.vfs.VirtualFile.openStream(VirtualFile.java:223)
	at org.jboss.vfs.VFSUtils.readManifest(VFSUtils.java:214)
	at org.jboss.vfs.VirtualJarInputStream.&lt;init&gt;(VirtualJarInputStream.java:78)
	at org.jboss.vfs.VirtualFile.openStream(VirtualFile.java:223)
	at org.jboss.vfs.VFSUtils.readManifest(VFSUtils.java:214)
	at org.jboss.vfs.VirtualJarInputStream.&lt;init&gt;(VirtualJarInputStream.java:78)
	at org.jboss.vfs.VirtualFile.openStream(VirtualFile.java:223)
	at org.jboss.vfs.VFSUtils.readManifest(VFSUtils.java:214)
	at org.jboss.vfs.VirtualJarInputStream.&lt;init&gt;(VirtualJarInputStream.java:78)
	at org.jboss.vfs.VirtualFile.openStream(VirtualFile.java:223)
	at org.jboss.vfs.VFSUtils.readManifest(VFSUtils.java:214)
	at org.jboss.vfs.VirtualJarInputStream.&lt;init&gt;(VirtualJarInputStream.java:78)
	at org.jboss.vfs.VirtualFile.openStream(VirtualFile.java:223)
	at org.jboss.vfs.VFSUtils.readManifest(VFSUtils.java:214)
	at org.jboss.vfs.VirtualJarInputStream.&lt;init&gt;(VirtualJarInputStream.java:78)
	at org.jboss.vfs.VirtualFile.openStream(VirtualFile.java:223)
	at org.jboss.vfs.VFSUtils.readManifest(VFSUtils.java:214)
	at org.jboss.vfs.VirtualJarInputStream.&lt;init&gt;(VirtualJarInputStream.java:78)
	at org.jboss.vfs.VirtualFile.openStream(VirtualFile.java:223)
	at org.jboss.vfs.VFSUtils.readManifest(VFSUtils.java:214)
	at org.jboss.vfs.VirtualJarInputStream.&lt;init&gt;(VirtualJarInputStream.java:78)
	at org.jboss.vfs.VirtualFile.openStream(VirtualFile.java:223)
	at org.jboss.vfs.VFSUtils.readManifest(VFSUtils.java:214)
	at org.jboss.vfs.VirtualJarInputStream.&lt;init&gt;(VirtualJarInputStream.java:78)
	at org.jboss.vfs.VirtualFile.openStream(VirtualFile.java:223)
	at org.jboss.vfs.VFSUtils.readManifest(VFSUtils.java:214)
	at org.jboss.vfs.VirtualJarInputStream.&lt;init&gt;(VirtualJarInputStream.java:78)
	at org.jboss.vfs.VirtualFile.openStream(VirtualFile.java:223)
	at org.jboss.vfs.VFSUtils.readManifest(VFSUtils.java:214)
	at org.jboss.vfs.VirtualJarInputStream.&lt;init&gt;(VirtualJarInputStream.java:78)
	at org.jboss.vfs.VirtualFile.openStream(VirtualFile.java:223)
	at org.jboss.vfs.VFSUtils.readManifest(VFSUtils.java:214)
	at org.jboss.vfs.VirtualJarInputStream.&lt;init&gt;(VirtualJarInputStream.java:78)
	at org.jboss.vfs.VirtualFile.openStream(VirtualFile.java:223)
	at org.jboss.vfs.VFSUtils.readManifest(VFSUtils.java:214)
	at org.jboss.vfs.VirtualJarInputStream.&lt;init&gt;(VirtualJarInputStream.java:78)
	at org.jboss.vfs.VirtualFile.openStream(VirtualFile.java:223)
	at org.jboss.vfs.VFSUtils.readManifest(VFSUtils.java:214)
	at org.jboss.vfs.VirtualJarInputStream.&lt;init&gt;(VirtualJarInputStream.java:78)
	at org.jboss.vfs.VirtualFile.openStream(VirtualFile.java:223)
	at org.jboss.vfs.VFSUtils.readManifest(VFSUtils.java:214)
	at org.jboss.vfs.VirtualJarInputStream.&lt;init&gt;(VirtualJarInputStream.java:78)
	at org.jboss.vfs.VirtualFile.openStream(VirtualFile.java:223)
	at org.jboss.vfs.VFSUtils.readManifest(VFSUtils.java:214)
	at org.jboss.vfs.VirtualJarInputStream.&lt;init&gt;(VirtualJarInputStream.java:78)
	at org.jboss.vfs.VirtualFile.openStream(VirtualFile.java:223)
	at org.jboss.vfs.VFSUtils.readManifest(VFSUtils.java:214)
	at org.jboss.vfs.VirtualJarInputStream.&lt;init&gt;(VirtualJarInputStream.java:78)
	at org.jboss.vfs.VirtualFile.openStream(VirtualFile.java:223)
	at org.jboss.vfs.VFSUtils.readManifest(VFSUtils.java:214)
	at org.jboss.vfs.VirtualJarInputStream.&lt;init&gt;(VirtualJarInputStream.java:78)
	at org.jboss.vfs.VirtualFile.openStream(VirtualFile.java:223)
	at org.jboss.vfs.VFSUtils.readManifest(VFSUtils.java:214)
	at org.jboss.vfs.VirtualJarInputStream.&lt;init&gt;(VirtualJarInputStream.java:78)
	at org.jboss.vfs.VirtualFile.openStream(VirtualFile.java:223)
	at org.jboss.vfs.VFSUtils.readManifest(VFSUtils.java:214)
	at org.jboss.vfs.VirtualJarInputStream.&lt;init&gt;(VirtualJarInputStream.java:78)
	at org.jboss.vfs.VirtualFile.openStream(VirtualFile.java:223)
	at org.jboss.vfs.VFSUtils.readManifest(VFSUtils.java:214)
	at org.jboss.vfs.VirtualJarInputStream.&lt;init&gt;(VirtualJarInputStream.java:78)
	at org.jboss.vfs.VirtualFile.openStream(VirtualFile.java:223)
	at org.jboss.vfs.VFSUtils.readManifest(VFSUtils.java:214)
	at org.jboss.vfs.VirtualJarInputStream.&lt;init&gt;(VirtualJarInputStream.java:78)
	at org.jboss.vfs.VirtualFile.openStream(VirtualFile.java:223)
	at org.jboss.vfs.VFSUtils.readManifest(VFSUtils.java:214)
	at org.jboss.vfs.VirtualJarInputStream.&lt;init&gt;(VirtualJarInputStream.java:78)
	at org.jboss.vfs.VirtualFile.openStream(VirtualFile.java:223)
	at org.jboss.vfs.VFSUtils.readManifest(VFSUtils.java:214)
	at org.jboss.vfs.VirtualJarInputStream.&lt;init&gt;(VirtualJarInputStream.java:78)
	at org.jboss.vfs.VirtualFile.openStream(VirtualFile.java:223)
	at org.jboss.vfs.VFSUtils.readManifest(VFSUtils.java:214)
	at org.jboss.vfs.VirtualJarInputStream.&lt;init&gt;(VirtualJarInputStream.java:78)
	at org.jboss.vfs.VirtualFile.openStream(VirtualFile.java:223)
	at org.jboss.vfs.VFSUtils.readManifest(VFSUtils.java:214)
	at org.jboss.vfs.VirtualJarInputStream.&lt;init&gt;(VirtualJarInputStream.java:78)
	at org.jboss.vfs.VirtualFile.openStream(VirtualFile.java:223)
	at org.jboss.vfs.VFSUtils.readManifest(VFSUtils.java:214)
	at org.jboss.vfs.VirtualJarInputStream.&lt;init&gt;(VirtualJarInputStream.java:78)
	at org.jboss.vfs.VirtualFile.openStream(VirtualFile.java:223)
	at org.jboss.vfs.VFSUtils.readManifest(VFSUtils.java:214)
	at org.jboss.vfs.VirtualJarInputStream.&lt;init&gt;(VirtualJarInputStream.java:78)
	at org.jboss.vfs.VirtualFile.openStream(VirtualFile.java:223)
	at org.jboss.vfs.VFSUtils.readManifest(VFSUtils.java:214)
	at org.jboss.vfs.VirtualJarInputStream.&lt;init&gt;(VirtualJarInputStream.java:78)
	at org.jboss.vfs.VirtualFile.openStream(VirtualFile.java:223)
	at org.jboss.vfs.VFSUtils.readManifest(VFSUtils.java:214)
	at org.jboss.vfs.VirtualJarInputStream.&lt;init&gt;(VirtualJarInputStream.java:78)
	at org.jboss.vfs.VirtualFile.openStream(VirtualFile.java:223)
	at org.jboss.vfs.VFSUtils.readManifest(VFSUtils.java:214)
	at org.jboss.vfs.VirtualJarInputStream.&lt;init&gt;(VirtualJarInputStream.java:78)
	at org.jboss.vfs.VirtualFile.openStream(VirtualFile.java:223)
	at org.jboss.vfs.VFSUtils.readManifest(VFSUtils.java:214)
	at org.jboss.vfs.VirtualJarInputStream.&lt;init&gt;(VirtualJarInputStream.java:78)
	at org.jboss.vfs.VirtualFile.openStream(VirtualFile.java:223)
	at org.jboss.vfs.VFSUtils.readManifest(VFSUtils.java:214)
	at org.jboss.vfs.VirtualJarInputStream.&lt;init&gt;(VirtualJarInputStream.java:78)
	at org.jboss.vfs.VirtualFile.openStream(VirtualFile.java:223)
	at org.jboss.vfs.VFSUtils.readManifest(VFSUtils.java:214)
	at org.jboss.vfs.VirtualJarInputStream.&lt;init&gt;(VirtualJarInputStream.java:78)
	at org.jboss.vfs.VirtualFile.openStream(VirtualFile.java:223)
	at org.jboss.vfs.VFSUtils.readManifest(VFSUtils.java:214)
	at org.jboss.vfs.VirtualJarInputStream.&lt;init&gt;(VirtualJarInputStream.java:78)
	at org.jboss.vfs.VirtualFile.openStream(VirtualFile.java:223)
	at org.jboss.vfs.VFSUtils.readManifest(VFSUtils.java:214)
	at org.jboss.vfs.VirtualJarInputStream.&lt;init&gt;(VirtualJarInputStream.java:78)
	at org.jboss.vfs.VirtualFile.openStream(VirtualFile.java:223)
	at org.jboss.vfs.VFSUtils.readManifest(VFSUtils.java:214)
	at org.jboss.vfs.VirtualJarInputStream.&lt;init&gt;(VirtualJarInputStream.java:78)
	at org.jboss.vfs.VirtualFile.openStream(VirtualFile.java:223)
	at org.jboss.vfs.VFSUtils.readManifest(VFSUtils.java:214)
	at org.jboss.vfs.VirtualJarInputStream.&lt;init&gt;(VirtualJarInputStream.java:78)
	at org.jboss.vfs.VirtualFile.openStream(VirtualFile.java:223)
	at org.jboss.vfs.VFSUtils.readManifest(VFSUtils.java:214)
	at org.jboss.vfs.VirtualJarInputStream.&lt;init&gt;(VirtualJarInputStream.java:78)
	at org.jboss.vfs.VirtualFile.openStream(VirtualFile.java:223)
	at org.jboss.vfs.VFSUtils.readManifest(VFSUtils.java:214)
	at org.jboss.vfs.VirtualJarInputStream.&lt;init&gt;(VirtualJarInputStream.java:78)
	at org.jboss.vfs.VirtualFile.openStream(VirtualFile.java:223)
	at org.jboss.vfs.VFSUtils.readManifest(VFSUtils.java:214)
	at org.jboss.vfs.VirtualJarInputStream.&lt;init&gt;(VirtualJarInputStream.java:78)
	at org.jboss.vfs.VirtualFile.openStream(VirtualFile.java:223)
	at org.jboss.vfs.VFSUtils.readManifest(VFSUtils.java:214)
	at org.jboss.vfs.VirtualJarInputStream.&lt;init&gt;(VirtualJarInputStream.java:78)
	at org.jboss.vfs.VirtualFile.openStream(VirtualFile.java:223)
	at org.jboss.vfs.VFSUtils.readManifest(VFSUtils.java:214)
	at org.jboss.vfs.VirtualJarInputStream.&lt;init&gt;(VirtualJarInputStream.java:78)
	at org.jboss.vfs.VirtualFile.openStream(VirtualFile.java:223)
	at org.jboss.vfs.VFSUtils.readManifest(VFSUtils.java:214)
	at org.jboss.vfs.VirtualJarInputStream.&lt;init&gt;(VirtualJarInputStream.java:78)
	at org.jboss.vfs.VirtualFile.openStream(VirtualFile.java:223)
	at org.jboss.vfs.VFSUtils.readManifest(VFSUtils.java:214)
	at org.jboss.vfs.VirtualJarInputStream.&lt;init&gt;(VirtualJarInputStream.java:78)
	at org.jboss.vfs.VirtualFile.openStream(VirtualFile.java:223)
	at org.jboss.vfs.VFSUtils.readManifest(VFSUtils.java:214)
	at org.jboss.vfs.VirtualJarInputStream.&lt;init&gt;(VirtualJarInputStream.java:78)
	at org.jboss.vfs.VirtualFile.openStream(VirtualFile.java:223)
	at org.jboss.vfs.VFSUtils.readManifest(VFSUtils.java:214)
	at org.jboss.vfs.VirtualJarInputStream.&lt;init&gt;(VirtualJarInputStream.java:78)
	at org.jboss.vfs.VirtualFile.openStream(VirtualFile.java:223)
	at org.jboss.vfs.VFSUtils.readManifest(VFSUtils.java:214)
	at org.jboss.vfs.VirtualJarInputStream.&lt;init&gt;(VirtualJarInputStream.java:78)
	at org.jboss.vfs.VirtualFile.openStream(VirtualFile.java:223)
	at org.jboss.vfs.VFSUtils.readManifest(VFSUtils.java:214)
	at org.jboss.vfs.VirtualJarInputStream.&lt;init&gt;(VirtualJarInputStream.java:78)
	at org.jboss.vfs.VirtualFile.openStream(VirtualFile.java:223)
	at org.jboss.vfs.VFSUtils.readManifest(VFSUtils.java:214)
	at org.jboss.vfs.VirtualJarInputStream.&lt;init&gt;(VirtualJarInputStream.java:78)
	at org.jboss.vfs.VirtualFile.openStream(VirtualFile.java:223)
	at org.jboss.vfs.VFSUtils.readManifest(VFSUtils.java:214)
	at org.jboss.vfs.VirtualJarInputStream.&lt;init&gt;(VirtualJarInputStream.java:78)
	at org.jboss.vfs.VirtualFile.openStream(VirtualFile.java:223)
	at org.jboss.vfs.VFSUtils.readManifest(VFSUtils.java:214)
	at org.jboss.vfs.VirtualJarInputStream.&lt;init&gt;(VirtualJarInputStream.java:78)
	at org.jboss.vfs.VirtualFile.openStream(VirtualFile.java:223)
	at org.jboss.vfs.VFSUtils.readManifest(VFSUtils.java:214)
	at org.jboss.vfs.VirtualJarInputStream.&lt;init&gt;(VirtualJarInputStream.java:78)
	at org.jboss.vfs.VirtualFile.openStream(VirtualFile.java:223)
	at org.jboss.vfs.VFSUtils.readManifest(VFSUtils.java:214)
	at org.jboss.vfs.VirtualJarInputStream.&lt;init&gt;(VirtualJarInputStream.java:78)
	at org.jboss.vfs.VirtualFile.openStream(VirtualFile.java:223)
	at org.jboss.vfs.VFSUtils.readManifest(VFSUtils.java:214)
	at org.jboss.vfs.VirtualJarInputStream.&lt;init&gt;(VirtualJarInputStream.java:78)
	at org.jboss.vfs.VirtualFile.openStream(VirtualFile.java:223)
	at org.jboss.vfs.VFSUtils.readManifest(VFSUtils.java:214)
	at org.jboss.vfs.VirtualJarInputStream.&lt;init&gt;(VirtualJarInputStream.java:78)
	at org.jboss.vfs.VirtualFile.openStream(VirtualFile.java:223)
	at org.jboss.vfs.VFSUtils.readManifest(VFSUtils.java:214)
	at org.jboss.vfs.VirtualJarInputStream.&lt;init&gt;(VirtualJarInputStream.java:78)
	at org.jboss.vfs.VirtualFile.openStream(VirtualFile.java:223)
	at org.jboss.vfs.VFSUtils.readManifest(VFSUtils.java:214)
	at org.jboss.vfs.VirtualJarInputStream.&lt;init&gt;(VirtualJarInputStream.java:78)
	at org.jboss.vfs.VirtualFile.openStream(VirtualFile.java:223)
	at org.jboss.vfs.VFSUtils.readManifest(VFSUtils.java:214)
	at org.jboss.vfs.VirtualJarInputStream.&lt;init&gt;(VirtualJarInputStream.java:78)
	at org.jboss.vfs.VirtualFile.openStream(VirtualFile.java:223)
	at org.jboss.vfs.VFSUtils.readManifest(VFSUtils.java:214)
	at org.jboss.vfs.VirtualJarInputStream.&lt;init&gt;(VirtualJarInputStream.java:78)
	at org.jboss.vfs.VirtualFile.openStream(VirtualFile.java:223)
	at org.jboss.vfs.VFSUtils.readManifest(VFSUtils.java:214)
	at org.jboss.vfs.VirtualJarInputStream.&lt;init&gt;(VirtualJarInputStream.java:78)
	at org.jboss.vfs.VirtualFile.openStream(VirtualFile.java:223)
	at org.jboss.vfs.VFSUtils.readManifest(VFSUtils.java:214)
	at org.jboss.vfs.VirtualJarInputStream.&lt;init&gt;(VirtualJarInputStream.java:78)
	at org.jboss.vfs.VirtualFile.openStream(VirtualFile.java:223)
	at org.jboss.vfs.VFSUtils.readManifest(VFSUtils.java:214)
	at org.jboss.vfs.VirtualJarInputStream.&lt;init&gt;(VirtualJarInputStream.java:78)
	at org.jboss.vfs.VirtualFile.openStream(VirtualFile.java:223)
	at org.jboss.vfs.VFSUtils.readManifest(VFSUtils.java:214)
	at org.jboss.vfs.VirtualJarInputStream.&lt;init&gt;(VirtualJarInputStream.java:78)
	at org.jboss.vfs.VirtualFile.openStream(VirtualFile.java:223)
	at org.jboss.vfs.VFSUtils.readManifest(VFSUtils.java:214)
	at org.jboss.vfs.VirtualJarInputStream.&lt;init&gt;(VirtualJarInputStream.java:78)
	at org.jboss.vfs.VirtualFile.openStream(VirtualFile.java:223)
	at org.jboss.vfs.VFSUtils.readManifest(VFSUtils.java:214)
	at org.jboss.vfs.VirtualJarInputStream.&lt;init&gt;(VirtualJarInputStream.java:78)
	at org.jboss.vfs.VirtualFile.openStream(VirtualFile.java:223)
	at org.jboss.vfs.VFSUtils.readManifest(VFSUtils.java:214)
	at org.jboss.vfs.VirtualJarInputStream.&lt;init&gt;(VirtualJarInputStream.java:78)
	at org.jboss.vfs.VirtualFile.openStream(VirtualFile.java:223)
	at org.jboss.vfs.VFSUtils.readManifest(VFSUtils.java:214)
	at org.jboss.vfs.VirtualJarInputStream.&lt;init&gt;(VirtualJarInputStream.java:78)
	at org.jboss.vfs.VirtualFile.openStream(VirtualFile.java:223)
	at org.jboss.vfs.VFSUtils.readManifest(VFSUtils.java:214)
	at org.jboss.vfs.VirtualJarInputStream.&lt;init&gt;(VirtualJarInputStream.java:78)
	at org.jboss.vfs.VirtualFile.openStream(VirtualFile.java:223)
	at org.jboss.vfs.VFSUtils.readManifest(VFSUtils.java:214)
	at org.jboss.vfs.VirtualJarInputStream.&lt;init&gt;(VirtualJarInputStream.java:78)
	at org.jboss.vfs.VirtualFile.openStream(VirtualFile.java:223)
	at org.jboss.vfs.VFSUtils.readManifest(VFSUtils.java:214)
	at org.jboss.vfs.VirtualJarInputStream.&lt;init&gt;(VirtualJarInputStream.java:78)
	at org.jboss.vfs.VirtualFile.openStream(VirtualFile.java:223)
	at org.jboss.vfs.VFSUtils.readManifest(VFSUtils.java:214)
	at org.jboss.vfs.VirtualJarInputStream.&lt;init&gt;(VirtualJarInputStream.java:78)
	at org.jboss.vfs.VirtualFile.openStream(VirtualFile.java:223)
	at org.jboss.vfs.VFSUtils.readManifest(VFSUtils.java:214)
	at org.jboss.vfs.VirtualJarInputStream.&lt;init&gt;(VirtualJarInputStream.java:78)
	at org.jboss.vfs.VirtualFile.openStream(VirtualFile.java:223)
	at org.jboss.vfs.VFSUtils.readManifest(VFSUtils.java:214)
	at org.jboss.vfs.VirtualJarInputStream.&lt;init&gt;(VirtualJarInputStream.java:78)
	at org.jboss.vfs.VirtualFile.openStream(VirtualFile.java:223)
	at org.jboss.vfs.VFSUtils.readManifest(VFSUtils.java:214)
	at org.jboss.vfs.VirtualJarInputStream.&lt;init&gt;(VirtualJarInputStream.java:78)
	at org.jboss.vfs.VirtualFile.openStream(VirtualFile.java:223)
	at org.jboss.vfs.VFSUtils.readManifest(VFSUtils.java:214)
	at org.jboss.vfs.VirtualJarInputStream.&lt;init&gt;(VirtualJarInputStream.java:78)
	at org.jboss.vfs.VirtualFile.openStream(VirtualFile.java:223)
	at org.jboss.vfs.VFSUtils.readManifest(VFSUtils.java:214)
	at org.jboss.vfs.VirtualJarInputStream.&lt;init&gt;(VirtualJarInputStream.java:78)
	at org.jboss.vfs.VirtualFile.openStream(VirtualFile.java:223)
	at org.jboss.vfs.VFSUtils.readManifest(VFSUtils.java:214)
	at org.jboss.vfs.VirtualJarInputStream.&lt;init&gt;(VirtualJarInputStream.java:78)
	at org.jboss.vfs.VirtualFile.openStream(VirtualFile.java:223)
	at org.jboss.vfs.VFSUtils.readManifest(VFSUtils.java:214)
	at org.jboss.vfs.VirtualJarInputStream.&lt;init&gt;(VirtualJarInputStream.java:78)
	at org.jboss.vfs.VirtualFile.openStream(VirtualFile.java:223)
	at org.jboss.vfs.VFSUtils.readManifest(VFSUtils.java:214)
	at org.jboss.vfs.VirtualJarInputStream.&lt;init&gt;(VirtualJarInputStream.java:78)
	at org.jboss.vfs.VirtualFile.openStream(VirtualFile.java:223)
	at org.jboss.vfs.VFSUtils.readManifest(VFSUtils.java:214)
	at org.jboss.vfs.VirtualJarInputStream.&lt;init&gt;(VirtualJarInputStream.java:78)
	at org.jboss.vfs.VirtualFile.openStream(VirtualFile.java:223)
	at org.jboss.vfs.VFSUtils.readManifest(VFSUtils.java:214)
	at org.jboss.vfs.VirtualJarInputStream.&lt;init&gt;(VirtualJarInputStream.java:78)
	at org.jboss.vfs.VirtualFile.openStream(VirtualFile.java:223)
	at org.jboss.vfs.VFSUtils.readManifest(VFSUtils.java:214)
	at org.jboss.vfs.VirtualJarInputStream.&lt;init&gt;(VirtualJarInputStream.java:78)
	at org.jboss.vfs.VirtualFile.openStream(VirtualFile.java:223)
	at org.jboss.vfs.VFSUtils.readManifest(VFSUtils.java:214)
	at org.jboss.vfs.VirtualJarInputStream.&lt;init&gt;(VirtualJarInputStream.java:78)
	at org.jboss.vfs.VirtualFile.openStream(VirtualFile.java:223)
	at org.jboss.vfs.VFSUtils.readManifest(VFSUtils.java:214)
	at org.jboss.vfs.VirtualJarInputStream.&lt;init&gt;(VirtualJarInputStream.java:78)
	at org.jboss.vfs.VirtualFile.openStream(VirtualFile.java:223)
	at org.jboss.vfs.VFSUtils.readManifest(VFSUtils.java:214)
	at org.jboss.vfs.VirtualJarInputStream.&lt;init&gt;(VirtualJarInputStream.java:78)
	at org.jboss.vfs.VirtualFile.openStream(VirtualFile.java:223)
	at org.jboss.vfs.VFSUtils.readManifest(VFSUtils.java:214)
	at org.jboss.vfs.VirtualJarInputStream.&lt;init&gt;(VirtualJarInputStream.java:78)
	at org.jboss.vfs.VirtualFile.openStream(VirtualFile.java:223)
	at org.jboss.vfs.VFSUtils.readManifest(VFSUtils.java:214)
	at org.jboss.vfs.VirtualJarInputStream.&lt;init&gt;(VirtualJarInputStream.java:78)
	at org.jboss.vfs.VirtualFile.openStream(VirtualFile.java:223)
	at org.jboss.vfs.VFSUtils.readManifest(VFSUtils.java:214)
	at org.jboss.vfs.VirtualJarInputStream.&lt;init&gt;(VirtualJarInputStream.java:78)
	at org.jboss.vfs.VirtualFile.openStream(VirtualFile.java:223)
	at org.jboss.vfs.VFSUtils.readManifest(VFSUtils.java:214)
	at org.jboss.vfs.VirtualJarInputStream.&lt;init&gt;(VirtualJarInputStream.java:78)
	at org.jboss.vfs.VirtualFile.openStream(VirtualFile.java:223)
	at org.jboss.vfs.VFSUtils.readManifest(VFSUtils.java:214)
	at org.jboss.vfs.VirtualJarInputStream.&lt;init&gt;(VirtualJarInputStream.java:78)
	at org.jboss.vfs.VirtualFile.openStream(VirtualFile.java:223)
	at org.jboss.vfs.VFSUtils.readManifest(VFSUtils.java:214)
	at org.jboss.vfs.VirtualJarInputStream.&lt;init&gt;(VirtualJarInputStream.java:78)
	at org.jboss.vfs.VirtualFile.openStream(VirtualFile.java:223)
	at org.jboss.vfs.VFSUtils.readManifest(VFSUtils.java:214)
	at org.jboss.vfs.VirtualJarInputStream.&lt;init&gt;(VirtualJarInputStream.java:78)
	at org.jboss.vfs.VirtualFile.openStream(VirtualFile.java:223)
	at org.jboss.vfs.VFSUtils.readManifest(VFSUtils.java:214)
	at org.jboss.vfs.VirtualJarInputStream.&lt;init&gt;(VirtualJarInputStream.java:78)
	at org.jboss.vfs.VirtualFile.openStream(VirtualFile.java:223)
	at org.jboss.vfs.VFSUtils.readManifest(VFSUtils.java:214)
	at org.jboss.vfs.VirtualJarInputStream.&lt;init&gt;(VirtualJarInputStream.java:78)
	at org.jboss.vfs.VirtualFile.openStream(VirtualFile.java:223)
	at org.jboss.vfs.VFSUtils.readManifest(VFSUtils.java:214)
	at org.jboss.vfs.VirtualJarInputStream.&lt;init&gt;(VirtualJarInputStream.java:78)
	at org.jboss.vfs.VirtualFile.openStream(VirtualFile.java:223)
	at org.jboss.vfs.VFSUtils.readManifest(VFSUtils.java:214)
	at org.jboss.vfs.VirtualJarInputStream.&lt;init&gt;(VirtualJarInputStream.java:78)
	at org.jboss.vfs.VirtualFile.openStream(VirtualFile.java:223)
	at org.jboss.vfs.VFSUtils.readManifest(VFSUtils.java:214)
	at org.jboss.vfs.VirtualJarInputStream.&lt;init&gt;(VirtualJarInputStream.java:78)
	at org.jboss.vfs.VirtualFile.openStream(VirtualFile.java:223)
	at org.jboss.vfs.VFSUtils.readManifest(VFSUtils.java:214)
	at org.jboss.vfs.VirtualJarInputStream.&lt;init&gt;(VirtualJarInputStream.java:78)
	at org.jboss.vfs.VirtualFile.openStream(VirtualFile.java:223)
	at org.jboss.vfs.VFSUtils.readManifest(VFSUtils.java:214)
	at org.jboss.vfs.VirtualJarInputStream.&lt;init&gt;(VirtualJarInputStream.java:78)
	at org.jboss.vfs.VirtualFile.openStream(VirtualFile.java:223)
	at org.jboss.vfs.VFSUtils.readManifest(VFSUtils.java:214)
	at org.jboss.vfs.VirtualJarInputStream.&lt;init&gt;(VirtualJarInputStream.java:78)
	at org.jboss.vfs.VirtualFile.openStream(VirtualFile.java:223)
	at org.jboss.vfs.VFSUtils.readManifest(VFSUtils.java:214)
	at org.jboss.vfs.VirtualJarInputStream.&lt;init&gt;(VirtualJarInputStream.java:78)
	at org.jboss.vfs.VirtualFile.openStream(VirtualFile.java:223)
	at org.jboss.vfs.VFSUtils.readManifest(VFSUtils.java:214)
	at org.jboss.vfs.VirtualJarInputStream.&lt;init&gt;(VirtualJarInputStream.java:78)
	at org.jboss.vfs.VirtualFile.openStream(VirtualFile.java:223)
	at org.jboss.vfs.VFSUtils.readManifest(VFSUtils.java:214)
	at org.jboss.vfs.VirtualJarInputStream.&lt;init&gt;(VirtualJarInputStream.java:78)
	at org.jboss.vfs.VirtualFile.openStream(VirtualFile.java:223)
	at org.jboss.vfs.VFSUtils.readManifest(VFSUtils.java:214)
	at org.jboss.vfs.VirtualJarInputStream.&lt;init&gt;(VirtualJarInputStream.java:78)
	at org.jboss.vfs.VirtualFile.openStream(VirtualFile.java:223)
	at org.jboss.vfs.VFSUtils.readManifest(VFSUtils.java:214)
	at org.jboss.vfs.VirtualJarInputStream.&lt;init&gt;(VirtualJarInputStream.java:78)
	at org.jboss.vfs.VirtualFile.openStream(VirtualFile.java:223)
	at org.jboss.vfs.VFSUtils.readManifest(VFSUtils.java:214)
	at org.jboss.vfs.VirtualJarInputStream.&lt;init&gt;(VirtualJarInputStream.java:78)
	at org.jboss.vfs.VirtualFile.openStream(VirtualFile.java:223)
	at org.jboss.vfs.VFSUtils.readManifest(VFSUtils.java:214)
	at org.jboss.vfs.VirtualJarInputStream.&lt;init&gt;(VirtualJarInputStream.java:78)
	at org.jboss.vfs.VirtualFile.openStream(VirtualFile.java:223)
	at org.jboss.vfs.VFSUtils.readManifest(VFSUtils.java:214)
	at org.jboss.vfs.VirtualJarInputStream.&lt;init&gt;(VirtualJarInputStream.java:78)
	at org.jboss.vfs.VirtualFile.openStream(VirtualFile.java:223)
	at org.jboss.vfs.VFSUtils.readManifest(VFSUtils.java:214)
	at org.jboss.vfs.VirtualJarInputStream.&lt;init&gt;(VirtualJarInputStream.java:78)
	at org.jboss.vfs.VirtualFile.openStream(VirtualFile.java:223)
	at org.jboss.vfs.VFSUtils.readManifest(VFSUtils.java:214)
	at org.jboss.vfs.VirtualJarInputStream.&lt;init&gt;(VirtualJarInputStream.java:78)
	at org.jboss.vfs.VirtualFile.openStream(VirtualFile.java:223)
	at org.jboss.vfs.VFSUtils.readManifest(VFSUtils.java:214)
	at org.jboss.vfs.VirtualJarInputStream.&lt;init&gt;(VirtualJarInputStream.java:78)
	at org.jboss.vfs.VirtualFile.openStream(VirtualFile.java:223)
	at org.jboss.vfs.VFSUtils.readManifest(VFSUtils.java:214)
	at org.jboss.vfs.VirtualJarInputStream.&lt;init&gt;(VirtualJarInputStream.java:78)
	at org.jboss.vfs.VirtualFile.openStream(VirtualFile.java:223)
	at org.jboss.vfs.VFSUtils.readManifest(VFSUtils.java:214)
	at org.jboss.vfs.VirtualJarInputStream.&lt;init&gt;(VirtualJarInputStream.java:78)
	at org.jboss.vfs.VirtualFile.openStream(VirtualFile.java:223)
	at org.jboss.vfs.VFSUtils.readManifest(VFSUtils.java:214)
	at org.jboss.vfs.VirtualJarInputStream.&lt;init&gt;(VirtualJarInputStream.java:78)
	at org.jboss.vfs.VirtualFile.openStream(VirtualFile.java:223)
	at org.jboss.vfs.VFSUtils.readManifest(VFSUtils.java:214)
	at org.jboss.vfs.VirtualJarInputStream.&lt;init&gt;(VirtualJarInputStream.java:78)
	at org.jboss.vfs.VirtualFile.openStream(VirtualFile.java:223)
	at org.jboss.vfs.VFSUtils.readManifest(VFSUtils.java:214)
	at org.jboss.vfs.VirtualJarInputStream.&lt;init&gt;(VirtualJarInputStream.java:78)
	at org.jboss.vfs.VirtualFile.openStream(VirtualFile.java:223)
	at org.jboss.vfs.VFSUtils.readManifest(VFSUtils.java:214)
	at org.jboss.vfs.VirtualJarInputStream.&lt;init&gt;(VirtualJarInputStream.java:78)
	at org.jboss.vfs.VirtualFile.openStream(VirtualFile.java:223)
	at org.jboss.vfs.VFSUtils.readManifest(VFSUtils.java:214)
	at org.jboss.vfs.VirtualJarInputStream.&lt;init&gt;(VirtualJarInputStream.java:78)
	at org.jboss.vfs.VirtualFile.openStream(VirtualFile.java:223)
	at org.jboss.vfs.VFSUtils.readManifest(VFSUtils.java:214)
	at org.jboss.vfs.VirtualJarInputStream.&lt;init&gt;(VirtualJarInputStream.java:78)
	at org.jboss.vfs.VirtualFile.openStream(VirtualFile.java:223)
	at org.jboss.vfs.VFSUtils.readManifest(VFSUtils.java:214)
	at org.jboss.vfs.VirtualJarInputStream.&lt;init&gt;(VirtualJarInputStream.java:78)
	at org.jboss.vfs.VirtualFile.openStream(VirtualFile.java:223)
	at org.jboss.vfs.VFSUtils.readManifest(VFSUtils.java:214)
	at org.jboss.vfs.VirtualJarInputStream.&lt;init&gt;(VirtualJarInputStream.java:78)
	at org.jboss.vfs.VirtualFile.openStream(VirtualFile.java:223)
	at org.jboss.vfs.VFSUtils.readManifest(VFSUtils.java:214)
	at org.jboss.vfs.VirtualJarInputStream.&lt;init&gt;(VirtualJarInputStream.java:78)
	at org.jboss.vfs.VirtualFile.openStream(VirtualFile.java:223)
	at org.jboss.vfs.VFSUtils.readManifest(VFSUtils.java:214)
	at org.jboss.vfs.VirtualJarInputStream.&lt;init&gt;(VirtualJarInputStream.java:78)
	at org.jboss.vfs.VirtualFile.openStream(VirtualFile.java:223)
	at org.jboss.vfs.VFSUtils.readManifest(VFSUtils.java:214)
	at org.jboss.vfs.VirtualJarInputStream.&lt;init&gt;(VirtualJarInputStream.java:78)
	at org.jboss.vfs.VirtualFile.openStream(VirtualFile.java:223)
	at org.jboss.vfs.VFSUtils.readManifest(VFSUtils.java:214)
	at org.jboss.vfs.VirtualJarInputStream.&lt;init&gt;(VirtualJarInputStream.java:78)
	at org.jboss.vfs.VirtualFile.openStream(VirtualFile.java:223)
	at org.jboss.vfs.VFSUtils.readManifest(VFSUtils.java:214)
	at org.jboss.vfs.VirtualJarInputStream.&lt;init&gt;(VirtualJarInputStream.java:78)
	at org.jboss.vfs.VirtualFile.openStream(VirtualFile.java:223)
	at org.jboss.vfs.VFSUtils.readManifest(VFSUtils.java:214)
	at org.jboss.vfs.VirtualJarInputStream.&lt;init&gt;(VirtualJarInputStream.java:78)
	at org.jboss.vfs.VirtualFile.openStream(VirtualFile.java:223)
	at org.jboss.vfs.VFSUtils.readManifest(VFSUtils.java:214)
	at org.jboss.vfs.VirtualJarInputStream.&lt;init&gt;(VirtualJarInputStream.java:78)
	at org.jboss.vfs.VirtualFile.openStream(VirtualFile.java:223)
	at org.jboss.vfs.VFSUtils.readManifest(VFSUtils.java:214)
	at org.jboss.vfs.VirtualJarInputStream.&lt;init&gt;(VirtualJarInputStream.java:78)
	at org.jboss.vfs.VirtualFile.openStream(VirtualFile.java:223)
	at org.jboss.vfs.VFSUtils.readManifest(VFSUtils.java:214)
	at org.jboss.vfs.VirtualJarInputStream.&lt;init&gt;(VirtualJarInputStream.java:78)
	at org.jboss.vfs.VirtualFile.openStream(VirtualFile.java:223)
	at org.jboss.vfs.VFSUtils.readManifest(VFSUtils.java:214)
	at org.jboss.vfs.VirtualJarInputStream.&lt;init&gt;(VirtualJarInputStream.java:78)
</error>
    <system-out>1853 DEBUG [VirtualJarInputStreamTestCase] ==== Starting testReadNonJar ====
</system-out>
  </testcase>
  <testcase time="0.002" classname="org.jboss.test.vfs.VirtualJarInputStreamTestCase" name="testReadClosed">
    <error message="error in opening zip file" type="java.util.zip.ZipException">java.util.zip.ZipException: error in opening zip file
	at java.util.zip.ZipFile.open(Native Method)
	at java.util.zip.ZipFile.&lt;init&gt;(ZipFile.java:114)
	at java.util.jar.JarFile.&lt;init&gt;(JarFile.java:135)
	at java.util.jar.JarFile.&lt;init&gt;(JarFile.java:99)
	at org.jboss.vfs.spi.JavaZipFileSystem.&lt;init&gt;(JavaZipFileSystem.java:94)
	at org.jboss.vfs.spi.JavaZipFileSystem.&lt;init&gt;(JavaZipFileSystem.java:80)
	at org.jboss.vfs.VFS.mountZip(VFS.java:415)
	at org.jboss.vfs.VFS.mountZip(VFS.java:441)
	at org.jboss.test.vfs.VirtualJarInputStreamTestCase.testReadClosed(VirtualJarInputStreamTestCase.java:167)
	at sun.reflect.NativeMethodAccessorImpl.invoke0(Native Method)
	at sun.reflect.NativeMethodAccessorImpl.invoke(NativeMethodAccessorImpl.java:39)
	at sun.reflect.DelegatingMethodAccessorImpl.invoke(DelegatingMethodAccessorImpl.java:25)
	at java.lang.reflect.Method.invoke(Method.java:597)
	at junit.framework.TestCase.runTest(TestCase.java:168)
	at junit.framework.TestCase.runBare(TestCase.java:134)
	at junit.framework.TestResult$1.protect(TestResult.java:110)
	at junit.framework.TestResult.runProtected(TestResult.java:128)
	at junit.framework.TestResult.run(TestResult.java:113)
	at junit.framework.TestCase.run(TestCase.java:124)
	at junit.framework.TestSuite.runTest(TestSuite.java:232)
	at junit.framework.TestSuite.run(TestSuite.java:227)
	at org.junit.internal.runners.JUnit38ClassRunner.run(JUnit38ClassRunner.java:81)
	at org.apache.maven.surefire.junit4.JUnit4TestSet.execute(JUnit4TestSet.java:59)
	at org.apache.maven.surefire.suite.AbstractDirectoryTestSuite.executeTestSet(AbstractDirectoryTestSuite.java:115)
	at org.apache.maven.surefire.suite.AbstractDirectoryTestSuite.execute(AbstractDirectoryTestSuite.java:102)
	at org.apache.maven.surefire.Surefire.run(Surefire.java:180)
	at sun.reflect.NativeMethodAccessorImpl.invoke0(Native Method)
	at sun.reflect.NativeMethodAccessorImpl.invoke(NativeMethodAccessorImpl.java:39)
	at sun.reflect.DelegatingMethodAccessorImpl.invoke(DelegatingMethodAccessorImpl.java:25)
	at java.lang.reflect.Method.invoke(Method.java:597)
	at org.apache.maven.surefire.booter.SurefireBooter.runSuitesInProcess(SurefireBooter.java:350)
	at org.apache.maven.surefire.booter.SurefireBooter.main(SurefireBooter.java:1021)
</error>
    <system-out>2920 DEBUG [VirtualJarInputStreamTestCase] ==== Starting testReadClosed ====
</system-out>
  </testcase>
  <testcase time="0.002" classname="org.jboss.test.vfs.VirtualJarInputStreamTestCase" name="testGetManifest">
    <error message="error in opening zip file" type="java.util.zip.ZipException">java.util.zip.ZipException: error in opening zip file
	at java.util.zip.ZipFile.open(Native Method)
	at java.util.zip.ZipFile.&lt;init&gt;(ZipFile.java:114)
	at java.util.jar.JarFile.&lt;init&gt;(JarFile.java:135)
	at java.util.jar.JarFile.&lt;init&gt;(JarFile.java:99)
	at org.jboss.vfs.spi.JavaZipFileSystem.&lt;init&gt;(JavaZipFileSystem.java:94)
	at org.jboss.vfs.spi.JavaZipFileSystem.&lt;init&gt;(JavaZipFileSystem.java:80)
	at org.jboss.vfs.VFS.mountZip(VFS.java:415)
	at org.jboss.vfs.VFS.mountZip(VFS.java:441)
	at org.jboss.test.vfs.VirtualJarInputStreamTestCase.testGetManifest(VirtualJarInputStreamTestCase.java:189)
	at sun.reflect.NativeMethodAccessorImpl.invoke0(Native Method)
	at sun.reflect.NativeMethodAccessorImpl.invoke(NativeMethodAccessorImpl.java:39)
	at sun.reflect.DelegatingMethodAccessorImpl.invoke(DelegatingMethodAccessorImpl.java:25)
	at java.lang.reflect.Method.invoke(Method.java:597)
	at junit.framework.TestCase.runTest(TestCase.java:168)
	at junit.framework.TestCase.runBare(TestCase.java:134)
	at junit.framework.TestResult$1.protect(TestResult.java:110)
	at junit.framework.TestResult.runProtected(TestResult.java:128)
	at junit.framework.TestResult.run(TestResult.java:113)
	at junit.framework.TestCase.run(TestCase.java:124)
	at junit.framework.TestSuite.runTest(TestSuite.java:232)
	at junit.framework.TestSuite.run(TestSuite.java:227)
	at org.junit.internal.runners.JUnit38ClassRunner.run(JUnit38ClassRunner.java:81)
	at org.apache.maven.surefire.junit4.JUnit4TestSet.execute(JUnit4TestSet.java:59)
	at org.apache.maven.surefire.suite.AbstractDirectoryTestSuite.executeTestSet(AbstractDirectoryTestSuite.java:115)
	at org.apache.maven.surefire.suite.AbstractDirectoryTestSuite.execute(AbstractDirectoryTestSuite.java:102)
	at org.apache.maven.surefire.Surefire.run(Surefire.java:180)
	at sun.reflect.NativeMethodAccessorImpl.invoke0(Native Method)
	at sun.reflect.NativeMethodAccessorImpl.invoke(NativeMethodAccessorImpl.java:39)
	at sun.reflect.DelegatingMethodAccessorImpl.invoke(DelegatingMethodAccessorImpl.java:25)
	at java.lang.reflect.Method.invoke(Method.java:597)
	at org.apache.maven.surefire.booter.SurefireBooter.runSuitesInProcess(SurefireBooter.java:350)
	at org.apache.maven.surefire.booter.SurefireBooter.main(SurefireBooter.java:1021)
</error>
    <system-out>2924 DEBUG [VirtualJarInputStreamTestCase] ==== Starting testGetManifest ====
</system-out>
  </testcase>
  <testcase time="1.062" classname="org.jboss.test.vfs.VirtualJarInputStreamTestCase" name="testGetManifestNonJar">
    <error type="java.lang.StackOverflowError">java.lang.StackOverflowError
	at java.io.UnixFileSystem.getBooleanAttributes0(Native Method)
	at java.io.UnixFileSystem.getBooleanAttributes(UnixFileSystem.java:228)
	at java.io.File.exists(File.java:733)
	at org.jboss.vfs.spi.RealFileSystem.exists(RealFileSystem.java:179)
	at org.jboss.vfs.VirtualFile.exists(VirtualFile.java:168)
	at org.jboss.vfs.VirtualJarInputStream.&lt;init&gt;(VirtualJarInputStream.java:76)
	at org.jboss.vfs.VirtualFile.openStream(VirtualFile.java:223)
	at org.jboss.vfs.VFSUtils.readManifest(VFSUtils.java:214)
	at org.jboss.vfs.VirtualJarInputStream.&lt;init&gt;(VirtualJarInputStream.java:78)
	at org.jboss.vfs.VirtualFile.openStream(VirtualFile.java:223)
	at org.jboss.vfs.VFSUtils.readManifest(VFSUtils.java:214)
	at org.jboss.vfs.VirtualJarInputStream.&lt;init&gt;(VirtualJarInputStream.java:78)
	at org.jboss.vfs.VirtualFile.openStream(VirtualFile.java:223)
	at org.jboss.vfs.VFSUtils.readManifest(VFSUtils.java:214)
	at org.jboss.vfs.VirtualJarInputStream.&lt;init&gt;(VirtualJarInputStream.java:78)
	at org.jboss.vfs.VirtualFile.openStream(VirtualFile.java:223)
	at org.jboss.vfs.VFSUtils.readManifest(VFSUtils.java:214)
	at org.jboss.vfs.VirtualJarInputStream.&lt;init&gt;(VirtualJarInputStream.java:78)
	at org.jboss.vfs.VirtualFile.openStream(VirtualFile.java:223)
	at org.jboss.vfs.VFSUtils.readManifest(VFSUtils.java:214)
	at org.jboss.vfs.VirtualJarInputStream.&lt;init&gt;(VirtualJarInputStream.java:78)
	at org.jboss.vfs.VirtualFile.openStream(VirtualFile.java:223)
	at org.jboss.vfs.VFSUtils.readManifest(VFSUtils.java:214)
	at org.jboss.vfs.VirtualJarInputStream.&lt;init&gt;(VirtualJarInputStream.java:78)
	at org.jboss.vfs.VirtualFile.openStream(VirtualFile.java:223)
	at org.jboss.vfs.VFSUtils.readManifest(VFSUtils.java:214)
	at org.jboss.vfs.VirtualJarInputStream.&lt;init&gt;(VirtualJarInputStream.java:78)
	at org.jboss.vfs.VirtualFile.openStream(VirtualFile.java:223)
	at org.jboss.vfs.VFSUtils.readManifest(VFSUtils.java:214)
	at org.jboss.vfs.VirtualJarInputStream.&lt;init&gt;(VirtualJarInputStream.java:78)
	at org.jboss.vfs.VirtualFile.openStream(VirtualFile.java:223)
	at org.jboss.vfs.VFSUtils.readManifest(VFSUtils.java:214)
	at org.jboss.vfs.VirtualJarInputStream.&lt;init&gt;(VirtualJarInputStream.java:78)
	at org.jboss.vfs.VirtualFile.openStream(VirtualFile.java:223)
	at org.jboss.vfs.VFSUtils.readManifest(VFSUtils.java:214)
	at org.jboss.vfs.VirtualJarInputStream.&lt;init&gt;(VirtualJarInputStream.java:78)
	at org.jboss.vfs.VirtualFile.openStream(VirtualFile.java:223)
	at org.jboss.vfs.VFSUtils.readManifest(VFSUtils.java:214)
	at org.jboss.vfs.VirtualJarInputStream.&lt;init&gt;(VirtualJarInputStream.java:78)
	at org.jboss.vfs.VirtualFile.openStream(VirtualFile.java:223)
	at org.jboss.vfs.VFSUtils.readManifest(VFSUtils.java:214)
	at org.jboss.vfs.VirtualJarInputStream.&lt;init&gt;(VirtualJarInputStream.java:78)
	at org.jboss.vfs.VirtualFile.openStream(VirtualFile.java:223)
	at org.jboss.vfs.VFSUtils.readManifest(VFSUtils.java:214)
	at org.jboss.vfs.VirtualJarInputStream.&lt;init&gt;(VirtualJarInputStream.java:78)
	at org.jboss.vfs.VirtualFile.openStream(VirtualFile.java:223)
	at org.jboss.vfs.VFSUtils.readManifest(VFSUtils.java:214)
	at org.jboss.vfs.VirtualJarInputStream.&lt;init&gt;(VirtualJarInputStream.java:78)
	at org.jboss.vfs.VirtualFile.openStream(VirtualFile.java:223)
	at org.jboss.vfs.VFSUtils.readManifest(VFSUtils.java:214)
	at org.jboss.vfs.VirtualJarInputStream.&lt;init&gt;(VirtualJarInputStream.java:78)
	at org.jboss.vfs.VirtualFile.openStream(VirtualFile.java:223)
	at org.jboss.vfs.VFSUtils.readManifest(VFSUtils.java:214)
	at org.jboss.vfs.VirtualJarInputStream.&lt;init&gt;(VirtualJarInputStream.java:78)
	at org.jboss.vfs.VirtualFile.openStream(VirtualFile.java:223)
	at org.jboss.vfs.VFSUtils.readManifest(VFSUtils.java:214)
	at org.jboss.vfs.VirtualJarInputStream.&lt;init&gt;(VirtualJarInputStream.java:78)
	at org.jboss.vfs.VirtualFile.openStream(VirtualFile.java:223)
	at org.jboss.vfs.VFSUtils.readManifest(VFSUtils.java:214)
	at org.jboss.vfs.VirtualJarInputStream.&lt;init&gt;(VirtualJarInputStream.java:78)
	at org.jboss.vfs.VirtualFile.openStream(VirtualFile.java:223)
	at org.jboss.vfs.VFSUtils.readManifest(VFSUtils.java:214)
	at org.jboss.vfs.VirtualJarInputStream.&lt;init&gt;(VirtualJarInputStream.java:78)
	at org.jboss.vfs.VirtualFile.openStream(VirtualFile.java:223)
	at org.jboss.vfs.VFSUtils.readManifest(VFSUtils.java:214)
	at org.jboss.vfs.VirtualJarInputStream.&lt;init&gt;(VirtualJarInputStream.java:78)
	at org.jboss.vfs.VirtualFile.openStream(VirtualFile.java:223)
	at org.jboss.vfs.VFSUtils.readManifest(VFSUtils.java:214)
	at org.jboss.vfs.VirtualJarInputStream.&lt;init&gt;(VirtualJarInputStream.java:78)
	at org.jboss.vfs.VirtualFile.openStream(VirtualFile.java:223)
	at org.jboss.vfs.VFSUtils.readManifest(VFSUtils.java:214)
	at org.jboss.vfs.VirtualJarInputStream.&lt;init&gt;(VirtualJarInputStream.java:78)
	at org.jboss.vfs.VirtualFile.openStream(VirtualFile.java:223)
	at org.jboss.vfs.VFSUtils.readManifest(VFSUtils.java:214)
	at org.jboss.vfs.VirtualJarInputStream.&lt;init&gt;(VirtualJarInputStream.java:78)
	at org.jboss.vfs.VirtualFile.openStream(VirtualFile.java:223)
	at org.jboss.vfs.VFSUtils.readManifest(VFSUtils.java:214)
	at org.jboss.vfs.VirtualJarInputStream.&lt;init&gt;(VirtualJarInputStream.java:78)
	at org.jboss.vfs.VirtualFile.openStream(VirtualFile.java:223)
	at org.jboss.vfs.VFSUtils.readManifest(VFSUtils.java:214)
	at org.jboss.vfs.VirtualJarInputStream.&lt;init&gt;(VirtualJarInputStream.java:78)
	at org.jboss.vfs.VirtualFile.openStream(VirtualFile.java:223)
	at org.jboss.vfs.VFSUtils.readManifest(VFSUtils.java:214)
	at org.jboss.vfs.VirtualJarInputStream.&lt;init&gt;(VirtualJarInputStream.java:78)
	at org.jboss.vfs.VirtualFile.openStream(VirtualFile.java:223)
	at org.jboss.vfs.VFSUtils.readManifest(VFSUtils.java:214)
	at org.jboss.vfs.VirtualJarInputStream.&lt;init&gt;(VirtualJarInputStream.java:78)
	at org.jboss.vfs.VirtualFile.openStream(VirtualFile.java:223)
	at org.jboss.vfs.VFSUtils.readManifest(VFSUtils.java:214)
	at org.jboss.vfs.VirtualJarInputStream.&lt;init&gt;(VirtualJarInputStream.java:78)
	at org.jboss.vfs.VirtualFile.openStream(VirtualFile.java:223)
	at org.jboss.vfs.VFSUtils.readManifest(VFSUtils.java:214)
	at org.jboss.vfs.VirtualJarInputStream.&lt;init&gt;(VirtualJarInputStream.java:78)
	at org.jboss.vfs.VirtualFile.openStream(VirtualFile.java:223)
	at org.jboss.vfs.VFSUtils.readManifest(VFSUtils.java:214)
	at org.jboss.vfs.VirtualJarInputStream.&lt;init&gt;(VirtualJarInputStream.java:78)
	at org.jboss.vfs.VirtualFile.openStream(VirtualFile.java:223)
	at org.jboss.vfs.VFSUtils.readManifest(VFSUtils.java:214)
	at org.jboss.vfs.VirtualJarInputStream.&lt;init&gt;(VirtualJarInputStream.java:78)
	at org.jboss.vfs.VirtualFile.openStream(VirtualFile.java:223)
	at org.jboss.vfs.VFSUtils.readManifest(VFSUtils.java:214)
	at org.jboss.vfs.VirtualJarInputStream.&lt;init&gt;(VirtualJarInputStream.java:78)
	at org.jboss.vfs.VirtualFile.openStream(VirtualFile.java:223)
	at org.jboss.vfs.VFSUtils.readManifest(VFSUtils.java:214)
	at org.jboss.vfs.VirtualJarInputStream.&lt;init&gt;(VirtualJarInputStream.java:78)
	at org.jboss.vfs.VirtualFile.openStream(VirtualFile.java:223)
	at org.jboss.vfs.VFSUtils.readManifest(VFSUtils.java:214)
	at org.jboss.vfs.VirtualJarInputStream.&lt;init&gt;(VirtualJarInputStream.java:78)
	at org.jboss.vfs.VirtualFile.openStream(VirtualFile.java:223)
	at org.jboss.vfs.VFSUtils.readManifest(VFSUtils.java:214)
	at org.jboss.vfs.VirtualJarInputStream.&lt;init&gt;(VirtualJarInputStream.java:78)
	at org.jboss.vfs.VirtualFile.openStream(VirtualFile.java:223)
	at org.jboss.vfs.VFSUtils.readManifest(VFSUtils.java:214)
	at org.jboss.vfs.VirtualJarInputStream.&lt;init&gt;(VirtualJarInputStream.java:78)
	at org.jboss.vfs.VirtualFile.openStream(VirtualFile.java:223)
	at org.jboss.vfs.VFSUtils.readManifest(VFSUtils.java:214)
	at org.jboss.vfs.VirtualJarInputStream.&lt;init&gt;(VirtualJarInputStream.java:78)
	at org.jboss.vfs.VirtualFile.openStream(VirtualFile.java:223)
	at org.jboss.vfs.VFSUtils.readManifest(VFSUtils.java:214)
	at org.jboss.vfs.VirtualJarInputStream.&lt;init&gt;(VirtualJarInputStream.java:78)
	at org.jboss.vfs.VirtualFile.openStream(VirtualFile.java:223)
	at org.jboss.vfs.VFSUtils.readManifest(VFSUtils.java:214)
	at org.jboss.vfs.VirtualJarInputStream.&lt;init&gt;(VirtualJarInputStream.java:78)
	at org.jboss.vfs.VirtualFile.openStream(VirtualFile.java:223)
	at org.jboss.vfs.VFSUtils.readManifest(VFSUtils.java:214)
	at org.jboss.vfs.VirtualJarInputStream.&lt;init&gt;(VirtualJarInputStream.java:78)
	at org.jboss.vfs.VirtualFile.openStream(VirtualFile.java:223)
	at org.jboss.vfs.VFSUtils.readManifest(VFSUtils.java:214)
	at org.jboss.vfs.VirtualJarInputStream.&lt;init&gt;(VirtualJarInputStream.java:78)
	at org.jboss.vfs.VirtualFile.openStream(VirtualFile.java:223)
	at org.jboss.vfs.VFSUtils.readManifest(VFSUtils.java:214)
	at org.jboss.vfs.VirtualJarInputStream.&lt;init&gt;(VirtualJarInputStream.java:78)
	at org.jboss.vfs.VirtualFile.openStream(VirtualFile.java:223)
	at org.jboss.vfs.VFSUtils.readManifest(VFSUtils.java:214)
	at org.jboss.vfs.VirtualJarInputStream.&lt;init&gt;(VirtualJarInputStream.java:78)
	at org.jboss.vfs.VirtualFile.openStream(VirtualFile.java:223)
	at org.jboss.vfs.VFSUtils.readManifest(VFSUtils.java:214)
	at org.jboss.vfs.VirtualJarInputStream.&lt;init&gt;(VirtualJarInputStream.java:78)
	at org.jboss.vfs.VirtualFile.openStream(VirtualFile.java:223)
	at org.jboss.vfs.VFSUtils.readManifest(VFSUtils.java:214)
	at org.jboss.vfs.VirtualJarInputStream.&lt;init&gt;(VirtualJarInputStream.java:78)
	at org.jboss.vfs.VirtualFile.openStream(VirtualFile.java:223)
	at org.jboss.vfs.VFSUtils.readManifest(VFSUtils.java:214)
	at org.jboss.vfs.VirtualJarInputStream.&lt;init&gt;(VirtualJarInputStream.java:78)
	at org.jboss.vfs.VirtualFile.openStream(VirtualFile.java:223)
	at org.jboss.vfs.VFSUtils.readManifest(VFSUtils.java:214)
	at org.jboss.vfs.VirtualJarInputStream.&lt;init&gt;(VirtualJarInputStream.java:78)
	at org.jboss.vfs.VirtualFile.openStream(VirtualFile.java:223)
	at org.jboss.vfs.VFSUtils.readManifest(VFSUtils.java:214)
	at org.jboss.vfs.VirtualJarInputStream.&lt;init&gt;(VirtualJarInputStream.java:78)
	at org.jboss.vfs.VirtualFile.openStream(VirtualFile.java:223)
	at org.jboss.vfs.VFSUtils.readManifest(VFSUtils.java:214)
	at org.jboss.vfs.VirtualJarInputStream.&lt;init&gt;(VirtualJarInputStream.java:78)
	at org.jboss.vfs.VirtualFile.openStream(VirtualFile.java:223)
	at org.jboss.vfs.VFSUtils.readManifest(VFSUtils.java:214)
	at org.jboss.vfs.VirtualJarInputStream.&lt;init&gt;(VirtualJarInputStream.java:78)
	at org.jboss.vfs.VirtualFile.openStream(VirtualFile.java:223)
	at org.jboss.vfs.VFSUtils.readManifest(VFSUtils.java:214)
	at org.jboss.vfs.VirtualJarInputStream.&lt;init&gt;(VirtualJarInputStream.java:78)
	at org.jboss.vfs.VirtualFile.openStream(VirtualFile.java:223)
	at org.jboss.vfs.VFSUtils.readManifest(VFSUtils.java:214)
	at org.jboss.vfs.VirtualJarInputStream.&lt;init&gt;(VirtualJarInputStream.java:78)
	at org.jboss.vfs.VirtualFile.openStream(VirtualFile.java:223)
	at org.jboss.vfs.VFSUtils.readManifest(VFSUtils.java:214)
	at org.jboss.vfs.VirtualJarInputStream.&lt;init&gt;(VirtualJarInputStream.java:78)
	at org.jboss.vfs.VirtualFile.openStream(VirtualFile.java:223)
	at org.jboss.vfs.VFSUtils.readManifest(VFSUtils.java:214)
	at org.jboss.vfs.VirtualJarInputStream.&lt;init&gt;(VirtualJarInputStream.java:78)
	at org.jboss.vfs.VirtualFile.openStream(VirtualFile.java:223)
	at org.jboss.vfs.VFSUtils.readManifest(VFSUtils.java:214)
	at org.jboss.vfs.VirtualJarInputStream.&lt;init&gt;(VirtualJarInputStream.java:78)
	at org.jboss.vfs.VirtualFile.openStream(VirtualFile.java:223)
	at org.jboss.vfs.VFSUtils.readManifest(VFSUtils.java:214)
	at org.jboss.vfs.VirtualJarInputStream.&lt;init&gt;(VirtualJarInputStream.java:78)
	at org.jboss.vfs.VirtualFile.openStream(VirtualFile.java:223)
	at org.jboss.vfs.VFSUtils.readManifest(VFSUtils.java:214)
	at org.jboss.vfs.VirtualJarInputStream.&lt;init&gt;(VirtualJarInputStream.java:78)
	at org.jboss.vfs.VirtualFile.openStream(VirtualFile.java:223)
	at org.jboss.vfs.VFSUtils.readManifest(VFSUtils.java:214)
	at org.jboss.vfs.VirtualJarInputStream.&lt;init&gt;(VirtualJarInputStream.java:78)
	at org.jboss.vfs.VirtualFile.openStream(VirtualFile.java:223)
	at org.jboss.vfs.VFSUtils.readManifest(VFSUtils.java:214)
	at org.jboss.vfs.VirtualJarInputStream.&lt;init&gt;(VirtualJarInputStream.java:78)
	at org.jboss.vfs.VirtualFile.openStream(VirtualFile.java:223)
	at org.jboss.vfs.VFSUtils.readManifest(VFSUtils.java:214)
	at org.jboss.vfs.VirtualJarInputStream.&lt;init&gt;(VirtualJarInputStream.java:78)
	at org.jboss.vfs.VirtualFile.openStream(VirtualFile.java:223)
	at org.jboss.vfs.VFSUtils.readManifest(VFSUtils.java:214)
	at org.jboss.vfs.VirtualJarInputStream.&lt;init&gt;(VirtualJarInputStream.java:78)
	at org.jboss.vfs.VirtualFile.openStream(VirtualFile.java:223)
	at org.jboss.vfs.VFSUtils.readManifest(VFSUtils.java:214)
	at org.jboss.vfs.VirtualJarInputStream.&lt;init&gt;(VirtualJarInputStream.java:78)
	at org.jboss.vfs.VirtualFile.openStream(VirtualFile.java:223)
	at org.jboss.vfs.VFSUtils.readManifest(VFSUtils.java:214)
	at org.jboss.vfs.VirtualJarInputStream.&lt;init&gt;(VirtualJarInputStream.java:78)
	at org.jboss.vfs.VirtualFile.openStream(VirtualFile.java:223)
	at org.jboss.vfs.VFSUtils.readManifest(VFSUtils.java:214)
	at org.jboss.vfs.VirtualJarInputStream.&lt;init&gt;(VirtualJarInputStream.java:78)
	at org.jboss.vfs.VirtualFile.openStream(VirtualFile.java:223)
	at org.jboss.vfs.VFSUtils.readManifest(VFSUtils.java:214)
	at org.jboss.vfs.VirtualJarInputStream.&lt;init&gt;(VirtualJarInputStream.java:78)
	at org.jboss.vfs.VirtualFile.openStream(VirtualFile.java:223)
	at org.jboss.vfs.VFSUtils.readManifest(VFSUtils.java:214)
	at org.jboss.vfs.VirtualJarInputStream.&lt;init&gt;(VirtualJarInputStream.java:78)
	at org.jboss.vfs.VirtualFile.openStream(VirtualFile.java:223)
	at org.jboss.vfs.VFSUtils.readManifest(VFSUtils.java:214)
	at org.jboss.vfs.VirtualJarInputStream.&lt;init&gt;(VirtualJarInputStream.java:78)
	at org.jboss.vfs.VirtualFile.openStream(VirtualFile.java:223)
	at org.jboss.vfs.VFSUtils.readManifest(VFSUtils.java:214)
	at org.jboss.vfs.VirtualJarInputStream.&lt;init&gt;(VirtualJarInputStream.java:78)
	at org.jboss.vfs.VirtualFile.openStream(VirtualFile.java:223)
	at org.jboss.vfs.VFSUtils.readManifest(VFSUtils.java:214)
	at org.jboss.vfs.VirtualJarInputStream.&lt;init&gt;(VirtualJarInputStream.java:78)
	at org.jboss.vfs.VirtualFile.openStream(VirtualFile.java:223)
	at org.jboss.vfs.VFSUtils.readManifest(VFSUtils.java:214)
	at org.jboss.vfs.VirtualJarInputStream.&lt;init&gt;(VirtualJarInputStream.java:78)
	at org.jboss.vfs.VirtualFile.openStream(VirtualFile.java:223)
	at org.jboss.vfs.VFSUtils.readManifest(VFSUtils.java:214)
	at org.jboss.vfs.VirtualJarInputStream.&lt;init&gt;(VirtualJarInputStream.java:78)
	at org.jboss.vfs.VirtualFile.openStream(VirtualFile.java:223)
	at org.jboss.vfs.VFSUtils.readManifest(VFSUtils.java:214)
	at org.jboss.vfs.VirtualJarInputStream.&lt;init&gt;(VirtualJarInputStream.java:78)
	at org.jboss.vfs.VirtualFile.openStream(VirtualFile.java:223)
	at org.jboss.vfs.VFSUtils.readManifest(VFSUtils.java:214)
	at org.jboss.vfs.VirtualJarInputStream.&lt;init&gt;(VirtualJarInputStream.java:78)
	at org.jboss.vfs.VirtualFile.openStream(VirtualFile.java:223)
	at org.jboss.vfs.VFSUtils.readManifest(VFSUtils.java:214)
	at org.jboss.vfs.VirtualJarInputStream.&lt;init&gt;(VirtualJarInputStream.java:78)
	at org.jboss.vfs.VirtualFile.openStream(VirtualFile.java:223)
	at org.jboss.vfs.VFSUtils.readManifest(VFSUtils.java:214)
	at org.jboss.vfs.VirtualJarInputStream.&lt;init&gt;(VirtualJarInputStream.java:78)
	at org.jboss.vfs.VirtualFile.openStream(VirtualFile.java:223)
	at org.jboss.vfs.VFSUtils.readManifest(VFSUtils.java:214)
	at org.jboss.vfs.VirtualJarInputStream.&lt;init&gt;(VirtualJarInputStream.java:78)
	at org.jboss.vfs.VirtualFile.openStream(VirtualFile.java:223)
	at org.jboss.vfs.VFSUtils.readManifest(VFSUtils.java:214)
	at org.jboss.vfs.VirtualJarInputStream.&lt;init&gt;(VirtualJarInputStream.java:78)
	at org.jboss.vfs.VirtualFile.openStream(VirtualFile.java:223)
	at org.jboss.vfs.VFSUtils.readManifest(VFSUtils.java:214)
	at org.jboss.vfs.VirtualJarInputStream.&lt;init&gt;(VirtualJarInputStream.java:78)
	at org.jboss.vfs.VirtualFile.openStream(VirtualFile.java:223)
	at org.jboss.vfs.VFSUtils.readManifest(VFSUtils.java:214)
	at org.jboss.vfs.VirtualJarInputStream.&lt;init&gt;(VirtualJarInputStream.java:78)
	at org.jboss.vfs.VirtualFile.openStream(VirtualFile.java:223)
	at org.jboss.vfs.VFSUtils.readManifest(VFSUtils.java:214)
	at org.jboss.vfs.VirtualJarInputStream.&lt;init&gt;(VirtualJarInputStream.java:78)
	at org.jboss.vfs.VirtualFile.openStream(VirtualFile.java:223)
	at org.jboss.vfs.VFSUtils.readManifest(VFSUtils.java:214)
	at org.jboss.vfs.VirtualJarInputStream.&lt;init&gt;(VirtualJarInputStream.java:78)
	at org.jboss.vfs.VirtualFile.openStream(VirtualFile.java:223)
	at org.jboss.vfs.VFSUtils.readManifest(VFSUtils.java:214)
	at org.jboss.vfs.VirtualJarInputStream.&lt;init&gt;(VirtualJarInputStream.java:78)
	at org.jboss.vfs.VirtualFile.openStream(VirtualFile.java:223)
	at org.jboss.vfs.VFSUtils.readManifest(VFSUtils.java:214)
	at org.jboss.vfs.VirtualJarInputStream.&lt;init&gt;(VirtualJarInputStream.java:78)
	at org.jboss.vfs.VirtualFile.openStream(VirtualFile.java:223)
	at org.jboss.vfs.VFSUtils.readManifest(VFSUtils.java:214)
	at org.jboss.vfs.VirtualJarInputStream.&lt;init&gt;(VirtualJarInputStream.java:78)
	at org.jboss.vfs.VirtualFile.openStream(VirtualFile.java:223)
	at org.jboss.vfs.VFSUtils.readManifest(VFSUtils.java:214)
	at org.jboss.vfs.VirtualJarInputStream.&lt;init&gt;(VirtualJarInputStream.java:78)
	at org.jboss.vfs.VirtualFile.openStream(VirtualFile.java:223)
	at org.jboss.vfs.VFSUtils.readManifest(VFSUtils.java:214)
	at org.jboss.vfs.VirtualJarInputStream.&lt;init&gt;(VirtualJarInputStream.java:78)
	at org.jboss.vfs.VirtualFile.openStream(VirtualFile.java:223)
	at org.jboss.vfs.VFSUtils.readManifest(VFSUtils.java:214)
	at org.jboss.vfs.VirtualJarInputStream.&lt;init&gt;(VirtualJarInputStream.java:78)
	at org.jboss.vfs.VirtualFile.openStream(VirtualFile.java:223)
	at org.jboss.vfs.VFSUtils.readManifest(VFSUtils.java:214)
	at org.jboss.vfs.VirtualJarInputStream.&lt;init&gt;(VirtualJarInputStream.java:78)
	at org.jboss.vfs.VirtualFile.openStream(VirtualFile.java:223)
	at org.jboss.vfs.VFSUtils.readManifest(VFSUtils.java:214)
	at org.jboss.vfs.VirtualJarInputStream.&lt;init&gt;(VirtualJarInputStream.java:78)
	at org.jboss.vfs.VirtualFile.openStream(VirtualFile.java:223)
	at org.jboss.vfs.VFSUtils.readManifest(VFSUtils.java:214)
	at org.jboss.vfs.VirtualJarInputStream.&lt;init&gt;(VirtualJarInputStream.java:78)
	at org.jboss.vfs.VirtualFile.openStream(VirtualFile.java:223)
	at org.jboss.vfs.VFSUtils.readManifest(VFSUtils.java:214)
	at org.jboss.vfs.VirtualJarInputStream.&lt;init&gt;(VirtualJarInputStream.java:78)
	at org.jboss.vfs.VirtualFile.openStream(VirtualFile.java:223)
	at org.jboss.vfs.VFSUtils.readManifest(VFSUtils.java:214)
	at org.jboss.vfs.VirtualJarInputStream.&lt;init&gt;(VirtualJarInputStream.java:78)
	at org.jboss.vfs.VirtualFile.openStream(VirtualFile.java:223)
	at org.jboss.vfs.VFSUtils.readManifest(VFSUtils.java:214)
	at org.jboss.vfs.VirtualJarInputStream.&lt;init&gt;(VirtualJarInputStream.java:78)
	at org.jboss.vfs.VirtualFile.openStream(VirtualFile.java:223)
	at org.jboss.vfs.VFSUtils.readManifest(VFSUtils.java:214)
	at org.jboss.vfs.VirtualJarInputStream.&lt;init&gt;(VirtualJarInputStream.java:78)
	at org.jboss.vfs.VirtualFile.openStream(VirtualFile.java:223)
	at org.jboss.vfs.VFSUtils.readManifest(VFSUtils.java:214)
	at org.jboss.vfs.VirtualJarInputStream.&lt;init&gt;(VirtualJarInputStream.java:78)
	at org.jboss.vfs.VirtualFile.openStream(VirtualFile.java:223)
	at org.jboss.vfs.VFSUtils.readManifest(VFSUtils.java:214)
	at org.jboss.vfs.VirtualJarInputStream.&lt;init&gt;(VirtualJarInputStream.java:78)
	at org.jboss.vfs.VirtualFile.openStream(VirtualFile.java:223)
	at org.jboss.vfs.VFSUtils.readManifest(VFSUtils.java:214)
	at org.jboss.vfs.VirtualJarInputStream.&lt;init&gt;(VirtualJarInputStream.java:78)
	at org.jboss.vfs.VirtualFile.openStream(VirtualFile.java:223)
	at org.jboss.vfs.VFSUtils.readManifest(VFSUtils.java:214)
	at org.jboss.vfs.VirtualJarInputStream.&lt;init&gt;(VirtualJarInputStream.java:78)
	at org.jboss.vfs.VirtualFile.openStream(VirtualFile.java:223)
	at org.jboss.vfs.VFSUtils.readManifest(VFSUtils.java:214)
	at org.jboss.vfs.VirtualJarInputStream.&lt;init&gt;(VirtualJarInputStream.java:78)
	at org.jboss.vfs.VirtualFile.openStream(VirtualFile.java:223)
	at org.jboss.vfs.VFSUtils.readManifest(VFSUtils.java:214)
	at org.jboss.vfs.VirtualJarInputStream.&lt;init&gt;(VirtualJarInputStream.java:78)
	at org.jboss.vfs.VirtualFile.openStream(VirtualFile.java:223)
	at org.jboss.vfs.VFSUtils.readManifest(VFSUtils.java:214)
	at org.jboss.vfs.VirtualJarInputStream.&lt;init&gt;(VirtualJarInputStream.java:78)
	at org.jboss.vfs.VirtualFile.openStream(VirtualFile.java:223)
	at org.jboss.vfs.VFSUtils.readManifest(VFSUtils.java:214)
	at org.jboss.vfs.VirtualJarInputStream.&lt;init&gt;(VirtualJarInputStream.java:78)
	at org.jboss.vfs.VirtualFile.openStream(VirtualFile.java:223)
	at org.jboss.vfs.VFSUtils.readManifest(VFSUtils.java:214)
	at org.jboss.vfs.VirtualJarInputStream.&lt;init&gt;(VirtualJarInputStream.java:78)
	at org.jboss.vfs.VirtualFile.openStream(VirtualFile.java:223)
	at org.jboss.vfs.VFSUtils.readManifest(VFSUtils.java:214)
	at org.jboss.vfs.VirtualJarInputStream.&lt;init&gt;(VirtualJarInputStream.java:78)
	at org.jboss.vfs.VirtualFile.openStream(VirtualFile.java:223)
	at org.jboss.vfs.VFSUtils.readManifest(VFSUtils.java:214)
	at org.jboss.vfs.VirtualJarInputStream.&lt;init&gt;(VirtualJarInputStream.java:78)
	at org.jboss.vfs.VirtualFile.openStream(VirtualFile.java:223)
	at org.jboss.vfs.VFSUtils.readManifest(VFSUtils.java:214)
	at org.jboss.vfs.VirtualJarInputStream.&lt;init&gt;(VirtualJarInputStream.java:78)
	at org.jboss.vfs.VirtualFile.openStream(VirtualFile.java:223)
	at org.jboss.vfs.VFSUtils.readManifest(VFSUtils.java:214)
	at org.jboss.vfs.VirtualJarInputStream.&lt;init&gt;(VirtualJarInputStream.java:78)
	at org.jboss.vfs.VirtualFile.openStream(VirtualFile.java:223)
	at org.jboss.vfs.VFSUtils.readManifest(VFSUtils.java:214)
	at org.jboss.vfs.VirtualJarInputStream.&lt;init&gt;(VirtualJarInputStream.java:78)
	at org.jboss.vfs.VirtualFile.openStream(VirtualFile.java:223)
	at org.jboss.vfs.VFSUtils.readManifest(VFSUtils.java:214)
	at org.jboss.vfs.VirtualJarInputStream.&lt;init&gt;(VirtualJarInputStream.java:78)
	at org.jboss.vfs.VirtualFile.openStream(VirtualFile.java:223)
	at org.jboss.vfs.VFSUtils.readManifest(VFSUtils.java:214)
	at org.jboss.vfs.VirtualJarInputStream.&lt;init&gt;(VirtualJarInputStream.java:78)
	at org.jboss.vfs.VirtualFile.openStream(VirtualFile.java:223)
	at org.jboss.vfs.VFSUtils.readManifest(VFSUtils.java:214)
	at org.jboss.vfs.VirtualJarInputStream.&lt;init&gt;(VirtualJarInputStream.java:78)
	at org.jboss.vfs.VirtualFile.openStream(VirtualFile.java:223)
	at org.jboss.vfs.VFSUtils.readManifest(VFSUtils.java:214)
	at org.jboss.vfs.VirtualJarInputStream.&lt;init&gt;(VirtualJarInputStream.java:78)
	at org.jboss.vfs.VirtualFile.openStream(VirtualFile.java:223)
	at org.jboss.vfs.VFSUtils.readManifest(VFSUtils.java:214)
	at org.jboss.vfs.VirtualJarInputStream.&lt;init&gt;(VirtualJarInputStream.java:78)
	at org.jboss.vfs.VirtualFile.openStream(VirtualFile.java:223)
	at org.jboss.vfs.VFSUtils.readManifest(VFSUtils.java:214)
	at org.jboss.vfs.VirtualJarInputStream.&lt;init&gt;(VirtualJarInputStream.java:78)
	at org.jboss.vfs.VirtualFile.openStream(VirtualFile.java:223)
	at org.jboss.vfs.VFSUtils.readManifest(VFSUtils.java:214)
	at org.jboss.vfs.VirtualJarInputStream.&lt;init&gt;(VirtualJarInputStream.java:78)
	at org.jboss.vfs.VirtualFile.openStream(VirtualFile.java:223)
	at org.jboss.vfs.VFSUtils.readManifest(VFSUtils.java:214)
	at org.jboss.vfs.VirtualJarInputStream.&lt;init&gt;(VirtualJarInputStream.java:78)
	at org.jboss.vfs.VirtualFile.openStream(VirtualFile.java:223)
	at org.jboss.vfs.VFSUtils.readManifest(VFSUtils.java:214)
	at org.jboss.vfs.VirtualJarInputStream.&lt;init&gt;(VirtualJarInputStream.java:78)
	at org.jboss.vfs.VirtualFile.openStream(VirtualFile.java:223)
	at org.jboss.vfs.VFSUtils.readManifest(VFSUtils.java:214)
	at org.jboss.vfs.VirtualJarInputStream.&lt;init&gt;(VirtualJarInputStream.java:78)
	at org.jboss.vfs.VirtualFile.openStream(VirtualFile.java:223)
	at org.jboss.vfs.VFSUtils.readManifest(VFSUtils.java:214)
	at org.jboss.vfs.VirtualJarInputStream.&lt;init&gt;(VirtualJarInputStream.java:78)
	at org.jboss.vfs.VirtualFile.openStream(VirtualFile.java:223)
	at org.jboss.vfs.VFSUtils.readManifest(VFSUtils.java:214)
	at org.jboss.vfs.VirtualJarInputStream.&lt;init&gt;(VirtualJarInputStream.java:78)
	at org.jboss.vfs.VirtualFile.openStream(VirtualFile.java:223)
	at org.jboss.vfs.VFSUtils.readManifest(VFSUtils.java:214)
	at org.jboss.vfs.VirtualJarInputStream.&lt;init&gt;(VirtualJarInputStream.java:78)
	at org.jboss.vfs.VirtualFile.openStream(VirtualFile.java:223)
	at org.jboss.vfs.VFSUtils.readManifest(VFSUtils.java:214)
	at org.jboss.vfs.VirtualJarInputStream.&lt;init&gt;(VirtualJarInputStream.java:78)
	at org.jboss.vfs.VirtualFile.openStream(VirtualFile.java:223)
	at org.jboss.vfs.VFSUtils.readManifest(VFSUtils.java:214)
	at org.jboss.vfs.VirtualJarInputStream.&lt;init&gt;(VirtualJarInputStream.java:78)
	at org.jboss.vfs.VirtualFile.openStream(VirtualFile.java:223)
	at org.jboss.vfs.VFSUtils.readManifest(VFSUtils.java:214)
	at org.jboss.vfs.VirtualJarInputStream.&lt;init&gt;(VirtualJarInputStream.java:78)
	at org.jboss.vfs.VirtualFile.openStream(VirtualFile.java:223)
	at org.jboss.vfs.VFSUtils.readManifest(VFSUtils.java:214)
	at org.jboss.vfs.VirtualJarInputStream.&lt;init&gt;(VirtualJarInputStream.java:78)
	at org.jboss.vfs.VirtualFile.openStream(VirtualFile.java:223)
	at org.jboss.vfs.VFSUtils.readManifest(VFSUtils.java:214)
	at org.jboss.vfs.VirtualJarInputStream.&lt;init&gt;(VirtualJarInputStream.java:78)
	at org.jboss.vfs.VirtualFile.openStream(VirtualFile.java:223)
	at org.jboss.vfs.VFSUtils.readManifest(VFSUtils.java:214)
	at org.jboss.vfs.VirtualJarInputStream.&lt;init&gt;(VirtualJarInputStream.java:78)
	at org.jboss.vfs.VirtualFile.openStream(VirtualFile.java:223)
	at org.jboss.vfs.VFSUtils.readManifest(VFSUtils.java:214)
	at org.jboss.vfs.VirtualJarInputStream.&lt;init&gt;(VirtualJarInputStream.java:78)
	at org.jboss.vfs.VirtualFile.openStream(VirtualFile.java:223)
	at org.jboss.vfs.VFSUtils.readManifest(VFSUtils.java:214)
	at org.jboss.vfs.VirtualJarInputStream.&lt;init&gt;(VirtualJarInputStream.java:78)
	at org.jboss.vfs.VirtualFile.openStream(VirtualFile.java:223)
	at org.jboss.vfs.VFSUtils.readManifest(VFSUtils.java:214)
	at org.jboss.vfs.VirtualJarInputStream.&lt;init&gt;(VirtualJarInputStream.java:78)
	at org.jboss.vfs.VirtualFile.openStream(VirtualFile.java:223)
	at org.jboss.vfs.VFSUtils.readManifest(VFSUtils.java:214)
	at org.jboss.vfs.VirtualJarInputStream.&lt;init&gt;(VirtualJarInputStream.java:78)
	at org.jboss.vfs.VirtualFile.openStream(VirtualFile.java:223)
	at org.jboss.vfs.VFSUtils.readManifest(VFSUtils.java:214)
	at org.jboss.vfs.VirtualJarInputStream.&lt;init&gt;(VirtualJarInputStream.java:78)
	at org.jboss.vfs.VirtualFile.openStream(VirtualFile.java:223)
	at org.jboss.vfs.VFSUtils.readManifest(VFSUtils.java:214)
	at org.jboss.vfs.VirtualJarInputStream.&lt;init&gt;(VirtualJarInputStream.java:78)
	at org.jboss.vfs.VirtualFile.openStream(VirtualFile.java:223)
	at org.jboss.vfs.VFSUtils.readManifest(VFSUtils.java:214)
	at org.jboss.vfs.VirtualJarInputStream.&lt;init&gt;(VirtualJarInputStream.java:78)
	at org.jboss.vfs.VirtualFile.openStream(VirtualFile.java:223)
	at org.jboss.vfs.VFSUtils.readManifest(VFSUtils.java:214)
	at org.jboss.vfs.VirtualJarInputStream.&lt;init&gt;(VirtualJarInputStream.java:78)
	at org.jboss.vfs.VirtualFile.openStream(VirtualFile.java:223)
	at org.jboss.vfs.VFSUtils.readManifest(VFSUtils.java:214)
	at org.jboss.vfs.VirtualJarInputStream.&lt;init&gt;(VirtualJarInputStream.java:78)
	at org.jboss.vfs.VirtualFile.openStream(VirtualFile.java:223)
	at org.jboss.vfs.VFSUtils.readManifest(VFSUtils.java:214)
	at org.jboss.vfs.VirtualJarInputStream.&lt;init&gt;(VirtualJarInputStream.java:78)
	at org.jboss.vfs.VirtualFile.openStream(VirtualFile.java:223)
	at org.jboss.vfs.VFSUtils.readManifest(VFSUtils.java:214)
	at org.jboss.vfs.VirtualJarInputStream.&lt;init&gt;(VirtualJarInputStream.java:78)
	at org.jboss.vfs.VirtualFile.openStream(VirtualFile.java:223)
	at org.jboss.vfs.VFSUtils.readManifest(VFSUtils.java:214)
	at org.jboss.vfs.VirtualJarInputStream.&lt;init&gt;(VirtualJarInputStream.java:78)
	at org.jboss.vfs.VirtualFile.openStream(VirtualFile.java:223)
	at org.jboss.vfs.VFSUtils.readManifest(VFSUtils.java:214)
	at org.jboss.vfs.VirtualJarInputStream.&lt;init&gt;(VirtualJarInputStream.java:78)
	at org.jboss.vfs.VirtualFile.openStream(VirtualFile.java:223)
	at org.jboss.vfs.VFSUtils.readManifest(VFSUtils.java:214)
	at org.jboss.vfs.VirtualJarInputStream.&lt;init&gt;(VirtualJarInputStream.java:78)
	at org.jboss.vfs.VirtualFile.openStream(VirtualFile.java:223)
	at org.jboss.vfs.VFSUtils.readManifest(VFSUtils.java:214)
	at org.jboss.vfs.VirtualJarInputStream.&lt;init&gt;(VirtualJarInputStream.java:78)
	at org.jboss.vfs.VirtualFile.openStream(VirtualFile.java:223)
	at org.jboss.vfs.VFSUtils.readManifest(VFSUtils.java:214)
	at org.jboss.vfs.VirtualJarInputStream.&lt;init&gt;(VirtualJarInputStream.java:78)
	at org.jboss.vfs.VirtualFile.openStream(VirtualFile.java:223)
	at org.jboss.vfs.VFSUtils.readManifest(VFSUtils.java:214)
	at org.jboss.vfs.VirtualJarInputStream.&lt;init&gt;(VirtualJarInputStream.java:78)
	at org.jboss.vfs.VirtualFile.openStream(VirtualFile.java:223)
	at org.jboss.vfs.VFSUtils.readManifest(VFSUtils.java:214)
	at org.jboss.vfs.VirtualJarInputStream.&lt;init&gt;(VirtualJarInputStream.java:78)
	at org.jboss.vfs.VirtualFile.openStream(VirtualFile.java:223)
	at org.jboss.vfs.VFSUtils.readManifest(VFSUtils.java:214)
	at org.jboss.vfs.VirtualJarInputStream.&lt;init&gt;(VirtualJarInputStream.java:78)
	at org.jboss.vfs.VirtualFile.openStream(VirtualFile.java:223)
	at org.jboss.vfs.VFSUtils.readManifest(VFSUtils.java:214)
	at org.jboss.vfs.VirtualJarInputStream.&lt;init&gt;(VirtualJarInputStream.java:78)
	at org.jboss.vfs.VirtualFile.openStream(VirtualFile.java:223)
	at org.jboss.vfs.VFSUtils.readManifest(VFSUtils.java:214)
	at org.jboss.vfs.VirtualJarInputStream.&lt;init&gt;(VirtualJarInputStream.java:78)
	at org.jboss.vfs.VirtualFile.openStream(VirtualFile.java:223)
	at org.jboss.vfs.VFSUtils.readManifest(VFSUtils.java:214)
	at org.jboss.vfs.VirtualJarInputStream.&lt;init&gt;(VirtualJarInputStream.java:78)
	at org.jboss.vfs.VirtualFile.openStream(VirtualFile.java:223)
	at org.jboss.vfs.VFSUtils.readManifest(VFSUtils.java:214)
	at org.jboss.vfs.VirtualJarInputStream.&lt;init&gt;(VirtualJarInputStream.java:78)
	at org.jboss.vfs.VirtualFile.openStream(VirtualFile.java:223)
	at org.jboss.vfs.VFSUtils.readManifest(VFSUtils.java:214)
	at org.jboss.vfs.VirtualJarInputStream.&lt;init&gt;(VirtualJarInputStream.java:78)
	at org.jboss.vfs.VirtualFile.openStream(VirtualFile.java:223)
	at org.jboss.vfs.VFSUtils.readManifest(VFSUtils.java:214)
	at org.jboss.vfs.VirtualJarInputStream.&lt;init&gt;(VirtualJarInputStream.java:78)
	at org.jboss.vfs.VirtualFile.openStream(VirtualFile.java:223)
	at org.jboss.vfs.VFSUtils.readManifest(VFSUtils.java:214)
	at org.jboss.vfs.VirtualJarInputStream.&lt;init&gt;(VirtualJarInputStream.java:78)
	at org.jboss.vfs.VirtualFile.openStream(VirtualFile.java:223)
	at org.jboss.vfs.VFSUtils.readManifest(VFSUtils.java:214)
	at org.jboss.vfs.VirtualJarInputStream.&lt;init&gt;(VirtualJarInputStream.java:78)
	at org.jboss.vfs.VirtualFile.openStream(VirtualFile.java:223)
	at org.jboss.vfs.VFSUtils.readManifest(VFSUtils.java:214)
	at org.jboss.vfs.VirtualJarInputStream.&lt;init&gt;(VirtualJarInputStream.java:78)
	at org.jboss.vfs.VirtualFile.openStream(VirtualFile.java:223)
	at org.jboss.vfs.VFSUtils.readManifest(VFSUtils.java:214)
	at org.jboss.vfs.VirtualJarInputStream.&lt;init&gt;(VirtualJarInputStream.java:78)
	at org.jboss.vfs.VirtualFile.openStream(VirtualFile.java:223)
	at org.jboss.vfs.VFSUtils.readManifest(VFSUtils.java:214)
	at org.jboss.vfs.VirtualJarInputStream.&lt;init&gt;(VirtualJarInputStream.java:78)
	at org.jboss.vfs.VirtualFile.openStream(VirtualFile.java:223)
	at org.jboss.vfs.VFSUtils.readManifest(VFSUtils.java:214)
	at org.jboss.vfs.VirtualJarInputStream.&lt;init&gt;(VirtualJarInputStream.java:78)
	at org.jboss.vfs.VirtualFile.openStream(VirtualFile.java:223)
	at org.jboss.vfs.VFSUtils.readManifest(VFSUtils.java:214)
	at org.jboss.vfs.VirtualJarInputStream.&lt;init&gt;(VirtualJarInputStream.java:78)
	at org.jboss.vfs.VirtualFile.openStream(VirtualFile.java:223)
	at org.jboss.vfs.VFSUtils.readManifest(VFSUtils.java:214)
	at org.jboss.vfs.VirtualJarInputStream.&lt;init&gt;(VirtualJarInputStream.java:78)
	at org.jboss.vfs.VirtualFile.openStream(VirtualFile.java:223)
	at org.jboss.vfs.VFSUtils.readManifest(VFSUtils.java:214)
	at org.jboss.vfs.VirtualJarInputStream.&lt;init&gt;(VirtualJarInputStream.java:78)
	at org.jboss.vfs.VirtualFile.openStream(VirtualFile.java:223)
	at org.jboss.vfs.VFSUtils.readManifest(VFSUtils.java:214)
	at org.jboss.vfs.VirtualJarInputStream.&lt;init&gt;(VirtualJarInputStream.java:78)
	at org.jboss.vfs.VirtualFile.openStream(VirtualFile.java:223)
	at org.jboss.vfs.VFSUtils.readManifest(VFSUtils.java:214)
	at org.jboss.vfs.VirtualJarInputStream.&lt;init&gt;(VirtualJarInputStream.java:78)
	at org.jboss.vfs.VirtualFile.openStream(VirtualFile.java:223)
	at org.jboss.vfs.VFSUtils.readManifest(VFSUtils.java:214)
	at org.jboss.vfs.VirtualJarInputStream.&lt;init&gt;(VirtualJarInputStream.java:78)
	at org.jboss.vfs.VirtualFile.openStream(VirtualFile.java:223)
	at org.jboss.vfs.VFSUtils.readManifest(VFSUtils.java:214)
	at org.jboss.vfs.VirtualJarInputStream.&lt;init&gt;(VirtualJarInputStream.java:78)
	at org.jboss.vfs.VirtualFile.openStream(VirtualFile.java:223)
	at org.jboss.vfs.VFSUtils.readManifest(VFSUtils.java:214)
	at org.jboss.vfs.VirtualJarInputStream.&lt;init&gt;(VirtualJarInputStream.java:78)
	at org.jboss.vfs.VirtualFile.openStream(VirtualFile.java:223)
	at org.jboss.vfs.VFSUtils.readManifest(VFSUtils.java:214)
	at org.jboss.vfs.VirtualJarInputStream.&lt;init&gt;(VirtualJarInputStream.java:78)
	at org.jboss.vfs.VirtualFile.openStream(VirtualFile.java:223)
	at org.jboss.vfs.VFSUtils.readManifest(VFSUtils.java:214)
	at org.jboss.vfs.VirtualJarInputStream.&lt;init&gt;(VirtualJarInputStream.java:78)
	at org.jboss.vfs.VirtualFile.openStream(VirtualFile.java:223)
	at org.jboss.vfs.VFSUtils.readManifest(VFSUtils.java:214)
	at org.jboss.vfs.VirtualJarInputStream.&lt;init&gt;(VirtualJarInputStream.java:78)
	at org.jboss.vfs.VirtualFile.openStream(VirtualFile.java:223)
	at org.jboss.vfs.VFSUtils.readManifest(VFSUtils.java:214)
	at org.jboss.vfs.VirtualJarInputStream.&lt;init&gt;(VirtualJarInputStream.java:78)
	at org.jboss.vfs.VirtualFile.openStream(VirtualFile.java:223)
	at org.jboss.vfs.VFSUtils.readManifest(VFSUtils.java:214)
	at org.jboss.vfs.VirtualJarInputStream.&lt;init&gt;(VirtualJarInputStream.java:78)
	at org.jboss.vfs.VirtualFile.openStream(VirtualFile.java:223)
	at org.jboss.vfs.VFSUtils.readManifest(VFSUtils.java:214)
	at org.jboss.vfs.VirtualJarInputStream.&lt;init&gt;(VirtualJarInputStream.java:78)
	at org.jboss.vfs.VirtualFile.openStream(VirtualFile.java:223)
	at org.jboss.vfs.VFSUtils.readManifest(VFSUtils.java:214)
	at org.jboss.vfs.VirtualJarInputStream.&lt;init&gt;(VirtualJarInputStream.java:78)
	at org.jboss.vfs.VirtualFile.openStream(VirtualFile.java:223)
	at org.jboss.vfs.VFSUtils.readManifest(VFSUtils.java:214)
	at org.jboss.vfs.VirtualJarInputStream.&lt;init&gt;(VirtualJarInputStream.java:78)
	at org.jboss.vfs.VirtualFile.openStream(VirtualFile.java:223)
	at org.jboss.vfs.VFSUtils.readManifest(VFSUtils.java:214)
	at org.jboss.vfs.VirtualJarInputStream.&lt;init&gt;(VirtualJarInputStream.java:78)
	at org.jboss.vfs.VirtualFile.openStream(VirtualFile.java:223)
	at org.jboss.vfs.VFSUtils.readManifest(VFSUtils.java:214)
	at org.jboss.vfs.VirtualJarInputStream.&lt;init&gt;(VirtualJarInputStream.java:78)
	at org.jboss.vfs.VirtualFile.openStream(VirtualFile.java:223)
	at org.jboss.vfs.VFSUtils.readManifest(VFSUtils.java:214)
	at org.jboss.vfs.VirtualJarInputStream.&lt;init&gt;(VirtualJarInputStream.java:78)
	at org.jboss.vfs.VirtualFile.openStream(VirtualFile.java:223)
	at org.jboss.vfs.VFSUtils.readManifest(VFSUtils.java:214)
	at org.jboss.vfs.VirtualJarInputStream.&lt;init&gt;(VirtualJarInputStream.java:78)
	at org.jboss.vfs.VirtualFile.openStream(VirtualFile.java:223)
	at org.jboss.vfs.VFSUtils.readManifest(VFSUtils.java:214)
	at org.jboss.vfs.VirtualJarInputStream.&lt;init&gt;(VirtualJarInputStream.java:78)
	at org.jboss.vfs.VirtualFile.openStream(VirtualFile.java:223)
	at org.jboss.vfs.VFSUtils.readManifest(VFSUtils.java:214)
	at org.jboss.vfs.VirtualJarInputStream.&lt;init&gt;(VirtualJarInputStream.java:78)
	at org.jboss.vfs.VirtualFile.openStream(VirtualFile.java:223)
	at org.jboss.vfs.VFSUtils.readManifest(VFSUtils.java:214)
	at org.jboss.vfs.VirtualJarInputStream.&lt;init&gt;(VirtualJarInputStream.java:78)
	at org.jboss.vfs.VirtualFile.openStream(VirtualFile.java:223)
	at org.jboss.vfs.VFSUtils.readManifest(VFSUtils.java:214)
	at org.jboss.vfs.VirtualJarInputStream.&lt;init&gt;(VirtualJarInputStream.java:78)
	at org.jboss.vfs.VirtualFile.openStream(VirtualFile.java:223)
	at org.jboss.vfs.VFSUtils.readManifest(VFSUtils.java:214)
	at org.jboss.vfs.VirtualJarInputStream.&lt;init&gt;(VirtualJarInputStream.java:78)
	at org.jboss.vfs.VirtualFile.openStream(VirtualFile.java:223)
	at org.jboss.vfs.VFSUtils.readManifest(VFSUtils.java:214)
	at org.jboss.vfs.VirtualJarInputStream.&lt;init&gt;(VirtualJarInputStream.java:78)
	at org.jboss.vfs.VirtualFile.openStream(VirtualFile.java:223)
	at org.jboss.vfs.VFSUtils.readManifest(VFSUtils.java:214)
	at org.jboss.vfs.VirtualJarInputStream.&lt;init&gt;(VirtualJarInputStream.java:78)
	at org.jboss.vfs.VirtualFile.openStream(VirtualFile.java:223)
	at org.jboss.vfs.VFSUtils.readManifest(VFSUtils.java:214)
	at org.jboss.vfs.VirtualJarInputStream.&lt;init&gt;(VirtualJarInputStream.java:78)
	at org.jboss.vfs.VirtualFile.openStream(VirtualFile.java:223)
	at org.jboss.vfs.VFSUtils.readManifest(VFSUtils.java:214)
	at org.jboss.vfs.VirtualJarInputStream.&lt;init&gt;(VirtualJarInputStream.java:78)
	at org.jboss.vfs.VirtualFile.openStream(VirtualFile.java:223)
	at org.jboss.vfs.VFSUtils.readManifest(VFSUtils.java:214)
	at org.jboss.vfs.VirtualJarInputStream.&lt;init&gt;(VirtualJarInputStream.java:78)
	at org.jboss.vfs.VirtualFile.openStream(VirtualFile.java:223)
	at org.jboss.vfs.VFSUtils.readManifest(VFSUtils.java:214)
	at org.jboss.vfs.VirtualJarInputStream.&lt;init&gt;(VirtualJarInputStream.java:78)
	at org.jboss.vfs.VirtualFile.openStream(VirtualFile.java:223)
	at org.jboss.vfs.VFSUtils.readManifest(VFSUtils.java:214)
	at org.jboss.vfs.VirtualJarInputStream.&lt;init&gt;(VirtualJarInputStream.java:78)
	at org.jboss.vfs.VirtualFile.openStream(VirtualFile.java:223)
	at org.jboss.vfs.VFSUtils.readManifest(VFSUtils.java:214)
	at org.jboss.vfs.VirtualJarInputStream.&lt;init&gt;(VirtualJarInputStream.java:78)
	at org.jboss.vfs.VirtualFile.openStream(VirtualFile.java:223)
	at org.jboss.vfs.VFSUtils.readManifest(VFSUtils.java:214)
	at org.jboss.vfs.VirtualJarInputStream.&lt;init&gt;(VirtualJarInputStream.java:78)
	at org.jboss.vfs.VirtualFile.openStream(VirtualFile.java:223)
	at org.jboss.vfs.VFSUtils.readManifest(VFSUtils.java:214)
	at org.jboss.vfs.VirtualJarInputStream.&lt;init&gt;(VirtualJarInputStream.java:78)
	at org.jboss.vfs.VirtualFile.openStream(VirtualFile.java:223)
	at org.jboss.vfs.VFSUtils.readManifest(VFSUtils.java:214)
	at org.jboss.vfs.VirtualJarInputStream.&lt;init&gt;(VirtualJarInputStream.java:78)
	at org.jboss.vfs.VirtualFile.openStream(VirtualFile.java:223)
	at org.jboss.vfs.VFSUtils.readManifest(VFSUtils.java:214)
	at org.jboss.vfs.VirtualJarInputStream.&lt;init&gt;(VirtualJarInputStream.java:78)
	at org.jboss.vfs.VirtualFile.openStream(VirtualFile.java:223)
	at org.jboss.vfs.VFSUtils.readManifest(VFSUtils.java:214)
	at org.jboss.vfs.VirtualJarInputStream.&lt;init&gt;(VirtualJarInputStream.java:78)
	at org.jboss.vfs.VirtualFile.openStream(VirtualFile.java:223)
	at org.jboss.vfs.VFSUtils.readManifest(VFSUtils.java:214)
	at org.jboss.vfs.VirtualJarInputStream.&lt;init&gt;(VirtualJarInputStream.java:78)
	at org.jboss.vfs.VirtualFile.openStream(VirtualFile.java:223)
	at org.jboss.vfs.VFSUtils.readManifest(VFSUtils.java:214)
	at org.jboss.vfs.VirtualJarInputStream.&lt;init&gt;(VirtualJarInputStream.java:78)
	at org.jboss.vfs.VirtualFile.openStream(VirtualFile.java:223)
	at org.jboss.vfs.VFSUtils.readManifest(VFSUtils.java:214)
	at org.jboss.vfs.VirtualJarInputStream.&lt;init&gt;(VirtualJarInputStream.java:78)
	at org.jboss.vfs.VirtualFile.openStream(VirtualFile.java:223)
	at org.jboss.vfs.VFSUtils.readManifest(VFSUtils.java:214)
	at org.jboss.vfs.VirtualJarInputStream.&lt;init&gt;(VirtualJarInputStream.java:78)
	at org.jboss.vfs.VirtualFile.openStream(VirtualFile.java:223)
	at org.jboss.vfs.VFSUtils.readManifest(VFSUtils.java:214)
	at org.jboss.vfs.VirtualJarInputStream.&lt;init&gt;(VirtualJarInputStream.java:78)
	at org.jboss.vfs.VirtualFile.openStream(VirtualFile.java:223)
	at org.jboss.vfs.VFSUtils.readManifest(VFSUtils.java:214)
	at org.jboss.vfs.VirtualJarInputStream.&lt;init&gt;(VirtualJarInputStream.java:78)
	at org.jboss.vfs.VirtualFile.openStream(VirtualFile.java:223)
	at org.jboss.vfs.VFSUtils.readManifest(VFSUtils.java:214)
	at org.jboss.vfs.VirtualJarInputStream.&lt;init&gt;(VirtualJarInputStream.java:78)
	at org.jboss.vfs.VirtualFile.openStream(VirtualFile.java:223)
	at org.jboss.vfs.VFSUtils.readManifest(VFSUtils.java:214)
	at org.jboss.vfs.VirtualJarInputStream.&lt;init&gt;(VirtualJarInputStream.java:78)
	at org.jboss.vfs.VirtualFile.openStream(VirtualFile.java:223)
	at org.jboss.vfs.VFSUtils.readManifest(VFSUtils.java:214)
	at org.jboss.vfs.VirtualJarInputStream.&lt;init&gt;(VirtualJarInputStream.java:78)
	at org.jboss.vfs.VirtualFile.openStream(VirtualFile.java:223)
	at org.jboss.vfs.VFSUtils.readManifest(VFSUtils.java:214)
	at org.jboss.vfs.VirtualJarInputStream.&lt;init&gt;(VirtualJarInputStream.java:78)
	at org.jboss.vfs.VirtualFile.openStream(VirtualFile.java:223)
	at org.jboss.vfs.VFSUtils.readManifest(VFSUtils.java:214)
	at org.jboss.vfs.VirtualJarInputStream.&lt;init&gt;(VirtualJarInputStream.java:78)
	at org.jboss.vfs.VirtualFile.openStream(VirtualFile.java:223)
	at org.jboss.vfs.VFSUtils.readManifest(VFSUtils.java:214)
	at org.jboss.vfs.VirtualJarInputStream.&lt;init&gt;(VirtualJarInputStream.java:78)
	at org.jboss.vfs.VirtualFile.openStream(VirtualFile.java:223)
	at org.jboss.vfs.VFSUtils.readManifest(VFSUtils.java:214)
	at org.jboss.vfs.VirtualJarInputStream.&lt;init&gt;(VirtualJarInputStream.java:78)
	at org.jboss.vfs.VirtualFile.openStream(VirtualFile.java:223)
	at org.jboss.vfs.VFSUtils.readManifest(VFSUtils.java:214)
	at org.jboss.vfs.VirtualJarInputStream.&lt;init&gt;(VirtualJarInputStream.java:78)
	at org.jboss.vfs.VirtualFile.openStream(VirtualFile.java:223)
	at org.jboss.vfs.VFSUtils.readManifest(VFSUtils.java:214)
	at org.jboss.vfs.VirtualJarInputStream.&lt;init&gt;(VirtualJarInputStream.java:78)
	at org.jboss.vfs.VirtualFile.openStream(VirtualFile.java:223)
	at org.jboss.vfs.VFSUtils.readManifest(VFSUtils.java:214)
	at org.jboss.vfs.VirtualJarInputStream.&lt;init&gt;(VirtualJarInputStream.java:78)
	at org.jboss.vfs.VirtualFile.openStream(VirtualFile.java:223)
	at org.jboss.vfs.VFSUtils.readManifest(VFSUtils.java:214)
	at org.jboss.vfs.VirtualJarInputStream.&lt;init&gt;(VirtualJarInputStream.java:78)
	at org.jboss.vfs.VirtualFile.openStream(VirtualFile.java:223)
	at org.jboss.vfs.VFSUtils.readManifest(VFSUtils.java:214)
	at org.jboss.vfs.VirtualJarInputStream.&lt;init&gt;(VirtualJarInputStream.java:78)
	at org.jboss.vfs.VirtualFile.openStream(VirtualFile.java:223)
	at org.jboss.vfs.VFSUtils.readManifest(VFSUtils.java:214)
	at org.jboss.vfs.VirtualJarInputStream.&lt;init&gt;(VirtualJarInputStream.java:78)
	at org.jboss.vfs.VirtualFile.openStream(VirtualFile.java:223)
	at org.jboss.vfs.VFSUtils.readManifest(VFSUtils.java:214)
	at org.jboss.vfs.VirtualJarInputStream.&lt;init&gt;(VirtualJarInputStream.java:78)
	at org.jboss.vfs.VirtualFile.openStream(VirtualFile.java:223)
	at org.jboss.vfs.VFSUtils.readManifest(VFSUtils.java:214)
	at org.jboss.vfs.VirtualJarInputStream.&lt;init&gt;(VirtualJarInputStream.java:78)
	at org.jboss.vfs.VirtualFile.openStream(VirtualFile.java:223)
	at org.jboss.vfs.VFSUtils.readManifest(VFSUtils.java:214)
	at org.jboss.vfs.VirtualJarInputStream.&lt;init&gt;(VirtualJarInputStream.java:78)
	at org.jboss.vfs.VirtualFile.openStream(VirtualFile.java:223)
	at org.jboss.vfs.VFSUtils.readManifest(VFSUtils.java:214)
	at org.jboss.vfs.VirtualJarInputStream.&lt;init&gt;(VirtualJarInputStream.java:78)
	at org.jboss.vfs.VirtualFile.openStream(VirtualFile.java:223)
	at org.jboss.vfs.VFSUtils.readManifest(VFSUtils.java:214)
	at org.jboss.vfs.VirtualJarInputStream.&lt;init&gt;(VirtualJarInputStream.java:78)
	at org.jboss.vfs.VirtualFile.openStream(VirtualFile.java:223)
	at org.jboss.vfs.VFSUtils.readManifest(VFSUtils.java:214)
	at org.jboss.vfs.VirtualJarInputStream.&lt;init&gt;(VirtualJarInputStream.java:78)
	at org.jboss.vfs.VirtualFile.openStream(VirtualFile.java:223)
	at org.jboss.vfs.VFSUtils.readManifest(VFSUtils.java:214)
	at org.jboss.vfs.VirtualJarInputStream.&lt;init&gt;(VirtualJarInputStream.java:78)
	at org.jboss.vfs.VirtualFile.openStream(VirtualFile.java:223)
	at org.jboss.vfs.VFSUtils.readManifest(VFSUtils.java:214)
	at org.jboss.vfs.VirtualJarInputStream.&lt;init&gt;(VirtualJarInputStream.java:78)
	at org.jboss.vfs.VirtualFile.openStream(VirtualFile.java:223)
	at org.jboss.vfs.VFSUtils.readManifest(VFSUtils.java:214)
	at org.jboss.vfs.VirtualJarInputStream.&lt;init&gt;(VirtualJarInputStream.java:78)
	at org.jboss.vfs.VirtualFile.openStream(VirtualFile.java:223)
	at org.jboss.vfs.VFSUtils.readManifest(VFSUtils.java:214)
	at org.jboss.vfs.VirtualJarInputStream.&lt;init&gt;(VirtualJarInputStream.java:78)
	at org.jboss.vfs.VirtualFile.openStream(VirtualFile.java:223)
	at org.jboss.vfs.VFSUtils.readManifest(VFSUtils.java:214)
	at org.jboss.vfs.VirtualJarInputStream.&lt;init&gt;(VirtualJarInputStream.java:78)
	at org.jboss.vfs.VirtualFile.openStream(VirtualFile.java:223)
	at org.jboss.vfs.VFSUtils.readManifest(VFSUtils.java:214)
	at org.jboss.vfs.VirtualJarInputStream.&lt;init&gt;(VirtualJarInputStream.java:78)
	at org.jboss.vfs.VirtualFile.openStream(VirtualFile.java:223)
	at org.jboss.vfs.VFSUtils.readManifest(VFSUtils.java:214)
	at org.jboss.vfs.VirtualJarInputStream.&lt;init&gt;(VirtualJarInputStream.java:78)
	at org.jboss.vfs.VirtualFile.openStream(VirtualFile.java:223)
	at org.jboss.vfs.VFSUtils.readManifest(VFSUtils.java:214)
	at org.jboss.vfs.VirtualJarInputStream.&lt;init&gt;(VirtualJarInputStream.java:78)
	at org.jboss.vfs.VirtualFile.openStream(VirtualFile.java:223)
	at org.jboss.vfs.VFSUtils.readManifest(VFSUtils.java:214)
	at org.jboss.vfs.VirtualJarInputStream.&lt;init&gt;(VirtualJarInputStream.java:78)
	at org.jboss.vfs.VirtualFile.openStream(VirtualFile.java:223)
	at org.jboss.vfs.VFSUtils.readManifest(VFSUtils.java:214)
	at org.jboss.vfs.VirtualJarInputStream.&lt;init&gt;(VirtualJarInputStream.java:78)
	at org.jboss.vfs.VirtualFile.openStream(VirtualFile.java:223)
	at org.jboss.vfs.VFSUtils.readManifest(VFSUtils.java:214)
	at org.jboss.vfs.VirtualJarInputStream.&lt;init&gt;(VirtualJarInputStream.java:78)
	at org.jboss.vfs.VirtualFile.openStream(VirtualFile.java:223)
	at org.jboss.vfs.VFSUtils.readManifest(VFSUtils.java:214)
	at org.jboss.vfs.VirtualJarInputStream.&lt;init&gt;(VirtualJarInputStream.java:78)
	at org.jboss.vfs.VirtualFile.openStream(VirtualFile.java:223)
	at org.jboss.vfs.VFSUtils.readManifest(VFSUtils.java:214)
	at org.jboss.vfs.VirtualJarInputStream.&lt;init&gt;(VirtualJarInputStream.java:78)
	at org.jboss.vfs.VirtualFile.openStream(VirtualFile.java:223)
	at org.jboss.vfs.VFSUtils.readManifest(VFSUtils.java:214)
	at org.jboss.vfs.VirtualJarInputStream.&lt;init&gt;(VirtualJarInputStream.java:78)
	at org.jboss.vfs.VirtualFile.openStream(VirtualFile.java:223)
	at org.jboss.vfs.VFSUtils.readManifest(VFSUtils.java:214)
	at org.jboss.vfs.VirtualJarInputStream.&lt;init&gt;(VirtualJarInputStream.java:78)
	at org.jboss.vfs.VirtualFile.openStream(VirtualFile.java:223)
	at org.jboss.vfs.VFSUtils.readManifest(VFSUtils.java:214)
	at org.jboss.vfs.VirtualJarInputStream.&lt;init&gt;(VirtualJarInputStream.java:78)
	at org.jboss.vfs.VirtualFile.openStream(VirtualFile.java:223)
	at org.jboss.vfs.VFSUtils.readManifest(VFSUtils.java:214)
	at org.jboss.vfs.VirtualJarInputStream.&lt;init&gt;(VirtualJarInputStream.java:78)
	at org.jboss.vfs.VirtualFile.openStream(VirtualFile.java:223)
	at org.jboss.vfs.VFSUtils.readManifest(VFSUtils.java:214)
	at org.jboss.vfs.VirtualJarInputStream.&lt;init&gt;(VirtualJarInputStream.java:78)
	at org.jboss.vfs.VirtualFile.openStream(VirtualFile.java:223)
	at org.jboss.vfs.VFSUtils.readManifest(VFSUtils.java:214)
	at org.jboss.vfs.VirtualJarInputStream.&lt;init&gt;(VirtualJarInputStream.java:78)
	at org.jboss.vfs.VirtualFile.openStream(VirtualFile.java:223)
	at org.jboss.vfs.VFSUtils.readManifest(VFSUtils.java:214)
	at org.jboss.vfs.VirtualJarInputStream.&lt;init&gt;(VirtualJarInputStream.java:78)
	at org.jboss.vfs.VirtualFile.openStream(VirtualFile.java:223)
	at org.jboss.vfs.VFSUtils.readManifest(VFSUtils.java:214)
	at org.jboss.vfs.VirtualJarInputStream.&lt;init&gt;(VirtualJarInputStream.java:78)
	at org.jboss.vfs.VirtualFile.openStream(VirtualFile.java:223)
	at org.jboss.vfs.VFSUtils.readManifest(VFSUtils.java:214)
	at org.jboss.vfs.VirtualJarInputStream.&lt;init&gt;(VirtualJarInputStream.java:78)
	at org.jboss.vfs.VirtualFile.openStream(VirtualFile.java:223)
	at org.jboss.vfs.VFSUtils.readManifest(VFSUtils.java:214)
	at org.jboss.vfs.VirtualJarInputStream.&lt;init&gt;(VirtualJarInputStream.java:78)
	at org.jboss.vfs.VirtualFile.openStream(VirtualFile.java:223)
	at org.jboss.vfs.VFSUtils.readManifest(VFSUtils.java:214)
	at org.jboss.vfs.VirtualJarInputStream.&lt;init&gt;(VirtualJarInputStream.java:78)
	at org.jboss.vfs.VirtualFile.openStream(VirtualFile.java:223)
	at org.jboss.vfs.VFSUtils.readManifest(VFSUtils.java:214)
	at org.jboss.vfs.VirtualJarInputStream.&lt;init&gt;(VirtualJarInputStream.java:78)
	at org.jboss.vfs.VirtualFile.openStream(VirtualFile.java:223)
	at org.jboss.vfs.VFSUtils.readManifest(VFSUtils.java:214)
	at org.jboss.vfs.VirtualJarInputStream.&lt;init&gt;(VirtualJarInputStream.java:78)
	at org.jboss.vfs.VirtualFile.openStream(VirtualFile.java:223)
	at org.jboss.vfs.VFSUtils.readManifest(VFSUtils.java:214)
	at org.jboss.vfs.VirtualJarInputStream.&lt;init&gt;(VirtualJarInputStream.java:78)
	at org.jboss.vfs.VirtualFile.openStream(VirtualFile.java:223)
	at org.jboss.vfs.VFSUtils.readManifest(VFSUtils.java:214)
	at org.jboss.vfs.VirtualJarInputStream.&lt;init&gt;(VirtualJarInputStream.java:78)
	at org.jboss.vfs.VirtualFile.openStream(VirtualFile.java:223)
	at org.jboss.vfs.VFSUtils.readManifest(VFSUtils.java:214)
	at org.jboss.vfs.VirtualJarInputStream.&lt;init&gt;(VirtualJarInputStream.java:78)
	at org.jboss.vfs.VirtualFile.openStream(VirtualFile.java:223)
	at org.jboss.vfs.VFSUtils.readManifest(VFSUtils.java:214)
	at org.jboss.vfs.VirtualJarInputStream.&lt;init&gt;(VirtualJarInputStream.java:78)
	at org.jboss.vfs.VirtualFile.openStream(VirtualFile.java:223)
	at org.jboss.vfs.VFSUtils.readManifest(VFSUtils.java:214)
	at org.jboss.vfs.VirtualJarInputStream.&lt;init&gt;(VirtualJarInputStream.java:78)
	at org.jboss.vfs.VirtualFile.openStream(VirtualFile.java:223)
	at org.jboss.vfs.VFSUtils.readManifest(VFSUtils.java:214)
	at org.jboss.vfs.VirtualJarInputStream.&lt;init&gt;(VirtualJarInputStream.java:78)
	at org.jboss.vfs.VirtualFile.openStream(VirtualFile.java:223)
	at org.jboss.vfs.VFSUtils.readManifest(VFSUtils.java:214)
	at org.jboss.vfs.VirtualJarInputStream.&lt;init&gt;(VirtualJarInputStream.java:78)
	at org.jboss.vfs.VirtualFile.openStream(VirtualFile.java:223)
	at org.jboss.vfs.VFSUtils.readManifest(VFSUtils.java:214)
	at org.jboss.vfs.VirtualJarInputStream.&lt;init&gt;(VirtualJarInputStream.java:78)
	at org.jboss.vfs.VirtualFile.openStream(VirtualFile.java:223)
	at org.jboss.vfs.VFSUtils.readManifest(VFSUtils.java:214)
	at org.jboss.vfs.VirtualJarInputStream.&lt;init&gt;(VirtualJarInputStream.java:78)
	at org.jboss.vfs.VirtualFile.openStream(VirtualFile.java:223)
	at org.jboss.vfs.VFSUtils.readManifest(VFSUtils.java:214)
	at org.jboss.vfs.VirtualJarInputStream.&lt;init&gt;(VirtualJarInputStream.java:78)
	at org.jboss.vfs.VirtualFile.openStream(VirtualFile.java:223)
	at org.jboss.vfs.VFSUtils.readManifest(VFSUtils.java:214)
	at org.jboss.vfs.VirtualJarInputStream.&lt;init&gt;(VirtualJarInputStream.java:78)
	at org.jboss.vfs.VirtualFile.openStream(VirtualFile.java:223)
	at org.jboss.vfs.VFSUtils.readManifest(VFSUtils.java:214)
	at org.jboss.vfs.VirtualJarInputStream.&lt;init&gt;(VirtualJarInputStream.java:78)
	at org.jboss.vfs.VirtualFile.openStream(VirtualFile.java:223)
	at org.jboss.vfs.VFSUtils.readManifest(VFSUtils.java:214)
	at org.jboss.vfs.VirtualJarInputStream.&lt;init&gt;(VirtualJarInputStream.java:78)
	at org.jboss.vfs.VirtualFile.openStream(VirtualFile.java:223)
	at org.jboss.vfs.VFSUtils.readManifest(VFSUtils.java:214)
	at org.jboss.vfs.VirtualJarInputStream.&lt;init&gt;(VirtualJarInputStream.java:78)
	at org.jboss.vfs.VirtualFile.openStream(VirtualFile.java:223)
	at org.jboss.vfs.VFSUtils.readManifest(VFSUtils.java:214)
	at org.jboss.vfs.VirtualJarInputStream.&lt;init&gt;(VirtualJarInputStream.java:78)
	at org.jboss.vfs.VirtualFile.openStream(VirtualFile.java:223)
	at org.jboss.vfs.VFSUtils.readManifest(VFSUtils.java:214)
	at org.jboss.vfs.VirtualJarInputStream.&lt;init&gt;(VirtualJarInputStream.java:78)
	at org.jboss.vfs.VirtualFile.openStream(VirtualFile.java:223)
	at org.jboss.vfs.VFSUtils.readManifest(VFSUtils.java:214)
	at org.jboss.vfs.VirtualJarInputStream.&lt;init&gt;(VirtualJarInputStream.java:78)
	at org.jboss.vfs.VirtualFile.openStream(VirtualFile.java:223)
	at org.jboss.vfs.VFSUtils.readManifest(VFSUtils.java:214)
	at org.jboss.vfs.VirtualJarInputStream.&lt;init&gt;(VirtualJarInputStream.java:78)
	at org.jboss.vfs.VirtualFile.openStream(VirtualFile.java:223)
	at org.jboss.vfs.VFSUtils.readManifest(VFSUtils.java:214)
	at org.jboss.vfs.VirtualJarInputStream.&lt;init&gt;(VirtualJarInputStream.java:78)
	at org.jboss.vfs.VirtualFile.openStream(VirtualFile.java:223)
	at org.jboss.vfs.VFSUtils.readManifest(VFSUtils.java:214)
	at org.jboss.vfs.VirtualJarInputStream.&lt;init&gt;(VirtualJarInputStream.java:78)
	at org.jboss.vfs.VirtualFile.openStream(VirtualFile.java:223)
	at org.jboss.vfs.VFSUtils.readManifest(VFSUtils.java:214)
	at org.jboss.vfs.VirtualJarInputStream.&lt;init&gt;(VirtualJarInputStream.java:78)
	at org.jboss.vfs.VirtualFile.openStream(VirtualFile.java:223)
	at org.jboss.vfs.VFSUtils.readManifest(VFSUtils.java:214)
	at org.jboss.vfs.VirtualJarInputStream.&lt;init&gt;(VirtualJarInputStream.java:78)
	at org.jboss.vfs.VirtualFile.openStream(VirtualFile.java:223)
	at org.jboss.vfs.VFSUtils.readManifest(VFSUtils.java:214)
	at org.jboss.vfs.VirtualJarInputStream.&lt;init&gt;(VirtualJarInputStream.java:78)
	at org.jboss.vfs.VirtualFile.openStream(VirtualFile.java:223)
	at org.jboss.vfs.VFSUtils.readManifest(VFSUtils.java:214)
	at org.jboss.vfs.VirtualJarInputStream.&lt;init&gt;(VirtualJarInputStream.java:78)
	at org.jboss.vfs.VirtualFile.openStream(VirtualFile.java:223)
	at org.jboss.vfs.VFSUtils.readManifest(VFSUtils.java:214)
	at org.jboss.vfs.VirtualJarInputStream.&lt;init&gt;(VirtualJarInputStream.java:78)
	at org.jboss.vfs.VirtualFile.openStream(VirtualFile.java:223)
	at org.jboss.vfs.VFSUtils.readManifest(VFSUtils.java:214)
	at org.jboss.vfs.VirtualJarInputStream.&lt;init&gt;(VirtualJarInputStream.java:78)
	at org.jboss.vfs.VirtualFile.openStream(VirtualFile.java:223)
	at org.jboss.vfs.VFSUtils.readManifest(VFSUtils.java:214)
	at org.jboss.vfs.VirtualJarInputStream.&lt;init&gt;(VirtualJarInputStream.java:78)
	at org.jboss.vfs.VirtualFile.openStream(VirtualFile.java:223)
	at org.jboss.vfs.VFSUtils.readManifest(VFSUtils.java:214)
	at org.jboss.vfs.VirtualJarInputStream.&lt;init&gt;(VirtualJarInputStream.java:78)
	at org.jboss.vfs.VirtualFile.openStream(VirtualFile.java:223)
	at org.jboss.vfs.VFSUtils.readManifest(VFSUtils.java:214)
	at org.jboss.vfs.VirtualJarInputStream.&lt;init&gt;(VirtualJarInputStream.java:78)
	at org.jboss.vfs.VirtualFile.openStream(VirtualFile.java:223)
	at org.jboss.vfs.VFSUtils.readManifest(VFSUtils.java:214)
	at org.jboss.vfs.VirtualJarInputStream.&lt;init&gt;(VirtualJarInputStream.java:78)
	at org.jboss.vfs.VirtualFile.openStream(VirtualFile.java:223)
	at org.jboss.vfs.VFSUtils.readManifest(VFSUtils.java:214)
	at org.jboss.vfs.VirtualJarInputStream.&lt;init&gt;(VirtualJarInputStream.java:78)
	at org.jboss.vfs.VirtualFile.openStream(VirtualFile.java:223)
	at org.jboss.vfs.VFSUtils.readManifest(VFSUtils.java:214)
	at org.jboss.vfs.VirtualJarInputStream.&lt;init&gt;(VirtualJarInputStream.java:78)
	at org.jboss.vfs.VirtualFile.openStream(VirtualFile.java:223)
	at org.jboss.vfs.VFSUtils.readManifest(VFSUtils.java:214)
	at org.jboss.vfs.VirtualJarInputStream.&lt;init&gt;(VirtualJarInputStream.java:78)
	at org.jboss.vfs.VirtualFile.openStream(VirtualFile.java:223)
	at org.jboss.vfs.VFSUtils.readManifest(VFSUtils.java:214)
	at org.jboss.vfs.VirtualJarInputStream.&lt;init&gt;(VirtualJarInputStream.java:78)
	at org.jboss.vfs.VirtualFile.openStream(VirtualFile.java:223)
	at org.jboss.vfs.VFSUtils.readManifest(VFSUtils.java:214)
	at org.jboss.vfs.VirtualJarInputStream.&lt;init&gt;(VirtualJarInputStream.java:78)
	at org.jboss.vfs.VirtualFile.openStream(VirtualFile.java:223)
	at org.jboss.vfs.VFSUtils.readManifest(VFSUtils.java:214)
	at org.jboss.vfs.VirtualJarInputStream.&lt;init&gt;(VirtualJarInputStream.java:78)
	at org.jboss.vfs.VirtualFile.openStream(VirtualFile.java:223)
	at org.jboss.vfs.VFSUtils.readManifest(VFSUtils.java:214)
	at org.jboss.vfs.VirtualJarInputStream.&lt;init&gt;(VirtualJarInputStream.java:78)
	at org.jboss.vfs.VirtualFile.openStream(VirtualFile.java:223)
	at org.jboss.vfs.VFSUtils.readManifest(VFSUtils.java:214)
	at org.jboss.vfs.VirtualJarInputStream.&lt;init&gt;(VirtualJarInputStream.java:78)
	at org.jboss.vfs.VirtualFile.openStream(VirtualFile.java:223)
	at org.jboss.vfs.VFSUtils.readManifest(VFSUtils.java:214)
	at org.jboss.vfs.VirtualJarInputStream.&lt;init&gt;(VirtualJarInputStream.java:78)
	at org.jboss.vfs.VirtualFile.openStream(VirtualFile.java:223)
	at org.jboss.vfs.VFSUtils.readManifest(VFSUtils.java:214)
	at org.jboss.vfs.VirtualJarInputStream.&lt;init&gt;(VirtualJarInputStream.java:78)
	at org.jboss.vfs.VirtualFile.openStream(VirtualFile.java:223)
	at org.jboss.vfs.VFSUtils.readManifest(VFSUtils.java:214)
	at org.jboss.vfs.VirtualJarInputStream.&lt;init&gt;(VirtualJarInputStream.java:78)
	at org.jboss.vfs.VirtualFile.openStream(VirtualFile.java:223)
	at org.jboss.vfs.VFSUtils.readManifest(VFSUtils.java:214)
	at org.jboss.vfs.VirtualJarInputStream.&lt;init&gt;(VirtualJarInputStream.java:78)
	at org.jboss.vfs.VirtualFile.openStream(VirtualFile.java:223)
	at org.jboss.vfs.VFSUtils.readManifest(VFSUtils.java:214)
	at org.jboss.vfs.VirtualJarInputStream.&lt;init&gt;(VirtualJarInputStream.java:78)
	at org.jboss.vfs.VirtualFile.openStream(VirtualFile.java:223)
	at org.jboss.vfs.VFSUtils.readManifest(VFSUtils.java:214)
	at org.jboss.vfs.VirtualJarInputStream.&lt;init&gt;(VirtualJarInputStream.java:78)
	at org.jboss.vfs.VirtualFile.openStream(VirtualFile.java:223)
	at org.jboss.vfs.VFSUtils.readManifest(VFSUtils.java:214)
	at org.jboss.vfs.VirtualJarInputStream.&lt;init&gt;(VirtualJarInputStream.java:78)
	at org.jboss.vfs.VirtualFile.openStream(VirtualFile.java:223)
	at org.jboss.vfs.VFSUtils.readManifest(VFSUtils.java:214)
	at org.jboss.vfs.VirtualJarInputStream.&lt;init&gt;(VirtualJarInputStream.java:78)
	at org.jboss.vfs.VirtualFile.openStream(VirtualFile.java:223)
	at org.jboss.vfs.VFSUtils.readManifest(VFSUtils.java:214)
	at org.jboss.vfs.VirtualJarInputStream.&lt;init&gt;(VirtualJarInputStream.java:78)
	at org.jboss.vfs.VirtualFile.openStream(VirtualFile.java:223)
	at org.jboss.vfs.VFSUtils.readManifest(VFSUtils.java:214)
	at org.jboss.vfs.VirtualJarInputStream.&lt;init&gt;(VirtualJarInputStream.java:78)
	at org.jboss.vfs.VirtualFile.openStream(VirtualFile.java:223)
	at org.jboss.vfs.VFSUtils.readManifest(VFSUtils.java:214)
	at org.jboss.vfs.VirtualJarInputStream.&lt;init&gt;(VirtualJarInputStream.java:78)
	at org.jboss.vfs.VirtualFile.openStream(VirtualFile.java:223)
	at org.jboss.vfs.VFSUtils.readManifest(VFSUtils.java:214)
	at org.jboss.vfs.VirtualJarInputStream.&lt;init&gt;(VirtualJarInputStream.java:78)
	at org.jboss.vfs.VirtualFile.openStream(VirtualFile.java:223)
	at org.jboss.vfs.VFSUtils.readManifest(VFSUtils.java:214)
	at org.jboss.vfs.VirtualJarInputStream.&lt;init&gt;(VirtualJarInputStream.java:78)
	at org.jboss.vfs.VirtualFile.openStream(VirtualFile.java:223)
	at org.jboss.vfs.VFSUtils.readManifest(VFSUtils.java:214)
	at org.jboss.vfs.VirtualJarInputStream.&lt;init&gt;(VirtualJarInputStream.java:78)
	at org.jboss.vfs.VirtualFile.openStream(VirtualFile.java:223)
	at org.jboss.vfs.VFSUtils.readManifest(VFSUtils.java:214)
	at org.jboss.vfs.VirtualJarInputStream.&lt;init&gt;(VirtualJarInputStream.java:78)
	at org.jboss.vfs.VirtualFile.openStream(VirtualFile.java:223)
	at org.jboss.vfs.VFSUtils.readManifest(VFSUtils.java:214)
	at org.jboss.vfs.VirtualJarInputStream.&lt;init&gt;(VirtualJarInputStream.java:78)
	at org.jboss.vfs.VirtualFile.openStream(VirtualFile.java:223)
	at org.jboss.vfs.VFSUtils.readManifest(VFSUtils.java:214)
	at org.jboss.vfs.VirtualJarInputStream.&lt;init&gt;(VirtualJarInputStream.java:78)
	at org.jboss.vfs.VirtualFile.openStream(VirtualFile.java:223)
	at org.jboss.vfs.VFSUtils.readManifest(VFSUtils.java:214)
	at org.jboss.vfs.VirtualJarInputStream.&lt;init&gt;(VirtualJarInputStream.java:78)
	at org.jboss.vfs.VirtualFile.openStream(VirtualFile.java:223)
	at org.jboss.vfs.VFSUtils.readManifest(VFSUtils.java:214)
	at org.jboss.vfs.VirtualJarInputStream.&lt;init&gt;(VirtualJarInputStream.java:78)
	at org.jboss.vfs.VirtualFile.openStream(VirtualFile.java:223)
	at org.jboss.vfs.VFSUtils.readManifest(VFSUtils.java:214)
	at org.jboss.vfs.VirtualJarInputStream.&lt;init&gt;(VirtualJarInputStream.java:78)
	at org.jboss.vfs.VirtualFile.openStream(VirtualFile.java:223)
	at org.jboss.vfs.VFSUtils.readManifest(VFSUtils.java:214)
	at org.jboss.vfs.VirtualJarInputStream.&lt;init&gt;(VirtualJarInputStream.java:78)
	at org.jboss.vfs.VirtualFile.openStream(VirtualFile.java:223)
	at org.jboss.vfs.VFSUtils.readManifest(VFSUtils.java:214)
	at org.jboss.vfs.VirtualJarInputStream.&lt;init&gt;(VirtualJarInputStream.java:78)
	at org.jboss.vfs.VirtualFile.openStream(VirtualFile.java:223)
	at org.jboss.vfs.VFSUtils.readManifest(VFSUtils.java:214)
	at org.jboss.vfs.VirtualJarInputStream.&lt;init&gt;(VirtualJarInputStream.java:78)
	at org.jboss.vfs.VirtualFile.openStream(VirtualFile.java:223)
	at org.jboss.vfs.VFSUtils.readManifest(VFSUtils.java:214)
	at org.jboss.vfs.VirtualJarInputStream.&lt;init&gt;(VirtualJarInputStream.java:78)
	at org.jboss.vfs.VirtualFile.openStream(VirtualFile.java:223)
	at org.jboss.vfs.VFSUtils.readManifest(VFSUtils.java:214)
	at org.jboss.vfs.VirtualJarInputStream.&lt;init&gt;(VirtualJarInputStream.java:78)
	at org.jboss.vfs.VirtualFile.openStream(VirtualFile.java:223)
	at org.jboss.vfs.VFSUtils.readManifest(VFSUtils.java:214)
	at org.jboss.vfs.VirtualJarInputStream.&lt;init&gt;(VirtualJarInputStream.java:78)
	at org.jboss.vfs.VirtualFile.openStream(VirtualFile.java:223)
	at org.jboss.vfs.VFSUtils.readManifest(VFSUtils.java:214)
	at org.jboss.vfs.VirtualJarInputStream.&lt;init&gt;(VirtualJarInputStream.java:78)
	at org.jboss.vfs.VirtualFile.openStream(VirtualFile.java:223)
	at org.jboss.vfs.VFSUtils.readManifest(VFSUtils.java:214)
	at org.jboss.vfs.VirtualJarInputStream.&lt;init&gt;(VirtualJarInputStream.java:78)
	at org.jboss.vfs.VirtualFile.openStream(VirtualFile.java:223)
	at org.jboss.vfs.VFSUtils.readManifest(VFSUtils.java:214)
	at org.jboss.vfs.VirtualJarInputStream.&lt;init&gt;(VirtualJarInputStream.java:78)
	at org.jboss.vfs.VirtualFile.openStream(VirtualFile.java:223)
	at org.jboss.vfs.VFSUtils.readManifest(VFSUtils.java:214)
	at org.jboss.vfs.VirtualJarInputStream.&lt;init&gt;(VirtualJarInputStream.java:78)
	at org.jboss.vfs.VirtualFile.openStream(VirtualFile.java:223)
	at org.jboss.vfs.VFSUtils.readManifest(VFSUtils.java:214)
	at org.jboss.vfs.VirtualJarInputStream.&lt;init&gt;(VirtualJarInputStream.java:78)
	at org.jboss.vfs.VirtualFile.openStream(VirtualFile.java:223)
	at org.jboss.vfs.VFSUtils.readManifest(VFSUtils.java:214)
	at org.jboss.vfs.VirtualJarInputStream.&lt;init&gt;(VirtualJarInputStream.java:78)
	at org.jboss.vfs.VirtualFile.openStream(VirtualFile.java:223)
	at org.jboss.vfs.VFSUtils.readManifest(VFSUtils.java:214)
	at org.jboss.vfs.VirtualJarInputStream.&lt;init&gt;(VirtualJarInputStream.java:78)
	at org.jboss.vfs.VirtualFile.openStream(VirtualFile.java:223)
	at org.jboss.vfs.VFSUtils.readManifest(VFSUtils.java:214)
	at org.jboss.vfs.VirtualJarInputStream.&lt;init&gt;(VirtualJarInputStream.java:78)
	at org.jboss.vfs.VirtualFile.openStream(VirtualFile.java:223)
	at org.jboss.vfs.VFSUtils.readManifest(VFSUtils.java:214)
	at org.jboss.vfs.VirtualJarInputStream.&lt;init&gt;(VirtualJarInputStream.java:78)
	at org.jboss.vfs.VirtualFile.openStream(VirtualFile.java:223)
	at org.jboss.vfs.VFSUtils.readManifest(VFSUtils.java:214)
	at org.jboss.vfs.VirtualJarInputStream.&lt;init&gt;(VirtualJarInputStream.java:78)
	at org.jboss.vfs.VirtualFile.openStream(VirtualFile.java:223)
	at org.jboss.vfs.VFSUtils.readManifest(VFSUtils.java:214)
	at org.jboss.vfs.VirtualJarInputStream.&lt;init&gt;(VirtualJarInputStream.java:78)
	at org.jboss.vfs.VirtualFile.openStream(VirtualFile.java:223)
	at org.jboss.vfs.VFSUtils.readManifest(VFSUtils.java:214)
	at org.jboss.vfs.VirtualJarInputStream.&lt;init&gt;(VirtualJarInputStream.java:78)
	at org.jboss.vfs.VirtualFile.openStream(VirtualFile.java:223)
	at org.jboss.vfs.VFSUtils.readManifest(VFSUtils.java:214)
	at org.jboss.vfs.VirtualJarInputStream.&lt;init&gt;(VirtualJarInputStream.java:78)
	at org.jboss.vfs.VirtualFile.openStream(VirtualFile.java:223)
	at org.jboss.vfs.VFSUtils.readManifest(VFSUtils.java:214)
	at org.jboss.vfs.VirtualJarInputStream.&lt;init&gt;(VirtualJarInputStream.java:78)
	at org.jboss.vfs.VirtualFile.openStream(VirtualFile.java:223)
	at org.jboss.vfs.VFSUtils.readManifest(VFSUtils.java:214)
	at org.jboss.vfs.VirtualJarInputStream.&lt;init&gt;(VirtualJarInputStream.java:78)
	at org.jboss.vfs.VirtualFile.openStream(VirtualFile.java:223)
	at org.jboss.vfs.VFSUtils.readManifest(VFSUtils.java:214)
	at org.jboss.vfs.VirtualJarInputStream.&lt;init&gt;(VirtualJarInputStream.java:78)
	at org.jboss.vfs.VirtualFile.openStream(VirtualFile.java:223)
	at org.jboss.vfs.VFSUtils.readManifest(VFSUtils.java:214)
	at org.jboss.vfs.VirtualJarInputStream.&lt;init&gt;(VirtualJarInputStream.java:78)
	at org.jboss.vfs.VirtualFile.openStream(VirtualFile.java:223)
	at org.jboss.vfs.VFSUtils.readManifest(VFSUtils.java:214)
	at org.jboss.vfs.VirtualJarInputStream.&lt;init&gt;(VirtualJarInputStream.java:78)
	at org.jboss.vfs.VirtualFile.openStream(VirtualFile.java:223)
	at org.jboss.vfs.VFSUtils.readManifest(VFSUtils.java:214)
	at org.jboss.vfs.VirtualJarInputStream.&lt;init&gt;(VirtualJarInputStream.java:78)
	at org.jboss.vfs.VirtualFile.openStream(VirtualFile.java:223)
	at org.jboss.vfs.VFSUtils.readManifest(VFSUtils.java:214)
	at org.jboss.vfs.VirtualJarInputStream.&lt;init&gt;(VirtualJarInputStream.java:78)
	at org.jboss.vfs.VirtualFile.openStream(VirtualFile.java:223)
	at org.jboss.vfs.VFSUtils.readManifest(VFSUtils.java:214)
	at org.jboss.vfs.VirtualJarInputStream.&lt;init&gt;(VirtualJarInputStream.java:78)
	at org.jboss.vfs.VirtualFile.openStream(VirtualFile.java:223)
	at org.jboss.vfs.VFSUtils.readManifest(VFSUtils.java:214)
	at org.jboss.vfs.VirtualJarInputStream.&lt;init&gt;(VirtualJarInputStream.java:78)
	at org.jboss.vfs.VirtualFile.openStream(VirtualFile.java:223)
	at org.jboss.vfs.VFSUtils.readManifest(VFSUtils.java:214)
	at org.jboss.vfs.VirtualJarInputStream.&lt;init&gt;(VirtualJarInputStream.java:78)
	at org.jboss.vfs.VirtualFile.openStream(VirtualFile.java:223)
	at org.jboss.vfs.VFSUtils.readManifest(VFSUtils.java:214)
	at org.jboss.vfs.VirtualJarInputStream.&lt;init&gt;(VirtualJarInputStream.java:78)
	at org.jboss.vfs.VirtualFile.openStream(VirtualFile.java:223)
	at org.jboss.vfs.VFSUtils.readManifest(VFSUtils.java:214)
	at org.jboss.vfs.VirtualJarInputStream.&lt;init&gt;(VirtualJarInputStream.java:78)
	at org.jboss.vfs.VirtualFile.openStream(VirtualFile.java:223)
	at org.jboss.vfs.VFSUtils.readManifest(VFSUtils.java:214)
	at org.jboss.vfs.VirtualJarInputStream.&lt;init&gt;(VirtualJarInputStream.java:78)
	at org.jboss.vfs.VirtualFile.openStream(VirtualFile.java:223)
	at org.jboss.vfs.VFSUtils.readManifest(VFSUtils.java:214)
	at org.jboss.vfs.VirtualJarInputStream.&lt;init&gt;(VirtualJarInputStream.java:78)
	at org.jboss.vfs.VirtualFile.openStream(VirtualFile.java:223)
	at org.jboss.vfs.VFSUtils.readManifest(VFSUtils.java:214)
	at org.jboss.vfs.VirtualJarInputStream.&lt;init&gt;(VirtualJarInputStream.java:78)
	at org.jboss.vfs.VirtualFile.openStream(VirtualFile.java:223)
</error>
    <system-out>2927 DEBUG [VirtualJarInputStreamTestCase] ==== Starting testGetManifestNonJar ====
</system-out>
  </testcase>
  <testcase time="0.003" classname="org.jboss.test.vfs.VirtualJarInputStreamTestCase" name="testGetAttributes">
    <error message="error in opening zip file" type="java.util.zip.ZipException">java.util.zip.ZipException: error in opening zip file
	at java.util.zip.ZipFile.open(Native Method)
	at java.util.zip.ZipFile.&lt;init&gt;(ZipFile.java:114)
	at java.util.jar.JarFile.&lt;init&gt;(JarFile.java:135)
	at java.util.jar.JarFile.&lt;init&gt;(JarFile.java:99)
	at org.jboss.vfs.spi.JavaZipFileSystem.&lt;init&gt;(JavaZipFileSystem.java:94)
	at org.jboss.vfs.spi.JavaZipFileSystem.&lt;init&gt;(JavaZipFileSystem.java:80)
	at org.jboss.vfs.VFS.mountZip(VFS.java:415)
	at org.jboss.vfs.VFS.mountZip(VFS.java:441)
	at org.jboss.test.vfs.VirtualJarInputStreamTestCase.testGetAttributes(VirtualJarInputStreamTestCase.java:219)
	at sun.reflect.NativeMethodAccessorImpl.invoke0(Native Method)
	at sun.reflect.NativeMethodAccessorImpl.invoke(NativeMethodAccessorImpl.java:39)
	at sun.reflect.DelegatingMethodAccessorImpl.invoke(DelegatingMethodAccessorImpl.java:25)
	at java.lang.reflect.Method.invoke(Method.java:597)
	at junit.framework.TestCase.runTest(TestCase.java:168)
	at junit.framework.TestCase.runBare(TestCase.java:134)
	at junit.framework.TestResult$1.protect(TestResult.java:110)
	at junit.framework.TestResult.runProtected(TestResult.java:128)
	at junit.framework.TestResult.run(TestResult.java:113)
	at junit.framework.TestCase.run(TestCase.java:124)
	at junit.framework.TestSuite.runTest(TestSuite.java:232)
	at junit.framework.TestSuite.run(TestSuite.java:227)
	at org.junit.internal.runners.JUnit38ClassRunner.run(JUnit38ClassRunner.java:81)
	at org.apache.maven.surefire.junit4.JUnit4TestSet.execute(JUnit4TestSet.java:59)
	at org.apache.maven.surefire.suite.AbstractDirectoryTestSuite.executeTestSet(AbstractDirectoryTestSuite.java:115)
	at org.apache.maven.surefire.suite.AbstractDirectoryTestSuite.execute(AbstractDirectoryTestSuite.java:102)
	at org.apache.maven.surefire.Surefire.run(Surefire.java:180)
	at sun.reflect.NativeMethodAccessorImpl.invoke0(Native Method)
	at sun.reflect.NativeMethodAccessorImpl.invoke(NativeMethodAccessorImpl.java:39)
	at sun.reflect.DelegatingMethodAccessorImpl.invoke(DelegatingMethodAccessorImpl.java:25)
	at java.lang.reflect.Method.invoke(Method.java:597)
	at org.apache.maven.surefire.booter.SurefireBooter.runSuitesInProcess(SurefireBooter.java:350)
	at org.apache.maven.surefire.booter.SurefireBooter.main(SurefireBooter.java:1021)
</error>
    <system-out>4003 DEBUG [VirtualJarInputStreamTestCase] ==== Starting testGetAttributes ====
</system-out>
  </testcase>
  <testcase time="4.18" classname="org.jboss.test.vfs.VirtualJarInputStreamTestCase" name="testGetAttributesNonJar">
    <error type="java.lang.StackOverflowError">java.lang.StackOverflowError
	at sun.nio.cs.UTF_8$Encoder.encodeLoop(UTF_8.java:447)
	at java.nio.charset.CharsetEncoder.encode(CharsetEncoder.java:544)
	at java.lang.StringCoding$StringEncoder.encode(StringCoding.java:240)
	at java.lang.StringCoding.encode(StringCoding.java:272)
	at java.lang.String.getBytes(String.java:946)
	at java.io.UnixFileSystem.getBooleanAttributes0(Native Method)
	at java.io.UnixFileSystem.getBooleanAttributes(UnixFileSystem.java:228)
	at java.io.File.isDirectory(File.java:754)
	at org.jboss.vfs.spi.RealFileSystem.isDirectory(RealFileSystem.java:193)
	at org.jboss.vfs.VirtualFile.isDirectory(VirtualFile.java:211)
	at org.jboss.vfs.VirtualFile.openStream(VirtualFile.java:222)
	at org.jboss.vfs.VFSUtils.readManifest(VFSUtils.java:214)
	at org.jboss.vfs.VirtualJarInputStream.&lt;init&gt;(VirtualJarInputStream.java:78)
	at org.jboss.vfs.VirtualFile.openStream(VirtualFile.java:223)
	at org.jboss.vfs.VFSUtils.readManifest(VFSUtils.java:214)
	at org.jboss.vfs.VirtualJarInputStream.&lt;init&gt;(VirtualJarInputStream.java:78)
	at org.jboss.vfs.VirtualFile.openStream(VirtualFile.java:223)
	at org.jboss.vfs.VFSUtils.readManifest(VFSUtils.java:214)
	at org.jboss.vfs.VirtualJarInputStream.&lt;init&gt;(VirtualJarInputStream.java:78)
	at org.jboss.vfs.VirtualFile.openStream(VirtualFile.java:223)
	at org.jboss.vfs.VFSUtils.readManifest(VFSUtils.java:214)
	at org.jboss.vfs.VirtualJarInputStream.&lt;init&gt;(VirtualJarInputStream.java:78)
	at org.jboss.vfs.VirtualFile.openStream(VirtualFile.java:223)
	at org.jboss.vfs.VFSUtils.readManifest(VFSUtils.java:214)
	at org.jboss.vfs.VirtualJarInputStream.&lt;init&gt;(VirtualJarInputStream.java:78)
	at org.jboss.vfs.VirtualFile.openStream(VirtualFile.java:223)
	at org.jboss.vfs.VFSUtils.readManifest(VFSUtils.java:214)
	at org.jboss.vfs.VirtualJarInputStream.&lt;init&gt;(VirtualJarInputStream.java:78)
	at org.jboss.vfs.VirtualFile.openStream(VirtualFile.java:223)
	at org.jboss.vfs.VFSUtils.readManifest(VFSUtils.java:214)
	at org.jboss.vfs.VirtualJarInputStream.&lt;init&gt;(VirtualJarInputStream.java:78)
	at org.jboss.vfs.VirtualFile.openStream(VirtualFile.java:223)
	at org.jboss.vfs.VFSUtils.readManifest(VFSUtils.java:214)
	at org.jboss.vfs.VirtualJarInputStream.&lt;init&gt;(VirtualJarInputStream.java:78)
	at org.jboss.vfs.VirtualFile.openStream(VirtualFile.java:223)
	at org.jboss.vfs.VFSUtils.readManifest(VFSUtils.java:214)
	at org.jboss.vfs.VirtualJarInputStream.&lt;init&gt;(VirtualJarInputStream.java:78)
	at org.jboss.vfs.VirtualFile.openStream(VirtualFile.java:223)
	at org.jboss.vfs.VFSUtils.readManifest(VFSUtils.java:214)
	at org.jboss.vfs.VirtualJarInputStream.&lt;init&gt;(VirtualJarInputStream.java:78)
	at org.jboss.vfs.VirtualFile.openStream(VirtualFile.java:223)
	at org.jboss.vfs.VFSUtils.readManifest(VFSUtils.java:214)
	at org.jboss.vfs.VirtualJarInputStream.&lt;init&gt;(VirtualJarInputStream.java:78)
	at org.jboss.vfs.VirtualFile.openStream(VirtualFile.java:223)
	at org.jboss.vfs.VFSUtils.readManifest(VFSUtils.java:214)
	at org.jboss.vfs.VirtualJarInputStream.&lt;init&gt;(VirtualJarInputStream.java:78)
	at org.jboss.vfs.VirtualFile.openStream(VirtualFile.java:223)
	at org.jboss.vfs.VFSUtils.readManifest(VFSUtils.java:214)
	at org.jboss.vfs.VirtualJarInputStream.&lt;init&gt;(VirtualJarInputStream.java:78)
	at org.jboss.vfs.VirtualFile.openStream(VirtualFile.java:223)
	at org.jboss.vfs.VFSUtils.readManifest(VFSUtils.java:214)
	at org.jboss.vfs.VirtualJarInputStream.&lt;init&gt;(VirtualJarInputStream.java:78)
	at org.jboss.vfs.VirtualFile.openStream(VirtualFile.java:223)
	at org.jboss.vfs.VFSUtils.readManifest(VFSUtils.java:214)
	at org.jboss.vfs.VirtualJarInputStream.&lt;init&gt;(VirtualJarInputStream.java:78)
	at org.jboss.vfs.VirtualFile.openStream(VirtualFile.java:223)
	at org.jboss.vfs.VFSUtils.readManifest(VFSUtils.java:214)
	at org.jboss.vfs.VirtualJarInputStream.&lt;init&gt;(VirtualJarInputStream.java:78)
	at org.jboss.vfs.VirtualFile.openStream(VirtualFile.java:223)
	at org.jboss.vfs.VFSUtils.readManifest(VFSUtils.java:214)
	at org.jboss.vfs.VirtualJarInputStream.&lt;init&gt;(VirtualJarInputStream.java:78)
	at org.jboss.vfs.VirtualFile.openStream(VirtualFile.java:223)
	at org.jboss.vfs.VFSUtils.readManifest(VFSUtils.java:214)
	at org.jboss.vfs.VirtualJarInputStream.&lt;init&gt;(VirtualJarInputStream.java:78)
	at org.jboss.vfs.VirtualFile.openStream(VirtualFile.java:223)
	at org.jboss.vfs.VFSUtils.readManifest(VFSUtils.java:214)
	at org.jboss.vfs.VirtualJarInputStream.&lt;init&gt;(VirtualJarInputStream.java:78)
	at org.jboss.vfs.VirtualFile.openStream(VirtualFile.java:223)
	at org.jboss.vfs.VFSUtils.readManifest(VFSUtils.java:214)
	at org.jboss.vfs.VirtualJarInputStream.&lt;init&gt;(VirtualJarInputStream.java:78)
	at org.jboss.vfs.VirtualFile.openStream(VirtualFile.java:223)
	at org.jboss.vfs.VFSUtils.readManifest(VFSUtils.java:214)
	at org.jboss.vfs.VirtualJarInputStream.&lt;init&gt;(VirtualJarInputStream.java:78)
	at org.jboss.vfs.VirtualFile.openStream(VirtualFile.java:223)
	at org.jboss.vfs.VFSUtils.readManifest(VFSUtils.java:214)
	at org.jboss.vfs.VirtualJarInputStream.&lt;init&gt;(VirtualJarInputStream.java:78)
	at org.jboss.vfs.VirtualFile.openStream(VirtualFile.java:223)
	at org.jboss.vfs.VFSUtils.readManifest(VFSUtils.java:214)
	at org.jboss.vfs.VirtualJarInputStream.&lt;init&gt;(VirtualJarInputStream.java:78)
	at org.jboss.vfs.VirtualFile.openStream(VirtualFile.java:223)
	at org.jboss.vfs.VFSUtils.readManifest(VFSUtils.java:214)
	at org.jboss.vfs.VirtualJarInputStream.&lt;init&gt;(VirtualJarInputStream.java:78)
	at org.jboss.vfs.VirtualFile.openStream(VirtualFile.java:223)
	at org.jboss.vfs.VFSUtils.readManifest(VFSUtils.java:214)
	at org.jboss.vfs.VirtualJarInputStream.&lt;init&gt;(VirtualJarInputStream.java:78)
	at org.jboss.vfs.VirtualFile.openStream(VirtualFile.java:223)
	at org.jboss.vfs.VFSUtils.readManifest(VFSUtils.java:214)
	at org.jboss.vfs.VirtualJarInputStream.&lt;init&gt;(VirtualJarInputStream.java:78)
	at org.jboss.vfs.VirtualFile.openStream(VirtualFile.java:223)
	at org.jboss.vfs.VFSUtils.readManifest(VFSUtils.java:214)
	at org.jboss.vfs.VirtualJarInputStream.&lt;init&gt;(VirtualJarInputStream.java:78)
	at org.jboss.vfs.VirtualFile.openStream(VirtualFile.java:223)
	at org.jboss.vfs.VFSUtils.readManifest(VFSUtils.java:214)
	at org.jboss.vfs.VirtualJarInputStream.&lt;init&gt;(VirtualJarInputStream.java:78)
	at org.jboss.vfs.VirtualFile.openStream(VirtualFile.java:223)
	at org.jboss.vfs.VFSUtils.readManifest(VFSUtils.java:214)
	at org.jboss.vfs.VirtualJarInputStream.&lt;init&gt;(VirtualJarInputStream.java:78)
	at org.jboss.vfs.VirtualFile.openStream(VirtualFile.java:223)
	at org.jboss.vfs.VFSUtils.readManifest(VFSUtils.java:214)
	at org.jboss.vfs.VirtualJarInputStream.&lt;init&gt;(VirtualJarInputStream.java:78)
	at org.jboss.vfs.VirtualFile.openStream(VirtualFile.java:223)
	at org.jboss.vfs.VFSUtils.readManifest(VFSUtils.java:214)
	at org.jboss.vfs.VirtualJarInputStream.&lt;init&gt;(VirtualJarInputStream.java:78)
	at org.jboss.vfs.VirtualFile.openStream(VirtualFile.java:223)
	at org.jboss.vfs.VFSUtils.readManifest(VFSUtils.java:214)
	at org.jboss.vfs.VirtualJarInputStream.&lt;init&gt;(VirtualJarInputStream.java:78)
	at org.jboss.vfs.VirtualFile.openStream(VirtualFile.java:223)
	at org.jboss.vfs.VFSUtils.readManifest(VFSUtils.java:214)
	at org.jboss.vfs.VirtualJarInputStream.&lt;init&gt;(VirtualJarInputStream.java:78)
	at org.jboss.vfs.VirtualFile.openStream(VirtualFile.java:223)
	at org.jboss.vfs.VFSUtils.readManifest(VFSUtils.java:214)
	at org.jboss.vfs.VirtualJarInputStream.&lt;init&gt;(VirtualJarInputStream.java:78)
	at org.jboss.vfs.VirtualFile.openStream(VirtualFile.java:223)
	at org.jboss.vfs.VFSUtils.readManifest(VFSUtils.java:214)
	at org.jboss.vfs.VirtualJarInputStream.&lt;init&gt;(VirtualJarInputStream.java:78)
	at org.jboss.vfs.VirtualFile.openStream(VirtualFile.java:223)
	at org.jboss.vfs.VFSUtils.readManifest(VFSUtils.java:214)
	at org.jboss.vfs.VirtualJarInputStream.&lt;init&gt;(VirtualJarInputStream.java:78)
	at org.jboss.vfs.VirtualFile.openStream(VirtualFile.java:223)
	at org.jboss.vfs.VFSUtils.readManifest(VFSUtils.java:214)
	at org.jboss.vfs.VirtualJarInputStream.&lt;init&gt;(VirtualJarInputStream.java:78)
	at org.jboss.vfs.VirtualFile.openStream(VirtualFile.java:223)
	at org.jboss.vfs.VFSUtils.readManifest(VFSUtils.java:214)
	at org.jboss.vfs.VirtualJarInputStream.&lt;init&gt;(VirtualJarInputStream.java:78)
	at org.jboss.vfs.VirtualFile.openStream(VirtualFile.java:223)
	at org.jboss.vfs.VFSUtils.readManifest(VFSUtils.java:214)
	at org.jboss.vfs.VirtualJarInputStream.&lt;init&gt;(VirtualJarInputStream.java:78)
	at org.jboss.vfs.VirtualFile.openStream(VirtualFile.java:223)
	at org.jboss.vfs.VFSUtils.readManifest(VFSUtils.java:214)
	at org.jboss.vfs.VirtualJarInputStream.&lt;init&gt;(VirtualJarInputStream.java:78)
	at org.jboss.vfs.VirtualFile.openStream(VirtualFile.java:223)
	at org.jboss.vfs.VFSUtils.readManifest(VFSUtils.java:214)
	at org.jboss.vfs.VirtualJarInputStream.&lt;init&gt;(VirtualJarInputStream.java:78)
	at org.jboss.vfs.VirtualFile.openStream(VirtualFile.java:223)
	at org.jboss.vfs.VFSUtils.readManifest(VFSUtils.java:214)
	at org.jboss.vfs.VirtualJarInputStream.&lt;init&gt;(VirtualJarInputStream.java:78)
	at org.jboss.vfs.VirtualFile.openStream(VirtualFile.java:223)
	at org.jboss.vfs.VFSUtils.readManifest(VFSUtils.java:214)
	at org.jboss.vfs.VirtualJarInputStream.&lt;init&gt;(VirtualJarInputStream.java:78)
	at org.jboss.vfs.VirtualFile.openStream(VirtualFile.java:223)
	at org.jboss.vfs.VFSUtils.readManifest(VFSUtils.java:214)
	at org.jboss.vfs.VirtualJarInputStream.&lt;init&gt;(VirtualJarInputStream.java:78)
	at org.jboss.vfs.VirtualFile.openStream(VirtualFile.java:223)
	at org.jboss.vfs.VFSUtils.readManifest(VFSUtils.java:214)
	at org.jboss.vfs.VirtualJarInputStream.&lt;init&gt;(VirtualJarInputStream.java:78)
	at org.jboss.vfs.VirtualFile.openStream(VirtualFile.java:223)
	at org.jboss.vfs.VFSUtils.readManifest(VFSUtils.java:214)
	at org.jboss.vfs.VirtualJarInputStream.&lt;init&gt;(VirtualJarInputStream.java:78)
	at org.jboss.vfs.VirtualFile.openStream(VirtualFile.java:223)
	at org.jboss.vfs.VFSUtils.readManifest(VFSUtils.java:214)
	at org.jboss.vfs.VirtualJarInputStream.&lt;init&gt;(VirtualJarInputStream.java:78)
	at org.jboss.vfs.VirtualFile.openStream(VirtualFile.java:223)
	at org.jboss.vfs.VFSUtils.readManifest(VFSUtils.java:214)
	at org.jboss.vfs.VirtualJarInputStream.&lt;init&gt;(VirtualJarInputStream.java:78)
	at org.jboss.vfs.VirtualFile.openStream(VirtualFile.java:223)
	at org.jboss.vfs.VFSUtils.readManifest(VFSUtils.java:214)
	at org.jboss.vfs.VirtualJarInputStream.&lt;init&gt;(VirtualJarInputStream.java:78)
	at org.jboss.vfs.VirtualFile.openStream(VirtualFile.java:223)
	at org.jboss.vfs.VFSUtils.readManifest(VFSUtils.java:214)
	at org.jboss.vfs.VirtualJarInputStream.&lt;init&gt;(VirtualJarInputStream.java:78)
	at org.jboss.vfs.VirtualFile.openStream(VirtualFile.java:223)
	at org.jboss.vfs.VFSUtils.readManifest(VFSUtils.java:214)
	at org.jboss.vfs.VirtualJarInputStream.&lt;init&gt;(VirtualJarInputStream.java:78)
	at org.jboss.vfs.VirtualFile.openStream(VirtualFile.java:223)
	at org.jboss.vfs.VFSUtils.readManifest(VFSUtils.java:214)
	at org.jboss.vfs.VirtualJarInputStream.&lt;init&gt;(VirtualJarInputStream.java:78)
	at org.jboss.vfs.VirtualFile.openStream(VirtualFile.java:223)
	at org.jboss.vfs.VFSUtils.readManifest(VFSUtils.java:214)
	at org.jboss.vfs.VirtualJarInputStream.&lt;init&gt;(VirtualJarInputStream.java:78)
	at org.jboss.vfs.VirtualFile.openStream(VirtualFile.java:223)
	at org.jboss.vfs.VFSUtils.readManifest(VFSUtils.java:214)
	at org.jboss.vfs.VirtualJarInputStream.&lt;init&gt;(VirtualJarInputStream.java:78)
	at org.jboss.vfs.VirtualFile.openStream(VirtualFile.java:223)
	at org.jboss.vfs.VFSUtils.readManifest(VFSUtils.java:214)
	at org.jboss.vfs.VirtualJarInputStream.&lt;init&gt;(VirtualJarInputStream.java:78)
	at org.jboss.vfs.VirtualFile.openStream(VirtualFile.java:223)
	at org.jboss.vfs.VFSUtils.readManifest(VFSUtils.java:214)
	at org.jboss.vfs.VirtualJarInputStream.&lt;init&gt;(VirtualJarInputStream.java:78)
	at org.jboss.vfs.VirtualFile.openStream(VirtualFile.java:223)
	at org.jboss.vfs.VFSUtils.readManifest(VFSUtils.java:214)
	at org.jboss.vfs.VirtualJarInputStream.&lt;init&gt;(VirtualJarInputStream.java:78)
	at org.jboss.vfs.VirtualFile.openStream(VirtualFile.java:223)
	at org.jboss.vfs.VFSUtils.readManifest(VFSUtils.java:214)
	at org.jboss.vfs.VirtualJarInputStream.&lt;init&gt;(VirtualJarInputStream.java:78)
	at org.jboss.vfs.VirtualFile.openStream(VirtualFile.java:223)
	at org.jboss.vfs.VFSUtils.readManifest(VFSUtils.java:214)
	at org.jboss.vfs.VirtualJarInputStream.&lt;init&gt;(VirtualJarInputStream.java:78)
	at org.jboss.vfs.VirtualFile.openStream(VirtualFile.java:223)
	at org.jboss.vfs.VFSUtils.readManifest(VFSUtils.java:214)
	at org.jboss.vfs.VirtualJarInputStream.&lt;init&gt;(VirtualJarInputStream.java:78)
	at org.jboss.vfs.VirtualFile.openStream(VirtualFile.java:223)
	at org.jboss.vfs.VFSUtils.readManifest(VFSUtils.java:214)
	at org.jboss.vfs.VirtualJarInputStream.&lt;init&gt;(VirtualJarInputStream.java:78)
	at org.jboss.vfs.VirtualFile.openStream(VirtualFile.java:223)
	at org.jboss.vfs.VFSUtils.readManifest(VFSUtils.java:214)
	at org.jboss.vfs.VirtualJarInputStream.&lt;init&gt;(VirtualJarInputStream.java:78)
	at org.jboss.vfs.VirtualFile.openStream(VirtualFile.java:223)
	at org.jboss.vfs.VFSUtils.readManifest(VFSUtils.java:214)
	at org.jboss.vfs.VirtualJarInputStream.&lt;init&gt;(VirtualJarInputStream.java:78)
	at org.jboss.vfs.VirtualFile.openStream(VirtualFile.java:223)
	at org.jboss.vfs.VFSUtils.readManifest(VFSUtils.java:214)
	at org.jboss.vfs.VirtualJarInputStream.&lt;init&gt;(VirtualJarInputStream.java:78)
	at org.jboss.vfs.VirtualFile.openStream(VirtualFile.java:223)
	at org.jboss.vfs.VFSUtils.readManifest(VFSUtils.java:214)
	at org.jboss.vfs.VirtualJarInputStream.&lt;init&gt;(VirtualJarInputStream.java:78)
	at org.jboss.vfs.VirtualFile.openStream(VirtualFile.java:223)
	at org.jboss.vfs.VFSUtils.readManifest(VFSUtils.java:214)
	at org.jboss.vfs.VirtualJarInputStream.&lt;init&gt;(VirtualJarInputStream.java:78)
	at org.jboss.vfs.VirtualFile.openStream(VirtualFile.java:223)
	at org.jboss.vfs.VFSUtils.readManifest(VFSUtils.java:214)
	at org.jboss.vfs.VirtualJarInputStream.&lt;init&gt;(VirtualJarInputStream.java:78)
	at org.jboss.vfs.VirtualFile.openStream(VirtualFile.java:223)
	at org.jboss.vfs.VFSUtils.readManifest(VFSUtils.java:214)
	at org.jboss.vfs.VirtualJarInputStream.&lt;init&gt;(VirtualJarInputStream.java:78)
	at org.jboss.vfs.VirtualFile.openStream(VirtualFile.java:223)
	at org.jboss.vfs.VFSUtils.readManifest(VFSUtils.java:214)
	at org.jboss.vfs.VirtualJarInputStream.&lt;init&gt;(VirtualJarInputStream.java:78)
	at org.jboss.vfs.VirtualFile.openStream(VirtualFile.java:223)
	at org.jboss.vfs.VFSUtils.readManifest(VFSUtils.java:214)
	at org.jboss.vfs.VirtualJarInputStream.&lt;init&gt;(VirtualJarInputStream.java:78)
	at org.jboss.vfs.VirtualFile.openStream(VirtualFile.java:223)
	at org.jboss.vfs.VFSUtils.readManifest(VFSUtils.java:214)
	at org.jboss.vfs.VirtualJarInputStream.&lt;init&gt;(VirtualJarInputStream.java:78)
	at org.jboss.vfs.VirtualFile.openStream(VirtualFile.java:223)
	at org.jboss.vfs.VFSUtils.readManifest(VFSUtils.java:214)
	at org.jboss.vfs.VirtualJarInputStream.&lt;init&gt;(VirtualJarInputStream.java:78)
	at org.jboss.vfs.VirtualFile.openStream(VirtualFile.java:223)
	at org.jboss.vfs.VFSUtils.readManifest(VFSUtils.java:214)
	at org.jboss.vfs.VirtualJarInputStream.&lt;init&gt;(VirtualJarInputStream.java:78)
	at org.jboss.vfs.VirtualFile.openStream(VirtualFile.java:223)
	at org.jboss.vfs.VFSUtils.readManifest(VFSUtils.java:214)
	at org.jboss.vfs.VirtualJarInputStream.&lt;init&gt;(VirtualJarInputStream.java:78)
	at org.jboss.vfs.VirtualFile.openStream(VirtualFile.java:223)
	at org.jboss.vfs.VFSUtils.readManifest(VFSUtils.java:214)
	at org.jboss.vfs.VirtualJarInputStream.&lt;init&gt;(VirtualJarInputStream.java:78)
	at org.jboss.vfs.VirtualFile.openStream(VirtualFile.java:223)
	at org.jboss.vfs.VFSUtils.readManifest(VFSUtils.java:214)
	at org.jboss.vfs.VirtualJarInputStream.&lt;init&gt;(VirtualJarInputStream.java:78)
	at org.jboss.vfs.VirtualFile.openStream(VirtualFile.java:223)
	at org.jboss.vfs.VFSUtils.readManifest(VFSUtils.java:214)
	at org.jboss.vfs.VirtualJarInputStream.&lt;init&gt;(VirtualJarInputStream.java:78)
	at org.jboss.vfs.VirtualFile.openStream(VirtualFile.java:223)
	at org.jboss.vfs.VFSUtils.readManifest(VFSUtils.java:214)
	at org.jboss.vfs.VirtualJarInputStream.&lt;init&gt;(VirtualJarInputStream.java:78)
	at org.jboss.vfs.VirtualFile.openStream(VirtualFile.java:223)
	at org.jboss.vfs.VFSUtils.readManifest(VFSUtils.java:214)
	at org.jboss.vfs.VirtualJarInputStream.&lt;init&gt;(VirtualJarInputStream.java:78)
	at org.jboss.vfs.VirtualFile.openStream(VirtualFile.java:223)
	at org.jboss.vfs.VFSUtils.readManifest(VFSUtils.java:214)
	at org.jboss.vfs.VirtualJarInputStream.&lt;init&gt;(VirtualJarInputStream.java:78)
	at org.jboss.vfs.VirtualFile.openStream(VirtualFile.java:223)
	at org.jboss.vfs.VFSUtils.readManifest(VFSUtils.java:214)
	at org.jboss.vfs.VirtualJarInputStream.&lt;init&gt;(VirtualJarInputStream.java:78)
	at org.jboss.vfs.VirtualFile.openStream(VirtualFile.java:223)
	at org.jboss.vfs.VFSUtils.readManifest(VFSUtils.java:214)
	at org.jboss.vfs.VirtualJarInputStream.&lt;init&gt;(VirtualJarInputStream.java:78)
	at org.jboss.vfs.VirtualFile.openStream(VirtualFile.java:223)
	at org.jboss.vfs.VFSUtils.readManifest(VFSUtils.java:214)
	at org.jboss.vfs.VirtualJarInputStream.&lt;init&gt;(VirtualJarInputStream.java:78)
	at org.jboss.vfs.VirtualFile.openStream(VirtualFile.java:223)
	at org.jboss.vfs.VFSUtils.readManifest(VFSUtils.java:214)
	at org.jboss.vfs.VirtualJarInputStream.&lt;init&gt;(VirtualJarInputStream.java:78)
	at org.jboss.vfs.VirtualFile.openStream(VirtualFile.java:223)
	at org.jboss.vfs.VFSUtils.readManifest(VFSUtils.java:214)
	at org.jboss.vfs.VirtualJarInputStream.&lt;init&gt;(VirtualJarInputStream.java:78)
	at org.jboss.vfs.VirtualFile.openStream(VirtualFile.java:223)
	at org.jboss.vfs.VFSUtils.readManifest(VFSUtils.java:214)
	at org.jboss.vfs.VirtualJarInputStream.&lt;init&gt;(VirtualJarInputStream.java:78)
	at org.jboss.vfs.VirtualFile.openStream(VirtualFile.java:223)
	at org.jboss.vfs.VFSUtils.readManifest(VFSUtils.java:214)
	at org.jboss.vfs.VirtualJarInputStream.&lt;init&gt;(VirtualJarInputStream.java:78)
	at org.jboss.vfs.VirtualFile.openStream(VirtualFile.java:223)
	at org.jboss.vfs.VFSUtils.readManifest(VFSUtils.java:214)
	at org.jboss.vfs.VirtualJarInputStream.&lt;init&gt;(VirtualJarInputStream.java:78)
	at org.jboss.vfs.VirtualFile.openStream(VirtualFile.java:223)
	at org.jboss.vfs.VFSUtils.readManifest(VFSUtils.java:214)
	at org.jboss.vfs.VirtualJarInputStream.&lt;init&gt;(VirtualJarInputStream.java:78)
	at org.jboss.vfs.VirtualFile.openStream(VirtualFile.java:223)
	at org.jboss.vfs.VFSUtils.readManifest(VFSUtils.java:214)
	at org.jboss.vfs.VirtualJarInputStream.&lt;init&gt;(VirtualJarInputStream.java:78)
	at org.jboss.vfs.VirtualFile.openStream(VirtualFile.java:223)
	at org.jboss.vfs.VFSUtils.readManifest(VFSUtils.java:214)
	at org.jboss.vfs.VirtualJarInputStream.&lt;init&gt;(VirtualJarInputStream.java:78)
	at org.jboss.vfs.VirtualFile.openStream(VirtualFile.java:223)
	at org.jboss.vfs.VFSUtils.readManifest(VFSUtils.java:214)
	at org.jboss.vfs.VirtualJarInputStream.&lt;init&gt;(VirtualJarInputStream.java:78)
	at org.jboss.vfs.VirtualFile.openStream(VirtualFile.java:223)
	at org.jboss.vfs.VFSUtils.readManifest(VFSUtils.java:214)
	at org.jboss.vfs.VirtualJarInputStream.&lt;init&gt;(VirtualJarInputStream.java:78)
	at org.jboss.vfs.VirtualFile.openStream(VirtualFile.java:223)
	at org.jboss.vfs.VFSUtils.readManifest(VFSUtils.java:214)
	at org.jboss.vfs.VirtualJarInputStream.&lt;init&gt;(VirtualJarInputStream.java:78)
	at org.jboss.vfs.VirtualFile.openStream(VirtualFile.java:223)
	at org.jboss.vfs.VFSUtils.readManifest(VFSUtils.java:214)
	at org.jboss.vfs.VirtualJarInputStream.&lt;init&gt;(VirtualJarInputStream.java:78)
	at org.jboss.vfs.VirtualFile.openStream(VirtualFile.java:223)
	at org.jboss.vfs.VFSUtils.readManifest(VFSUtils.java:214)
	at org.jboss.vfs.VirtualJarInputStream.&lt;init&gt;(VirtualJarInputStream.java:78)
	at org.jboss.vfs.VirtualFile.openStream(VirtualFile.java:223)
	at org.jboss.vfs.VFSUtils.readManifest(VFSUtils.java:214)
	at org.jboss.vfs.VirtualJarInputStream.&lt;init&gt;(VirtualJarInputStream.java:78)
	at org.jboss.vfs.VirtualFile.openStream(VirtualFile.java:223)
	at org.jboss.vfs.VFSUtils.readManifest(VFSUtils.java:214)
	at org.jboss.vfs.VirtualJarInputStream.&lt;init&gt;(VirtualJarInputStream.java:78)
	at org.jboss.vfs.VirtualFile.openStream(VirtualFile.java:223)
	at org.jboss.vfs.VFSUtils.readManifest(VFSUtils.java:214)
	at org.jboss.vfs.VirtualJarInputStream.&lt;init&gt;(VirtualJarInputStream.java:78)
	at org.jboss.vfs.VirtualFile.openStream(VirtualFile.java:223)
	at org.jboss.vfs.VFSUtils.readManifest(VFSUtils.java:214)
	at org.jboss.vfs.VirtualJarInputStream.&lt;init&gt;(VirtualJarInputStream.java:78)
	at org.jboss.vfs.VirtualFile.openStream(VirtualFile.java:223)
	at org.jboss.vfs.VFSUtils.readManifest(VFSUtils.java:214)
	at org.jboss.vfs.VirtualJarInputStream.&lt;init&gt;(VirtualJarInputStream.java:78)
	at org.jboss.vfs.VirtualFile.openStream(VirtualFile.java:223)
	at org.jboss.vfs.VFSUtils.readManifest(VFSUtils.java:214)
	at org.jboss.vfs.VirtualJarInputStream.&lt;init&gt;(VirtualJarInputStream.java:78)
	at org.jboss.vfs.VirtualFile.openStream(VirtualFile.java:223)
	at org.jboss.vfs.VFSUtils.readManifest(VFSUtils.java:214)
	at org.jboss.vfs.VirtualJarInputStream.&lt;init&gt;(VirtualJarInputStream.java:78)
	at org.jboss.vfs.VirtualFile.openStream(VirtualFile.java:223)
	at org.jboss.vfs.VFSUtils.readManifest(VFSUtils.java:214)
	at org.jboss.vfs.VirtualJarInputStream.&lt;init&gt;(VirtualJarInputStream.java:78)
	at org.jboss.vfs.VirtualFile.openStream(VirtualFile.java:223)
	at org.jboss.vfs.VFSUtils.readManifest(VFSUtils.java:214)
	at org.jboss.vfs.VirtualJarInputStream.&lt;init&gt;(VirtualJarInputStream.java:78)
	at org.jboss.vfs.VirtualFile.openStream(VirtualFile.java:223)
	at org.jboss.vfs.VFSUtils.readManifest(VFSUtils.java:214)
	at org.jboss.vfs.VirtualJarInputStream.&lt;init&gt;(VirtualJarInputStream.java:78)
	at org.jboss.vfs.VirtualFile.openStream(VirtualFile.java:223)
	at org.jboss.vfs.VFSUtils.readManifest(VFSUtils.java:214)
	at org.jboss.vfs.VirtualJarInputStream.&lt;init&gt;(VirtualJarInputStream.java:78)
	at org.jboss.vfs.VirtualFile.openStream(VirtualFile.java:223)
	at org.jboss.vfs.VFSUtils.readManifest(VFSUtils.java:214)
	at org.jboss.vfs.VirtualJarInputStream.&lt;init&gt;(VirtualJarInputStream.java:78)
	at org.jboss.vfs.VirtualFile.openStream(VirtualFile.java:223)
	at org.jboss.vfs.VFSUtils.readManifest(VFSUtils.java:214)
	at org.jboss.vfs.VirtualJarInputStream.&lt;init&gt;(VirtualJarInputStream.java:78)
	at org.jboss.vfs.VirtualFile.openStream(VirtualFile.java:223)
	at org.jboss.vfs.VFSUtils.readManifest(VFSUtils.java:214)
	at org.jboss.vfs.VirtualJarInputStream.&lt;init&gt;(VirtualJarInputStream.java:78)
	at org.jboss.vfs.VirtualFile.openStream(VirtualFile.java:223)
	at org.jboss.vfs.VFSUtils.readManifest(VFSUtils.java:214)
	at org.jboss.vfs.VirtualJarInputStream.&lt;init&gt;(VirtualJarInputStream.java:78)
	at org.jboss.vfs.VirtualFile.openStream(VirtualFile.java:223)
	at org.jboss.vfs.VFSUtils.readManifest(VFSUtils.java:214)
	at org.jboss.vfs.VirtualJarInputStream.&lt;init&gt;(VirtualJarInputStream.java:78)
	at org.jboss.vfs.VirtualFile.openStream(VirtualFile.java:223)
	at org.jboss.vfs.VFSUtils.readManifest(VFSUtils.java:214)
	at org.jboss.vfs.VirtualJarInputStream.&lt;init&gt;(VirtualJarInputStream.java:78)
	at org.jboss.vfs.VirtualFile.openStream(VirtualFile.java:223)
	at org.jboss.vfs.VFSUtils.readManifest(VFSUtils.java:214)
	at org.jboss.vfs.VirtualJarInputStream.&lt;init&gt;(VirtualJarInputStream.java:78)
	at org.jboss.vfs.VirtualFile.openStream(VirtualFile.java:223)
	at org.jboss.vfs.VFSUtils.readManifest(VFSUtils.java:214)
	at org.jboss.vfs.VirtualJarInputStream.&lt;init&gt;(VirtualJarInputStream.java:78)
	at org.jboss.vfs.VirtualFile.openStream(VirtualFile.java:223)
	at org.jboss.vfs.VFSUtils.readManifest(VFSUtils.java:214)
	at org.jboss.vfs.VirtualJarInputStream.&lt;init&gt;(VirtualJarInputStream.java:78)
	at org.jboss.vfs.VirtualFile.openStream(VirtualFile.java:223)
	at org.jboss.vfs.VFSUtils.readManifest(VFSUtils.java:214)
	at org.jboss.vfs.VirtualJarInputStream.&lt;init&gt;(VirtualJarInputStream.java:78)
	at org.jboss.vfs.VirtualFile.openStream(VirtualFile.java:223)
	at org.jboss.vfs.VFSUtils.readManifest(VFSUtils.java:214)
	at org.jboss.vfs.VirtualJarInputStream.&lt;init&gt;(VirtualJarInputStream.java:78)
	at org.jboss.vfs.VirtualFile.openStream(VirtualFile.java:223)
	at org.jboss.vfs.VFSUtils.readManifest(VFSUtils.java:214)
	at org.jboss.vfs.VirtualJarInputStream.&lt;init&gt;(VirtualJarInputStream.java:78)
	at org.jboss.vfs.VirtualFile.openStream(VirtualFile.java:223)
	at org.jboss.vfs.VFSUtils.readManifest(VFSUtils.java:214)
	at org.jboss.vfs.VirtualJarInputStream.&lt;init&gt;(VirtualJarInputStream.java:78)
	at org.jboss.vfs.VirtualFile.openStream(VirtualFile.java:223)
	at org.jboss.vfs.VFSUtils.readManifest(VFSUtils.java:214)
	at org.jboss.vfs.VirtualJarInputStream.&lt;init&gt;(VirtualJarInputStream.java:78)
	at org.jboss.vfs.VirtualFile.openStream(VirtualFile.java:223)
	at org.jboss.vfs.VFSUtils.readManifest(VFSUtils.java:214)
	at org.jboss.vfs.VirtualJarInputStream.&lt;init&gt;(VirtualJarInputStream.java:78)
	at org.jboss.vfs.VirtualFile.openStream(VirtualFile.java:223)
	at org.jboss.vfs.VFSUtils.readManifest(VFSUtils.java:214)
	at org.jboss.vfs.VirtualJarInputStream.&lt;init&gt;(VirtualJarInputStream.java:78)
	at org.jboss.vfs.VirtualFile.openStream(VirtualFile.java:223)
	at org.jboss.vfs.VFSUtils.readManifest(VFSUtils.java:214)
	at org.jboss.vfs.VirtualJarInputStream.&lt;init&gt;(VirtualJarInputStream.java:78)
	at org.jboss.vfs.VirtualFile.openStream(VirtualFile.java:223)
	at org.jboss.vfs.VFSUtils.readManifest(VFSUtils.java:214)
	at org.jboss.vfs.VirtualJarInputStream.&lt;init&gt;(VirtualJarInputStream.java:78)
	at org.jboss.vfs.VirtualFile.openStream(VirtualFile.java:223)
	at org.jboss.vfs.VFSUtils.readManifest(VFSUtils.java:214)
	at org.jboss.vfs.VirtualJarInputStream.&lt;init&gt;(VirtualJarInputStream.java:78)
	at org.jboss.vfs.VirtualFile.openStream(VirtualFile.java:223)
	at org.jboss.vfs.VFSUtils.readManifest(VFSUtils.java:214)
	at org.jboss.vfs.VirtualJarInputStream.&lt;init&gt;(VirtualJarInputStream.java:78)
	at org.jboss.vfs.VirtualFile.openStream(VirtualFile.java:223)
	at org.jboss.vfs.VFSUtils.readManifest(VFSUtils.java:214)
	at org.jboss.vfs.VirtualJarInputStream.&lt;init&gt;(VirtualJarInputStream.java:78)
	at org.jboss.vfs.VirtualFile.openStream(VirtualFile.java:223)
	at org.jboss.vfs.VFSUtils.readManifest(VFSUtils.java:214)
	at org.jboss.vfs.VirtualJarInputStream.&lt;init&gt;(VirtualJarInputStream.java:78)
	at org.jboss.vfs.VirtualFile.openStream(VirtualFile.java:223)
	at org.jboss.vfs.VFSUtils.readManifest(VFSUtils.java:214)
	at org.jboss.vfs.VirtualJarInputStream.&lt;init&gt;(VirtualJarInputStream.java:78)
	at org.jboss.vfs.VirtualFile.openStream(VirtualFile.java:223)
	at org.jboss.vfs.VFSUtils.readManifest(VFSUtils.java:214)
	at org.jboss.vfs.VirtualJarInputStream.&lt;init&gt;(VirtualJarInputStream.java:78)
	at org.jboss.vfs.VirtualFile.openStream(VirtualFile.java:223)
	at org.jboss.vfs.VFSUtils.readManifest(VFSUtils.java:214)
	at org.jboss.vfs.VirtualJarInputStream.&lt;init&gt;(VirtualJarInputStream.java:78)
	at org.jboss.vfs.VirtualFile.openStream(VirtualFile.java:223)
	at org.jboss.vfs.VFSUtils.readManifest(VFSUtils.java:214)
	at org.jboss.vfs.VirtualJarInputStream.&lt;init&gt;(VirtualJarInputStream.java:78)
	at org.jboss.vfs.VirtualFile.openStream(VirtualFile.java:223)
	at org.jboss.vfs.VFSUtils.readManifest(VFSUtils.java:214)
	at org.jboss.vfs.VirtualJarInputStream.&lt;init&gt;(VirtualJarInputStream.java:78)
	at org.jboss.vfs.VirtualFile.openStream(VirtualFile.java:223)
	at org.jboss.vfs.VFSUtils.readManifest(VFSUtils.java:214)
	at org.jboss.vfs.VirtualJarInputStream.&lt;init&gt;(VirtualJarInputStream.java:78)
	at org.jboss.vfs.VirtualFile.openStream(VirtualFile.java:223)
	at org.jboss.vfs.VFSUtils.readManifest(VFSUtils.java:214)
	at org.jboss.vfs.VirtualJarInputStream.&lt;init&gt;(VirtualJarInputStream.java:78)
	at org.jboss.vfs.VirtualFile.openStream(VirtualFile.java:223)
	at org.jboss.vfs.VFSUtils.readManifest(VFSUtils.java:214)
	at org.jboss.vfs.VirtualJarInputStream.&lt;init&gt;(VirtualJarInputStream.java:78)
	at org.jboss.vfs.VirtualFile.openStream(VirtualFile.java:223)
	at org.jboss.vfs.VFSUtils.readManifest(VFSUtils.java:214)
	at org.jboss.vfs.VirtualJarInputStream.&lt;init&gt;(VirtualJarInputStream.java:78)
	at org.jboss.vfs.VirtualFile.openStream(VirtualFile.java:223)
	at org.jboss.vfs.VFSUtils.readManifest(VFSUtils.java:214)
	at org.jboss.vfs.VirtualJarInputStream.&lt;init&gt;(VirtualJarInputStream.java:78)
	at org.jboss.vfs.VirtualFile.openStream(VirtualFile.java:223)
	at org.jboss.vfs.VFSUtils.readManifest(VFSUtils.java:214)
	at org.jboss.vfs.VirtualJarInputStream.&lt;init&gt;(VirtualJarInputStream.java:78)
	at org.jboss.vfs.VirtualFile.openStream(VirtualFile.java:223)
	at org.jboss.vfs.VFSUtils.readManifest(VFSUtils.java:214)
	at org.jboss.vfs.VirtualJarInputStream.&lt;init&gt;(VirtualJarInputStream.java:78)
	at org.jboss.vfs.VirtualFile.openStream(VirtualFile.java:223)
	at org.jboss.vfs.VFSUtils.readManifest(VFSUtils.java:214)
	at org.jboss.vfs.VirtualJarInputStream.&lt;init&gt;(VirtualJarInputStream.java:78)
	at org.jboss.vfs.VirtualFile.openStream(VirtualFile.java:223)
	at org.jboss.vfs.VFSUtils.readManifest(VFSUtils.java:214)
	at org.jboss.vfs.VirtualJarInputStream.&lt;init&gt;(VirtualJarInputStream.java:78)
	at org.jboss.vfs.VirtualFile.openStream(VirtualFile.java:223)
	at org.jboss.vfs.VFSUtils.readManifest(VFSUtils.java:214)
	at org.jboss.vfs.VirtualJarInputStream.&lt;init&gt;(VirtualJarInputStream.java:78)
	at org.jboss.vfs.VirtualFile.openStream(VirtualFile.java:223)
	at org.jboss.vfs.VFSUtils.readManifest(VFSUtils.java:214)
	at org.jboss.vfs.VirtualJarInputStream.&lt;init&gt;(VirtualJarInputStream.java:78)
	at org.jboss.vfs.VirtualFile.openStream(VirtualFile.java:223)
	at org.jboss.vfs.VFSUtils.readManifest(VFSUtils.java:214)
	at org.jboss.vfs.VirtualJarInputStream.&lt;init&gt;(VirtualJarInputStream.java:78)
	at org.jboss.vfs.VirtualFile.openStream(VirtualFile.java:223)
	at org.jboss.vfs.VFSUtils.readManifest(VFSUtils.java:214)
	at org.jboss.vfs.VirtualJarInputStream.&lt;init&gt;(VirtualJarInputStream.java:78)
	at org.jboss.vfs.VirtualFile.openStream(VirtualFile.java:223)
	at org.jboss.vfs.VFSUtils.readManifest(VFSUtils.java:214)
	at org.jboss.vfs.VirtualJarInputStream.&lt;init&gt;(VirtualJarInputStream.java:78)
	at org.jboss.vfs.VirtualFile.openStream(VirtualFile.java:223)
	at org.jboss.vfs.VFSUtils.readManifest(VFSUtils.java:214)
	at org.jboss.vfs.VirtualJarInputStream.&lt;init&gt;(VirtualJarInputStream.java:78)
	at org.jboss.vfs.VirtualFile.openStream(VirtualFile.java:223)
	at org.jboss.vfs.VFSUtils.readManifest(VFSUtils.java:214)
	at org.jboss.vfs.VirtualJarInputStream.&lt;init&gt;(VirtualJarInputStream.java:78)
	at org.jboss.vfs.VirtualFile.openStream(VirtualFile.java:223)
	at org.jboss.vfs.VFSUtils.readManifest(VFSUtils.java:214)
	at org.jboss.vfs.VirtualJarInputStream.&lt;init&gt;(VirtualJarInputStream.java:78)
	at org.jboss.vfs.VirtualFile.openStream(VirtualFile.java:223)
	at org.jboss.vfs.VFSUtils.readManifest(VFSUtils.java:214)
	at org.jboss.vfs.VirtualJarInputStream.&lt;init&gt;(VirtualJarInputStream.java:78)
	at org.jboss.vfs.VirtualFile.openStream(VirtualFile.java:223)
	at org.jboss.vfs.VFSUtils.readManifest(VFSUtils.java:214)
	at org.jboss.vfs.VirtualJarInputStream.&lt;init&gt;(VirtualJarInputStream.java:78)
	at org.jboss.vfs.VirtualFile.openStream(VirtualFile.java:223)
	at org.jboss.vfs.VFSUtils.readManifest(VFSUtils.java:214)
	at org.jboss.vfs.VirtualJarInputStream.&lt;init&gt;(VirtualJarInputStream.java:78)
	at org.jboss.vfs.VirtualFile.openStream(VirtualFile.java:223)
	at org.jboss.vfs.VFSUtils.readManifest(VFSUtils.java:214)
	at org.jboss.vfs.VirtualJarInputStream.&lt;init&gt;(VirtualJarInputStream.java:78)
	at org.jboss.vfs.VirtualFile.openStream(VirtualFile.java:223)
	at org.jboss.vfs.VFSUtils.readManifest(VFSUtils.java:214)
	at org.jboss.vfs.VirtualJarInputStream.&lt;init&gt;(VirtualJarInputStream.java:78)
	at org.jboss.vfs.VirtualFile.openStream(VirtualFile.java:223)
	at org.jboss.vfs.VFSUtils.readManifest(VFSUtils.java:214)
	at org.jboss.vfs.VirtualJarInputStream.&lt;init&gt;(VirtualJarInputStream.java:78)
	at org.jboss.vfs.VirtualFile.openStream(VirtualFile.java:223)
	at org.jboss.vfs.VFSUtils.readManifest(VFSUtils.java:214)
	at org.jboss.vfs.VirtualJarInputStream.&lt;init&gt;(VirtualJarInputStream.java:78)
	at org.jboss.vfs.VirtualFile.openStream(VirtualFile.java:223)
	at org.jboss.vfs.VFSUtils.readManifest(VFSUtils.java:214)
	at org.jboss.vfs.VirtualJarInputStream.&lt;init&gt;(VirtualJarInputStream.java:78)
	at org.jboss.vfs.VirtualFile.openStream(VirtualFile.java:223)
	at org.jboss.vfs.VFSUtils.readManifest(VFSUtils.java:214)
	at org.jboss.vfs.VirtualJarInputStream.&lt;init&gt;(VirtualJarInputStream.java:78)
	at org.jboss.vfs.VirtualFile.openStream(VirtualFile.java:223)
	at org.jboss.vfs.VFSUtils.readManifest(VFSUtils.java:214)
	at org.jboss.vfs.VirtualJarInputStream.&lt;init&gt;(VirtualJarInputStream.java:78)
	at org.jboss.vfs.VirtualFile.openStream(VirtualFile.java:223)
	at org.jboss.vfs.VFSUtils.readManifest(VFSUtils.java:214)
	at org.jboss.vfs.VirtualJarInputStream.&lt;init&gt;(VirtualJarInputStream.java:78)
	at org.jboss.vfs.VirtualFile.openStream(VirtualFile.java:223)
	at org.jboss.vfs.VFSUtils.readManifest(VFSUtils.java:214)
	at org.jboss.vfs.VirtualJarInputStream.&lt;init&gt;(VirtualJarInputStream.java:78)
	at org.jboss.vfs.VirtualFile.openStream(VirtualFile.java:223)
	at org.jboss.vfs.VFSUtils.readManifest(VFSUtils.java:214)
	at org.jboss.vfs.VirtualJarInputStream.&lt;init&gt;(VirtualJarInputStream.java:78)
	at org.jboss.vfs.VirtualFile.openStream(VirtualFile.java:223)
	at org.jboss.vfs.VFSUtils.readManifest(VFSUtils.java:214)
	at org.jboss.vfs.VirtualJarInputStream.&lt;init&gt;(VirtualJarInputStream.java:78)
	at org.jboss.vfs.VirtualFile.openStream(VirtualFile.java:223)
	at org.jboss.vfs.VFSUtils.readManifest(VFSUtils.java:214)
	at org.jboss.vfs.VirtualJarInputStream.&lt;init&gt;(VirtualJarInputStream.java:78)
	at org.jboss.vfs.VirtualFile.openStream(VirtualFile.java:223)
	at org.jboss.vfs.VFSUtils.readManifest(VFSUtils.java:214)
	at org.jboss.vfs.VirtualJarInputStream.&lt;init&gt;(VirtualJarInputStream.java:78)
	at org.jboss.vfs.VirtualFile.openStream(VirtualFile.java:223)
	at org.jboss.vfs.VFSUtils.readManifest(VFSUtils.java:214)
	at org.jboss.vfs.VirtualJarInputStream.&lt;init&gt;(VirtualJarInputStream.java:78)
	at org.jboss.vfs.VirtualFile.openStream(VirtualFile.java:223)
	at org.jboss.vfs.VFSUtils.readManifest(VFSUtils.java:214)
	at org.jboss.vfs.VirtualJarInputStream.&lt;init&gt;(VirtualJarInputStream.java:78)
	at org.jboss.vfs.VirtualFile.openStream(VirtualFile.java:223)
	at org.jboss.vfs.VFSUtils.readManifest(VFSUtils.java:214)
	at org.jboss.vfs.VirtualJarInputStream.&lt;init&gt;(VirtualJarInputStream.java:78)
	at org.jboss.vfs.VirtualFile.openStream(VirtualFile.java:223)
	at org.jboss.vfs.VFSUtils.readManifest(VFSUtils.java:214)
	at org.jboss.vfs.VirtualJarInputStream.&lt;init&gt;(VirtualJarInputStream.java:78)
	at org.jboss.vfs.VirtualFile.openStream(VirtualFile.java:223)
	at org.jboss.vfs.VFSUtils.readManifest(VFSUtils.java:214)
	at org.jboss.vfs.VirtualJarInputStream.&lt;init&gt;(VirtualJarInputStream.java:78)
	at org.jboss.vfs.VirtualFile.openStream(VirtualFile.java:223)
	at org.jboss.vfs.VFSUtils.readManifest(VFSUtils.java:214)
	at org.jboss.vfs.VirtualJarInputStream.&lt;init&gt;(VirtualJarInputStream.java:78)
	at org.jboss.vfs.VirtualFile.openStream(VirtualFile.java:223)
	at org.jboss.vfs.VFSUtils.readManifest(VFSUtils.java:214)
	at org.jboss.vfs.VirtualJarInputStream.&lt;init&gt;(VirtualJarInputStream.java:78)
	at org.jboss.vfs.VirtualFile.openStream(VirtualFile.java:223)
	at org.jboss.vfs.VFSUtils.readManifest(VFSUtils.java:214)
	at org.jboss.vfs.VirtualJarInputStream.&lt;init&gt;(VirtualJarInputStream.java:78)
	at org.jboss.vfs.VirtualFile.openStream(VirtualFile.java:223)
	at org.jboss.vfs.VFSUtils.readManifest(VFSUtils.java:214)
	at org.jboss.vfs.VirtualJarInputStream.&lt;init&gt;(VirtualJarInputStream.java:78)
	at org.jboss.vfs.VirtualFile.openStream(VirtualFile.java:223)
	at org.jboss.vfs.VFSUtils.readManifest(VFSUtils.java:214)
	at org.jboss.vfs.VirtualJarInputStream.&lt;init&gt;(VirtualJarInputStream.java:78)
	at org.jboss.vfs.VirtualFile.openStream(VirtualFile.java:223)
	at org.jboss.vfs.VFSUtils.readManifest(VFSUtils.java:214)
	at org.jboss.vfs.VirtualJarInputStream.&lt;init&gt;(VirtualJarInputStream.java:78)
	at org.jboss.vfs.VirtualFile.openStream(VirtualFile.java:223)
	at org.jboss.vfs.VFSUtils.readManifest(VFSUtils.java:214)
	at org.jboss.vfs.VirtualJarInputStream.&lt;init&gt;(VirtualJarInputStream.java:78)
	at org.jboss.vfs.VirtualFile.openStream(VirtualFile.java:223)
	at org.jboss.vfs.VFSUtils.readManifest(VFSUtils.java:214)
	at org.jboss.vfs.VirtualJarInputStream.&lt;init&gt;(VirtualJarInputStream.java:78)
	at org.jboss.vfs.VirtualFile.openStream(VirtualFile.java:223)
	at org.jboss.vfs.VFSUtils.readManifest(VFSUtils.java:214)
	at org.jboss.vfs.VirtualJarInputStream.&lt;init&gt;(VirtualJarInputStream.java:78)
	at org.jboss.vfs.VirtualFile.openStream(VirtualFile.java:223)
	at org.jboss.vfs.VFSUtils.readManifest(VFSUtils.java:214)
	at org.jboss.vfs.VirtualJarInputStream.&lt;init&gt;(VirtualJarInputStream.java:78)
	at org.jboss.vfs.VirtualFile.openStream(VirtualFile.java:223)
	at org.jboss.vfs.VFSUtils.readManifest(VFSUtils.java:214)
	at org.jboss.vfs.VirtualJarInputStream.&lt;init&gt;(VirtualJarInputStream.java:78)
	at org.jboss.vfs.VirtualFile.openStream(VirtualFile.java:223)
	at org.jboss.vfs.VFSUtils.readManifest(VFSUtils.java:214)
	at org.jboss.vfs.VirtualJarInputStream.&lt;init&gt;(VirtualJarInputStream.java:78)
	at org.jboss.vfs.VirtualFile.openStream(VirtualFile.java:223)
	at org.jboss.vfs.VFSUtils.readManifest(VFSUtils.java:214)
	at org.jboss.vfs.VirtualJarInputStream.&lt;init&gt;(VirtualJarInputStream.java:78)
	at org.jboss.vfs.VirtualFile.openStream(VirtualFile.java:223)
	at org.jboss.vfs.VFSUtils.readManifest(VFSUtils.java:214)
	at org.jboss.vfs.VirtualJarInputStream.&lt;init&gt;(VirtualJarInputStream.java:78)
	at org.jboss.vfs.VirtualFile.openStream(VirtualFile.java:223)
	at org.jboss.vfs.VFSUtils.readManifest(VFSUtils.java:214)
	at org.jboss.vfs.VirtualJarInputStream.&lt;init&gt;(VirtualJarInputStream.java:78)
	at org.jboss.vfs.VirtualFile.openStream(VirtualFile.java:223)
	at org.jboss.vfs.VFSUtils.readManifest(VFSUtils.java:214)
	at org.jboss.vfs.VirtualJarInputStream.&lt;init&gt;(VirtualJarInputStream.java:78)
	at org.jboss.vfs.VirtualFile.openStream(VirtualFile.java:223)
	at org.jboss.vfs.VFSUtils.readManifest(VFSUtils.java:214)
	at org.jboss.vfs.VirtualJarInputStream.&lt;init&gt;(VirtualJarInputStream.java:78)
	at org.jboss.vfs.VirtualFile.openStream(VirtualFile.java:223)
	at org.jboss.vfs.VFSUtils.readManifest(VFSUtils.java:214)
	at org.jboss.vfs.VirtualJarInputStream.&lt;init&gt;(VirtualJarInputStream.java:78)
	at org.jboss.vfs.VirtualFile.openStream(VirtualFile.java:223)
	at org.jboss.vfs.VFSUtils.readManifest(VFSUtils.java:214)
	at org.jboss.vfs.VirtualJarInputStream.&lt;init&gt;(VirtualJarInputStream.java:78)
	at org.jboss.vfs.VirtualFile.openStream(VirtualFile.java:223)
	at org.jboss.vfs.VFSUtils.readManifest(VFSUtils.java:214)
	at org.jboss.vfs.VirtualJarInputStream.&lt;init&gt;(VirtualJarInputStream.java:78)
	at org.jboss.vfs.VirtualFile.openStream(VirtualFile.java:223)
	at org.jboss.vfs.VFSUtils.readManifest(VFSUtils.java:214)
	at org.jboss.vfs.VirtualJarInputStream.&lt;init&gt;(VirtualJarInputStream.java:78)
	at org.jboss.vfs.VirtualFile.openStream(VirtualFile.java:223)
	at org.jboss.vfs.VFSUtils.readManifest(VFSUtils.java:214)
	at org.jboss.vfs.VirtualJarInputStream.&lt;init&gt;(VirtualJarInputStream.java:78)
	at org.jboss.vfs.VirtualFile.openStream(VirtualFile.java:223)
	at org.jboss.vfs.VFSUtils.readManifest(VFSUtils.java:214)
	at org.jboss.vfs.VirtualJarInputStream.&lt;init&gt;(VirtualJarInputStream.java:78)
	at org.jboss.vfs.VirtualFile.openStream(VirtualFile.java:223)
	at org.jboss.vfs.VFSUtils.readManifest(VFSUtils.java:214)
	at org.jboss.vfs.VirtualJarInputStream.&lt;init&gt;(VirtualJarInputStream.java:78)
	at org.jboss.vfs.VirtualFile.openStream(VirtualFile.java:223)
	at org.jboss.vfs.VFSUtils.readManifest(VFSUtils.java:214)
	at org.jboss.vfs.VirtualJarInputStream.&lt;init&gt;(VirtualJarInputStream.java:78)
	at org.jboss.vfs.VirtualFile.openStream(VirtualFile.java:223)
	at org.jboss.vfs.VFSUtils.readManifest(VFSUtils.java:214)
	at org.jboss.vfs.VirtualJarInputStream.&lt;init&gt;(VirtualJarInputStream.java:78)
	at org.jboss.vfs.VirtualFile.openStream(VirtualFile.java:223)
	at org.jboss.vfs.VFSUtils.readManifest(VFSUtils.java:214)
	at org.jboss.vfs.VirtualJarInputStream.&lt;init&gt;(VirtualJarInputStream.java:78)
	at org.jboss.vfs.VirtualFile.openStream(VirtualFile.java:223)
	at org.jboss.vfs.VFSUtils.readManifest(VFSUtils.java:214)
	at org.jboss.vfs.VirtualJarInputStream.&lt;init&gt;(VirtualJarInputStream.java:78)
	at org.jboss.vfs.VirtualFile.openStream(VirtualFile.java:223)
	at org.jboss.vfs.VFSUtils.readManifest(VFSUtils.java:214)
	at org.jboss.vfs.VirtualJarInputStream.&lt;init&gt;(VirtualJarInputStream.java:78)
	at org.jboss.vfs.VirtualFile.openStream(VirtualFile.java:223)
	at org.jboss.vfs.VFSUtils.readManifest(VFSUtils.java:214)
	at org.jboss.vfs.VirtualJarInputStream.&lt;init&gt;(VirtualJarInputStream.java:78)
	at org.jboss.vfs.VirtualFile.openStream(VirtualFile.java:223)
	at org.jboss.vfs.VFSUtils.readManifest(VFSUtils.java:214)
	at org.jboss.vfs.VirtualJarInputStream.&lt;init&gt;(VirtualJarInputStream.java:78)
	at org.jboss.vfs.VirtualFile.openStream(VirtualFile.java:223)
	at org.jboss.vfs.VFSUtils.readManifest(VFSUtils.java:214)
	at org.jboss.vfs.VirtualJarInputStream.&lt;init&gt;(VirtualJarInputStream.java:78)
	at org.jboss.vfs.VirtualFile.openStream(VirtualFile.java:223)
	at org.jboss.vfs.VFSUtils.readManifest(VFSUtils.java:214)
	at org.jboss.vfs.VirtualJarInputStream.&lt;init&gt;(VirtualJarInputStream.java:78)
	at org.jboss.vfs.VirtualFile.openStream(VirtualFile.java:223)
	at org.jboss.vfs.VFSUtils.readManifest(VFSUtils.java:214)
	at org.jboss.vfs.VirtualJarInputStream.&lt;init&gt;(VirtualJarInputStream.java:78)
	at org.jboss.vfs.VirtualFile.openStream(VirtualFile.java:223)
	at org.jboss.vfs.VFSUtils.readManifest(VFSUtils.java:214)
	at org.jboss.vfs.VirtualJarInputStream.&lt;init&gt;(VirtualJarInputStream.java:78)
	at org.jboss.vfs.VirtualFile.openStream(VirtualFile.java:223)
	at org.jboss.vfs.VFSUtils.readManifest(VFSUtils.java:214)
	at org.jboss.vfs.VirtualJarInputStream.&lt;init&gt;(VirtualJarInputStream.java:78)
	at org.jboss.vfs.VirtualFile.openStream(VirtualFile.java:223)
	at org.jboss.vfs.VFSUtils.readManifest(VFSUtils.java:214)
	at org.jboss.vfs.VirtualJarInputStream.&lt;init&gt;(VirtualJarInputStream.java:78)
	at org.jboss.vfs.VirtualFile.openStream(VirtualFile.java:223)
	at org.jboss.vfs.VFSUtils.readManifest(VFSUtils.java:214)
	at org.jboss.vfs.VirtualJarInputStream.&lt;init&gt;(VirtualJarInputStream.java:78)
	at org.jboss.vfs.VirtualFile.openStream(VirtualFile.java:223)
	at org.jboss.vfs.VFSUtils.readManifest(VFSUtils.java:214)
	at org.jboss.vfs.VirtualJarInputStream.&lt;init&gt;(VirtualJarInputStream.java:78)
	at org.jboss.vfs.VirtualFile.openStream(VirtualFile.java:223)
	at org.jboss.vfs.VFSUtils.readManifest(VFSUtils.java:214)
	at org.jboss.vfs.VirtualJarInputStream.&lt;init&gt;(VirtualJarInputStream.java:78)
	at org.jboss.vfs.VirtualFile.openStream(VirtualFile.java:223)
	at org.jboss.vfs.VFSUtils.readManifest(VFSUtils.java:214)
	at org.jboss.vfs.VirtualJarInputStream.&lt;init&gt;(VirtualJarInputStream.java:78)
	at org.jboss.vfs.VirtualFile.openStream(VirtualFile.java:223)
	at org.jboss.vfs.VFSUtils.readManifest(VFSUtils.java:214)
	at org.jboss.vfs.VirtualJarInputStream.&lt;init&gt;(VirtualJarInputStream.java:78)
	at org.jboss.vfs.VirtualFile.openStream(VirtualFile.java:223)
	at org.jboss.vfs.VFSUtils.readManifest(VFSUtils.java:214)
	at org.jboss.vfs.VirtualJarInputStream.&lt;init&gt;(VirtualJarInputStream.java:78)
	at org.jboss.vfs.VirtualFile.openStream(VirtualFile.java:223)
	at org.jboss.vfs.VFSUtils.readManifest(VFSUtils.java:214)
	at org.jboss.vfs.VirtualJarInputStream.&lt;init&gt;(VirtualJarInputStream.java:78)
	at org.jboss.vfs.VirtualFile.openStream(VirtualFile.java:223)
	at org.jboss.vfs.VFSUtils.readManifest(VFSUtils.java:214)
	at org.jboss.vfs.VirtualJarInputStream.&lt;init&gt;(VirtualJarInputStream.java:78)
	at org.jboss.vfs.VirtualFile.openStream(VirtualFile.java:223)
	at org.jboss.vfs.VFSUtils.readManifest(VFSUtils.java:214)
	at org.jboss.vfs.VirtualJarInputStream.&lt;init&gt;(VirtualJarInputStream.java:78)
	at org.jboss.vfs.VirtualFile.openStream(VirtualFile.java:223)
	at org.jboss.vfs.VFSUtils.readManifest(VFSUtils.java:214)
	at org.jboss.vfs.VirtualJarInputStream.&lt;init&gt;(VirtualJarInputStream.java:78)
	at org.jboss.vfs.VirtualFile.openStream(VirtualFile.java:223)
	at org.jboss.vfs.VFSUtils.readManifest(VFSUtils.java:214)
	at org.jboss.vfs.VirtualJarInputStream.&lt;init&gt;(VirtualJarInputStream.java:78)
	at org.jboss.vfs.VirtualFile.openStream(VirtualFile.java:223)
	at org.jboss.vfs.VFSUtils.readManifest(VFSUtils.java:214)
	at org.jboss.vfs.VirtualJarInputStream.&lt;init&gt;(VirtualJarInputStream.java:78)
	at org.jboss.vfs.VirtualFile.openStream(VirtualFile.java:223)
	at org.jboss.vfs.VFSUtils.readManifest(VFSUtils.java:214)
	at org.jboss.vfs.VirtualJarInputStream.&lt;init&gt;(VirtualJarInputStream.java:78)
	at org.jboss.vfs.VirtualFile.openStream(VirtualFile.java:223)
	at org.jboss.vfs.VFSUtils.readManifest(VFSUtils.java:214)
	at org.jboss.vfs.VirtualJarInputStream.&lt;init&gt;(VirtualJarInputStream.java:78)
	at org.jboss.vfs.VirtualFile.openStream(VirtualFile.java:223)
	at org.jboss.vfs.VFSUtils.readManifest(VFSUtils.java:214)
	at org.jboss.vfs.VirtualJarInputStream.&lt;init&gt;(VirtualJarInputStream.java:78)
	at org.jboss.vfs.VirtualFile.openStream(VirtualFile.java:223)
	at org.jboss.vfs.VFSUtils.readManifest(VFSUtils.java:214)
	at org.jboss.vfs.VirtualJarInputStream.&lt;init&gt;(VirtualJarInputStream.java:78)
	at org.jboss.vfs.VirtualFile.openStream(VirtualFile.java:223)
	at org.jboss.vfs.VFSUtils.readManifest(VFSUtils.java:214)
	at org.jboss.vfs.VirtualJarInputStream.&lt;init&gt;(VirtualJarInputStream.java:78)
	at org.jboss.vfs.VirtualFile.openStream(VirtualFile.java:223)
	at org.jboss.vfs.VFSUtils.readManifest(VFSUtils.java:214)
	at org.jboss.vfs.VirtualJarInputStream.&lt;init&gt;(VirtualJarInputStream.java:78)
	at org.jboss.vfs.VirtualFile.openStream(VirtualFile.java:223)
	at org.jboss.vfs.VFSUtils.readManifest(VFSUtils.java:214)
	at org.jboss.vfs.VirtualJarInputStream.&lt;init&gt;(VirtualJarInputStream.java:78)
	at org.jboss.vfs.VirtualFile.openStream(VirtualFile.java:223)
	at org.jboss.vfs.VFSUtils.readManifest(VFSUtils.java:214)
	at org.jboss.vfs.VirtualJarInputStream.&lt;init&gt;(VirtualJarInputStream.java:78)
	at org.jboss.vfs.VirtualFile.openStream(VirtualFile.java:223)
	at org.jboss.vfs.VFSUtils.readManifest(VFSUtils.java:214)
	at org.jboss.vfs.VirtualJarInputStream.&lt;init&gt;(VirtualJarInputStream.java:78)
	at org.jboss.vfs.VirtualFile.openStream(VirtualFile.java:223)
	at org.jboss.vfs.VFSUtils.readManifest(VFSUtils.java:214)
	at org.jboss.vfs.VirtualJarInputStream.&lt;init&gt;(VirtualJarInputStream.java:78)
	at org.jboss.vfs.VirtualFile.openStream(VirtualFile.java:223)
	at org.jboss.vfs.VFSUtils.readManifest(VFSUtils.java:214)
	at org.jboss.vfs.VirtualJarInputStream.&lt;init&gt;(VirtualJarInputStream.java:78)
	at org.jboss.vfs.VirtualFile.openStream(VirtualFile.java:223)
	at org.jboss.vfs.VFSUtils.readManifest(VFSUtils.java:214)
	at org.jboss.vfs.VirtualJarInputStream.&lt;init&gt;(VirtualJarInputStream.java:78)
	at org.jboss.vfs.VirtualFile.openStream(VirtualFile.java:223)
	at org.jboss.vfs.VFSUtils.readManifest(VFSUtils.java:214)
	at org.jboss.vfs.VirtualJarInputStream.&lt;init&gt;(VirtualJarInputStream.java:78)
	at org.jboss.vfs.VirtualFile.openStream(VirtualFile.java:223)
	at org.jboss.vfs.VFSUtils.readManifest(VFSUtils.java:214)
	at org.jboss.vfs.VirtualJarInputStream.&lt;init&gt;(VirtualJarInputStream.java:78)
	at org.jboss.vfs.VirtualFile.openStream(VirtualFile.java:223)
	at org.jboss.vfs.VFSUtils.readManifest(VFSUtils.java:214)
	at org.jboss.vfs.VirtualJarInputStream.&lt;init&gt;(VirtualJarInputStream.java:78)
	at org.jboss.vfs.VirtualFile.openStream(VirtualFile.java:223)
	at org.jboss.vfs.VFSUtils.readManifest(VFSUtils.java:214)
	at org.jboss.vfs.VirtualJarInputStream.&lt;init&gt;(VirtualJarInputStream.java:78)
	at org.jboss.vfs.VirtualFile.openStream(VirtualFile.java:223)
	at org.jboss.vfs.VFSUtils.readManifest(VFSUtils.java:214)
	at org.jboss.vfs.VirtualJarInputStream.&lt;init&gt;(VirtualJarInputStream.java:78)
	at org.jboss.vfs.VirtualFile.openStream(VirtualFile.java:223)
	at org.jboss.vfs.VFSUtils.readManifest(VFSUtils.java:214)
	at org.jboss.vfs.VirtualJarInputStream.&lt;init&gt;(VirtualJarInputStream.java:78)
	at org.jboss.vfs.VirtualFile.openStream(VirtualFile.java:223)
	at org.jboss.vfs.VFSUtils.readManifest(VFSUtils.java:214)
	at org.jboss.vfs.VirtualJarInputStream.&lt;init&gt;(VirtualJarInputStream.java:78)
	at org.jboss.vfs.VirtualFile.openStream(VirtualFile.java:223)
	at org.jboss.vfs.VFSUtils.readManifest(VFSUtils.java:214)
	at org.jboss.vfs.VirtualJarInputStream.&lt;init&gt;(VirtualJarInputStream.java:78)
	at org.jboss.vfs.VirtualFile.openStream(VirtualFile.java:223)
	at org.jboss.vfs.VFSUtils.readManifest(VFSUtils.java:214)
	at org.jboss.vfs.VirtualJarInputStream.&lt;init&gt;(VirtualJarInputStream.java:78)
	at org.jboss.vfs.VirtualFile.openStream(VirtualFile.java:223)
	at org.jboss.vfs.VFSUtils.readManifest(VFSUtils.java:214)
	at org.jboss.vfs.VirtualJarInputStream.&lt;init&gt;(VirtualJarInputStream.java:78)
	at org.jboss.vfs.VirtualFile.openStream(VirtualFile.java:223)
	at org.jboss.vfs.VFSUtils.readManifest(VFSUtils.java:214)
	at org.jboss.vfs.VirtualJarInputStream.&lt;init&gt;(VirtualJarInputStream.java:78)
	at org.jboss.vfs.VirtualFile.openStream(VirtualFile.java:223)
	at org.jboss.vfs.VFSUtils.readManifest(VFSUtils.java:214)
	at org.jboss.vfs.VirtualJarInputStream.&lt;init&gt;(VirtualJarInputStream.java:78)
	at org.jboss.vfs.VirtualFile.openStream(VirtualFile.java:223)
	at org.jboss.vfs.VFSUtils.readManifest(VFSUtils.java:214)
	at org.jboss.vfs.VirtualJarInputStream.&lt;init&gt;(VirtualJarInputStream.java:78)
	at org.jboss.vfs.VirtualFile.openStream(VirtualFile.java:223)
	at org.jboss.vfs.VFSUtils.readManifest(VFSUtils.java:214)
	at org.jboss.vfs.VirtualJarInputStream.&lt;init&gt;(VirtualJarInputStream.java:78)
	at org.jboss.vfs.VirtualFile.openStream(VirtualFile.java:223)
	at org.jboss.vfs.VFSUtils.readManifest(VFSUtils.java:214)
	at org.jboss.vfs.VirtualJarInputStream.&lt;init&gt;(VirtualJarInputStream.java:78)
	at org.jboss.vfs.VirtualFile.openStream(VirtualFile.java:223)
	at org.jboss.vfs.VFSUtils.readManifest(VFSUtils.java:214)
	at org.jboss.vfs.VirtualJarInputStream.&lt;init&gt;(VirtualJarInputStream.java:78)
	at org.jboss.vfs.VirtualFile.openStream(VirtualFile.java:223)
	at org.jboss.vfs.VFSUtils.readManifest(VFSUtils.java:214)
	at org.jboss.vfs.VirtualJarInputStream.&lt;init&gt;(VirtualJarInputStream.java:78)
	at org.jboss.vfs.VirtualFile.openStream(VirtualFile.java:223)
	at org.jboss.vfs.VFSUtils.readManifest(VFSUtils.java:214)
	at org.jboss.vfs.VirtualJarInputStream.&lt;init&gt;(VirtualJarInputStream.java:78)
	at org.jboss.vfs.VirtualFile.openStream(VirtualFile.java:223)
	at org.jboss.vfs.VFSUtils.readManifest(VFSUtils.java:214)
	at org.jboss.vfs.VirtualJarInputStream.&lt;init&gt;(VirtualJarInputStream.java:78)
	at org.jboss.vfs.VirtualFile.openStream(VirtualFile.java:223)
	at org.jboss.vfs.VFSUtils.readManifest(VFSUtils.java:214)
	at org.jboss.vfs.VirtualJarInputStream.&lt;init&gt;(VirtualJarInputStream.java:78)
	at org.jboss.vfs.VirtualFile.openStream(VirtualFile.java:223)
	at org.jboss.vfs.VFSUtils.readManifest(VFSUtils.java:214)
	at org.jboss.vfs.VirtualJarInputStream.&lt;init&gt;(VirtualJarInputStream.java:78)
	at org.jboss.vfs.VirtualFile.openStream(VirtualFile.java:223)
	at org.jboss.vfs.VFSUtils.readManifest(VFSUtils.java:214)
	at org.jboss.vfs.VirtualJarInputStream.&lt;init&gt;(VirtualJarInputStream.java:78)
	at org.jboss.vfs.VirtualFile.openStream(VirtualFile.java:223)
	at org.jboss.vfs.VFSUtils.readManifest(VFSUtils.java:214)
	at org.jboss.vfs.VirtualJarInputStream.&lt;init&gt;(VirtualJarInputStream.java:78)
	at org.jboss.vfs.VirtualFile.openStream(VirtualFile.java:223)
	at org.jboss.vfs.VFSUtils.readManifest(VFSUtils.java:214)
	at org.jboss.vfs.VirtualJarInputStream.&lt;init&gt;(VirtualJarInputStream.java:78)
	at org.jboss.vfs.VirtualFile.openStream(VirtualFile.java:223)
	at org.jboss.vfs.VFSUtils.readManifest(VFSUtils.java:214)
	at org.jboss.vfs.VirtualJarInputStream.&lt;init&gt;(VirtualJarInputStream.java:78)
	at org.jboss.vfs.VirtualFile.openStream(VirtualFile.java:223)
	at org.jboss.vfs.VFSUtils.readManifest(VFSUtils.java:214)
	at org.jboss.vfs.VirtualJarInputStream.&lt;init&gt;(VirtualJarInputStream.java:78)
	at org.jboss.vfs.VirtualFile.openStream(VirtualFile.java:223)
	at org.jboss.vfs.VFSUtils.readManifest(VFSUtils.java:214)
	at org.jboss.vfs.VirtualJarInputStream.&lt;init&gt;(VirtualJarInputStream.java:78)
	at org.jboss.vfs.VirtualFile.openStream(VirtualFile.java:223)
	at org.jboss.vfs.VFSUtils.readManifest(VFSUtils.java:214)
	at org.jboss.vfs.VirtualJarInputStream.&lt;init&gt;(VirtualJarInputStream.java:78)
	at org.jboss.vfs.VirtualFile.openStream(VirtualFile.java:223)
	at org.jboss.vfs.VFSUtils.readManifest(VFSUtils.java:214)
	at org.jboss.vfs.VirtualJarInputStream.&lt;init&gt;(VirtualJarInputStream.java:78)
	at org.jboss.vfs.VirtualFile.openStream(VirtualFile.java:223)
	at org.jboss.vfs.VFSUtils.readManifest(VFSUtils.java:214)
	at org.jboss.vfs.VirtualJarInputStream.&lt;init&gt;(VirtualJarInputStream.java:78)
	at org.jboss.vfs.VirtualFile.openStream(VirtualFile.java:223)
	at org.jboss.vfs.VFSUtils.readManifest(VFSUtils.java:214)
	at org.jboss.vfs.VirtualJarInputStream.&lt;init&gt;(VirtualJarInputStream.java:78)
	at org.jboss.vfs.VirtualFile.openStream(VirtualFile.java:223)
	at org.jboss.vfs.VFSUtils.readManifest(VFSUtils.java:214)
	at org.jboss.vfs.VirtualJarInputStream.&lt;init&gt;(VirtualJarInputStream.java:78)
	at org.jboss.vfs.VirtualFile.openStream(VirtualFile.java:223)
	at org.jboss.vfs.VFSUtils.readManifest(VFSUtils.java:214)
	at org.jboss.vfs.VirtualJarInputStream.&lt;init&gt;(VirtualJarInputStream.java:78)
	at org.jboss.vfs.VirtualFile.openStream(VirtualFile.java:223)
	at org.jboss.vfs.VFSUtils.readManifest(VFSUtils.java:214)
	at org.jboss.vfs.VirtualJarInputStream.&lt;init&gt;(VirtualJarInputStream.java:78)
	at org.jboss.vfs.VirtualFile.openStream(VirtualFile.java:223)
	at org.jboss.vfs.VFSUtils.readManifest(VFSUtils.java:214)
	at org.jboss.vfs.VirtualJarInputStream.&lt;init&gt;(VirtualJarInputStream.java:78)
	at org.jboss.vfs.VirtualFile.openStream(VirtualFile.java:223)
	at org.jboss.vfs.VFSUtils.readManifest(VFSUtils.java:214)
	at org.jboss.vfs.VirtualJarInputStream.&lt;init&gt;(VirtualJarInputStream.java:78)
	at org.jboss.vfs.VirtualFile.openStream(VirtualFile.java:223)
	at org.jboss.vfs.VFSUtils.readManifest(VFSUtils.java:214)
	at org.jboss.vfs.VirtualJarInputStream.&lt;init&gt;(VirtualJarInputStream.java:78)
	at org.jboss.vfs.VirtualFile.openStream(VirtualFile.java:223)
	at org.jboss.vfs.VFSUtils.readManifest(VFSUtils.java:214)
	at org.jboss.vfs.VirtualJarInputStream.&lt;init&gt;(VirtualJarInputStream.java:78)
	at org.jboss.vfs.VirtualFile.openStream(VirtualFile.java:223)
	at org.jboss.vfs.VFSUtils.readManifest(VFSUtils.java:214)
	at org.jboss.vfs.VirtualJarInputStream.&lt;init&gt;(VirtualJarInputStream.java:78)
	at org.jboss.vfs.VirtualFile.openStream(VirtualFile.java:223)
	at org.jboss.vfs.VFSUtils.readManifest(VFSUtils.java:214)
	at org.jboss.vfs.VirtualJarInputStream.&lt;init&gt;(VirtualJarInputStream.java:78)
	at org.jboss.vfs.VirtualFile.openStream(VirtualFile.java:223)
	at org.jboss.vfs.VFSUtils.readManifest(VFSUtils.java:214)
	at org.jboss.vfs.VirtualJarInputStream.&lt;init&gt;(VirtualJarInputStream.java:78)
	at org.jboss.vfs.VirtualFile.openStream(VirtualFile.java:223)
	at org.jboss.vfs.VFSUtils.readManifest(VFSUtils.java:214)
	at org.jboss.vfs.VirtualJarInputStream.&lt;init&gt;(VirtualJarInputStream.java:78)
	at org.jboss.vfs.VirtualFile.openStream(VirtualFile.java:223)
	at org.jboss.vfs.VFSUtils.readManifest(VFSUtils.java:214)
	at org.jboss.vfs.VirtualJarInputStream.&lt;init&gt;(VirtualJarInputStream.java:78)
	at org.jboss.vfs.VirtualFile.openStream(VirtualFile.java:223)
	at org.jboss.vfs.VFSUtils.readManifest(VFSUtils.java:214)
	at org.jboss.vfs.VirtualJarInputStream.&lt;init&gt;(VirtualJarInputStream.java:78)
	at org.jboss.vfs.VirtualFile.openStream(VirtualFile.java:223)
	at org.jboss.vfs.VFSUtils.readManifest(VFSUtils.java:214)
	at org.jboss.vfs.VirtualJarInputStream.&lt;init&gt;(VirtualJarInputStream.java:78)
	at org.jboss.vfs.VirtualFile.openStream(VirtualFile.java:223)
	at org.jboss.vfs.VFSUtils.readManifest(VFSUtils.java:214)
	at org.jboss.vfs.VirtualJarInputStream.&lt;init&gt;(VirtualJarInputStream.java:78)
	at org.jboss.vfs.VirtualFile.openStream(VirtualFile.java:223)
	at org.jboss.vfs.VFSUtils.readManifest(VFSUtils.java:214)
	at org.jboss.vfs.VirtualJarInputStream.&lt;init&gt;(VirtualJarInputStream.java:78)
	at org.jboss.vfs.VirtualFile.openStream(VirtualFile.java:223)
	at org.jboss.vfs.VFSUtils.readManifest(VFSUtils.java:214)
	at org.jboss.vfs.VirtualJarInputStream.&lt;init&gt;(VirtualJarInputStream.java:78)
	at org.jboss.vfs.VirtualFile.openStream(VirtualFile.java:223)
	at org.jboss.vfs.VFSUtils.readManifest(VFSUtils.java:214)
	at org.jboss.vfs.VirtualJarInputStream.&lt;init&gt;(VirtualJarInputStream.java:78)
	at org.jboss.vfs.VirtualFile.openStream(VirtualFile.java:223)
	at org.jboss.vfs.VFSUtils.readManifest(VFSUtils.java:214)
	at org.jboss.vfs.VirtualJarInputStream.&lt;init&gt;(VirtualJarInputStream.java:78)
	at org.jboss.vfs.VirtualFile.openStream(VirtualFile.java:223)
	at org.jboss.vfs.VFSUtils.readManifest(VFSUtils.java:214)
	at org.jboss.vfs.VirtualJarInputStream.&lt;init&gt;(VirtualJarInputStream.java:78)
	at org.jboss.vfs.VirtualFile.openStream(VirtualFile.java:223)
	at org.jboss.vfs.VFSUtils.readManifest(VFSUtils.java:214)
	at org.jboss.vfs.VirtualJarInputStream.&lt;init&gt;(VirtualJarInputStream.java:78)
	at org.jboss.vfs.VirtualFile.openStream(VirtualFile.java:223)
	at org.jboss.vfs.VFSUtils.readManifest(VFSUtils.java:214)
	at org.jboss.vfs.VirtualJarInputStream.&lt;init&gt;(VirtualJarInputStream.java:78)
	at org.jboss.vfs.VirtualFile.openStream(VirtualFile.java:223)
	at org.jboss.vfs.VFSUtils.readManifest(VFSUtils.java:214)
	at org.jboss.vfs.VirtualJarInputStream.&lt;init&gt;(VirtualJarInputStream.java:78)
	at org.jboss.vfs.VirtualFile.openStream(VirtualFile.java:223)
	at org.jboss.vfs.VFSUtils.readManifest(VFSUtils.java:214)
	at org.jboss.vfs.VirtualJarInputStream.&lt;init&gt;(VirtualJarInputStream.java:78)
	at org.jboss.vfs.VirtualFile.openStream(VirtualFile.java:223)
	at org.jboss.vfs.VFSUtils.readManifest(VFSUtils.java:214)
	at org.jboss.vfs.VirtualJarInputStream.&lt;init&gt;(VirtualJarInputStream.java:78)
	at org.jboss.vfs.VirtualFile.openStream(VirtualFile.java:223)
	at org.jboss.vfs.VFSUtils.readManifest(VFSUtils.java:214)
	at org.jboss.vfs.VirtualJarInputStream.&lt;init&gt;(VirtualJarInputStream.java:78)
	at org.jboss.vfs.VirtualFile.openStream(VirtualFile.java:223)
	at org.jboss.vfs.VFSUtils.readManifest(VFSUtils.java:214)
	at org.jboss.vfs.VirtualJarInputStream.&lt;init&gt;(VirtualJarInputStream.java:78)
	at org.jboss.vfs.VirtualFile.openStream(VirtualFile.java:223)
	at org.jboss.vfs.VFSUtils.readManifest(VFSUtils.java:214)
	at org.jboss.vfs.VirtualJarInputStream.&lt;init&gt;(VirtualJarInputStream.java:78)
	at org.jboss.vfs.VirtualFile.openStream(VirtualFile.java:223)
	at org.jboss.vfs.VFSUtils.readManifest(VFSUtils.java:214)
	at org.jboss.vfs.VirtualJarInputStream.&lt;init&gt;(VirtualJarInputStream.java:78)
	at org.jboss.vfs.VirtualFile.openStream(VirtualFile.java:223)
	at org.jboss.vfs.VFSUtils.readManifest(VFSUtils.java:214)
	at org.jboss.vfs.VirtualJarInputStream.&lt;init&gt;(VirtualJarInputStream.java:78)
	at org.jboss.vfs.VirtualFile.openStream(VirtualFile.java:223)
	at org.jboss.vfs.VFSUtils.readManifest(VFSUtils.java:214)
	at org.jboss.vfs.VirtualJarInputStream.&lt;init&gt;(VirtualJarInputStream.java:78)
	at org.jboss.vfs.VirtualFile.openStream(VirtualFile.java:223)
	at org.jboss.vfs.VFSUtils.readManifest(VFSUtils.java:214)
	at org.jboss.vfs.VirtualJarInputStream.&lt;init&gt;(VirtualJarInputStream.java:78)
	at org.jboss.vfs.VirtualFile.openStream(VirtualFile.java:223)
	at org.jboss.vfs.VFSUtils.readManifest(VFSUtils.java:214)
	at org.jboss.vfs.VirtualJarInputStream.&lt;init&gt;(VirtualJarInputStream.java:78)
	at org.jboss.vfs.VirtualFile.openStream(VirtualFile.java:223)
	at org.jboss.vfs.VFSUtils.readManifest(VFSUtils.java:214)
	at org.jboss.vfs.VirtualJarInputStream.&lt;init&gt;(VirtualJarInputStream.java:78)
	at org.jboss.vfs.VirtualFile.openStream(VirtualFile.java:223)
	at org.jboss.vfs.VFSUtils.readManifest(VFSUtils.java:214)
	at org.jboss.vfs.VirtualJarInputStream.&lt;init&gt;(VirtualJarInputStream.java:78)
	at org.jboss.vfs.VirtualFile.openStream(VirtualFile.java:223)
	at org.jboss.vfs.VFSUtils.readManifest(VFSUtils.java:214)
	at org.jboss.vfs.VirtualJarInputStream.&lt;init&gt;(VirtualJarInputStream.java:78)
	at org.jboss.vfs.VirtualFile.openStream(VirtualFile.java:223)
	at org.jboss.vfs.VFSUtils.readManifest(VFSUtils.java:214)
	at org.jboss.vfs.VirtualJarInputStream.&lt;init&gt;(VirtualJarInputStream.java:78)
	at org.jboss.vfs.VirtualFile.openStream(VirtualFile.java:223)
	at org.jboss.vfs.VFSUtils.readManifest(VFSUtils.java:214)
	at org.jboss.vfs.VirtualJarInputStream.&lt;init&gt;(VirtualJarInputStream.java:78)
	at org.jboss.vfs.VirtualFile.openStream(VirtualFile.java:223)
	at org.jboss.vfs.VFSUtils.readManifest(VFSUtils.java:214)
	at org.jboss.vfs.VirtualJarInputStream.&lt;init&gt;(VirtualJarInputStream.java:78)
	at org.jboss.vfs.VirtualFile.openStream(VirtualFile.java:223)
	at org.jboss.vfs.VFSUtils.readManifest(VFSUtils.java:214)
	at org.jboss.vfs.VirtualJarInputStream.&lt;init&gt;(VirtualJarInputStream.java:78)
	at org.jboss.vfs.VirtualFile.openStream(VirtualFile.java:223)
	at org.jboss.vfs.VFSUtils.readManifest(VFSUtils.java:214)
	at org.jboss.vfs.VirtualJarInputStream.&lt;init&gt;(VirtualJarInputStream.java:78)
	at org.jboss.vfs.VirtualFile.openStream(VirtualFile.java:223)
	at org.jboss.vfs.VFSUtils.readManifest(VFSUtils.java:214)
	at org.jboss.vfs.VirtualJarInputStream.&lt;init&gt;(VirtualJarInputStream.java:78)
	at org.jboss.vfs.VirtualFile.openStream(VirtualFile.java:223)
	at org.jboss.vfs.VFSUtils.readManifest(VFSUtils.java:214)
	at org.jboss.vfs.VirtualJarInputStream.&lt;init&gt;(VirtualJarInputStream.java:78)
	at org.jboss.vfs.VirtualFile.openStream(VirtualFile.java:223)
	at org.jboss.vfs.VFSUtils.readManifest(VFSUtils.java:214)
	at org.jboss.vfs.VirtualJarInputStream.&lt;init&gt;(VirtualJarInputStream.java:78)
	at org.jboss.vfs.VirtualFile.openStream(VirtualFile.java:223)
	at org.jboss.vfs.VFSUtils.readManifest(VFSUtils.java:214)
	at org.jboss.vfs.VirtualJarInputStream.&lt;init&gt;(VirtualJarInputStream.java:78)
	at org.jboss.vfs.VirtualFile.openStream(VirtualFile.java:223)
	at org.jboss.vfs.VFSUtils.readManifest(VFSUtils.java:214)
	at org.jboss.vfs.VirtualJarInputStream.&lt;init&gt;(VirtualJarInputStream.java:78)
	at org.jboss.vfs.VirtualFile.openStream(VirtualFile.java:223)
	at org.jboss.vfs.VFSUtils.readManifest(VFSUtils.java:214)
	at org.jboss.vfs.VirtualJarInputStream.&lt;init&gt;(VirtualJarInputStream.java:78)
	at org.jboss.vfs.VirtualFile.openStream(VirtualFile.java:223)
	at org.jboss.vfs.VFSUtils.readManifest(VFSUtils.java:214)
	at org.jboss.vfs.VirtualJarInputStream.&lt;init&gt;(VirtualJarInputStream.java:78)
	at org.jboss.vfs.VirtualFile.openStream(VirtualFile.java:223)
	at org.jboss.vfs.VFSUtils.readManifest(VFSUtils.java:214)
	at org.jboss.vfs.VirtualJarInputStream.&lt;init&gt;(VirtualJarInputStream.java:78)
	at org.jboss.vfs.VirtualFile.openStream(VirtualFile.java:223)
	at org.jboss.vfs.VFSUtils.readManifest(VFSUtils.java:214)
	at org.jboss.vfs.VirtualJarInputStream.&lt;init&gt;(VirtualJarInputStream.java:78)
	at org.jboss.vfs.VirtualFile.openStream(VirtualFile.java:223)
	at org.jboss.vfs.VFSUtils.readManifest(VFSUtils.java:214)
	at org.jboss.vfs.VirtualJarInputStream.&lt;init&gt;(VirtualJarInputStream.java:78)
	at org.jboss.vfs.VirtualFile.openStream(VirtualFile.java:223)
	at org.jboss.vfs.VFSUtils.readManifest(VFSUtils.java:214)
	at org.jboss.vfs.VirtualJarInputStream.&lt;init&gt;(VirtualJarInputStream.java:78)
	at org.jboss.vfs.VirtualFile.openStream(VirtualFile.java:223)
	at org.jboss.vfs.VFSUtils.readManifest(VFSUtils.java:214)
	at org.jboss.vfs.VirtualJarInputStream.&lt;init&gt;(VirtualJarInputStream.java:78)
	at org.jboss.vfs.VirtualFile.openStream(VirtualFile.java:223)
	at org.jboss.vfs.VFSUtils.readManifest(VFSUtils.java:214)
	at org.jboss.vfs.VirtualJarInputStream.&lt;init&gt;(VirtualJarInputStream.java:78)
	at org.jboss.vfs.VirtualFile.openStream(VirtualFile.java:223)
	at org.jboss.vfs.VFSUtils.readManifest(VFSUtils.java:214)
	at org.jboss.vfs.VirtualJarInputStream.&lt;init&gt;(VirtualJarInputStream.java:78)
	at org.jboss.vfs.VirtualFile.openStream(VirtualFile.java:223)
	at org.jboss.vfs.VFSUtils.readManifest(VFSUtils.java:214)
	at org.jboss.vfs.VirtualJarInputStream.&lt;init&gt;(VirtualJarInputStream.java:78)
	at org.jboss.vfs.VirtualFile.openStream(VirtualFile.java:223)
	at org.jboss.vfs.VFSUtils.readManifest(VFSUtils.java:214)
	at org.jboss.vfs.VirtualJarInputStream.&lt;init&gt;(VirtualJarInputStream.java:78)
	at org.jboss.vfs.VirtualFile.openStream(VirtualFile.java:223)
	at org.jboss.vfs.VFSUtils.readManifest(VFSUtils.java:214)
	at org.jboss.vfs.VirtualJarInputStream.&lt;init&gt;(VirtualJarInputStream.java:78)
	at org.jboss.vfs.VirtualFile.openStream(VirtualFile.java:223)
	at org.jboss.vfs.VFSUtils.readManifest(VFSUtils.java:214)
	at org.jboss.vfs.VirtualJarInputStream.&lt;init&gt;(VirtualJarInputStream.java:78)
	at org.jboss.vfs.VirtualFile.openStream(VirtualFile.java:223)
	at org.jboss.vfs.VFSUtils.readManifest(VFSUtils.java:214)
	at org.jboss.vfs.VirtualJarInputStream.&lt;init&gt;(VirtualJarInputStream.java:78)
	at org.jboss.vfs.VirtualFile.openStream(VirtualFile.java:223)
	at org.jboss.vfs.VFSUtils.readManifest(VFSUtils.java:214)
	at org.jboss.vfs.VirtualJarInputStream.&lt;init&gt;(VirtualJarInputStream.java:78)
	at org.jboss.vfs.VirtualFile.openStream(VirtualFile.java:223)
	at org.jboss.vfs.VFSUtils.readManifest(VFSUtils.java:214)
	at org.jboss.vfs.VirtualJarInputStream.&lt;init&gt;(VirtualJarInputStream.java:78)
	at org.jboss.vfs.VirtualFile.openStream(VirtualFile.java:223)
	at org.jboss.vfs.VFSUtils.readManifest(VFSUtils.java:214)
	at org.jboss.vfs.VirtualJarInputStream.&lt;init&gt;(VirtualJarInputStream.java:78)
	at org.jboss.vfs.VirtualFile.openStream(VirtualFile.java:223)
	at org.jboss.vfs.VFSUtils.readManifest(VFSUtils.java:214)
	at org.jboss.vfs.VirtualJarInputStream.&lt;init&gt;(VirtualJarInputStream.java:78)
	at org.jboss.vfs.VirtualFile.openStream(VirtualFile.java:223)
	at org.jboss.vfs.VFSUtils.readManifest(VFSUtils.java:214)
	at org.jboss.vfs.VirtualJarInputStream.&lt;init&gt;(VirtualJarInputStream.java:78)
	at org.jboss.vfs.VirtualFile.openStream(VirtualFile.java:223)
	at org.jboss.vfs.VFSUtils.readManifest(VFSUtils.java:214)
	at org.jboss.vfs.VirtualJarInputStream.&lt;init&gt;(VirtualJarInputStream.java:78)
	at org.jboss.vfs.VirtualFile.openStream(VirtualFile.java:223)
	at org.jboss.vfs.VFSUtils.readManifest(VFSUtils.java:214)
	at org.jboss.vfs.VirtualJarInputStream.&lt;init&gt;(VirtualJarInputStream.java:78)
	at org.jboss.vfs.VirtualFile.openStream(VirtualFile.java:223)
	at org.jboss.vfs.VFSUtils.readManifest(VFSUtils.java:214)
	at org.jboss.vfs.VirtualJarInputStream.&lt;init&gt;(VirtualJarInputStream.java:78)
	at org.jboss.vfs.VirtualFile.openStream(VirtualFile.java:223)
	at org.jboss.vfs.VFSUtils.readManifest(VFSUtils.java:214)
	at org.jboss.vfs.VirtualJarInputStream.&lt;init&gt;(VirtualJarInputStream.java:78)
	at org.jboss.vfs.VirtualFile.openStream(VirtualFile.java:223)
	at org.jboss.vfs.VFSUtils.readManifest(VFSUtils.java:214)
	at org.jboss.vfs.VirtualJarInputStream.&lt;init&gt;(VirtualJarInputStream.java:78)
	at org.jboss.vfs.VirtualFile.openStream(VirtualFile.java:223)
	at org.jboss.vfs.VFSUtils.readManifest(VFSUtils.java:214)
	at org.jboss.vfs.VirtualJarInputStream.&lt;init&gt;(VirtualJarInputStream.java:78)
	at org.jboss.vfs.VirtualFile.openStream(VirtualFile.java:223)
	at org.jboss.vfs.VFSUtils.readManifest(VFSUtils.java:214)
	at org.jboss.vfs.VirtualJarInputStream.&lt;init&gt;(VirtualJarInputStream.java:78)
	at org.jboss.vfs.VirtualFile.openStream(VirtualFile.java:223)
	at org.jboss.vfs.VFSUtils.readManifest(VFSUtils.java:214)
	at org.jboss.vfs.VirtualJarInputStream.&lt;init&gt;(VirtualJarInputStream.java:78)
	at org.jboss.vfs.VirtualFile.openStream(VirtualFile.java:223)
	at org.jboss.vfs.VFSUtils.readManifest(VFSUtils.java:214)
	at org.jboss.vfs.VirtualJarInputStream.&lt;init&gt;(VirtualJarInputStream.java:78)
</error>
    <system-out>4006 DEBUG [VirtualJarInputStreamTestCase] ==== Starting testGetAttributesNonJar ====
</system-out>
  </testcase>
  <testcase time="0.002" classname="org.jboss.test.vfs.VirtualJarInputStreamTestCase" name="testReadCallWithNoEntry">
    <error message="error in opening zip file" type="java.util.zip.ZipException">java.util.zip.ZipException: error in opening zip file
	at java.util.zip.ZipFile.open(Native Method)
	at java.util.zip.ZipFile.&lt;init&gt;(ZipFile.java:114)
	at java.util.jar.JarFile.&lt;init&gt;(JarFile.java:135)
	at java.util.jar.JarFile.&lt;init&gt;(JarFile.java:99)
	at org.jboss.vfs.spi.JavaZipFileSystem.&lt;init&gt;(JavaZipFileSystem.java:94)
	at org.jboss.vfs.spi.JavaZipFileSystem.&lt;init&gt;(JavaZipFileSystem.java:80)
	at org.jboss.vfs.VFS.mountZip(VFS.java:415)
	at org.jboss.vfs.VFS.mountZip(VFS.java:441)
	at org.jboss.test.vfs.VirtualJarInputStreamTestCase.testReadCallWithNoEntry(VirtualJarInputStreamTestCase.java:267)
	at sun.reflect.NativeMethodAccessorImpl.invoke0(Native Method)
	at sun.reflect.NativeMethodAccessorImpl.invoke(NativeMethodAccessorImpl.java:39)
	at sun.reflect.DelegatingMethodAccessorImpl.invoke(DelegatingMethodAccessorImpl.java:25)
	at java.lang.reflect.Method.invoke(Method.java:597)
	at junit.framework.TestCase.runTest(TestCase.java:168)
	at junit.framework.TestCase.runBare(TestCase.java:134)
	at junit.framework.TestResult$1.protect(TestResult.java:110)
	at junit.framework.TestResult.runProtected(TestResult.java:128)
	at junit.framework.TestResult.run(TestResult.java:113)
	at junit.framework.TestCase.run(TestCase.java:124)
	at junit.framework.TestSuite.runTest(TestSuite.java:232)
	at junit.framework.TestSuite.run(TestSuite.java:227)
	at org.junit.internal.runners.JUnit38ClassRunner.run(JUnit38ClassRunner.java:81)
	at org.apache.maven.surefire.junit4.JUnit4TestSet.execute(JUnit4TestSet.java:59)
	at org.apache.maven.surefire.suite.AbstractDirectoryTestSuite.executeTestSet(AbstractDirectoryTestSuite.java:115)
	at org.apache.maven.surefire.suite.AbstractDirectoryTestSuite.execute(AbstractDirectoryTestSuite.java:102)
	at org.apache.maven.surefire.Surefire.run(Surefire.java:180)
	at sun.reflect.NativeMethodAccessorImpl.invoke0(Native Method)
	at sun.reflect.NativeMethodAccessorImpl.invoke(NativeMethodAccessorImpl.java:39)
	at sun.reflect.DelegatingMethodAccessorImpl.invoke(DelegatingMethodAccessorImpl.java:25)
	at java.lang.reflect.Method.invoke(Method.java:597)
	at org.apache.maven.surefire.booter.SurefireBooter.runSuitesInProcess(SurefireBooter.java:350)
	at org.apache.maven.surefire.booter.SurefireBooter.main(SurefireBooter.java:1021)
</error>
    <system-out>8199 DEBUG [VirtualJarInputStreamTestCase] ==== Starting testReadCallWithNoEntry ====
</system-out>
  </testcase>
</testsuite>